#
# There is insufficient memory for the Java Runtime Environment to continue.
# Native memory allocation (mmap) failed to map 132120576 bytes for Failed to commit area from 0x000000008f500000 to 0x0000000097300000 of length 132120576.
# Possible reasons:
#   The system is out of physical RAM or swap space
#   The process is running with CompressedOops enabled, and the Java Heap may be blocking the growth of the native heap
# Possible solutions:
#   Reduce memory load on the system
#   Increase physical memory or swap space
#   Check if swap backing store is full
#   Decrease Java heap size (-Xmx/-Xms)
#   Decrease number of Java threads
#   Decrease Java thread stack sizes (-Xss)
#   Set larger code cache with -XX:ReservedCodeCacheSize=
#   JVM is running with Unscaled Compressed Oops mode in which the Java heap is
#     placed in the first 4GB address space. The Java Heap base address is the
#     maximum limit for the native heap growth. Please use -XX:HeapBaseMinAddress
#     to set the Java Heap base and to place the Java Heap above 4GB virtual address.
# This output file may be truncated or incomplete.
#
#  Out of Memory Error (./open/src/hotspot/os/windows/os_windows.cpp:3284), pid=16948, tid=10860
#
# JRE version: Java(TM) SE Runtime Environment 18.9 (11.0.14+8) (build 11.0.14+8-LTS-263)
# Java VM: Java HotSpot(TM) 64-Bit Server VM 18.9 (11.0.14+8-LTS-263, mixed mode, tiered, compressed oops, g1 gc, windows-amd64)
# No core dump will be written. Minidumps are not enabled by default on client versions of Windows
#

---------------  S U M M A R Y ------------

Command Line: -XX:MaxMetaspaceSize=512m --add-opens=java.base/java.util=ALL-UNNAMED --add-opens=java.base/java.lang=ALL-UNNAMED --add-opens=java.base/java.lang.invoke=ALL-UNNAMED --add-opens=java.base/java.util=ALL-UNNAMED --add-opens=java.prefs/java.util.prefs=ALL-UNNAMED --add-opens=java.prefs/java.util.prefs=ALL-UNNAMED --add-opens=java.base/java.nio.charset=ALL-UNNAMED --add-opens=java.base/java.net=ALL-UNNAMED --add-opens=java.base/java.util.concurrent.atomic=ALL-UNNAMED -Xmx2048m -Dfile.encoding=windows-1252 -Duser.country=GB -Duser.language=en -Duser.variant org.gradle.launcher.daemon.bootstrap.GradleDaemon 7.3.3

Host: Intel(R) Core(TM) i5-9300H CPU @ 2.40GHz, 8 cores, 7G,  Windows 10 , 64 bit Build 19041 (10.0.19041.1466)
Time: Fri Aug 12 12:27:26 2022 SE Asia Standard Time elapsed time: 60.109884 seconds (0d 0h 1m 0s)

---------------  T H R E A D  ---------------

Current thread (0x000002b62a884000):  VMThread "VM Thread" [stack: 0x000000f1fea00000,0x000000f1feb00000] [id=10860]

Stack: [0x000000f1fea00000,0x000000f1feb00000]
[error occurred during error reporting (printing stack bounds), id 0xc0000005, EXCEPTION_ACCESS_VIOLATION (0xc0000005) at pc=0x000002b613f10f2d]

Native frames: (J=compiled Java code, j=interpreted, Vv=VM code, C=native code)
V  [jvm.dll+0x6296da]
V  [jvm.dll+0x76323f]
V  [jvm.dll+0x7648e9]
V  [jvm.dll+0x764ed5]
V  [jvm.dll+0x764e8b]
V  [jvm.dll+0x628c23]
V  [jvm.dll+0x6292d8]
C  [ntdll.dll+0xa20cf]
C  [ntdll.dll+0x51454]
C  [ntdll.dll+0xa0bfe]
C  0x000002b613f10f2d

VM_Operation (0x000000f187cf96f0): G1CollectForAllocation, mode: safepoint, requested by thread 0x000002b62dc18000


---------------  P R O C E S S  ---------------

Threads class SMR info:
_java_thread_list=0x000002b6345f5690, length=147, elements={
0x000002b60c894000, 0x000002b62a887000, 0x000002b62a892800, 0x000002b62a89f000,
0x000002b62a8a1000, 0x000002b62a8a2800, 0x000002b62a8a3800, 0x000002b62a8a6800,
0x000002b62a8ab800, 0x000002b62b363800, 0x000002b62c594000, 0x000002b62b51c800,
0x000002b62d515800, 0x000002b62bbf4800, 0x000002b62da21000, 0x000002b62dcb9000,
0x000002b62dcb5800, 0x000002b62dcb4000, 0x000002b62dcb6800, 0x000002b62dcb3800,
0x000002b630969800, 0x000002b63096b000, 0x000002b630966000, 0x000002b630968800,
0x000002b63096c000, 0x000002b63096c800, 0x000002b630968000, 0x000002b630973000,
0x000002b63096d800, 0x000002b63096e800, 0x000002b6310d7000, 0x000002b6310da800,
0x000002b6310dd000, 0x000002b6310d4800, 0x000002b6310d3000, 0x000002b6310d2800,
0x000002b6310d0000, 0x000002b6310d0800, 0x000002b6310d1800, 0x000002b6310d4000,
0x000002b6310cf000, 0x000002b6310d8000, 0x000002b6310d9000, 0x000002b6310db800,
0x000002b6310d5800, 0x000002b6310d9800, 0x000002b6310dc000, 0x000002b6310d6800,
0x000002b6310dd800, 0x000002b63096f000, 0x000002b630970000, 0x000002b63096a800,
0x000002b630971000, 0x000002b630972800, 0x000002b630971800, 0x000002b630974000,
0x000002b62dcba000, 0x000002b62dcb5000, 0x000002b62dcb7800, 0x000002b62dcb8000,
0x000002b636ef8000, 0x000002b636ef9000, 0x000002b636efa800, 0x000002b636eff800,
0x000002b636efe800, 0x000002b636ef9800, 0x000002b636f00000, 0x000002b636f01000,
0x000002b636efb000, 0x000002b636efc000, 0x000002b636f01800, 0x000002b636f02800,
0x000002b636efd800, 0x000002b636efd000, 0x000002b636f03800, 0x000002b636f05000,
0x000002b636f04000, 0x000002b636f06000, 0x000002b636f06800, 0x000002b63137a000,
0x000002b631375000, 0x000002b631381000, 0x000002b63137d000, 0x000002b63137e000,
0x000002b63137c800, 0x000002b63137f000, 0x000002b63137b800, 0x000002b631383000,
0x000002b631382000, 0x000002b63137f800, 0x000002b631380800, 0x000002b62ba64800,
0x000002b62ba62000, 0x000002b62ba65800, 0x000002b62ba5f800, 0x000002b62ba61800,
0x000002b62ba66800, 0x000002b62ba60800, 0x000002b62ba63000, 0x000002b62ba68000,
0x000002b62ba69800, 0x000002b62ba67000, 0x000002b62ba68800, 0x000002b62ba64000,
0x000002b62ba6a800, 0x000002b62ba6b000, 0x000002b62ba6c000, 0x000002b62ba6e800,
0x000002b62ba6d000, 0x000002b62ba6d800, 0x000002b631377800, 0x000002b631378000,
0x000002b631379000, 0x000002b631374000, 0x000002b63137a800, 0x000002b631376000,
0x000002b631376800, 0x000002b62dc14000, 0x000002b62dc13000, 0x000002b62dc0f000,
0x000002b62dc0e000, 0x000002b62dc15800, 0x000002b62dc14800, 0x000002b62dc12800,
0x000002b62dc10000, 0x000002b62dc16800, 0x000002b62dc10800, 0x000002b62dc17000,
0x000002b637ad6000, 0x000002b62dc11800, 0x000002b62dc1c000, 0x000002b62dc18000,
0x000002b62dc19000, 0x000002b62dc19800, 0x000002b62dc1a800, 0x000002b62dc1d000,
0x000002b62cb53800, 0x000002b62cb57000, 0x000002b62cb57800, 0x000002b62cb59000,
0x000002b62cb58800, 0x000002b62cb5a000, 0x000002b62cb55000, 0x000002b62cb56000,
0x000002b62cb54800, 0x000002b62cb5f800, 0x000002b62cb60800
}

Java Threads: ( => current thread )
  0x000002b60c894000 JavaThread "main" [_thread_blocked, id=17376, stack(0x000000f1fe400000,0x000000f1fe500000)]
  0x000002b62a887000 JavaThread "Reference Handler" daemon [_thread_blocked, id=8492, stack(0x000000f1feb00000,0x000000f1fec00000)]
  0x000002b62a892800 JavaThread "Finalizer" daemon [_thread_blocked, id=5568, stack(0x000000f1fec00000,0x000000f1fed00000)]
  0x000002b62a89f000 JavaThread "Signal Dispatcher" daemon [_thread_blocked, id=10272, stack(0x000000f1fed00000,0x000000f1fee00000)]
  0x000002b62a8a1000 JavaThread "Attach Listener" daemon [_thread_blocked, id=3564, stack(0x000000f1fee00000,0x000000f1fef00000)]
  0x000002b62a8a2800 JavaThread "Service Thread" daemon [_thread_blocked, id=13304, stack(0x000000f1fef00000,0x000000f1ff000000)]
  0x000002b62a8a3800 JavaThread "C2 CompilerThread0" daemon [_thread_blocked, id=15696, stack(0x000000f1ff000000,0x000000f1ff100000)]
  0x000002b62a8a6800 JavaThread "C1 CompilerThread0" daemon [_thread_blocked, id=4904, stack(0x000000f1ff100000,0x000000f1ff200000)]
  0x000002b62a8ab800 JavaThread "Sweeper thread" daemon [_thread_blocked, id=1148, stack(0x000000f1ff200000,0x000000f1ff300000)]
  0x000002b62b363800 JavaThread "Common-Cleaner" daemon [_thread_blocked, id=15532, stack(0x000000f1ff300000,0x000000f1ff400000)]
  0x000002b62c594000 JavaThread "Daemon health stats" [_thread_blocked, id=4384, stack(0x000000f1ff900000,0x000000f1ffa00000)]
  0x000002b62b51c800 JavaThread "Incoming local TCP Connector on port 64874" [_thread_in_native, id=432, stack(0x000000f1ff500000,0x000000f1ff600000)]
  0x000002b62d515800 JavaThread "Daemon periodic checks" [_thread_blocked, id=15200, stack(0x000000f1ff600000,0x000000f1ff700000)]
  0x000002b62bbf4800 JavaThread "Daemon" [_thread_blocked, id=4872, stack(0x000000f1ffa00000,0x000000f1ffb00000)]
  0x000002b62da21000 JavaThread "Daemon worker" [_thread_blocked, id=12692, stack(0x000000f1ffd00000,0x000000f1ffe00000)]
  0x000002b62dcb9000 JavaThread "Cache worker for journal cache (C:\Users\cuong\.gradle\caches\journal-1)" [_thread_blocked, id=15288, stack(0x000000f180600000,0x000000f180700000)]
  0x000002b62dcb5800 JavaThread "File lock request listener" [_thread_in_native, id=3424, stack(0x000000f180700000,0x000000f180800000)]
  0x000002b62dcb4000 JavaThread "Cache worker for file hash cache (C:\Users\cuong\.gradle\caches\7.3.3\fileHashes)" [_thread_blocked, id=3788, stack(0x000000f180800000,0x000000f180900000)]
  0x000002b62dcb6800 JavaThread "File watcher server" daemon [_thread_blocked, id=14276, stack(0x000000f180c00000,0x000000f180d00000)]
  0x000002b62dcb3800 JavaThread "File watcher consumer" daemon [_thread_blocked, id=14820, stack(0x000000f180d00000,0x000000f180e00000)]
  0x000002b630969800 JavaThread "Cache worker for execution history cache (C:\Users\cuong\.gradle\caches\7.3.3\executionHistory)" [_thread_blocked, id=9036, stack(0x000000f181100000,0x000000f181200000)]
  0x000002b63096b000 JavaThread "jar transforms" [_thread_blocked, id=4736, stack(0x000000f181300000,0x000000f181400000)]
  0x000002b630966000 JavaThread "jar transforms Thread 2" [_thread_blocked, id=8776, stack(0x000000f181400000,0x000000f181500000)]
  0x000002b630968800 JavaThread "Cache worker for file content cache (C:\Users\cuong\.gradle\caches\7.3.3\fileContent)" [_thread_blocked, id=9988, stack(0x000000f181500000,0x000000f181600000)]
  0x000002b63096c000 JavaThread "jar transforms Thread 3" [_thread_blocked, id=16848, stack(0x000000f181600000,0x000000f181700000)]
  0x000002b63096c800 JavaThread "jar transforms Thread 4" [_thread_blocked, id=14552, stack(0x000000f181700000,0x000000f181800000)]
  0x000002b630968000 JavaThread "Cache worker for kotlin-dsl (C:\Users\cuong\.gradle\caches\7.3.3\kotlin-dsl)" [_thread_blocked, id=17308, stack(0x000000f181800000,0x000000f181900000)]
  0x000002b630973000 JavaThread "jar transforms Thread 5" [_thread_blocked, id=8968, stack(0x000000f181900000,0x000000f181a00000)]
  0x000002b63096d800 JavaThread "jar transforms Thread 6" [_thread_blocked, id=8660, stack(0x000000f181a00000,0x000000f181b00000)]
  0x000002b63096e800 JavaThread "jar transforms Thread 7" [_thread_blocked, id=15752, stack(0x000000f181d00000,0x000000f181e00000)]
  0x000002b6310d7000 JavaThread "jar transforms Thread 8" [_thread_blocked, id=1360, stack(0x000000f183f00000,0x000000f184000000)]
  0x000002b6310da800 JavaThread "Memory manager" [_thread_blocked, id=16160, stack(0x000000f184100000,0x000000f184200000)]
  0x000002b6310dd000 JavaThread "included builds" [_thread_blocked, id=3432, stack(0x000000f184300000,0x000000f184400000)]
  0x000002b6310d4800 JavaThread "Handler for socket connection from /127.0.0.1:64874 to /127.0.0.1:64919" [_thread_in_native, id=2892, stack(0x000000f180b00000,0x000000f180c00000)]
  0x000002b6310d3000 JavaThread "Cancel handler" [_thread_blocked, id=7280, stack(0x000000f180e00000,0x000000f180f00000)]
  0x000002b6310d2800 JavaThread "Asynchronous log dispatcher for DefaultDaemonConnection: socket connection from /127.0.0.1:64874 to /127.0.0.1:64919" [_thread_blocked, id=16152, stack(0x000000f180f00000,0x000000f181000000)]
  0x000002b6310d0000 JavaThread "Stdin handler" [_thread_blocked, id=1172, stack(0x000000f181000000,0x000000f181100000)]
  0x000002b6310d0800 JavaThread "Daemon client event forwarder" [_thread_blocked, id=748, stack(0x000000f181200000,0x000000f181300000)]
  0x000002b6310d1800 JavaThread "Cache worker for file hash cache (D:\Sky\MOBILE\CTP_01\ctp\android\.gradle\7.3.3\fileHashes)" [_thread_blocked, id=13988, stack(0x000000f181b00000,0x000000f181c00000)]
  0x000002b6310d4000 JavaThread "Cache worker for checksums cache (D:\Sky\MOBILE\CTP_01\ctp\android\.gradle\7.3.3\checksums)" [_thread_blocked, id=12632, stack(0x000000f181c00000,0x000000f181d00000)]
  0x000002b6310cf000 JavaThread "Cache worker for cache directory md-supplier (C:\Users\cuong\.gradle\caches\7.3.3\md-supplier)" [_thread_blocked, id=10328, stack(0x000000f181e00000,0x000000f181f00000)]
  0x000002b6310d8000 JavaThread "Cache worker for cache directory md-rule (C:\Users\cuong\.gradle\caches\7.3.3\md-rule)" [_thread_blocked, id=11956, stack(0x000000f181f00000,0x000000f182000000)]
  0x000002b6310d9000 JavaThread "Cache worker for dependencies-accessors (D:\Sky\MOBILE\CTP_01\ctp\android\.gradle\7.3.3\dependencies-accessors)" [_thread_blocked, id=1884, stack(0x000000f182100000,0x000000f182200000)]
  0x000002b6310db800 JavaThread "Cache worker for Build Output Cleanup Cache (D:\Sky\MOBILE\CTP_01\ctp\node_modules\react-native-gradle-plugin\.gradle\buildOutputCleanup)" [_thread_blocked, id=15120, stack(0x000000f182200000,0x000000f182300000)]
  0x000002b6310d5800 JavaThread "Unconstrained build operations" [_thread_blocked, id=1756, stack(0x000000f182300000,0x000000f182400000)]
  0x000002b6310d9800 JavaThread "Unconstrained build operations Thread 2" [_thread_blocked, id=10216, stack(0x000000f182400000,0x000000f182500000)]
  0x000002b6310dc000 JavaThread "Unconstrained build operations Thread 3" [_thread_blocked, id=10808, stack(0x000000f182500000,0x000000f182600000)]
  0x000002b6310d6800 JavaThread "Unconstrained build operations Thread 4" [_thread_blocked, id=3004, stack(0x000000f182600000,0x000000f182700000)]
  0x000002b6310dd800 JavaThread "Unconstrained build operations Thread 5" [_thread_blocked, id=5184, stack(0x000000f182700000,0x000000f182800000)]
  0x000002b63096f000 JavaThread "Unconstrained build operations Thread 6" [_thread_blocked, id=4692, stack(0x000000f182800000,0x000000f182900000)]
  0x000002b630970000 JavaThread "Unconstrained build operations Thread 7" [_thread_blocked, id=10500, stack(0x000000f182900000,0x000000f182a00000)]
  0x000002b63096a800 JavaThread "Unconstrained build operations Thread 8" [_thread_blocked, id=7608, stack(0x000000f182a00000,0x000000f182b00000)]
  0x000002b630971000 JavaThread "Unconstrained build operations Thread 9" [_thread_blocked, id=13656, stack(0x000000f182b00000,0x000000f182c00000)]
  0x000002b630972800 JavaThread "Unconstrained build operations Thread 10" [_thread_blocked, id=14964, stack(0x000000f182c00000,0x000000f182d00000)]
  0x000002b630971800 JavaThread "Unconstrained build operations Thread 11" [_thread_blocked, id=6200, stack(0x000000f182d00000,0x000000f182e00000)]
  0x000002b630974000 JavaThread "Unconstrained build operations Thread 12" [_thread_blocked, id=276, stack(0x000000f182e00000,0x000000f182f00000)]
  0x000002b62dcba000 JavaThread "Unconstrained build operations Thread 13" [_thread_blocked, id=13268, stack(0x000000f182f00000,0x000000f183000000)]
  0x000002b62dcb5000 JavaThread "Unconstrained build operations Thread 14" [_thread_blocked, id=16324, stack(0x000000f183000000,0x000000f183100000)]
  0x000002b62dcb7800 JavaThread "Unconstrained build operations Thread 15" [_thread_blocked, id=5416, stack(0x000000f183100000,0x000000f183200000)]
  0x000002b62dcb8000 JavaThread "Unconstrained build operations Thread 16" [_thread_blocked, id=17004, stack(0x000000f183200000,0x000000f183300000)]
  0x000002b636ef8000 JavaThread "Unconstrained build operations Thread 17" [_thread_blocked, id=2348, stack(0x000000f183300000,0x000000f183400000)]
  0x000002b636ef9000 JavaThread "Unconstrained build operations Thread 18" [_thread_blocked, id=13064, stack(0x000000f183400000,0x000000f183500000)]
  0x000002b636efa800 JavaThread "Unconstrained build operations Thread 19" [_thread_blocked, id=15784, stack(0x000000f183500000,0x000000f183600000)]
  0x000002b636eff800 JavaThread "Unconstrained build operations Thread 20" [_thread_blocked, id=11096, stack(0x000000f183600000,0x000000f183700000)]
  0x000002b636efe800 JavaThread "Unconstrained build operations Thread 21" [_thread_blocked, id=4440, stack(0x000000f183700000,0x000000f183800000)]
  0x000002b636ef9800 JavaThread "Unconstrained build operations Thread 22" [_thread_blocked, id=10688, stack(0x000000f183800000,0x000000f183900000)]
  0x000002b636f00000 JavaThread "Unconstrained build operations Thread 23" [_thread_blocked, id=11136, stack(0x000000f183900000,0x000000f183a00000)]
  0x000002b636f01000 JavaThread "Unconstrained build operations Thread 24" [_thread_blocked, id=9040, stack(0x000000f183a00000,0x000000f183b00000)]
  0x000002b636efb000 JavaThread "Unconstrained build operations Thread 25" [_thread_blocked, id=13044, stack(0x000000f183b00000,0x000000f183c00000)]
  0x000002b636efc000 JavaThread "Unconstrained build operations Thread 26" [_thread_blocked, id=8464, stack(0x000000f183c00000,0x000000f183d00000)]
  0x000002b636f01800 JavaThread "Unconstrained build operations Thread 27" [_thread_blocked, id=15364, stack(0x000000f183d00000,0x000000f183e00000)]
  0x000002b636f02800 JavaThread "Unconstrained build operations Thread 28" [_thread_blocked, id=8116, stack(0x000000f183e00000,0x000000f183f00000)]
  0x000002b636efd800 JavaThread "Unconstrained build operations Thread 29" [_thread_blocked, id=16784, stack(0x000000f184000000,0x000000f184100000)]
  0x000002b636efd000 JavaThread "Unconstrained build operations Thread 30" [_thread_blocked, id=6676, stack(0x000000f184200000,0x000000f184300000)]
  0x000002b636f03800 JavaThread "Unconstrained build operations Thread 31" [_thread_blocked, id=16232, stack(0x000000f184400000,0x000000f184500000)]
  0x000002b636f05000 JavaThread "Unconstrained build operations Thread 32" [_thread_blocked, id=4196, stack(0x000000f184500000,0x000000f184600000)]
  0x000002b636f04000 JavaThread "Unconstrained build operations Thread 33" [_thread_blocked, id=15384, stack(0x000000f184600000,0x000000f184700000)]
  0x000002b636f06000 JavaThread "build event listener" [_thread_blocked, id=2356, stack(0x000000f184700000,0x000000f184800000)]
  0x000002b636f06800 JavaThread "Cache worker for Build Output Cleanup Cache (D:\Sky\MOBILE\CTP_01\ctp\android\.gradle\buildOutputCleanup)" [_thread_blocked, id=11952, stack(0x000000f184800000,0x000000f184900000)]
  0x000002b63137a000 JavaThread "included builds" [_thread_blocked, id=2140, stack(0x000000f184900000,0x000000f184a00000)]
  0x000002b631375000 JavaThread "Cache worker for execution history cache (D:\Sky\MOBILE\CTP_01\ctp\node_modules\react-native-gradle-plugin\.gradle\7.3.3\executionHistory)" [_thread_blocked, id=1364, stack(0x000000f185100000,0x000000f185200000)]
  0x000002b631381000 JavaThread "Unconstrained build operations Thread 34" [_thread_blocked, id=3976, stack(0x000000f185200000,0x000000f185300000)]
  0x000002b63137d000 JavaThread "Unconstrained build operations Thread 35" [_thread_blocked, id=12544, stack(0x000000f185300000,0x000000f185400000)]
  0x000002b63137e000 JavaThread "Unconstrained build operations Thread 36" [_thread_blocked, id=15972, stack(0x000000f185400000,0x000000f185500000)]
  0x000002b63137c800 JavaThread "Unconstrained build operations Thread 37" [_thread_blocked, id=1352, stack(0x000000f185500000,0x000000f185600000)]
  0x000002b63137f000 JavaThread "Unconstrained build operations Thread 38" [_thread_blocked, id=5144, stack(0x000000f185600000,0x000000f185700000)]
  0x000002b63137b800 JavaThread "Unconstrained build operations Thread 39" [_thread_blocked, id=16816, stack(0x000000f185700000,0x000000f185800000)]
  0x000002b631383000 JavaThread "Unconstrained build operations Thread 40" [_thread_blocked, id=13464, stack(0x000000f185800000,0x000000f185900000)]
  0x000002b631382000 JavaThread "Unconstrained build operations Thread 41" [_thread_blocked, id=9196, stack(0x000000f185900000,0x000000f185a00000)]
  0x000002b63137f800 JavaThread "Unconstrained build operations Thread 42" [_thread_blocked, id=14980, stack(0x000000f185a00000,0x000000f185b00000)]
  0x000002b631380800 JavaThread "Unconstrained build operations Thread 43" [_thread_blocked, id=16808, stack(0x000000f185b00000,0x000000f185c00000)]
  0x000002b62ba64800 JavaThread "Unconstrained build operations Thread 44" [_thread_blocked, id=8448, stack(0x000000f185c00000,0x000000f185d00000)]
  0x000002b62ba62000 JavaThread "Unconstrained build operations Thread 45" [_thread_blocked, id=10548, stack(0x000000f185d00000,0x000000f185e00000)]
  0x000002b62ba65800 JavaThread "Unconstrained build operations Thread 46" [_thread_blocked, id=10236, stack(0x000000f185e00000,0x000000f185f00000)]
  0x000002b62ba5f800 JavaThread "Unconstrained build operations Thread 47" [_thread_blocked, id=13696, stack(0x000000f185f00000,0x000000f186000000)]
  0x000002b62ba61800 JavaThread "Unconstrained build operations Thread 48" [_thread_blocked, id=13356, stack(0x000000f186000000,0x000000f186100000)]
  0x000002b62ba66800 JavaThread "Unconstrained build operations Thread 49" [_thread_blocked, id=16424, stack(0x000000f186100000,0x000000f186200000)]
  0x000002b62ba60800 JavaThread "Unconstrained build operations Thread 50" [_thread_blocked, id=17008, stack(0x000000f186200000,0x000000f186300000)]
  0x000002b62ba63000 JavaThread "Unconstrained build operations Thread 51" [_thread_blocked, id=8156, stack(0x000000f186300000,0x000000f186400000)]
  0x000002b62ba68000 JavaThread "Unconstrained build operations Thread 52" [_thread_blocked, id=9168, stack(0x000000f186400000,0x000000f186500000)]
  0x000002b62ba69800 JavaThread "Unconstrained build operations Thread 53" [_thread_blocked, id=17268, stack(0x000000f186500000,0x000000f186600000)]
  0x000002b62ba67000 JavaThread "Unconstrained build operations Thread 54" [_thread_blocked, id=15708, stack(0x000000f186600000,0x000000f186700000)]
  0x000002b62ba68800 JavaThread "Unconstrained build operations Thread 55" [_thread_blocked, id=6100, stack(0x000000f186700000,0x000000f186800000)]
  0x000002b62ba64000 JavaThread "Unconstrained build operations Thread 56" [_thread_blocked, id=6008, stack(0x000000f184a00000,0x000000f184b00000)]
  0x000002b62ba6a800 JavaThread "Unconstrained build operations Thread 57" [_thread_blocked, id=4708, stack(0x000000f184b00000,0x000000f184c00000)]
  0x000002b62ba6b000 JavaThread "Unconstrained build operations Thread 58" [_thread_blocked, id=9776, stack(0x000000f184c00000,0x000000f184d00000)]
  0x000002b62ba6c000 JavaThread "Unconstrained build operations Thread 59" [_thread_blocked, id=10840, stack(0x000000f184d00000,0x000000f184e00000)]
  0x000002b62ba6e800 JavaThread "Unconstrained build operations Thread 60" [_thread_blocked, id=3512, stack(0x000000f184e00000,0x000000f184f00000)]
  0x000002b62ba6d000 JavaThread "Unconstrained build operations Thread 61" [_thread_blocked, id=11120, stack(0x000000f184f00000,0x000000f185000000)]
  0x000002b62ba6d800 JavaThread "Unconstrained build operations Thread 62" [_thread_blocked, id=7056, stack(0x000000f185000000,0x000000f185100000)]
  0x000002b631377800 JavaThread "Unconstrained build operations Thread 63" [_thread_blocked, id=14912, stack(0x000000f186800000,0x000000f186900000)]
  0x000002b631378000 JavaThread "Unconstrained build operations Thread 64" [_thread_blocked, id=12172, stack(0x000000f186900000,0x000000f186a00000)]
  0x000002b631379000 JavaThread "Unconstrained build operations Thread 65" [_thread_blocked, id=2980, stack(0x000000f186a00000,0x000000f186b00000)]
  0x000002b631374000 JavaThread "Unconstrained build operations Thread 66" [_thread_blocked, id=444, stack(0x000000f186b00000,0x000000f186c00000)]
  0x000002b63137a800 JavaThread "Unconstrained build operations Thread 67" [_thread_blocked, id=13092, stack(0x000000f186c00000,0x000000f186d00000)]
  0x000002b631376000 JavaThread "Unconstrained build operations Thread 68" [_thread_blocked, id=9840, stack(0x000000f186d00000,0x000000f186e00000)]
  0x000002b631376800 JavaThread "Unconstrained build operations Thread 69" [_thread_blocked, id=3284, stack(0x000000f186e00000,0x000000f186f00000)]
  0x000002b62dc14000 JavaThread "Unconstrained build operations Thread 70" [_thread_blocked, id=17260, stack(0x000000f186f00000,0x000000f187000000)]
  0x000002b62dc13000 JavaThread "Unconstrained build operations Thread 71" [_thread_blocked, id=8168, stack(0x000000f187000000,0x000000f187100000)]
  0x000002b62dc0f000 JavaThread "Unconstrained build operations Thread 72" [_thread_blocked, id=11232, stack(0x000000f187100000,0x000000f187200000)]
  0x000002b62dc0e000 JavaThread "Unconstrained build operations Thread 73" [_thread_blocked, id=13244, stack(0x000000f187200000,0x000000f187300000)]
  0x000002b62dc15800 JavaThread "Unconstrained build operations Thread 74" [_thread_blocked, id=15128, stack(0x000000f187300000,0x000000f187400000)]
  0x000002b62dc14800 JavaThread "Unconstrained build operations Thread 75" [_thread_blocked, id=7836, stack(0x000000f187400000,0x000000f187500000)]
  0x000002b62dc12800 JavaThread "Unconstrained build operations Thread 76" [_thread_blocked, id=5224, stack(0x000000f187500000,0x000000f187600000)]
  0x000002b62dc10000 JavaThread "Unconstrained build operations Thread 77" [_thread_blocked, id=16892, stack(0x000000f187600000,0x000000f187700000)]
  0x000002b62dc16800 JavaThread "Unconstrained build operations Thread 78" [_thread_blocked, id=10756, stack(0x000000f187700000,0x000000f187800000)]
  0x000002b62dc10800 JavaThread "Unconstrained build operations Thread 79" [_thread_blocked, id=5148, stack(0x000000f187800000,0x000000f187900000)]
  0x000002b62dc17000 JavaThread "Unconstrained build operations Thread 80" [_thread_blocked, id=4404, stack(0x000000f187900000,0x000000f187a00000)]
  0x000002b637ad6000 JavaThread "C2 CompilerThread1" daemon [_thread_blocked, id=6052, stack(0x000000f182000000,0x000000f182100000)]
  0x000002b62dc11800 JavaThread "build event listener" [_thread_blocked, id=1100, stack(0x000000f187a00000,0x000000f187b00000)]
  0x000002b62dc1c000 JavaThread "Execution worker for ':'" [_thread_blocked, id=14356, stack(0x000000f187b00000,0x000000f187c00000)]
  0x000002b62dc18000 JavaThread "Execution worker for ':' Thread 2" [_thread_blocked, id=4352, stack(0x000000f187c00000,0x000000f187d00000)]
  0x000002b62dc19000 JavaThread "Execution worker for ':' Thread 3" [_thread_blocked, id=2868, stack(0x000000f187d00000,0x000000f187e00000)]
  0x000002b62dc19800 JavaThread "Execution worker for ':' Thread 4" [_thread_blocked, id=12584, stack(0x000000f187e00000,0x000000f187f00000)]
  0x000002b62dc1a800 JavaThread "Execution worker for ':' Thread 5" [_thread_blocked, id=1200, stack(0x000000f187f00000,0x000000f188000000)]
  0x000002b62dc1d000 JavaThread "Execution worker for ':' Thread 6" [_thread_blocked, id=6868, stack(0x000000f188000000,0x000000f188100000)]
  0x000002b62cb53800 JavaThread "Execution worker for ':' Thread 7" [_thread_blocked, id=12940, stack(0x000000f188100000,0x000000f188200000)]
  0x000002b62cb57000 JavaThread "Cache worker for execution history cache (D:\Sky\MOBILE\CTP_01\ctp\android\.gradle\7.3.3\executionHistory)" [_thread_blocked, id=5052, stack(0x000000f188200000,0x000000f188300000)]
  0x000002b62cb57800 JavaThread "WorkerExecutor Queue" [_thread_blocked, id=4124, stack(0x000000f188300000,0x000000f188400000)]
  0x000002b62cb59000 JavaThread "WorkerExecutor Queue Thread 2" [_thread_blocked, id=2984, stack(0x000000f188400000,0x000000f188500000)]
  0x000002b62cb58800 JavaThread "WorkerExecutor Queue Thread 3" [_thread_blocked, id=7536, stack(0x000000f188500000,0x000000f188600000)]
  0x000002b62cb5a000 JavaThread "WorkerExecutor Queue Thread 4" [_thread_blocked, id=10896, stack(0x000000f188600000,0x000000f188700000)]
  0x000002b62cb55000 JavaThread "WorkerExecutor Queue Thread 5" [_thread_blocked, id=9772, stack(0x000000f188700000,0x000000f188800000)]
  0x000002b62cb56000 JavaThread "WorkerExecutor Queue Thread 6" [_thread_blocked, id=9432, stack(0x000000f188800000,0x000000f188900000)]
  0x000002b62cb54800 JavaThread "WorkerExecutor Queue Thread 7" [_thread_blocked, id=13004, stack(0x000000f188900000,0x000000f188a00000)]
  0x000002b62cb5f800 JavaThread "WorkerExecutor Queue Thread 8" [_thread_blocked, id=16172, stack(0x000000f188a00000,0x000000f188b00000)]
  0x000002b62cb60800 JavaThread "WorkerExecutor Queue Thread 9" [_thread_blocked, id=9452, stack(0x000000f188b00000,0x000000f188c00000)]

Other Threads:
=>0x000002b62a884000 VMThread "VM Thread" [stack: 0x000000f1fea00000,0x000000f1feb00000] [id=10860]
  0x000002b62b389000 WatcherThread [stack: 0x000000f1ff400000,0x000000f1ff500000] [id=10936]
  0x000002b60c8a9000 GCTaskThread "GC Thread#0" [stack: 0x000000f1fe500000,0x000000f1fe600000] [id=1332]
  0x000002b62b7f7800 GCTaskThread "GC Thread#1" [stack: 0x000000f1ff700000,0x000000f1ff800000] [id=3516]
  0x000002b62bf60800 GCTaskThread "GC Thread#2" [stack: 0x000000f1ff800000,0x000000f1ff900000] [id=5256]
  0x000002b62e7a2000 GCTaskThread "GC Thread#3" [stack: 0x000000f180100000,0x000000f180200000] [id=3340]
  0x000002b62dcd5800 GCTaskThread "GC Thread#4" [stack: 0x000000f180200000,0x000000f180300000] [id=2752]
  0x000002b62db49800 GCTaskThread "GC Thread#5" [stack: 0x000000f180300000,0x000000f180400000] [id=1348]
  0x000002b62db1b800 GCTaskThread "GC Thread#6" [stack: 0x000000f180400000,0x000000f180500000] [id=13116]
  0x000002b62d332800 GCTaskThread "GC Thread#7" [stack: 0x000000f180500000,0x000000f180600000] [id=8860]
  0x000002b60c8dc000 ConcurrentGCThread "G1 Main Marker" [stack: 0x000000f1fe600000,0x000000f1fe700000] [id=6712]
  0x000002b60c8dd000 ConcurrentGCThread "G1 Conc#0" [stack: 0x000000f1fe700000,0x000000f1fe800000] [id=16876]
  0x000002b62c974800 ConcurrentGCThread "G1 Conc#1" [stack: 0x000000f180900000,0x000000f180a00000] [id=15300]
  0x000002b62a6f0800 ConcurrentGCThread "G1 Refine#0" [stack: 0x000000f1fe800000,0x000000f1fe900000] [id=16344]
  0x000002b62a6f1800 ConcurrentGCThread "G1 Young RemSet Sampling" [stack: 0x000000f1fe900000,0x000000f1fea00000] [id=10968]

Threads with active compile tasks:
C2 CompilerThread0  60325 16417       4       org.apache.xerces.impl.XMLNSDocumentScannerImpl::scanStartElement (873 bytes)
C1 CompilerThread0  60325 16617 %     3       com.android.utils.XmlUtils::append @ 482 (647 bytes)
C2 CompilerThread1  60325 16479   !   4       com.android.utils.PositionXmlParser$DomBuilder::startElement (272 bytes)

VM state:at safepoint (normal execution)

VM Mutex/Monitor currently owned by a thread:  ([mutex/lock_event])
[0x000002b60c890c70] Threads_lock - owner thread: 0x000002b62a884000
[0x000002b60c890400] Heap_lock - owner thread: 0x000002b62dc18000

Heap address: 0x0000000080000000, size: 2048 MB, Compressed Oops mode: 32-bit
Narrow klass base: 0x0000000000000000, Narrow klass shift: 3
Compressed class space size: 528482304 Address: 0x0000000100000000

Heap:
 garbage-first heap   total 379904K, used 183698K [0x0000000080000000, 0x0000000100000000)
  region size 1024K, 5 young (5120K), 5 survivors (5120K)
 Metaspace       used 111475K, capacity 116167K, committed 116352K, reserved 616448K
  class space    used 14474K, capacity 16176K, committed 16256K, reserved 516096K
Heap Regions: E=young(eden), S=young(survivor), O=old, HS=humongous(starts), HC=humongous(continues), CS=collection set, F=free, A=archive, TAMS=top-at-mark-start (previous, next)
|   0|0x0000000080000000, 0x0000000080100000, 0x0000000080100000|100%| O|  |TAMS 0x0000000080100000, 0x0000000080000000| Untracked 
|   1|0x0000000080100000, 0x0000000080200000, 0x0000000080200000|100%| O|  |TAMS 0x0000000080200000, 0x0000000080100000| Untracked 
|   2|0x0000000080200000, 0x0000000080300000, 0x0000000080300000|100%| O|  |TAMS 0x0000000080300000, 0x0000000080200000| Untracked 
|   3|0x0000000080300000, 0x0000000080400000, 0x0000000080400000|100%|HS|  |TAMS 0x0000000080400000, 0x0000000080300000| Complete 
|   4|0x0000000080400000, 0x0000000080500000, 0x0000000080500000|100%|HC|  |TAMS 0x0000000080500000, 0x0000000080400000| Complete 
|   5|0x0000000080500000, 0x0000000080600000, 0x0000000080600000|100%|HC|  |TAMS 0x0000000080600000, 0x0000000080500000| Complete 
|   6|0x0000000080600000, 0x0000000080700000, 0x0000000080700000|100%| O|  |TAMS 0x0000000080700000, 0x0000000080600000| Untracked 
|   7|0x0000000080700000, 0x0000000080800000, 0x0000000080800000|100%| O|  |TAMS 0x0000000080800000, 0x0000000080700000| Untracked 
|   8|0x0000000080800000, 0x0000000080900000, 0x0000000080900000|100%| O|  |TAMS 0x0000000080900000, 0x0000000080800000| Untracked 
|   9|0x0000000080900000, 0x0000000080a00000, 0x0000000080a00000|100%| O|  |TAMS 0x0000000080a00000, 0x0000000080900000| Untracked 
|  10|0x0000000080a00000, 0x0000000080b00000, 0x0000000080b00000|100%| O|  |TAMS 0x0000000080b00000, 0x0000000080a00000| Untracked 
|  11|0x0000000080b00000, 0x0000000080c00000, 0x0000000080c00000|100%| O|  |TAMS 0x0000000080c00000, 0x0000000080b00000| Untracked 
|  12|0x0000000080c00000, 0x0000000080d00000, 0x0000000080d00000|100%| O|  |TAMS 0x0000000080d00000, 0x0000000080c00000| Untracked 
|  13|0x0000000080d00000, 0x0000000080e00000, 0x0000000080e00000|100%| O|  |TAMS 0x0000000080e00000, 0x0000000080d00000| Untracked 
|  14|0x0000000080e00000, 0x0000000080f00000, 0x0000000080f00000|100%| O|  |TAMS 0x0000000080f00000, 0x0000000080e00000| Untracked 
|  15|0x0000000080f00000, 0x0000000081000000, 0x0000000081000000|100%| O|  |TAMS 0x0000000081000000, 0x0000000080f00000| Untracked 
|  16|0x0000000081000000, 0x0000000081100000, 0x0000000081100000|100%| O|  |TAMS 0x0000000081100000, 0x0000000081000000| Untracked 
|  17|0x0000000081100000, 0x0000000081200000, 0x0000000081200000|100%| O|  |TAMS 0x0000000081200000, 0x0000000081100000| Untracked 
|  18|0x0000000081200000, 0x0000000081300000, 0x0000000081300000|100%| O|  |TAMS 0x0000000081300000, 0x0000000081200000| Untracked 
|  19|0x0000000081300000, 0x0000000081400000, 0x0000000081400000|100%|HS|  |TAMS 0x0000000081400000, 0x0000000081300000| Complete 
|  20|0x0000000081400000, 0x0000000081500000, 0x0000000081500000|100%| O|  |TAMS 0x0000000081500000, 0x0000000081400000| Untracked 
|  21|0x0000000081500000, 0x0000000081600000, 0x0000000081600000|100%| O|  |TAMS 0x0000000081600000, 0x0000000081500000| Untracked 
|  22|0x0000000081600000, 0x0000000081700000, 0x0000000081700000|100%| O|  |TAMS 0x0000000081700000, 0x0000000081600000| Untracked 
|  23|0x0000000081700000, 0x0000000081800000, 0x0000000081800000|100%| O|  |TAMS 0x0000000081800000, 0x0000000081700000| Untracked 
|  24|0x0000000081800000, 0x0000000081900000, 0x0000000081900000|100%| O|  |TAMS 0x0000000081900000, 0x0000000081800000| Untracked 
|  25|0x0000000081900000, 0x0000000081a00000, 0x0000000081a00000|100%| O|  |TAMS 0x0000000081a00000, 0x0000000081900000| Untracked 
|  26|0x0000000081a00000, 0x0000000081b00000, 0x0000000081b00000|100%| O|  |TAMS 0x0000000081b00000, 0x0000000081a00000| Untracked 
|  27|0x0000000081b00000, 0x0000000081c00000, 0x0000000081c00000|100%| O|  |TAMS 0x0000000081c00000, 0x0000000081b00000| Untracked 
|  28|0x0000000081c00000, 0x0000000081d00000, 0x0000000081d00000|100%|HS|  |TAMS 0x0000000081d00000, 0x0000000081c00000| Complete 
|  29|0x0000000081d00000, 0x0000000081e00000, 0x0000000081e00000|100%|HC|  |TAMS 0x0000000081e00000, 0x0000000081d00000| Complete 
|  30|0x0000000081e00000, 0x0000000081f00000, 0x0000000081f00000|100%|HC|  |TAMS 0x0000000081f00000, 0x0000000081e00000| Complete 
|  31|0x0000000081f00000, 0x0000000082000000, 0x0000000082000000|100%| O|  |TAMS 0x0000000082000000, 0x0000000081f00000| Untracked 
|  32|0x0000000082000000, 0x0000000082100000, 0x0000000082100000|100%| O|  |TAMS 0x0000000082100000, 0x0000000082000000| Untracked 
|  33|0x0000000082100000, 0x0000000082200000, 0x0000000082200000|100%| O|  |TAMS 0x0000000082200000, 0x0000000082100000| Untracked 
|  34|0x0000000082200000, 0x0000000082300000, 0x0000000082300000|100%| O|  |TAMS 0x0000000082300000, 0x0000000082200000| Untracked 
|  35|0x0000000082300000, 0x0000000082400000, 0x0000000082400000|100%| O|  |TAMS 0x0000000082400000, 0x0000000082300000| Untracked 
|  36|0x0000000082400000, 0x0000000082500000, 0x0000000082500000|100%| O|  |TAMS 0x0000000082500000, 0x0000000082400000| Untracked 
|  37|0x0000000082500000, 0x0000000082600000, 0x0000000082600000|100%| O|  |TAMS 0x0000000082600000, 0x0000000082500000| Untracked 
|  38|0x0000000082600000, 0x0000000082700000, 0x0000000082700000|100%| O|  |TAMS 0x0000000082700000, 0x0000000082600000| Untracked 
|  39|0x0000000082700000, 0x0000000082800000, 0x0000000082800000|100%| O|  |TAMS 0x0000000082800000, 0x0000000082700000| Untracked 
|  40|0x0000000082800000, 0x0000000082900000, 0x0000000082900000|100%| O|  |TAMS 0x0000000082900000, 0x0000000082800000| Untracked 
|  41|0x0000000082900000, 0x0000000082a00000, 0x0000000082a00000|100%| O|  |TAMS 0x0000000082a00000, 0x0000000082900000| Untracked 
|  42|0x0000000082a00000, 0x0000000082b00000, 0x0000000082b00000|100%| O|  |TAMS 0x0000000082b00000, 0x0000000082a00000| Untracked 
|  43|0x0000000082b00000, 0x0000000082c00000, 0x0000000082c00000|100%| O|  |TAMS 0x0000000082c00000, 0x0000000082b00000| Untracked 
|  44|0x0000000082c00000, 0x0000000082d00000, 0x0000000082d00000|100%| O|  |TAMS 0x0000000082d00000, 0x0000000082c00000| Untracked 
|  45|0x0000000082d00000, 0x0000000082e00000, 0x0000000082e00000|100%| O|  |TAMS 0x0000000082e00000, 0x0000000082d00000| Untracked 
|  46|0x0000000082e00000, 0x0000000082f00000, 0x0000000082f00000|100%| O|  |TAMS 0x0000000082f00000, 0x0000000082e00000| Untracked 
|  47|0x0000000082f00000, 0x0000000083000000, 0x0000000083000000|100%|HS|  |TAMS 0x0000000083000000, 0x0000000082f00000| Complete 
|  48|0x0000000083000000, 0x0000000083100000, 0x0000000083100000|100%|HS|  |TAMS 0x0000000083100000, 0x0000000083000000| Complete 
|  49|0x0000000083100000, 0x0000000083200000, 0x0000000083200000|100%|HS|  |TAMS 0x0000000083200000, 0x0000000083100000| Complete 
|  50|0x0000000083200000, 0x0000000083300000, 0x0000000083300000|100%|HC|  |TAMS 0x0000000083300000, 0x0000000083200000| Complete 
|  51|0x0000000083300000, 0x0000000083400000, 0x0000000083400000|100%| O|  |TAMS 0x0000000083400000, 0x0000000083300000| Untracked 
|  52|0x0000000083400000, 0x0000000083500000, 0x0000000083500000|100%| O|  |TAMS 0x0000000083500000, 0x0000000083400000| Untracked 
|  53|0x0000000083500000, 0x0000000083600000, 0x0000000083600000|100%| O|  |TAMS 0x0000000083600000, 0x0000000083500000| Untracked 
|  54|0x0000000083600000, 0x0000000083700000, 0x0000000083700000|100%| O|  |TAMS 0x0000000083700000, 0x0000000083600000| Untracked 
|  55|0x0000000083700000, 0x0000000083800000, 0x0000000083800000|100%| O|  |TAMS 0x0000000083800000, 0x0000000083700000| Untracked 
|  56|0x0000000083800000, 0x0000000083900000, 0x0000000083900000|100%| O|  |TAMS 0x0000000083900000, 0x0000000083800000| Untracked 
|  57|0x0000000083900000, 0x0000000083a00000, 0x0000000083a00000|100%| O|  |TAMS 0x0000000083a00000, 0x0000000083900000| Untracked 
|  58|0x0000000083a00000, 0x0000000083b00000, 0x0000000083b00000|100%| O|  |TAMS 0x0000000083b00000, 0x0000000083a00000| Untracked 
|  59|0x0000000083b00000, 0x0000000083c00000, 0x0000000083c00000|100%| O|  |TAMS 0x0000000083c00000, 0x0000000083b00000| Untracked 
|  60|0x0000000083c00000, 0x0000000083d00000, 0x0000000083d00000|100%| O|  |TAMS 0x0000000083d00000, 0x0000000083c00000| Untracked 
|  61|0x0000000083d00000, 0x0000000083e00000, 0x0000000083e00000|100%| O|  |TAMS 0x0000000083e00000, 0x0000000083d00000| Untracked 
|  62|0x0000000083e00000, 0x0000000083f00000, 0x0000000083f00000|100%| O|  |TAMS 0x0000000083f00000, 0x0000000083e00000| Untracked 
|  63|0x0000000083f00000, 0x0000000084000000, 0x0000000084000000|100%| O|  |TAMS 0x0000000084000000, 0x0000000083f00000| Untracked 
|  64|0x0000000084000000, 0x0000000084100000, 0x0000000084100000|100%| O|  |TAMS 0x0000000084100000, 0x0000000084000000| Untracked 
|  65|0x0000000084100000, 0x0000000084200000, 0x0000000084200000|100%| O|  |TAMS 0x0000000084200000, 0x0000000084100000| Untracked 
|  66|0x0000000084200000, 0x0000000084300000, 0x0000000084300000|100%| O|  |TAMS 0x0000000084300000, 0x0000000084200000| Untracked 
|  67|0x0000000084300000, 0x0000000084400000, 0x0000000084400000|100%| O|  |TAMS 0x0000000084400000, 0x0000000084300000| Untracked 
|  68|0x0000000084400000, 0x0000000084500000, 0x0000000084500000|100%| O|  |TAMS 0x0000000084500000, 0x0000000084400000| Untracked 
|  69|0x0000000084500000, 0x0000000084600000, 0x0000000084600000|100%| O|  |TAMS 0x0000000084600000, 0x0000000084500000| Untracked 
|  70|0x0000000084600000, 0x0000000084700000, 0x0000000084700000|100%| O|  |TAMS 0x0000000084700000, 0x0000000084600000| Untracked 
|  71|0x0000000084700000, 0x0000000084800000, 0x0000000084800000|100%| O|  |TAMS 0x0000000084800000, 0x0000000084700000| Untracked 
|  72|0x0000000084800000, 0x0000000084900000, 0x0000000084900000|100%| O|  |TAMS 0x0000000084900000, 0x0000000084800000| Untracked 
|  73|0x0000000084900000, 0x0000000084a00000, 0x0000000084a00000|100%| O|  |TAMS 0x0000000084a00000, 0x0000000084900000| Untracked 
|  74|0x0000000084a00000, 0x0000000084b00000, 0x0000000084b00000|100%| O|  |TAMS 0x0000000084b00000, 0x0000000084a00000| Untracked 
|  75|0x0000000084b00000, 0x0000000084c00000, 0x0000000084c00000|100%| O|  |TAMS 0x0000000084c00000, 0x0000000084b00000| Untracked 
|  76|0x0000000084c00000, 0x0000000084d00000, 0x0000000084d00000|100%| O|  |TAMS 0x0000000084d00000, 0x0000000084c00000| Untracked 
|  77|0x0000000084d00000, 0x0000000084e00000, 0x0000000084e00000|100%| O|  |TAMS 0x0000000084e00000, 0x0000000084d00000| Untracked 
|  78|0x0000000084e00000, 0x0000000084f00000, 0x0000000084f00000|100%| O|  |TAMS 0x0000000084f00000, 0x0000000084e00000| Untracked 
|  79|0x0000000084f00000, 0x0000000085000000, 0x0000000085000000|100%| O|  |TAMS 0x0000000085000000, 0x0000000084f00000| Untracked 
|  80|0x0000000085000000, 0x0000000085100000, 0x0000000085100000|100%| O|  |TAMS 0x0000000085100000, 0x0000000085000000| Untracked 
|  81|0x0000000085100000, 0x0000000085200000, 0x0000000085200000|100%| O|  |TAMS 0x0000000085200000, 0x0000000085100000| Untracked 
|  82|0x0000000085200000, 0x0000000085300000, 0x0000000085300000|100%| O|  |TAMS 0x0000000085300000, 0x0000000085200000| Untracked 
|  83|0x0000000085300000, 0x0000000085400000, 0x0000000085400000|100%| O|  |TAMS 0x0000000085400000, 0x0000000085300000| Untracked 
|  84|0x0000000085400000, 0x0000000085500000, 0x0000000085500000|100%|HS|  |TAMS 0x0000000085500000, 0x0000000085400000| Complete 
|  85|0x0000000085500000, 0x0000000085600000, 0x0000000085600000|100%|HS|  |TAMS 0x0000000085600000, 0x0000000085500000| Complete 
|  86|0x0000000085600000, 0x0000000085700000, 0x0000000085700000|100%|HC|  |TAMS 0x0000000085700000, 0x0000000085600000| Complete 
|  87|0x0000000085700000, 0x0000000085800000, 0x0000000085800000|100%|HC|  |TAMS 0x0000000085800000, 0x0000000085700000| Complete 
|  88|0x0000000085800000, 0x0000000085900000, 0x0000000085900000|100%| O|  |TAMS 0x0000000085900000, 0x0000000085800000| Untracked 
|  89|0x0000000085900000, 0x0000000085a00000, 0x0000000085a00000|100%| O|  |TAMS 0x0000000085900000, 0x0000000085900000| Untracked 
|  90|0x0000000085a00000, 0x0000000085b00000, 0x0000000085b00000|100%| O|  |TAMS 0x0000000085a19800, 0x0000000085a00000| Untracked 
|  91|0x0000000085b00000, 0x0000000085c00000, 0x0000000085c00000|100%| O|  |TAMS 0x0000000085c00000, 0x0000000085b00000| Untracked 
|  92|0x0000000085c00000, 0x0000000085d00000, 0x0000000085d00000|100%| O|  |TAMS 0x0000000085d00000, 0x0000000085c00000| Untracked 
|  93|0x0000000085d00000, 0x0000000085e00000, 0x0000000085e00000|100%| O|  |TAMS 0x0000000085e00000, 0x0000000085d00000| Untracked 
|  94|0x0000000085e00000, 0x0000000085f00000, 0x0000000085f00000|100%| O|  |TAMS 0x0000000085f00000, 0x0000000085e00000| Untracked 
|  95|0x0000000085f00000, 0x0000000086000000, 0x0000000086000000|100%| O|  |TAMS 0x0000000086000000, 0x0000000085f00000| Untracked 
|  96|0x0000000086000000, 0x0000000086100000, 0x0000000086100000|100%| O|  |TAMS 0x0000000086100000, 0x0000000086000000| Untracked 
|  97|0x0000000086100000, 0x0000000086200000, 0x0000000086200000|100%|HS|  |TAMS 0x0000000086200000, 0x0000000086100000| Complete 
|  98|0x0000000086200000, 0x0000000086300000, 0x0000000086300000|100%|HS|  |TAMS 0x0000000086300000, 0x0000000086200000| Complete 
|  99|0x0000000086300000, 0x0000000086400000, 0x0000000086400000|100%|HS|  |TAMS 0x0000000086400000, 0x0000000086300000| Complete 
| 100|0x0000000086400000, 0x0000000086500000, 0x0000000086500000|100%| O|  |TAMS 0x0000000086500000, 0x0000000086400000| Untracked 
| 101|0x0000000086500000, 0x0000000086600000, 0x0000000086600000|100%| O|  |TAMS 0x0000000086600000, 0x0000000086500000| Untracked 
| 102|0x0000000086600000, 0x0000000086700000, 0x0000000086700000|100%| O|  |TAMS 0x0000000086700000, 0x0000000086600000| Untracked 
| 103|0x0000000086700000, 0x0000000086800000, 0x0000000086800000|100%| O|  |TAMS 0x0000000086800000, 0x0000000086700000| Untracked 
| 104|0x0000000086800000, 0x0000000086900000, 0x0000000086900000|100%| O|  |TAMS 0x0000000086900000, 0x0000000086800000| Untracked 
| 105|0x0000000086900000, 0x0000000086a00000, 0x0000000086a00000|100%| O|  |TAMS 0x0000000086a00000, 0x0000000086900000| Untracked 
| 106|0x0000000086a00000, 0x0000000086b00000, 0x0000000086b00000|100%| O|  |TAMS 0x0000000086b00000, 0x0000000086a00000| Untracked 
| 107|0x0000000086b00000, 0x0000000086c00000, 0x0000000086c00000|100%| O|  |TAMS 0x0000000086b00000, 0x0000000086b00000| Untracked 
| 108|0x0000000086c00000, 0x0000000086d00000, 0x0000000086d00000|100%|HS|  |TAMS 0x0000000086d00000, 0x0000000086c00000| Complete 
| 109|0x0000000086d00000, 0x0000000086e00000, 0x0000000086e00000|100%|HS|  |TAMS 0x0000000086e00000, 0x0000000086d00000| Complete 
| 110|0x0000000086e00000, 0x0000000086f00000, 0x0000000086f00000|100%|HS|  |TAMS 0x0000000086f00000, 0x0000000086e00000| Complete 
| 111|0x0000000086f00000, 0x0000000087000000, 0x0000000087000000|100%|HC|  |TAMS 0x0000000087000000, 0x0000000086f00000| Complete 
| 112|0x0000000087000000, 0x0000000087100000, 0x0000000087100000|100%|HC|  |TAMS 0x0000000087100000, 0x0000000087000000| Complete 
| 113|0x0000000087100000, 0x0000000087200000, 0x0000000087200000|100%| O|  |TAMS 0x0000000087200000, 0x0000000087100000| Untracked 
| 114|0x0000000087200000, 0x0000000087300000, 0x0000000087300000|100%| O|  |TAMS 0x0000000087300000, 0x0000000087200000| Untracked 
| 115|0x0000000087300000, 0x0000000087400000, 0x0000000087400000|100%| O|  |TAMS 0x0000000087400000, 0x0000000087300000| Untracked 
| 116|0x0000000087400000, 0x0000000087500000, 0x0000000087500000|100%| O|  |TAMS 0x0000000087500000, 0x0000000087400000| Untracked 
| 117|0x0000000087500000, 0x0000000087600000, 0x0000000087600000|100%| O|  |TAMS 0x0000000087500000, 0x0000000087500000| Untracked 
| 118|0x0000000087600000, 0x0000000087700000, 0x0000000087700000|100%| O|  |TAMS 0x0000000087700000, 0x0000000087600000| Untracked 
| 119|0x0000000087700000, 0x0000000087800000, 0x0000000087800000|100%| O|  |TAMS 0x0000000087800000, 0x0000000087700000| Untracked 
| 120|0x0000000087800000, 0x0000000087900000, 0x0000000087900000|100%| O|  |TAMS 0x0000000087900000, 0x0000000087800000| Untracked 
| 121|0x0000000087900000, 0x0000000087a00000, 0x0000000087a00000|100%| O|  |TAMS 0x0000000087a00000, 0x0000000087900000| Untracked 
| 122|0x0000000087a00000, 0x0000000087b00000, 0x0000000087b00000|100%| O|  |TAMS 0x0000000087b00000, 0x0000000087a00000| Untracked 
| 123|0x0000000087b00000, 0x0000000087c00000, 0x0000000087c00000|100%| O|  |TAMS 0x0000000087c00000, 0x0000000087b00000| Untracked 
| 124|0x0000000087c00000, 0x0000000087d00000, 0x0000000087d00000|100%| O|  |TAMS 0x0000000087d00000, 0x0000000087c00000| Untracked 
| 125|0x0000000087d00000, 0x0000000087e00000, 0x0000000087e00000|100%| O|  |TAMS 0x0000000087d00000, 0x0000000087d00000| Untracked 
| 126|0x0000000087e00000, 0x0000000087f00000, 0x0000000087f00000|100%| O|  |TAMS 0x0000000087f00000, 0x0000000087e00000| Untracked 
| 127|0x0000000087f00000, 0x0000000088000000, 0x0000000088000000|100%| O|  |TAMS 0x0000000088000000, 0x0000000087f00000| Untracked 
| 128|0x0000000088000000, 0x0000000088100000, 0x0000000088100000|100%| O|  |TAMS 0x0000000088100000, 0x0000000088000000| Untracked 
| 129|0x0000000088100000, 0x0000000088200000, 0x0000000088200000|100%| O|  |TAMS 0x0000000088200000, 0x0000000088100000| Untracked 
| 130|0x0000000088200000, 0x0000000088300000, 0x0000000088300000|100%| O|  |TAMS 0x0000000088300000, 0x0000000088200000| Untracked 
| 131|0x0000000088300000, 0x0000000088400000, 0x0000000088400000|100%| O|  |TAMS 0x0000000088400000, 0x0000000088300000| Untracked 
| 132|0x0000000088400000, 0x0000000088500000, 0x0000000088500000|100%| O|  |TAMS 0x0000000088500000, 0x0000000088400000| Untracked 
| 133|0x0000000088500000, 0x0000000088600000, 0x0000000088600000|100%| O|  |TAMS 0x0000000088600000, 0x0000000088500000| Untracked 
| 134|0x0000000088600000, 0x0000000088700000, 0x0000000088700000|100%| O|  |TAMS 0x0000000088700000, 0x0000000088600000| Untracked 
| 135|0x0000000088700000, 0x0000000088800000, 0x0000000088800000|100%| O|  |TAMS 0x0000000088800000, 0x0000000088700000| Untracked 
| 136|0x0000000088800000, 0x0000000088900000, 0x0000000088900000|100%| O|  |TAMS 0x0000000088900000, 0x0000000088800000| Untracked 
| 137|0x0000000088900000, 0x0000000088a00000, 0x0000000088a00000|100%| O|  |TAMS 0x0000000088a00000, 0x0000000088900000| Untracked 
| 138|0x0000000088a00000, 0x0000000088b00000, 0x0000000088b00000|100%| O|  |TAMS 0x0000000088b00000, 0x0000000088a00000| Untracked 
| 139|0x0000000088b00000, 0x0000000088c00000, 0x0000000088c00000|100%| O|  |TAMS 0x0000000088c00000, 0x0000000088b00000| Untracked 
| 140|0x0000000088c00000, 0x0000000088d00000, 0x0000000088d00000|100%| O|  |TAMS 0x0000000088d00000, 0x0000000088c00000| Untracked 
| 141|0x0000000088d00000, 0x0000000088e00000, 0x0000000088e00000|100%| O|  |TAMS 0x0000000088e00000, 0x0000000088d00000| Untracked 
| 142|0x0000000088e00000, 0x0000000088f00000, 0x0000000088f00000|100%| O|  |TAMS 0x0000000088f00000, 0x0000000088e00000| Untracked 
| 143|0x0000000088f00000, 0x0000000089000000, 0x0000000089000000|100%| O|  |TAMS 0x0000000089000000, 0x0000000088f00000| Untracked 
| 144|0x0000000089000000, 0x0000000089100000, 0x0000000089100000|100%| O|  |TAMS 0x0000000089000000, 0x0000000089000000| Untracked 
| 145|0x0000000089100000, 0x0000000089200000, 0x0000000089200000|100%| O|  |TAMS 0x0000000089100000, 0x0000000089100000| Untracked 
| 146|0x0000000089200000, 0x0000000089300000, 0x0000000089300000|100%| O|  |TAMS 0x0000000089200000, 0x0000000089200000| Untracked 
| 147|0x0000000089300000, 0x0000000089400000, 0x0000000089400000|100%| O|  |TAMS 0x0000000089300000, 0x0000000089300000| Untracked 
| 148|0x0000000089400000, 0x0000000089500000, 0x0000000089500000|100%| O|  |TAMS 0x0000000089400000, 0x0000000089400000| Untracked 
| 149|0x0000000089500000, 0x0000000089600000, 0x0000000089600000|100%| O|  |TAMS 0x0000000089500000, 0x0000000089500000| Untracked 
| 150|0x0000000089600000, 0x0000000089700000, 0x0000000089700000|100%| O|  |TAMS 0x0000000089600000, 0x0000000089600000| Untracked 
| 151|0x0000000089700000, 0x0000000089800000, 0x0000000089800000|100%| O|  |TAMS 0x0000000089700000, 0x0000000089700000| Untracked 
| 152|0x0000000089800000, 0x0000000089900000, 0x0000000089900000|100%| O|  |TAMS 0x0000000089800000, 0x0000000089800000| Untracked 
| 153|0x0000000089900000, 0x0000000089a00000, 0x0000000089a00000|100%| O|  |TAMS 0x0000000089900000, 0x0000000089900000| Untracked 
| 154|0x0000000089a00000, 0x0000000089b00000, 0x0000000089b00000|100%|HS|  |TAMS 0x0000000089a00000, 0x0000000089a00000| Complete 
| 155|0x0000000089b00000, 0x0000000089c00000, 0x0000000089c00000|100%| O|  |TAMS 0x0000000089b00000, 0x0000000089b00000| Untracked 
| 156|0x0000000089c00000, 0x0000000089d00000, 0x0000000089d00000|100%|HS|  |TAMS 0x0000000089c00000, 0x0000000089c00000| Complete 
| 157|0x0000000089d00000, 0x0000000089e00000, 0x0000000089e00000|100%| O|  |TAMS 0x0000000089d00000, 0x0000000089d00000| Untracked 
| 158|0x0000000089e00000, 0x0000000089f00000, 0x0000000089f00000|100%| O|  |TAMS 0x0000000089e00000, 0x0000000089e00000| Untracked 
| 159|0x0000000089f00000, 0x000000008a000000, 0x000000008a000000|100%| O|  |TAMS 0x0000000089f00000, 0x0000000089f00000| Untracked 
| 160|0x000000008a000000, 0x000000008a100000, 0x000000008a100000|100%| O|  |TAMS 0x000000008a000000, 0x000000008a000000| Untracked 
| 161|0x000000008a100000, 0x000000008a200000, 0x000000008a200000|100%| O|  |TAMS 0x000000008a100000, 0x000000008a100000| Untracked 
| 162|0x000000008a200000, 0x000000008a300000, 0x000000008a300000|100%| O|  |TAMS 0x000000008a200000, 0x000000008a200000| Untracked 
| 163|0x000000008a300000, 0x000000008a400000, 0x000000008a400000|100%| O|  |TAMS 0x000000008a300000, 0x000000008a300000| Untracked 
| 164|0x000000008a400000, 0x000000008a500000, 0x000000008a500000|100%| O|  |TAMS 0x000000008a400000, 0x000000008a400000| Untracked 
| 165|0x000000008a500000, 0x000000008a600000, 0x000000008a600000|100%| O|  |TAMS 0x000000008a500000, 0x000000008a500000| Untracked 
| 166|0x000000008a600000, 0x000000008a700000, 0x000000008a700000|100%| O|  |TAMS 0x000000008a600000, 0x000000008a600000| Untracked 
| 167|0x000000008a700000, 0x000000008a800000, 0x000000008a800000|100%| O|  |TAMS 0x000000008a700000, 0x000000008a700000| Untracked 
| 168|0x000000008a800000, 0x000000008a900000, 0x000000008a900000|100%| O|  |TAMS 0x000000008a800000, 0x000000008a800000| Untracked 
| 169|0x000000008a900000, 0x000000008aa00000, 0x000000008aa00000|100%| O|  |TAMS 0x000000008a900000, 0x000000008a900000| Untracked 
| 170|0x000000008aa00000, 0x000000008ab00000, 0x000000008ab00000|100%| O|  |TAMS 0x000000008aa00000, 0x000000008aa00000| Untracked 
| 171|0x000000008ab00000, 0x000000008ac00000, 0x000000008ac00000|100%| O|  |TAMS 0x000000008ab00000, 0x000000008ab00000| Untracked 
| 172|0x000000008ac00000, 0x000000008ad00000, 0x000000008ad00000|100%| O|  |TAMS 0x000000008ac00000, 0x000000008ac00000| Untracked 
| 173|0x000000008ad00000, 0x000000008ae00000, 0x000000008ae00000|100%| O|  |TAMS 0x000000008ad00000, 0x000000008ad00000| Untracked 
| 174|0x000000008ae00000, 0x000000008ae64a00, 0x000000008af00000| 39%| O|  |TAMS 0x000000008ae00000, 0x000000008ae00000| Untracked 
| 175|0x000000008af00000, 0x000000008af00000, 0x000000008b000000|  0%| F|  |TAMS 0x000000008af00000, 0x000000008af00000| Untracked 
| 176|0x000000008b000000, 0x000000008b000000, 0x000000008b100000|  0%| F|  |TAMS 0x000000008b000000, 0x000000008b000000| Untracked 
| 177|0x000000008b100000, 0x000000008b100000, 0x000000008b200000|  0%| F|  |TAMS 0x000000008b100000, 0x000000008b100000| Untracked 
| 178|0x000000008b200000, 0x000000008b200000, 0x000000008b300000|  0%| F|  |TAMS 0x000000008b200000, 0x000000008b200000| Untracked 
| 179|0x000000008b300000, 0x000000008b300000, 0x000000008b400000|  0%| F|  |TAMS 0x000000008b300000, 0x000000008b300000| Untracked 
| 180|0x000000008b400000, 0x000000008b400000, 0x000000008b500000|  0%| F|  |TAMS 0x000000008b400000, 0x000000008b400000| Untracked 
| 181|0x000000008b500000, 0x000000008b500000, 0x000000008b600000|  0%| F|  |TAMS 0x000000008b500000, 0x000000008b500000| Untracked 
| 182|0x000000008b600000, 0x000000008b600000, 0x000000008b700000|  0%| F|  |TAMS 0x000000008b600000, 0x000000008b600000| Untracked 
| 183|0x000000008b700000, 0x000000008b700000, 0x000000008b800000|  0%| F|  |TAMS 0x000000008b700000, 0x000000008b700000| Untracked 
| 184|0x000000008b800000, 0x000000008b800000, 0x000000008b900000|  0%| F|  |TAMS 0x000000008b800000, 0x000000008b800000| Untracked 
| 185|0x000000008b900000, 0x000000008b900000, 0x000000008ba00000|  0%| F|  |TAMS 0x000000008b900000, 0x000000008b900000| Untracked 
| 186|0x000000008ba00000, 0x000000008ba00000, 0x000000008bb00000|  0%| F|  |TAMS 0x000000008ba00000, 0x000000008ba00000| Untracked 
| 187|0x000000008bb00000, 0x000000008bb00000, 0x000000008bc00000|  0%| F|  |TAMS 0x000000008bb00000, 0x000000008bb00000| Untracked 
| 188|0x000000008bc00000, 0x000000008bc00000, 0x000000008bd00000|  0%| F|  |TAMS 0x000000008bc00000, 0x000000008bc00000| Untracked 
| 189|0x000000008bd00000, 0x000000008bd00000, 0x000000008be00000|  0%| F|  |TAMS 0x000000008bd00000, 0x000000008bd00000| Untracked 
| 190|0x000000008be00000, 0x000000008be00000, 0x000000008bf00000|  0%| F|  |TAMS 0x000000008be00000, 0x000000008be00000| Untracked 
| 191|0x000000008bf00000, 0x000000008bf00000, 0x000000008c000000|  0%| F|  |TAMS 0x000000008bf00000, 0x000000008bf00000| Untracked 
| 192|0x000000008c000000, 0x000000008c000000, 0x000000008c100000|  0%| F|  |TAMS 0x000000008c000000, 0x000000008c000000| Untracked 
| 193|0x000000008c100000, 0x000000008c100000, 0x000000008c200000|  0%| F|  |TAMS 0x000000008c100000, 0x000000008c100000| Untracked 
| 194|0x000000008c200000, 0x000000008c200000, 0x000000008c300000|  0%| F|  |TAMS 0x000000008c200000, 0x000000008c200000| Untracked 
| 195|0x000000008c300000, 0x000000008c300000, 0x000000008c400000|  0%| F|  |TAMS 0x000000008c300000, 0x000000008c300000| Untracked 
| 196|0x000000008c400000, 0x000000008c400000, 0x000000008c500000|  0%| F|  |TAMS 0x000000008c400000, 0x000000008c400000| Untracked 
| 197|0x000000008c500000, 0x000000008c500000, 0x000000008c600000|  0%| F|  |TAMS 0x000000008c500000, 0x000000008c500000| Untracked 
| 198|0x000000008c600000, 0x000000008c600000, 0x000000008c700000|  0%| F|  |TAMS 0x000000008c600000, 0x000000008c600000| Untracked 
| 199|0x000000008c700000, 0x000000008c700000, 0x000000008c800000|  0%| F|  |TAMS 0x000000008c700000, 0x000000008c700000| Untracked 
| 200|0x000000008c800000, 0x000000008c800000, 0x000000008c900000|  0%| F|  |TAMS 0x000000008c800000, 0x000000008c800000| Untracked 
| 201|0x000000008c900000, 0x000000008c900000, 0x000000008ca00000|  0%| F|  |TAMS 0x000000008c900000, 0x000000008c900000| Untracked 
| 202|0x000000008ca00000, 0x000000008ca00000, 0x000000008cb00000|  0%| F|  |TAMS 0x000000008ca00000, 0x000000008ca00000| Untracked 
| 203|0x000000008cb00000, 0x000000008cb00000, 0x000000008cc00000|  0%| F|  |TAMS 0x000000008cb00000, 0x000000008cb00000| Untracked 
| 204|0x000000008cc00000, 0x000000008cc00000, 0x000000008cd00000|  0%| F|  |TAMS 0x000000008cc00000, 0x000000008cc00000| Untracked 
| 205|0x000000008cd00000, 0x000000008cd00000, 0x000000008ce00000|  0%| F|  |TAMS 0x000000008cd00000, 0x000000008cd00000| Untracked 
| 206|0x000000008ce00000, 0x000000008ce00000, 0x000000008cf00000|  0%| F|  |TAMS 0x000000008ce00000, 0x000000008ce00000| Untracked 
| 207|0x000000008cf00000, 0x000000008cf00000, 0x000000008d000000|  0%| F|  |TAMS 0x000000008cf00000, 0x000000008cf00000| Untracked 
| 208|0x000000008d000000, 0x000000008d000000, 0x000000008d100000|  0%| F|  |TAMS 0x000000008d000000, 0x000000008d000000| Untracked 
| 209|0x000000008d100000, 0x000000008d200000, 0x000000008d200000|100%| S|CS|TAMS 0x000000008d100000, 0x000000008d100000| Complete 
| 210|0x000000008d200000, 0x000000008d300000, 0x000000008d300000|100%| S|CS|TAMS 0x000000008d200000, 0x000000008d200000| Complete 
| 211|0x000000008d300000, 0x000000008d400000, 0x000000008d400000|100%| S|CS|TAMS 0x000000008d300000, 0x000000008d300000| Complete 
| 212|0x000000008d400000, 0x000000008d500000, 0x000000008d500000|100%| S|CS|TAMS 0x000000008d400000, 0x000000008d400000| Complete 
| 213|0x000000008d500000, 0x000000008d600000, 0x000000008d600000|100%| S|CS|TAMS 0x000000008d500000, 0x000000008d500000| Complete 
| 214|0x000000008d600000, 0x000000008d600000, 0x000000008d700000|  0%| F|  |TAMS 0x000000008d600000, 0x000000008d600000| Untracked 
| 215|0x000000008d700000, 0x000000008d700000, 0x000000008d800000|  0%| F|  |TAMS 0x000000008d700000, 0x000000008d700000| Untracked 
| 216|0x000000008d800000, 0x000000008d800000, 0x000000008d900000|  0%| F|  |TAMS 0x000000008d800000, 0x000000008d800000| Untracked 
| 217|0x000000008d900000, 0x000000008d900000, 0x000000008da00000|  0%| F|  |TAMS 0x000000008d900000, 0x000000008d900000| Untracked 
| 218|0x000000008da00000, 0x000000008da00000, 0x000000008db00000|  0%| F|  |TAMS 0x000000008da00000, 0x000000008da00000| Untracked 
| 219|0x000000008db00000, 0x000000008db00000, 0x000000008dc00000|  0%| F|  |TAMS 0x000000008db00000, 0x000000008db00000| Untracked 
| 220|0x000000008dc00000, 0x000000008dc00000, 0x000000008dd00000|  0%| F|  |TAMS 0x000000008dc00000, 0x000000008dc00000| Untracked 
| 221|0x000000008dd00000, 0x000000008dd00000, 0x000000008de00000|  0%| F|  |TAMS 0x000000008dd00000, 0x000000008dd00000| Untracked 
| 222|0x000000008de00000, 0x000000008de00000, 0x000000008df00000|  0%| F|  |TAMS 0x000000008de00000, 0x000000008de00000| Untracked 
| 223|0x000000008df00000, 0x000000008df00000, 0x000000008e000000|  0%| F|  |TAMS 0x000000008df00000, 0x000000008df00000| Untracked 
| 224|0x000000008e000000, 0x000000008e000000, 0x000000008e100000|  0%| F|  |TAMS 0x000000008e000000, 0x000000008e000000| Untracked 
| 225|0x000000008e100000, 0x000000008e100000, 0x000000008e200000|  0%| F|  |TAMS 0x000000008e100000, 0x000000008e100000| Untracked 
| 226|0x000000008e200000, 0x000000008e200000, 0x000000008e300000|  0%| F|  |TAMS 0x000000008e200000, 0x000000008e200000| Untracked 
| 227|0x000000008e300000, 0x000000008e300000, 0x000000008e400000|  0%| F|  |TAMS 0x000000008e300000, 0x000000008e300000| Untracked 
| 228|0x000000008e400000, 0x000000008e400000, 0x000000008e500000|  0%| F|  |TAMS 0x000000008e400000, 0x000000008e400000| Untracked 
| 229|0x000000008e500000, 0x000000008e500000, 0x000000008e600000|  0%| F|  |TAMS 0x000000008e500000, 0x000000008e500000| Untracked 
| 230|0x000000008e600000, 0x000000008e600000, 0x000000008e700000|  0%| F|  |TAMS 0x000000008e600000, 0x000000008e600000| Untracked 
| 231|0x000000008e700000, 0x000000008e700000, 0x000000008e800000|  0%| F|  |TAMS 0x000000008e700000, 0x000000008e700000| Untracked 
| 232|0x000000008e800000, 0x000000008e800000, 0x000000008e900000|  0%| F|  |TAMS 0x000000008e800000, 0x000000008e800000| Untracked 
| 233|0x000000008e900000, 0x000000008e900000, 0x000000008ea00000|  0%| F|  |TAMS 0x000000008e900000, 0x000000008e900000| Untracked 
| 234|0x000000008ea00000, 0x000000008ea00000, 0x000000008eb00000|  0%| F|  |TAMS 0x000000008ea00000, 0x000000008ea00000| Untracked 
| 235|0x000000008eb00000, 0x000000008eb00000, 0x000000008ec00000|  0%| F|  |TAMS 0x000000008eb00000, 0x000000008eb00000| Untracked 
| 236|0x000000008ec00000, 0x000000008ec00000, 0x000000008ed00000|  0%| F|  |TAMS 0x000000008ec00000, 0x000000008ec00000| Untracked 
| 237|0x000000008ed00000, 0x000000008ed00000, 0x000000008ee00000|  0%| F|  |TAMS 0x000000008ed00000, 0x000000008ed00000| Untracked 
| 238|0x000000008ee00000, 0x000000008ee00000, 0x000000008ef00000|  0%| F|  |TAMS 0x000000008ee00000, 0x000000008ee00000| Untracked 
| 239|0x000000008ef00000, 0x000000008ef00000, 0x000000008f000000|  0%| F|  |TAMS 0x000000008ef00000, 0x000000008ef00000| Untracked 
| 240|0x000000008f000000, 0x000000008f000000, 0x000000008f100000|  0%| F|  |TAMS 0x000000008f000000, 0x000000008f000000| Untracked 
| 241|0x000000008f100000, 0x000000008f100000, 0x000000008f200000|  0%| F|  |TAMS 0x000000008f100000, 0x000000008f100000| Untracked 
| 242|0x000000008f200000, 0x000000008f200000, 0x000000008f300000|  0%| F|  |TAMS 0x000000008f200000, 0x000000008f200000| Untracked 
| 243|0x000000008f300000, 0x000000008f300000, 0x000000008f400000|  0%| F|  |TAMS 0x000000008f300000, 0x000000008f300000| Untracked 
| 244|0x000000008f400000, 0x000000008f400000, 0x000000008f500000|  0%| F|  |TAMS 0x000000008f400000, 0x000000008f400000| Untracked 

Card table byte_map: [0x000002b623640000,0x000002b623a40000] _byte_map_base: 0x000002b623240000

Marking Bits (Prev, Next): (CMBitMap*) 0x000002b60c8d2f50, (CMBitMap*) 0x000002b60c8d2f18
 Prev Bits: [0x000002b625e40000, 0x000002b627e40000)
 Next Bits: [0x000002b623e40000, 0x000002b625e40000)

Polling page: 0x000002b60a800000

Metaspace:

Usage:
  Non-class:     97.65 MB capacity,    94.73 MB ( 97%) used,     2.55 MB (  3%) free+waste,   376.94 KB ( <1%) overhead. 
      Class:     15.80 MB capacity,    14.14 MB ( 89%) used,     1.49 MB (  9%) free+waste,   178.38 KB (  1%) overhead. 
       Both:    113.44 MB capacity,   108.86 MB ( 96%) used,     4.04 MB (  4%) free+waste,   555.31 KB ( <1%) overhead. 

Virtual space:
  Non-class space:       98.00 MB reserved,      97.75 MB (>99%) committed 
      Class space:      504.00 MB reserved,      15.88 MB (  3%) committed 
             Both:      602.00 MB reserved,     113.63 MB ( 19%) committed 

Chunk freelists:
   Non-Class:  5.13 KB
       Class:  0 bytes
        Both:  5.13 KB

CodeHeap 'non-profiled nmethods': size=120000Kb used=10062Kb max_used=10223Kb free=109937Kb
 bounds [0x000002b61b9e0000, 0x000002b61c3e0000, 0x000002b622f10000]
CodeHeap 'profiled nmethods': size=120000Kb used=34455Kb max_used=34455Kb free=85544Kb
 bounds [0x000002b6144b0000, 0x000002b616660000, 0x000002b61b9e0000]
CodeHeap 'non-nmethods': size=5760Kb used=2312Kb max_used=2362Kb free=3447Kb
 bounds [0x000002b613f10000, 0x000002b614180000, 0x000002b6144b0000]
 total_blobs=16605 nmethods=15685 adapters=830
 compilation: enabled
              stopped_count=0, restarted_count=0
 full_count=0

Compilation events (10 events):
Event: 60.053 Thread 0x000002b62a8a6800 nmethod 16611 0x000002b61665c010 code [0x000002b61665c2e0, 0x000002b61665d298]
Event: 60.053 Thread 0x000002b62a8a6800 16613 %     3       com.google.common.base.CharMatcher::countIn @ 4 (39 bytes)
Event: 60.054 Thread 0x000002b62a8a6800 nmethod 16613% 0x000002b61665d990 code [0x000002b61665db60, 0x000002b61665e048]
Event: 60.054 Thread 0x000002b62a8a6800 16596       1       com.android.utils.PositionXmlParser$Position::getColumn (5 bytes)
Event: 60.054 Thread 0x000002b62a8a6800 nmethod 16596 0x000002b61bbcf990 code [0x000002b61bbcfb20, 0x000002b61bbcfbd8]
Event: 60.054 Thread 0x000002b62a8a6800 16606       2       com.google.common.base.Objects::hashCode (5 bytes)
Event: 60.054 Thread 0x000002b62a8a6800 nmethod 16606 0x000002b6149e7f10 code [0x000002b6149e80a0, 0x000002b6149e8188]
Event: 60.057 Thread 0x000002b62a8a6800 16615       3       com.google.common.base.CharMatcher::countIn (39 bytes)
Event: 60.057 Thread 0x000002b62a8a6800 nmethod 16615 0x000002b61665e190 code [0x000002b61665e360, 0x000002b61665e7c8]
Event: 60.059 Thread 0x000002b62a8a6800 16617 %     3       com.android.utils.XmlUtils::append @ 482 (647 bytes)

GC Heap History (10 events):
Event: 57.058 GC heap after
{Heap after GC invocations=78 (full 0):
 garbage-first heap   total 208896K, used 154802K [0x0000000080000000, 0x0000000100000000)
  region size 1024K, 2 young (2048K), 2 survivors (2048K)
 Metaspace       used 107470K, capacity 111955K, committed 112000K, reserved 612352K
  class space    used 14094K, capacity 15732K, committed 15744K, reserved 516096K
}
Event: 57.650 GC heap before
{Heap before GC invocations=78 (full 0):
 garbage-first heap   total 208896K, used 177330K [0x0000000080000000, 0x0000000100000000)
  region size 1024K, 25 young (25600K), 2 survivors (2048K)
 Metaspace       used 109112K, capacity 113645K, committed 113792K, reserved 614400K
  class space    used 14271K, capacity 15946K, committed 16000K, reserved 516096K
}
Event: 57.680 GC heap after
{Heap after GC invocations=79 (full 0):
 garbage-first heap   total 250880K, used 156823K [0x0000000080000000, 0x0000000100000000)
  region size 1024K, 4 young (4096K), 4 survivors (4096K)
 Metaspace       used 109112K, capacity 113645K, committed 113792K, reserved 614400K
  class space    used 14271K, capacity 15946K, committed 16000K, reserved 516096K
}
Event: 58.405 GC heap before
{Heap before GC invocations=79 (full 0):
 garbage-first heap   total 250880K, used 195735K [0x0000000080000000, 0x0000000100000000)
  region size 1024K, 43 young (44032K), 4 survivors (4096K)
 Metaspace       used 109308K, capacity 113798K, committed 114048K, reserved 614400K
  class space    used 14288K, capacity 15972K, committed 16000K, reserved 516096K
}
Event: 58.417 GC heap after
{Heap after GC invocations=80 (full 0):
 garbage-first heap   total 250880K, used 159901K [0x0000000080000000, 0x0000000100000000)
  region size 1024K, 6 young (6144K), 6 survivors (6144K)
 Metaspace       used 109308K, capacity 113798K, committed 114048K, reserved 614400K
  class space    used 14288K, capacity 15972K, committed 16000K, reserved 516096K
}
Event: 59.122 GC heap before
{Heap before GC invocations=80 (full 0):
 garbage-first heap   total 250880K, used 199837K [0x0000000080000000, 0x0000000100000000)
  region size 1024K, 46 young (47104K), 6 survivors (6144K)
 Metaspace       used 110770K, capacity 115448K, committed 115584K, reserved 616448K
  class space    used 14447K, capacity 16173K, committed 16256K, reserved 516096K
}
Event: 59.129 GC heap after
{Heap after GC invocations=81 (full 0):
 garbage-first heap   total 250880K, used 163033K [0x0000000080000000, 0x0000000100000000)
  region size 1024K, 6 young (6144K), 6 survivors (6144K)
 Metaspace       used 110770K, capacity 115448K, committed 115584K, reserved 616448K
  class space    used 14447K, capacity 16173K, committed 16256K, reserved 516096K
}
Event: 59.719 GC heap before
{Heap before GC invocations=81 (full 0):
 garbage-first heap   total 250880K, used 206041K [0x0000000080000000, 0x0000000100000000)
  region size 1024K, 46 young (47104K), 6 survivors (6144K)
 Metaspace       used 111174K, capacity 115902K, committed 116096K, reserved 616448K
  class space    used 14465K, capacity 16173K, committed 16256K, reserved 516096K
}
Event: 59.732 GC heap after
{Heap after GC invocations=82 (full 0):
 garbage-first heap   total 250880K, used 174832K [0x0000000080000000, 0x0000000100000000)
  region size 1024K, 6 young (6144K), 6 survivors (6144K)
 Metaspace       used 111174K, capacity 115902K, committed 116096K, reserved 616448K
  class space    used 14465K, capacity 16173K, committed 16256K, reserved 516096K
}
Event: 60.060 GC heap before
{Heap before GC invocations=82 (full 0):
 garbage-first heap   total 250880K, used 206576K [0x0000000080000000, 0x0000000100000000)
  region size 1024K, 37 young (37888K), 6 survivors (6144K)
 Metaspace       used 111475K, capacity 116167K, committed 116352K, reserved 616448K
  class space    used 14474K, capacity 16176K, committed 16256K, reserved 516096K
}

Deoptimization events (10 events):
Event: 59.964 Thread 0x000002b62dc18000 Uncommon trap: reason=unstable_if action=reinterpret pc=0x000002b61baf525c method=org.apache.xerces.impl.XMLEntityScanner.scanContent(Lorg/apache/xerces/xni/XMLString;)I @ 134 c2
Event: 59.965 Thread 0x000002b62dc18000 Uncommon trap: reason=unstable_if action=reinterpret pc=0x000002b61bb8bd3c method=org.apache.xerces.impl.XMLEntityScanner.skipString(Ljava/lang/String;)Z @ 65 c2
Event: 59.965 Thread 0x000002b62dc18000 Uncommon trap: reason=unstable_if action=reinterpret pc=0x000002b61bb5bc84 method=com.android.utils.PositionXmlParser$DomBuilder.findOpeningTag(Lcom/android/utils/PositionXmlParser$Position;)Lcom/android/utils/PositionXmlParser$Position; @ 81 c2
Event: 60.022 Thread 0x000002b62dc18000 Uncommon trap: reason=bimorphic_or_optimized_type_check action=maybe_recompile pc=0x000002b61bb6b9e0 method=org.apache.xerces.dom.CoreDocumentImpl.isKidOK(Lorg/w3c/dom/Node;Lorg/w3c/dom/Node;)Z @ 39 c2
Event: 60.023 Thread 0x000002b62dc18000 Uncommon trap: reason=bimorphic_or_optimized_type_check action=maybe_recompile pc=0x000002b61bb6b9e0 method=org.apache.xerces.dom.CoreDocumentImpl.isKidOK(Lorg/w3c/dom/Node;Lorg/w3c/dom/Node;)Z @ 39 c2
Event: 60.023 Thread 0x000002b62dc18000 Uncommon trap: reason=bimorphic_or_optimized_type_check action=maybe_recompile pc=0x000002b61bb6b9e0 method=org.apache.xerces.dom.CoreDocumentImpl.isKidOK(Lorg/w3c/dom/Node;Lorg/w3c/dom/Node;)Z @ 39 c2
Event: 60.023 Thread 0x000002b62dc18000 Uncommon trap: reason=bimorphic_or_optimized_type_check action=maybe_recompile pc=0x000002b61bb6b9e0 method=org.apache.xerces.dom.CoreDocumentImpl.isKidOK(Lorg/w3c/dom/Node;Lorg/w3c/dom/Node;)Z @ 39 c2
Event: 60.023 Thread 0x000002b62dc18000 Uncommon trap: reason=bimorphic_or_optimized_type_check action=maybe_recompile pc=0x000002b61bb65bfc method=org.apache.xerces.dom.CoreDocumentImpl.isKidOK(Lorg/w3c/dom/Node;Lorg/w3c/dom/Node;)Z @ 39 c2
Event: 60.035 Thread 0x000002b62dc18000 Uncommon trap: reason=unstable_if action=reinterpret pc=0x000002b61bb93f74 method=org.apache.xerces.dom.ParentNode.nodeListItem(I)Lorg/w3c/dom/Node; @ 87 c2
Event: 60.035 Thread 0x000002b62dc18000 Uncommon trap: reason=unstable_fused_if action=reinterpret pc=0x000002b61bb956f8 method=org.apache.xerces.dom.ParentNode.nodeListItem(I)Lorg/w3c/dom/Node; @ 142 c2

Classes redefined (0 events):
No events

Internal exceptions (10 events):
Event: 58.952 Thread 0x000002b62dc19000 Exception <a 'sun/nio/fs/WindowsException'{0x000000008db1ea98}> (0x000000008db1ea98) thrown at [./open/src/hotspot/share/prims/jni.cpp, line 611]
Event: 58.953 Thread 0x000002b62dc19000 Exception <a 'sun/nio/fs/WindowsException'{0x000000008db1fc48}> (0x000000008db1fc48) thrown at [./open/src/hotspot/share/prims/jni.cpp, line 611]
Event: 58.954 Thread 0x000002b62dc19000 Exception <a 'sun/nio/fs/WindowsException'{0x000000008db20dc0}> (0x000000008db20dc0) thrown at [./open/src/hotspot/share/prims/jni.cpp, line 611]
Event: 58.994 Thread 0x000002b62dc19000 Exception <a 'sun/nio/fs/WindowsException'{0x000000008da89c58}> (0x000000008da89c58) thrown at [./open/src/hotspot/share/prims/jni.cpp, line 611]
Event: 58.994 Thread 0x000002b62dc19000 Exception <a 'sun/nio/fs/WindowsException'{0x000000008da8ab00}> (0x000000008da8ab00) thrown at [./open/src/hotspot/share/prims/jni.cpp, line 611]
Event: 59.020 Thread 0x000002b62dc19000 Exception <a 'sun/nio/fs/WindowsException'{0x000000008d822ea8}> (0x000000008d822ea8) thrown at [./open/src/hotspot/share/prims/jni.cpp, line 611]
Event: 59.045 Thread 0x000002b62dc19000 Exception <a 'sun/nio/fs/WindowsException'{0x000000008d746178}> (0x000000008d746178) thrown at [./open/src/hotspot/share/prims/jni.cpp, line 611]
Event: 59.045 Thread 0x000002b62dc19000 Exception <a 'sun/nio/fs/WindowsException'{0x000000008d747010}> (0x000000008d747010) thrown at [./open/src/hotspot/share/prims/jni.cpp, line 611]
Event: 59.068 Thread 0x000002b62dc19000 Exception <a 'sun/nio/fs/WindowsException'{0x000000008d64b228}> (0x000000008d64b228) thrown at [./open/src/hotspot/share/prims/jni.cpp, line 611]
Event: 59.068 Thread 0x000002b62dc19000 Exception <a 'sun/nio/fs/WindowsException'{0x000000008d64c0d0}> (0x000000008d64c0d0) thrown at [./open/src/hotspot/share/prims/jni.cpp, line 611]

Events (10 events):
Event: 60.035 Thread 0x000002b62dc18000 DEOPT UNPACKING pc=0x000002b613f3662f sp=0x000000f187cf9e98 mode 2
Event: 60.037 loading class com/android/ide/common/blame/SourceFilePosition
Event: 60.037 loading class com/android/ide/common/blame/SourceFilePosition done
Event: 60.038 loading class com/android/ide/common/blame/SourcePosition
Event: 60.038 loading class com/android/ide/common/blame/SourcePosition done
Event: 60.051 Thread 0x000002b62dc18000 DEOPT PACKING pc=0x000002b616651fd0 sp=0x000000f187cf98f0
Event: 60.051 Thread 0x000002b62dc18000 DEOPT UNPACKING pc=0x000002b613f36dde sp=0x000000f187cf8e20 mode 0
Event: 60.052 Thread 0x000002b62dc18000 DEOPT PACKING pc=0x000002b616651fd0 sp=0x000000f187cf9aa0
Event: 60.052 Thread 0x000002b62dc18000 DEOPT UNPACKING pc=0x000002b613f36dde sp=0x000000f187cf8fd0 mode 0
Event: 60.060 Executing VM operation: G1CollectForAllocation


Dynamic libraries:
0x00007ff7a19f0000 - 0x00007ff7a19ff000 	C:\Program Files\Java\jdk-11.0.14\bin\java.exe
0x00007ff93f3d0000 - 0x00007ff93f5c5000 	C:\WINDOWS\SYSTEM32\ntdll.dll
0x00007ff93d970000 - 0x00007ff93da2e000 	C:\WINDOWS\System32\KERNEL32.DLL
0x00007ff93ceb0000 - 0x00007ff93d178000 	C:\WINDOWS\System32\KERNELBASE.dll
0x00007ff93cc70000 - 0x00007ff93cd70000 	C:\WINDOWS\System32\ucrtbase.dll
0x00007ff9242f0000 - 0x00007ff924308000 	C:\Program Files\Java\jdk-11.0.14\bin\jli.dll
0x00007ff9237e0000 - 0x00007ff9237f5000 	C:\Program Files\Java\jdk-11.0.14\bin\VCRUNTIME140.dll
0x00007ff93dcf0000 - 0x00007ff93dd9e000 	C:\WINDOWS\System32\ADVAPI32.dll
0x00007ff93f020000 - 0x00007ff93f0be000 	C:\WINDOWS\System32\msvcrt.dll
0x00007ff93e7c0000 - 0x00007ff93e85c000 	C:\WINDOWS\System32\sechost.dll
0x00007ff93dda0000 - 0x00007ff93dec5000 	C:\WINDOWS\System32\RPCRT4.dll
0x00007ff93f1d0000 - 0x00007ff93f371000 	C:\WINDOWS\System32\USER32.dll
0x00007ff9275b0000 - 0x00007ff92784a000 	C:\WINDOWS\WinSxS\amd64_microsoft.windows.common-controls_6595b64144ccf1df_6.0.19041.1110_none_60b5254171f9507e\COMCTL32.dll
0x00007ff93cd70000 - 0x00007ff93cd92000 	C:\WINDOWS\System32\win32u.dll
0x00007ff93e430000 - 0x00007ff93e45b000 	C:\WINDOWS\System32\GDI32.dll
0x00007ff93cda0000 - 0x00007ff93cead000 	C:\WINDOWS\System32\gdi32full.dll
0x00007ff93d310000 - 0x00007ff93d3ad000 	C:\WINDOWS\System32\msvcp_win.dll
0x00007ff934c70000 - 0x00007ff934c7a000 	C:\WINDOWS\SYSTEM32\VERSION.dll
0x00007ff93e4e0000 - 0x00007ff93e510000 	C:\WINDOWS\System32\IMM32.DLL
0x00007ff901460000 - 0x00007ff9014fb000 	C:\Program Files\Java\jdk-11.0.14\bin\msvcp140.dll
0x00007ff8c7d60000 - 0x00007ff8c8876000 	C:\Program Files\Java\jdk-11.0.14\bin\server\jvm.dll
0x00007ff93f380000 - 0x00007ff93f388000 	C:\WINDOWS\System32\PSAPI.DLL
0x00007ff926750000 - 0x00007ff926759000 	C:\WINDOWS\SYSTEM32\WSOCK32.dll
0x00007ff92aed0000 - 0x00007ff92aef7000 	C:\WINDOWS\SYSTEM32\WINMM.dll
0x00007ff93dff0000 - 0x00007ff93e05b000 	C:\WINDOWS\System32\WS2_32.dll
0x00007ff93a9d0000 - 0x00007ff93a9e2000 	C:\WINDOWS\SYSTEM32\kernel.appcore.dll
0x00007ff9376d0000 - 0x00007ff9376e0000 	C:\Program Files\Java\jdk-11.0.14\bin\verify.dll
0x00007ff9261e0000 - 0x00007ff9263c4000 	C:\WINDOWS\SYSTEM32\DBGHELP.DLL
0x00007ff921b10000 - 0x00007ff921b3c000 	C:\WINDOWS\SYSTEM32\dbgcore.DLL
0x00007ff93d230000 - 0x00007ff93d2b2000 	C:\WINDOWS\System32\bcryptPrimitives.dll
0x00007ff9206c0000 - 0x00007ff9206e8000 	C:\Program Files\Java\jdk-11.0.14\bin\java.dll
0x00007ff937050000 - 0x00007ff93705a000 	C:\Program Files\Java\jdk-11.0.14\bin\jimage.dll
0x00007ff9206a0000 - 0x00007ff9206b6000 	C:\Program Files\Java\jdk-11.0.14\bin\zip.dll
0x00007ff93e8d0000 - 0x00007ff93f014000 	C:\WINDOWS\System32\SHELL32.dll
0x00007ff93abd0000 - 0x00007ff93b365000 	C:\WINDOWS\SYSTEM32\windows.storage.dll
0x00007ff93e060000 - 0x00007ff93e3b5000 	C:\WINDOWS\System32\combase.dll
0x00007ff93c530000 - 0x00007ff93c55e000 	C:\WINDOWS\SYSTEM32\Wldp.dll
0x00007ff93da30000 - 0x00007ff93dadd000 	C:\WINDOWS\System32\SHCORE.dll
0x00007ff93e3d0000 - 0x00007ff93e425000 	C:\WINDOWS\System32\shlwapi.dll
0x00007ff93ca20000 - 0x00007ff93ca3f000 	C:\WINDOWS\SYSTEM32\profapi.dll
0x00007ff915bf0000 - 0x00007ff915c09000 	C:\Program Files\Java\jdk-11.0.14\bin\net.dll
0x00007ff935bf0000 - 0x00007ff935cfc000 	C:\WINDOWS\SYSTEM32\WINHTTP.dll
0x00007ff93c290000 - 0x00007ff93c2fa000 	C:\WINDOWS\system32\mswsock.dll
0x00007ff914a50000 - 0x00007ff914a62000 	C:\Program Files\Java\jdk-11.0.14\bin\nio.dll
0x00007ff9208b0000 - 0x00007ff9208d7000 	C:\Users\cuong\.gradle\native\e1d6ef7f7dcc3fd88c89a11ec53ec762bb8ba0a96d01ffa2cd45eb1d1d8dd5c5\windows-amd64\native-platform.dll
0x00007ff9028f0000 - 0x00007ff902a34000 	C:\Users\cuong\.gradle\native\5664cfc778a61ccfe75a443a1ab52a65af34e5dc3c78e0209fed803814484fcb\windows-amd64\native-platform-file-events.dll
0x00007ff924130000 - 0x00007ff924139000 	C:\Program Files\Java\jdk-11.0.14\bin\management.dll
0x00007ff9240b0000 - 0x00007ff9240bb000 	C:\Program Files\Java\jdk-11.0.14\bin\management_ext.dll
0x00007ff93c480000 - 0x00007ff93c498000 	C:\WINDOWS\SYSTEM32\CRYPTSP.dll
0x00007ff93bba0000 - 0x00007ff93bbd4000 	C:\WINDOWS\system32\rsaenh.dll
0x00007ff93cae0000 - 0x00007ff93cb07000 	C:\WINDOWS\System32\bcrypt.dll
0x00007ff93c9e0000 - 0x00007ff93ca0e000 	C:\WINDOWS\SYSTEM32\USERENV.dll
0x00007ff93c4a0000 - 0x00007ff93c4ac000 	C:\WINDOWS\SYSTEM32\CRYPTBASE.dll
0x00007ff93bf30000 - 0x00007ff93bf6b000 	C:\WINDOWS\SYSTEM32\IPHLPAPI.DLL
0x00007ff93e8c0000 - 0x00007ff93e8c8000 	C:\WINDOWS\System32\NSI.dll
0x00007ff934c80000 - 0x00007ff934c97000 	C:\WINDOWS\SYSTEM32\dhcpcsvc6.DLL
0x00007ff9356e0000 - 0x00007ff9356fd000 	C:\WINDOWS\SYSTEM32\dhcpcsvc.DLL
0x00007ff93bf80000 - 0x00007ff93c04b000 	C:\WINDOWS\SYSTEM32\DNSAPI.dll
0x00007ff93b7d0000 - 0x00007ff93b803000 	C:\WINDOWS\SYSTEM32\ntmarta.dll

dbghelp: loaded successfully - version: 4.0.5 - missing functions: none
symbol engine: initialized successfully - sym options: 0x614 - pdb path: .;C:\Program Files\Java\jdk-11.0.14\bin;C:\WINDOWS\SYSTEM32;C:\WINDOWS\WinSxS\amd64_microsoft.windows.common-controls_6595b64144ccf1df_6.0.19041.1110_none_60b5254171f9507e;C:\Program Files\Java\jdk-11.0.14\bin\server;C:\Users\cuong\.gradle\native\e1d6ef7f7dcc3fd88c89a11ec53ec762bb8ba0a96d01ffa2cd45eb1d1d8dd5c5\windows-amd64;C:\Users\cuong\.gradle\native\5664cfc778a61ccfe75a443a1ab52a65af34e5dc3c78e0209fed803814484fcb\windows-amd64

VM Arguments:
jvm_args: -XX:MaxMetaspaceSize=512m --add-opens=java.base/java.util=ALL-UNNAMED --add-opens=java.base/java.lang=ALL-UNNAMED --add-opens=java.base/java.lang.invoke=ALL-UNNAMED --add-opens=java.base/java.util=ALL-UNNAMED --add-opens=java.prefs/java.util.prefs=ALL-UNNAMED --add-opens=java.prefs/java.util.prefs=ALL-UNNAMED --add-opens=java.base/java.nio.charset=ALL-UNNAMED --add-opens=java.base/java.net=ALL-UNNAMED --add-opens=java.base/java.util.concurrent.atomic=ALL-UNNAMED -Xmx2048m -Dfile.encoding=windows-1252 -Duser.country=GB -Duser.language=en -Duser.variant 
java_command: org.gradle.launcher.daemon.bootstrap.GradleDaemon 7.3.3
java_class_path (initial): C:\Users\cuong\.gradle\wrapper\dists\gradle-7.3.3-all\4295vidhdd9hd3gbjyw1xqxpo\gradle-7.3.3\lib\gradle-launcher-7.3.3.jar
Launcher Type: SUN_STANDARD

[Global flags]
     intx CICompilerCount                          = 4                                         {product} {ergonomic}
   size_t CompressedClassSpaceSize                 = 528482304                                 {product} {ergonomic}
     uint ConcGCThreads                            = 2                                         {product} {ergonomic}
     uint G1ConcRefinementThreads                  = 8                                         {product} {ergonomic}
   size_t G1HeapRegionSize                         = 1048576                                   {product} {ergonomic}
    uintx GCDrainStackTargetSize                   = 64                                        {product} {ergonomic}
   size_t InitialHeapSize                          = 132120576                                 {product} {ergonomic}
   size_t MarkStackSize                            = 4194304                                   {product} {ergonomic}
   size_t MaxHeapSize                              = 2147483648                                {product} {command line}
   size_t MaxMetaspaceSize                         = 536870912                                 {product} {command line}
   size_t MaxNewSize                               = 1287651328                                {product} {ergonomic}
   size_t MinHeapDeltaBytes                        = 1048576                                   {product} {ergonomic}
    uintx NonNMethodCodeHeapSize                   = 5836300                                {pd product} {ergonomic}
    uintx NonProfiledCodeHeapSize                  = 122910970                              {pd product} {ergonomic}
    uintx ProfiledCodeHeapSize                     = 122910970                              {pd product} {ergonomic}
    uintx ReservedCodeCacheSize                    = 251658240                              {pd product} {ergonomic}
     bool SegmentedCodeCache                       = true                                      {product} {ergonomic}
     bool UseCompressedClassPointers               = true                                 {lp64_product} {ergonomic}
     bool UseCompressedOops                        = true                                 {lp64_product} {ergonomic}
     bool UseG1GC                                  = true                                      {product} {ergonomic}
     bool UseLargePagesIndividualAllocation        = false                                  {pd product} {ergonomic}

Logging:
Log output configuration:
 #0: stdout all=warning uptime,level,tags
 #1: stderr all=off uptime,level,tags

Environment Variables:
JAVA_HOME=C:\Program Files\Java\jdk-11.0.14
CLASSPATH=D:\Sky\MOBILE\CTP_01\ctp\android\\gradle\wrapper\gradle-wrapper.jar
PATH=C:\Program Files\nodejs\node_modules\npm\node_modules\npm-lifecycle\node-gyp-bin;D:\Sky\MOBILE\CTP_01\ctp\node_modules\.bin;C:\Program Files\Common Files\Oracle\Java\javapath;C:\Python39\Scripts\;C:\Python39\;C:\WINDOWS\system32;C:\WINDOWS;C:\WINDOWS\System32\Wbem;C:\WINDOWS\System32\WindowsPowerShell\v1.0\;C:\WINDOWS\System32\OpenSSH\;C:\Program Files\Microsoft VS Code\bin;C:\ProgramData\chocolatey\bin;C:\Program Files\Git\cmd;C:\Program Files\TortoiseSVN\bin;D:\Android\Sdk\platform-tools;C:\Program Files\Java\jdk1.8.0_301;C:\Program Files\Java\jdk1.8.0_301\bin;C:\Program Files\Java\jdk1.8.0_301\bin\;C:\Program Files (x86)\NVIDIA Corporation\PhysX\Common;C:\Program Files (x86)\Microsoft SQL Server\150\DTS\Binn\;C:\Program Files\nodejs\;C:\Gradle\gradle-4.10.2\bin;C:\Users\cuong\AppData\Local\Microsoft\WindowsApps;C:\Program Files\JetBrains\IntelliJ IDEA 2021.2.2\bin;;C:\Program Files\Azure Data Studio\bin;C:\Users\cuong\AppData\Roaming\npm;C:\Program Files\heroku\bin;C:\Gradle\gradle-4.10.2\bin;
USERNAME=cuong
OS=Windows_NT
PROCESSOR_IDENTIFIER=Intel64 Family 6 Model 158 Stepping 10, GenuineIntel



---------------  S Y S T E M  ---------------

OS: Windows 10 , 64 bit Build 19041 (10.0.19041.1466)

CPU:total 8 (initial active 8) (4 cores per cpu, 2 threads per core) family 6 model 158 stepping 10 microcode 0xb4, cmov, cx8, fxsr, mmx, sse, sse2, sse3, ssse3, sse4.1, sse4.2, popcnt, avx, avx2, aes, clmul, erms, 3dnowpref, lzcnt, ht, tsc, tscinvbit, bmi1, bmi2, adx, fma

Memory: 4k page, system-wide physical 8038M (570M free)
TotalPageFile size 18108M (AvailPageFile size 68M)
current process WorkingSet (physical memory assigned to process): 450M, peak: 509M
current process commit charge ("private bytes"): 621M, peak: 749M

vm_info: Java HotSpot(TM) 64-Bit Server VM (11.0.14+8-LTS-263) for windows-amd64 JRE (11.0.14+8-LTS-263), built on Dec  7 2021 21:53:57 by "mach5one" with MS VC++ 15.9 (VS2017)

END.
