#
# There is insufficient memory for the Java Runtime Environment to continue.
# Native memory allocation (mmap) failed to map 67108864 bytes for Failed to commit area from 0x00000000fc000000 to 0x0000000100000000 of length 67108864.
# Possible reasons:
#   The system is out of physical RAM or swap space
#   The process is running with CompressedOops enabled, and the Java Heap may be blocking the growth of the native heap
# Possible solutions:
#   Reduce memory load on the system
#   Increase physical memory or swap space
#   Check if swap backing store is full
#   Decrease Java heap size (-Xmx/-Xms)
#   Decrease number of Java threads
#   Decrease Java thread stack sizes (-Xss)
#   Set larger code cache with -XX:ReservedCodeCacheSize=
# This output file may be truncated or incomplete.
#
#  Out of Memory Error (./open/src/hotspot/os/windows/os_windows.cpp:3284), pid=13744, tid=16420
#
# JRE version:  (11.0.14+8) (build )
# Java VM: Java HotSpot(TM) 64-Bit Server VM (11.0.14+8-LTS-263, mixed mode, sharing, tiered, compressed oops, g1 gc, windows-amd64)
# No core dump will be written. Minidumps are not enabled by default on client versions of Windows
#

---------------  S U M M A R Y ------------

Command Line: -Xmx64m -Xms64m -Dorg.gradle.appname=gradlew org.gradle.wrapper.GradleWrapperMain app:installDebug -PreactNativeDevServerPort=8081

Host: Intel(R) Core(TM) i5-9300H CPU @ 2.40GHz, 8 cores, 7G,  Windows 10 , 64 bit Build 19041 (10.0.19041.1466)
Time: Fri Oct  7 16:37:13 2022 SE Asia Standard Time elapsed time: 0.032623 seconds (0d 0h 0m 0s)

---------------  T H R E A D  ---------------

Current thread (0x000002398f620800):  JavaThread "Unknown thread" [_thread_in_vm, id=16420, stack(0x00000040edd00000,0x00000040ede00000)]

Stack: [0x00000040edd00000,0x00000040ede00000]
Native frames: (J=compiled Java code, j=interpreted, Vv=VM code, C=native code)
V  [jvm.dll+0x6296da]
V  [jvm.dll+0x76323f]
V  [jvm.dll+0x7648e9]
V  [jvm.dll+0x764f73]
V  [jvm.dll+0x23d7c8]
V  [jvm.dll+0x626a5a]
V  [jvm.dll+0x61b7f5]
V  [jvm.dll+0x2f262c]
V  [jvm.dll+0x2f24b2]
V  [jvm.dll+0x2f71d6]
V  [jvm.dll+0x339bdf]
V  [jvm.dll+0x339610]
V  [jvm.dll+0x2cfc48]
V  [jvm.dll+0x2d0db6]
V  [jvm.dll+0x73d857]
V  [jvm.dll+0x73f0ef]
V  [jvm.dll+0x346909]
V  [jvm.dll+0x723160]
V  [jvm.dll+0x3b551f]
V  [jvm.dll+0x3b7631]
C  [jli.dll+0x5207]
C  [ucrtbase.dll+0x21bb2]
C  [KERNEL32.DLL+0x17034]
C  [ntdll.dll+0x52651]


---------------  P R O C E S S  ---------------

Threads class SMR info:
_java_thread_list=0x000002398d3f4660, length=0, elements={
}

Java Threads: ( => current thread )

Other Threads:
  0x000002398f636000 GCTaskThread "GC Thread#0" [stack: 0x00000040ede00000,0x00000040edf00000] [id=12912]
  0x000002398f63e000 ConcurrentGCThread "G1 Main Marker" [stack: 0x00000040edf00000,0x00000040ee000000] [id=4800]
  0x000002398f640000 ConcurrentGCThread "G1 Conc#0" [stack: 0x00000040ee000000,0x00000040ee100000] [id=9140]

[error occurred during error reporting (printing all threads), id 0xc0000005, EXCEPTION_ACCESS_VIOLATION (0xc0000005) at pc=0x00007ff9fe37eed7]

VM state:not at safepoint (not fully initialized)

VM Mutex/Monitor currently owned by a thread:  ([mutex/lock_event])
[0x000002398f61ca20] Heap_lock - owner thread: 0x000002398f620800

Heap address: 0x00000000fc000000, size: 64 MB, Compressed Oops mode: Non-zero based: 0x00000000fc000000
Narrow klass base: 0x0000000000000000, Narrow klass shift: 0

GC Heap History (0 events):
No events

Deoptimization events (0 events):
No events

Classes redefined (0 events):
No events

Internal exceptions (0 events):
No events

Events (0 events):
No events


Dynamic libraries:
0x00007ff7cd9a0000 - 0x00007ff7cd9af000 	C:\Program Files\Java\jdk-11.0.14\bin\java.exe
0x00007ffa6f410000 - 0x00007ffa6f605000 	C:\WINDOWS\SYSTEM32\ntdll.dll
0x00007ffa6e3e0000 - 0x00007ffa6e49e000 	C:\WINDOWS\System32\KERNEL32.DLL
0x00007ffa6cf90000 - 0x00007ffa6d258000 	C:\WINDOWS\System32\KERNELBASE.dll
0x00007ffa69fc0000 - 0x00007ffa6a050000 	C:\WINDOWS\SYSTEM32\apphelp.dll
0x00007ffa6d260000 - 0x00007ffa6d360000 	C:\WINDOWS\System32\ucrtbase.dll
0x00007ffa57050000 - 0x00007ffa57065000 	C:\Program Files\Java\jdk-11.0.14\bin\VCRUNTIME140.dll
0x00007ffa57070000 - 0x00007ffa57088000 	C:\Program Files\Java\jdk-11.0.14\bin\jli.dll
0x00007ffa6f040000 - 0x00007ffa6f0ee000 	C:\WINDOWS\System32\ADVAPI32.dll
0x00007ffa6ef10000 - 0x00007ffa6efae000 	C:\WINDOWS\System32\msvcrt.dll
0x00007ffa6d910000 - 0x00007ffa6d9ac000 	C:\WINDOWS\System32\sechost.dll
0x00007ffa6f2a0000 - 0x00007ffa6f3c5000 	C:\WINDOWS\System32\RPCRT4.dll
0x00007ffa6e4b0000 - 0x00007ffa6e651000 	C:\WINDOWS\System32\USER32.dll
0x00007ffa6cf60000 - 0x00007ffa6cf82000 	C:\WINDOWS\System32\win32u.dll
0x00007ffa6dbe0000 - 0x00007ffa6dc0b000 	C:\WINDOWS\System32\GDI32.dll
0x00007ffa6ce50000 - 0x00007ffa6cf5d000 	C:\WINDOWS\System32\gdi32full.dll
0x00007ffa6cd80000 - 0x00007ffa6ce1d000 	C:\WINDOWS\System32\msvcp_win.dll
0x00007ffa559e0000 - 0x00007ffa55c7a000 	C:\WINDOWS\WinSxS\amd64_microsoft.windows.common-controls_6595b64144ccf1df_6.0.19041.1110_none_60b5254171f9507e\COMCTL32.dll
0x00007ffa6aaf0000 - 0x00007ffa6aafa000 	C:\WINDOWS\SYSTEM32\VERSION.dll
0x00007ffa6d9b0000 - 0x00007ffa6d9e0000 	C:\WINDOWS\System32\IMM32.DLL
0x00007ffa30eb0000 - 0x00007ffa30f4b000 	C:\Program Files\Java\jdk-11.0.14\bin\msvcp140.dll
0x00007ff9fe0a0000 - 0x00007ff9febb6000 	C:\Program Files\Java\jdk-11.0.14\bin\server\jvm.dll
0x00007ffa6d460000 - 0x00007ffa6d468000 	C:\WINDOWS\System32\PSAPI.DLL
0x00007ffa564a0000 - 0x00007ffa564c7000 	C:\WINDOWS\SYSTEM32\WINMM.dll
0x00007ffa5ac40000 - 0x00007ffa5ac49000 	C:\WINDOWS\SYSTEM32\WSOCK32.dll
0x00007ffa6f0f0000 - 0x00007ffa6f15b000 	C:\WINDOWS\System32\WS2_32.dll
0x00007ffa6b3f0000 - 0x00007ffa6b402000 	C:\WINDOWS\SYSTEM32\kernel.appcore.dll
0x00007ffa6aab0000 - 0x00007ffa6aac0000 	C:\Program Files\Java\jdk-11.0.14\bin\verify.dll
0x00007ffa556a0000 - 0x00007ffa55884000 	C:\WINDOWS\SYSTEM32\DBGHELP.DLL
0x00007ffa53d80000 - 0x00007ffa53dac000 	C:\WINDOWS\SYSTEM32\dbgcore.DLL
0x00007ffa6d360000 - 0x00007ffa6d3e2000 	C:\WINDOWS\System32\bcryptPrimitives.dll
0x00007ffa52bc0000 - 0x00007ffa52be8000 	C:\Program Files\Java\jdk-11.0.14\bin\java.dll
0x00007ffa57000000 - 0x00007ffa5700a000 	C:\Program Files\Java\jdk-11.0.14\bin\jimage.dll
0x00007ffa56ec0000 - 0x00007ffa56ed6000 	C:\Program Files\Java\jdk-11.0.14\bin\zip.dll

dbghelp: loaded successfully - version: 4.0.5 - missing functions: none
symbol engine: initialized successfully - sym options: 0x614 - pdb path: .;C:\Program Files\Java\jdk-11.0.14\bin;C:\WINDOWS\SYSTEM32;C:\WINDOWS\WinSxS\amd64_microsoft.windows.common-controls_6595b64144ccf1df_6.0.19041.1110_none_60b5254171f9507e;C:\Program Files\Java\jdk-11.0.14\bin\server

VM Arguments:
jvm_args: -Xmx64m -Xms64m -Dorg.gradle.appname=gradlew 
java_command: org.gradle.wrapper.GradleWrapperMain app:installDebug -PreactNativeDevServerPort=8081
java_class_path (initial): D:\Ptit_programming\UI-DOAN\sas\android\\gradle\wrapper\gradle-wrapper.jar
Launcher Type: SUN_STANDARD

[Global flags]
     intx CICompilerCount                          = 4                                         {product} {ergonomic}
     uint ConcGCThreads                            = 2                                         {product} {ergonomic}
     uint G1ConcRefinementThreads                  = 8                                         {product} {ergonomic}
   size_t G1HeapRegionSize                         = 1048576                                   {product} {ergonomic}
    uintx GCDrainStackTargetSize                   = 64                                        {product} {ergonomic}
   size_t InitialHeapSize                          = 67108864                                  {product} {command line}
   size_t MarkStackSize                            = 4194304                                   {product} {ergonomic}
   size_t MaxHeapSize                              = 67108864                                  {product} {command line}
   size_t MinHeapDeltaBytes                        = 1048576                                   {product} {ergonomic}
    uintx NonNMethodCodeHeapSize                   = 5836300                                {pd product} {ergonomic}
    uintx NonProfiledCodeHeapSize                  = 122910970                              {pd product} {ergonomic}
    uintx ProfiledCodeHeapSize                     = 122910970                              {pd product} {ergonomic}
    uintx ReservedCodeCacheSize                    = 251658240                              {pd product} {ergonomic}
     bool SegmentedCodeCache                       = true                                      {product} {ergonomic}
     bool UseCompressedClassPointers               = true                                 {lp64_product} {ergonomic}
     bool UseCompressedOops                        = true                                 {lp64_product} {ergonomic}
     bool UseG1GC                                  = true                                      {product} {ergonomic}
     bool UseLargePagesIndividualAllocation        = false                                  {pd product} {ergonomic}

Logging:
Log output configuration:
 #0: stdout all=warning uptime,level,tags
 #1: stderr all=off uptime,level,tags

Environment Variables:
JAVA_HOME=C:\Program Files\Java\jdk-11.0.14
CLASSPATH=D:\Ptit_programming\UI-DOAN\sas\android\\gradle\wrapper\gradle-wrapper.jar
PATH=D:\Ptit_programming\UI-DOAN\sas\android\node_modules\.bin;D:\Ptit_programming\UI-DOAN\sas\node_modules\.bin;D:\Ptit_programming\UI-DOAN\node_modules\.bin;D:\Ptit_programming\node_modules\.bin;D:\node_modules\.bin;C:\Program Files\nodejs;D:\Ptit_programming\UI-DOAN\sas\node_modules\.bin;C:\Program Files\nodejs\node_modules\npm\node_modules\npm-lifecycle\node-gyp-bin;D:\Ptit_programming\UI-DOAN\sas\node_modules\.bin;C:\Program Files\Common Files\Oracle\Java\javapath;C:\Python39\Scripts\;C:\Python39\;C:\WINDOWS\system32;C:\WINDOWS;C:\WINDOWS\System32\Wbem;C:\WINDOWS\System32\WindowsPowerShell\v1.0\;C:\WINDOWS\System32\OpenSSH\;C:\ProgramData\chocolatey\bin;C:\Program Files\Git\cmd;C:\Program Files\TortoiseSVN\bin;D:\Android\Sdk\platform-tools;C:\Program Files\Java\jdk1.8.0_301;C:\Program Files\Java\jdk1.8.0_301\bin;C:\Program Files\Java\jdk1.8.0_301\bin\;C:\Program Files (x86)\NVIDIA Corporation\PhysX\Common;C:\Program Files (x86)\Microsoft SQL Server\150\DTS\Binn\;C:\Program Files\nodejs\;C:\Gradle\gradle-4.10.2\bin;C:\Users\cuong\AppData\Local\Microsoft\WindowsApps;C:\Program Files\JetBrains\IntelliJ IDEA 2021.2.2\bin;;C:\Program Files\Azure Data Studio\bin;C:\Users\cuong\AppData\Roaming\npm;C:\Program Files\heroku\bin;C:\Gradle\gradle-4.10.2\bin;D:\Program\heroku\bin
USERNAME=cuong
OS=Windows_NT
PROCESSOR_IDENTIFIER=Intel64 Family 6 Model 158 Stepping 10, GenuineIntel



---------------  S Y S T E M  ---------------

OS: Windows 10 , 64 bit Build 19041 (10.0.19041.1466)

CPU:total 8 (initial active 8) (4 cores per cpu, 2 threads per core) family 6 model 158 stepping 10 microcode 0xb4, cmov, cx8, fxsr, mmx, sse, sse2, sse3, ssse3, sse4.1, sse4.2, popcnt, avx, avx2, aes, clmul, erms, 3dnowpref, lzcnt, ht, tsc, tscinvbit, bmi1, bmi2, adx, fma

Memory: 4k page, system-wide physical 8038M (1083M free)
TotalPageFile size 16555M (AvailPageFile size 17M)
current process WorkingSet (physical memory assigned to process): 10M, peak: 10M
current process commit charge ("private bytes"): 59M, peak: 123M

vm_info: Java HotSpot(TM) 64-Bit Server VM (11.0.14+8-LTS-263) for windows-amd64 JRE (11.0.14+8-LTS-263), built on Dec  7 2021 21:53:57 by "mach5one" with MS VC++ 15.9 (VS2017)

END.
