#
# There is insufficient memory for the Java Runtime Environment to continue.
# Native memory allocation (malloc) failed to allocate 65552 bytes for Chunk::new
# Possible reasons:
#   The system is out of physical RAM or swap space
#   The process is running with CompressedOops enabled, and the Java Heap may be blocking the growth of the native heap
# Possible solutions:
#   Reduce memory load on the system
#   Increase physical memory or swap space
#   Check if swap backing store is full
#   Decrease Java heap size (-Xmx/-Xms)
#   Decrease number of Java threads
#   Decrease Java thread stack sizes (-Xss)
#   Set larger code cache with -XX:ReservedCodeCacheSize=
#   JVM is running with Unscaled Compressed Oops mode in which the Java heap is
#     placed in the first 4GB address space. The Java Heap base address is the
#     maximum limit for the native heap growth. Please use -XX:HeapBaseMinAddress
#     to set the Java Heap base and to place the Java Heap above 4GB virtual address.
# This output file may be truncated or incomplete.
#
#  Out of Memory Error (./open/src/hotspot/share/memory/arena.cpp:197), pid=9556, tid=1204
#
# JRE version: Java(TM) SE Runtime Environment 18.9 (11.0.14+8) (build 11.0.14+8-LTS-263)
# Java VM: Java HotSpot(TM) 64-Bit Server VM 18.9 (11.0.14+8-LTS-263, mixed mode, tiered, compressed oops, g1 gc, windows-amd64)
# No core dump will be written. Minidumps are not enabled by default on client versions of Windows
#

---------------  S U M M A R Y ------------

Command Line: -XX:MaxMetaspaceSize=512m --add-opens=java.base/java.util=ALL-UNNAMED --add-opens=java.base/java.lang=ALL-UNNAMED --add-opens=java.base/java.lang.invoke=ALL-UNNAMED --add-opens=java.base/java.util=ALL-UNNAMED --add-opens=java.prefs/java.util.prefs=ALL-UNNAMED --add-opens=java.prefs/java.util.prefs=ALL-UNNAMED --add-opens=java.base/java.nio.charset=ALL-UNNAMED --add-opens=java.base/java.net=ALL-UNNAMED --add-opens=java.base/java.util.concurrent.atomic=ALL-UNNAMED -Xmx2048m -Dfile.encoding=windows-1252 -Duser.country=GB -Duser.language=en -Duser.variant org.gradle.launcher.daemon.bootstrap.GradleDaemon 7.3.3

Host: Intel(R) Core(TM) i5-9300H CPU @ 2.40GHz, 8 cores, 7G,  Windows 10 , 64 bit Build 19041 (10.0.19041.1466)
Time: Thu Oct  6 23:11:09 2022 SE Asia Standard Time elapsed time: 5.341272 seconds (0d 0h 0m 5s)

---------------  T H R E A D  ---------------

Current thread (0x0000029ba6529800):  JavaThread "C2 CompilerThread0" daemon [_thread_in_native, id=1204, stack(0x000000ec0f100000,0x000000ec0f200000)]


Current CompileTask:
C2:   5341 2807       4       java.util.AbstractCollection::addAll (42 bytes)

Stack: [0x000000ec0f100000,0x000000ec0f200000]
Native frames: (J=compiled Java code, j=interpreted, Vv=VM code, C=native code)
V  [jvm.dll+0x6296da]
V  [jvm.dll+0x76323f]
V  [jvm.dll+0x7648e9]
V  [jvm.dll+0x764f73]
V  [jvm.dll+0x23d7c8]
V  [jvm.dll+0xb297c]
V  [jvm.dll+0xb2f3c]
V  [jvm.dll+0xb2a8b]
V  [jvm.dll+0x609a6f]
V  [jvm.dll+0x33d953]
V  [jvm.dll+0x33e2f4]
V  [jvm.dll+0x2c8a3b]
V  [jvm.dll+0x5f2431]
V  [jvm.dll+0xf92ec]
V  [jvm.dll+0x31ed1d]
V  [jvm.dll+0x649959]
V  [jvm.dll+0x648cbd]
V  [jvm.dll+0x643ea5]
V  [jvm.dll+0x63dbbf]
V  [jvm.dll+0x63d24b]
V  [jvm.dll+0x63b105]
V  [jvm.dll+0x17a41c]
V  [jvm.dll+0x2ad5b6]
V  [jvm.dll+0x645e08]
V  [jvm.dll+0x63dbbf]
V  [jvm.dll+0x63d24b]
V  [jvm.dll+0x63b105]
V  [jvm.dll+0x17a41c]
V  [jvm.dll+0x2ad5b6]
V  [jvm.dll+0x645e08]
V  [jvm.dll+0x63dbbf]
V  [jvm.dll+0x63d24b]
V  [jvm.dll+0x63b105]
V  [jvm.dll+0x17a41c]
V  [jvm.dll+0x2ad5b6]
V  [jvm.dll+0x645e08]
V  [jvm.dll+0x63dbbf]
V  [jvm.dll+0x63d24b]
V  [jvm.dll+0x63b105]
V  [jvm.dll+0x17a41c]
V  [jvm.dll+0x17afa9]
V  [jvm.dll+0x2ad5b6]
V  [jvm.dll+0x645e08]
V  [jvm.dll+0x63dbbf]
V  [jvm.dll+0x63d24b]
V  [jvm.dll+0x63b105]
V  [jvm.dll+0x17a41c]
V  [jvm.dll+0x17afa9]
V  [jvm.dll+0x17aeee]
V  [jvm.dll+0x2ad5b6]
V  [jvm.dll+0x645e08]
V  [jvm.dll+0x63dbbf]
V  [jvm.dll+0x63d24b]
V  [jvm.dll+0x63b105]
V  [jvm.dll+0x17a41c]
V  [jvm.dll+0x1f71d3]
V  [jvm.dll+0x177b21]
V  [jvm.dll+0x206e26]
V  [jvm.dll+0x204fbb]
V  [jvm.dll+0x729170]
V  [jvm.dll+0x721d44]
V  [jvm.dll+0x6285d6]
C  [ucrtbase.dll+0x21bb2]
C  [KERNEL32.DLL+0x17034]
C  [ntdll.dll+0x52651]


---------------  P R O C E S S  ---------------

Threads class SMR info:
_java_thread_list=0x0000029baa39acd0, length=31, elements={
0x0000029b87b92800, 0x0000029ba5bb8800, 0x0000029ba5bb9800, 0x0000029ba5bd5000,
0x0000029ba5bd6800, 0x0000029ba6523800, 0x0000029ba6529800, 0x0000029ba652b000,
0x0000029ba652d000, 0x0000029ba66a4000, 0x0000029ba699e800, 0x0000029ba7e9e000,
0x0000029ba68a8000, 0x0000029ba85e1000, 0x0000029ba8433000, 0x0000029ba76a3800,
0x0000029ba8876800, 0x0000029ba8853800, 0x0000029ba881f000, 0x0000029ba82c9000,
0x0000029ba82cc800, 0x0000029ba82cb800, 0x0000029ba82cb000, 0x0000029ba82cd000,
0x0000029ba9f87000, 0x0000029ba82ce000, 0x0000029ba82c8800, 0x0000029ba82cf000,
0x0000029ba82ca000, 0x0000029baa0a0000, 0x0000029baa0a3800
}

Java Threads: ( => current thread )
  0x0000029b87b92800 JavaThread "main" [_thread_blocked, id=13628, stack(0x000000ec0e500000,0x000000ec0e600000)]
  0x0000029ba5bb8800 JavaThread "Reference Handler" daemon [_thread_blocked, id=3336, stack(0x000000ec0ec00000,0x000000ec0ed00000)]
  0x0000029ba5bb9800 JavaThread "Finalizer" daemon [_thread_blocked, id=9832, stack(0x000000ec0ed00000,0x000000ec0ee00000)]
  0x0000029ba5bd5000 JavaThread "Signal Dispatcher" daemon [_thread_blocked, id=9600, stack(0x000000ec0ee00000,0x000000ec0ef00000)]
  0x0000029ba5bd6800 JavaThread "Attach Listener" daemon [_thread_blocked, id=11868, stack(0x000000ec0ef00000,0x000000ec0f000000)]
  0x0000029ba6523800 JavaThread "Service Thread" daemon [_thread_blocked, id=16172, stack(0x000000ec0f000000,0x000000ec0f100000)]
=>0x0000029ba6529800 JavaThread "C2 CompilerThread0" daemon [_thread_in_native, id=1204, stack(0x000000ec0f100000,0x000000ec0f200000)]
  0x0000029ba652b000 JavaThread "C1 CompilerThread0" daemon [_thread_in_vm, id=15840, stack(0x000000ec0f200000,0x000000ec0f300000)]
  0x0000029ba652d000 JavaThread "Sweeper thread" daemon [_thread_blocked, id=15580, stack(0x000000ec0f300000,0x000000ec0f400000)]
  0x0000029ba66a4000 JavaThread "Common-Cleaner" daemon [_thread_blocked, id=6988, stack(0x000000ec0f400000,0x000000ec0f500000)]
  0x0000029ba699e800 JavaThread "Daemon health stats" [_thread_blocked, id=768, stack(0x000000ec0f700000,0x000000ec0f800000)]
  0x0000029ba7e9e000 JavaThread "Incoming local TCP Connector on port 49458" [_thread_in_native, id=11864, stack(0x000000ec0f600000,0x000000ec0f700000)]
  0x0000029ba68a8000 JavaThread "Daemon periodic checks" [_thread_blocked, id=1224, stack(0x000000ec0fa00000,0x000000ec0fb00000)]
  0x0000029ba85e1000 JavaThread "Daemon" [_thread_blocked, id=5896, stack(0x000000ec0fb00000,0x000000ec0fc00000)]
  0x0000029ba8433000 JavaThread "Handler for socket connection from /127.0.0.1:49458 to /127.0.0.1:49459" [_thread_in_native, id=5964, stack(0x000000ec0fc00000,0x000000ec0fd00000)]
  0x0000029ba76a3800 JavaThread "Cancel handler" [_thread_blocked, id=3860, stack(0x000000ec0fd00000,0x000000ec0fe00000)]
  0x0000029ba8876800 JavaThread "Daemon worker" [_thread_in_vm, id=16304, stack(0x000000ec0fe00000,0x000000ec0ff00000)]
  0x0000029ba8853800 JavaThread "Asynchronous log dispatcher for DefaultDaemonConnection: socket connection from /127.0.0.1:49458 to /127.0.0.1:49459" [_thread_blocked, id=14432, stack(0x000000ec0ff00000,0x000000ec10000000)]
  0x0000029ba881f000 JavaThread "Stdin handler" [_thread_blocked, id=5404, stack(0x000000ec10000000,0x000000ec10100000)]
  0x0000029ba82c9000 JavaThread "Daemon client event forwarder" [_thread_blocked, id=1140, stack(0x000000ec10100000,0x000000ec10200000)]
  0x0000029ba82cc800 JavaThread "Cache worker for journal cache (C:\Users\cuong\.gradle\caches\journal-1)" [_thread_blocked, id=11092, stack(0x000000ec10700000,0x000000ec10800000)]
  0x0000029ba82cb800 JavaThread "File lock request listener" [_thread_in_native, id=6784, stack(0x000000ec10800000,0x000000ec10900000)]
  0x0000029ba82cb000 JavaThread "Cache worker for file hash cache (C:\Users\cuong\.gradle\caches\7.3.3\fileHashes)" [_thread_blocked, id=6984, stack(0x000000ec10900000,0x000000ec10a00000)]
  0x0000029ba82cd000 JavaThread "Cache worker for file hash cache (D:\Ptit_programming\UI-DOAN\sas\android\.gradle\7.3.3\fileHashes)" [_thread_blocked, id=4480, stack(0x000000ec10b00000,0x000000ec10c00000)]
  0x0000029ba9f87000 JavaThread "C2 CompilerThread1" daemon [_thread_in_native, id=2952, stack(0x000000ec10c00000,0x000000ec10d00000)]
  0x0000029ba82ce000 JavaThread "File watcher server" daemon [_thread_in_native, id=10416, stack(0x000000ec10d00000,0x000000ec10e00000)]
  0x0000029ba82c8800 JavaThread "File watcher consumer" daemon [_thread_blocked, id=4528, stack(0x000000ec10e00000,0x000000ec10f00000)]
  0x0000029ba82cf000 JavaThread "Cache worker for checksums cache (D:\Ptit_programming\UI-DOAN\sas\android\.gradle\7.3.3\checksums)" [_thread_blocked, id=16188, stack(0x000000ec10f00000,0x000000ec11000000)]
  0x0000029ba82ca000 JavaThread "Cache worker for cache directory md-supplier (C:\Users\cuong\.gradle\caches\7.3.3\md-supplier)" [_thread_blocked, id=8648, stack(0x000000ec11000000,0x000000ec11100000)]
  0x0000029baa0a0000 JavaThread "Cache worker for cache directory md-rule (C:\Users\cuong\.gradle\caches\7.3.3\md-rule)" [_thread_blocked, id=12532, stack(0x000000ec11100000,0x000000ec11200000)]
  0x0000029baa0a3800 JavaThread "Cache worker for execution history cache (C:\Users\cuong\.gradle\caches\7.3.3\executionHistory)" [_thread_blocked, id=14588, stack(0x000000ec11200000,0x000000ec11300000)]

Other Threads:
  0x0000029ba5bb5000 VMThread "VM Thread" [stack: 0x000000ec0eb00000,0x000000ec0ec00000] [id=9148]
  0x0000029ba669f000 WatcherThread [stack: 0x000000ec0f500000,0x000000ec0f600000] [id=11344]
  0x0000029b87ba7800 GCTaskThread "GC Thread#0" [stack: 0x000000ec0e600000,0x000000ec0e700000] [id=10380]
  0x0000029ba7429800 GCTaskThread "GC Thread#1" [stack: 0x000000ec0f800000,0x000000ec0f900000] [id=12100]
  0x0000029ba742a800 GCTaskThread "GC Thread#2" [stack: 0x000000ec0f900000,0x000000ec0fa00000] [id=2312]
  0x0000029ba7428000 GCTaskThread "GC Thread#3" [stack: 0x000000ec10200000,0x000000ec10300000] [id=10272]
  0x0000029ba742b000 GCTaskThread "GC Thread#4" [stack: 0x000000ec10300000,0x000000ec10400000] [id=1232]
  0x0000029ba742e000 GCTaskThread "GC Thread#5" [stack: 0x000000ec10400000,0x000000ec10500000] [id=12148]
  0x0000029ba742e800 GCTaskThread "GC Thread#6" [stack: 0x000000ec10500000,0x000000ec10600000] [id=8776]
  0x0000029ba742f800 GCTaskThread "GC Thread#7" [stack: 0x000000ec10600000,0x000000ec10700000] [id=13296]
  0x0000029b87bd8800 ConcurrentGCThread "G1 Main Marker" [stack: 0x000000ec0e700000,0x000000ec0e800000] [id=11496]
  0x0000029b87bda000 ConcurrentGCThread "G1 Conc#0" [stack: 0x000000ec0e800000,0x000000ec0e900000] [id=7448]
  0x0000029ba7429000 ConcurrentGCThread "G1 Conc#1" [stack: 0x000000ec10a00000,0x000000ec10b00000] [id=15672]
  0x0000029ba5a0e800 ConcurrentGCThread "G1 Refine#0" [stack: 0x000000ec0e900000,0x000000ec0ea00000] [id=15816]
  0x0000029ba5a0f800 ConcurrentGCThread "G1 Young RemSet Sampling" [stack: 0x000000ec0ea00000,0x000000ec0eb00000] [id=12612]

Threads with active compile tasks:
C2 CompilerThread0   5439 2807       4       java.util.AbstractCollection::addAll (42 bytes)
C1 CompilerThread0   5439 2894   !   3       jdk.internal.loader.URLClassPath$JarLoader::getResource (353 bytes)
C2 CompilerThread1   5439 2887       4       java.util.jar.JarFile$JarFileEntry::<init> (16 bytes)

VM state:not at safepoint (normal execution)

VM Mutex/Monitor currently owned by a thread: None

Heap address: 0x0000000080000000, size: 2048 MB, Compressed Oops mode: 32-bit
Narrow klass base: 0x0000000000000000, Narrow klass shift: 3
Compressed class space size: 528482304 Address: 0x0000000100000000

Heap:
 garbage-first heap   total 129024K, used 29100K [0x0000000080000000, 0x0000000100000000)
  region size 1024K, 14 young (14336K), 5 survivors (5120K)
 Metaspace       used 34417K, capacity 35215K, committed 35328K, reserved 546816K
  class space    used 4451K, capacity 4768K, committed 4864K, reserved 516096K
Heap Regions: E=young(eden), S=young(survivor), O=old, HS=humongous(starts), HC=humongous(continues), CS=collection set, F=free, A=archive, TAMS=top-at-mark-start (previous, next)
|   0|0x0000000080000000, 0x0000000080100000, 0x0000000080100000|100%| O|  |TAMS 0x0000000080100000, 0x0000000080000000| Untracked 
|   1|0x0000000080100000, 0x0000000080200000, 0x0000000080200000|100%| O|  |TAMS 0x0000000080200000, 0x0000000080100000| Untracked 
|   2|0x0000000080200000, 0x0000000080300000, 0x0000000080300000|100%| O|  |TAMS 0x0000000080300000, 0x0000000080200000| Untracked 
|   3|0x0000000080300000, 0x0000000080400000, 0x0000000080400000|100%|HS|  |TAMS 0x0000000080400000, 0x0000000080300000| Complete 
|   4|0x0000000080400000, 0x0000000080500000, 0x0000000080500000|100%|HC|  |TAMS 0x0000000080500000, 0x0000000080400000| Complete 
|   5|0x0000000080500000, 0x0000000080600000, 0x0000000080600000|100%|HC|  |TAMS 0x0000000080600000, 0x0000000080500000| Complete 
|   6|0x0000000080600000, 0x0000000080700000, 0x0000000080700000|100%| O|  |TAMS 0x0000000080700000, 0x0000000080600000| Untracked 
|   7|0x0000000080700000, 0x0000000080800000, 0x0000000080800000|100%| O|  |TAMS 0x0000000080800000, 0x0000000080700000| Untracked 
|   8|0x0000000080800000, 0x0000000080900000, 0x0000000080900000|100%| O|  |TAMS 0x0000000080900000, 0x0000000080800000| Untracked 
|   9|0x0000000080900000, 0x0000000080a00000, 0x0000000080a00000|100%| O|  |TAMS 0x0000000080a00000, 0x0000000080900000| Untracked 
|  10|0x0000000080a00000, 0x0000000080b00000, 0x0000000080b00000|100%| O|  |TAMS 0x0000000080b00000, 0x0000000080a00000| Untracked 
|  11|0x0000000080b00000, 0x0000000080c00000, 0x0000000080c00000|100%| O|  |TAMS 0x0000000080c00000, 0x0000000080b00000| Untracked 
|  12|0x0000000080c00000, 0x0000000080d00000, 0x0000000080d00000|100%| O|  |TAMS 0x0000000080d00000, 0x0000000080c00000| Untracked 
|  13|0x0000000080d00000, 0x0000000080e00000, 0x0000000080e00000|100%| O|  |TAMS 0x0000000080e00000, 0x0000000080d00000| Untracked 
|  14|0x0000000080e00000, 0x0000000080f00000, 0x0000000080f00000|100%| O|  |TAMS 0x0000000080f00000, 0x0000000080e00000| Untracked 
|  15|0x0000000080f00000, 0x0000000080fe5c00, 0x0000000081000000| 89%| O|  |TAMS 0x0000000080fe5c00, 0x0000000080f00000| Untracked 
|  16|0x0000000081000000, 0x0000000081000000, 0x0000000081100000|  0%| F|  |TAMS 0x0000000081000000, 0x0000000081000000| Untracked 
|  17|0x0000000081100000, 0x0000000081100000, 0x0000000081200000|  0%| F|  |TAMS 0x0000000081100000, 0x0000000081100000| Untracked 
|  18|0x0000000081200000, 0x0000000081200000, 0x0000000081300000|  0%| F|  |TAMS 0x0000000081200000, 0x0000000081200000| Untracked 
|  19|0x0000000081300000, 0x0000000081300000, 0x0000000081400000|  0%| F|  |TAMS 0x0000000081300000, 0x0000000081300000| Untracked 
|  20|0x0000000081400000, 0x0000000081400000, 0x0000000081500000|  0%| F|  |TAMS 0x0000000081400000, 0x0000000081400000| Untracked 
|  21|0x0000000081500000, 0x0000000081500000, 0x0000000081600000|  0%| F|  |TAMS 0x0000000081500000, 0x0000000081500000| Untracked 
|  22|0x0000000081600000, 0x0000000081600000, 0x0000000081700000|  0%| F|  |TAMS 0x0000000081600000, 0x0000000081600000| Untracked 
|  23|0x0000000081700000, 0x0000000081700000, 0x0000000081800000|  0%| F|  |TAMS 0x0000000081700000, 0x0000000081700000| Untracked 
|  24|0x0000000081800000, 0x0000000081800000, 0x0000000081900000|  0%| F|  |TAMS 0x0000000081800000, 0x0000000081800000| Untracked 
|  25|0x0000000081900000, 0x0000000081900000, 0x0000000081a00000|  0%| F|  |TAMS 0x0000000081900000, 0x0000000081900000| Untracked 
|  26|0x0000000081a00000, 0x0000000081a00000, 0x0000000081b00000|  0%| F|  |TAMS 0x0000000081a00000, 0x0000000081a00000| Untracked 
|  27|0x0000000081b00000, 0x0000000081b00000, 0x0000000081c00000|  0%| F|  |TAMS 0x0000000081b00000, 0x0000000081b00000| Untracked 
|  28|0x0000000081c00000, 0x0000000081c00000, 0x0000000081d00000|  0%| F|  |TAMS 0x0000000081c00000, 0x0000000081c00000| Untracked 
|  29|0x0000000081d00000, 0x0000000081d00000, 0x0000000081e00000|  0%| F|  |TAMS 0x0000000081d00000, 0x0000000081d00000| Untracked 
|  30|0x0000000081e00000, 0x0000000081e00000, 0x0000000081f00000|  0%| F|  |TAMS 0x0000000081e00000, 0x0000000081e00000| Untracked 
|  31|0x0000000081f00000, 0x0000000081f00000, 0x0000000082000000|  0%| F|  |TAMS 0x0000000081f00000, 0x0000000081f00000| Untracked 
|  32|0x0000000082000000, 0x0000000082000000, 0x0000000082100000|  0%| F|  |TAMS 0x0000000082000000, 0x0000000082000000| Untracked 
|  33|0x0000000082100000, 0x0000000082100000, 0x0000000082200000|  0%| F|  |TAMS 0x0000000082100000, 0x0000000082100000| Untracked 
|  34|0x0000000082200000, 0x0000000082200000, 0x0000000082300000|  0%| F|  |TAMS 0x0000000082200000, 0x0000000082200000| Untracked 
|  35|0x0000000082300000, 0x0000000082300000, 0x0000000082400000|  0%| F|  |TAMS 0x0000000082300000, 0x0000000082300000| Untracked 
|  36|0x0000000082400000, 0x0000000082400000, 0x0000000082500000|  0%| F|  |TAMS 0x0000000082400000, 0x0000000082400000| Untracked 
|  37|0x0000000082500000, 0x0000000082500000, 0x0000000082600000|  0%| F|  |TAMS 0x0000000082500000, 0x0000000082500000| Untracked 
|  38|0x0000000082600000, 0x0000000082600000, 0x0000000082700000|  0%| F|  |TAMS 0x0000000082600000, 0x0000000082600000| Untracked 
|  39|0x0000000082700000, 0x0000000082700000, 0x0000000082800000|  0%| F|  |TAMS 0x0000000082700000, 0x0000000082700000| Untracked 
|  40|0x0000000082800000, 0x0000000082800000, 0x0000000082900000|  0%| F|  |TAMS 0x0000000082800000, 0x0000000082800000| Untracked 
|  41|0x0000000082900000, 0x0000000082900000, 0x0000000082a00000|  0%| F|  |TAMS 0x0000000082900000, 0x0000000082900000| Untracked 
|  42|0x0000000082a00000, 0x0000000082a00000, 0x0000000082b00000|  0%| F|  |TAMS 0x0000000082a00000, 0x0000000082a00000| Untracked 
|  43|0x0000000082b00000, 0x0000000082b00000, 0x0000000082c00000|  0%| F|  |TAMS 0x0000000082b00000, 0x0000000082b00000| Untracked 
|  44|0x0000000082c00000, 0x0000000082c00000, 0x0000000082d00000|  0%| F|  |TAMS 0x0000000082c00000, 0x0000000082c00000| Untracked 
|  45|0x0000000082d00000, 0x0000000082d00000, 0x0000000082e00000|  0%| F|  |TAMS 0x0000000082d00000, 0x0000000082d00000| Untracked 
|  46|0x0000000082e00000, 0x0000000082e00000, 0x0000000082f00000|  0%| F|  |TAMS 0x0000000082e00000, 0x0000000082e00000| Untracked 
|  47|0x0000000082f00000, 0x0000000082f00000, 0x0000000083000000|  0%| F|  |TAMS 0x0000000082f00000, 0x0000000082f00000| Untracked 
|  48|0x0000000083000000, 0x0000000083000000, 0x0000000083100000|  0%| F|  |TAMS 0x0000000083000000, 0x0000000083000000| Untracked 
|  49|0x0000000083100000, 0x0000000083100000, 0x0000000083200000|  0%| F|  |TAMS 0x0000000083100000, 0x0000000083100000| Untracked 
|  50|0x0000000083200000, 0x0000000083200000, 0x0000000083300000|  0%| F|  |TAMS 0x0000000083200000, 0x0000000083200000| Untracked 
|  51|0x0000000083300000, 0x0000000083300000, 0x0000000083400000|  0%| F|  |TAMS 0x0000000083300000, 0x0000000083300000| Untracked 
|  52|0x0000000083400000, 0x0000000083400000, 0x0000000083500000|  0%| F|  |TAMS 0x0000000083400000, 0x0000000083400000| Untracked 
|  53|0x0000000083500000, 0x0000000083500000, 0x0000000083600000|  0%| F|  |TAMS 0x0000000083500000, 0x0000000083500000| Untracked 
|  54|0x0000000083600000, 0x0000000083600000, 0x0000000083700000|  0%| F|  |TAMS 0x0000000083600000, 0x0000000083600000| Untracked 
|  55|0x0000000083700000, 0x0000000083700000, 0x0000000083800000|  0%| F|  |TAMS 0x0000000083700000, 0x0000000083700000| Untracked 
|  56|0x0000000083800000, 0x0000000083800000, 0x0000000083900000|  0%| F|  |TAMS 0x0000000083800000, 0x0000000083800000| Untracked 
|  57|0x0000000083900000, 0x0000000083900000, 0x0000000083a00000|  0%| F|  |TAMS 0x0000000083900000, 0x0000000083900000| Untracked 
|  58|0x0000000083a00000, 0x0000000083a00000, 0x0000000083b00000|  0%| F|  |TAMS 0x0000000083a00000, 0x0000000083a00000| Untracked 
|  59|0x0000000083b00000, 0x0000000083b00000, 0x0000000083c00000|  0%| F|  |TAMS 0x0000000083b00000, 0x0000000083b00000| Untracked 
|  60|0x0000000083c00000, 0x0000000083c00000, 0x0000000083d00000|  0%| F|  |TAMS 0x0000000083c00000, 0x0000000083c00000| Untracked 
|  61|0x0000000083d00000, 0x0000000083d00000, 0x0000000083e00000|  0%| F|  |TAMS 0x0000000083d00000, 0x0000000083d00000| Untracked 
|  62|0x0000000083e00000, 0x0000000083e00000, 0x0000000083f00000|  0%| F|  |TAMS 0x0000000083e00000, 0x0000000083e00000| Untracked 
|  63|0x0000000083f00000, 0x0000000083f00000, 0x0000000084000000|  0%| F|  |TAMS 0x0000000083f00000, 0x0000000083f00000| Untracked 
|  64|0x0000000084000000, 0x0000000084000000, 0x0000000084100000|  0%| F|  |TAMS 0x0000000084000000, 0x0000000084000000| Untracked 
|  65|0x0000000084100000, 0x0000000084100000, 0x0000000084200000|  0%| F|  |TAMS 0x0000000084100000, 0x0000000084100000| Untracked 
|  66|0x0000000084200000, 0x0000000084285520, 0x0000000084300000| 52%| S|CS|TAMS 0x0000000084200000, 0x0000000084200000| Complete 
|  67|0x0000000084300000, 0x0000000084400000, 0x0000000084400000|100%| S|CS|TAMS 0x0000000084300000, 0x0000000084300000| Complete 
|  68|0x0000000084400000, 0x0000000084500000, 0x0000000084500000|100%| S|CS|TAMS 0x0000000084400000, 0x0000000084400000| Complete 
|  69|0x0000000084500000, 0x0000000084600000, 0x0000000084600000|100%| S|CS|TAMS 0x0000000084500000, 0x0000000084500000| Complete 
|  70|0x0000000084600000, 0x0000000084700000, 0x0000000084700000|100%| S|CS|TAMS 0x0000000084600000, 0x0000000084600000| Complete 
|  71|0x0000000084700000, 0x0000000084700000, 0x0000000084800000|  0%| F|  |TAMS 0x0000000084700000, 0x0000000084700000| Untracked 
|  72|0x0000000084800000, 0x0000000084800000, 0x0000000084900000|  0%| F|  |TAMS 0x0000000084800000, 0x0000000084800000| Untracked 
|  73|0x0000000084900000, 0x0000000084900000, 0x0000000084a00000|  0%| F|  |TAMS 0x0000000084900000, 0x0000000084900000| Untracked 
|  74|0x0000000084a00000, 0x0000000084a00000, 0x0000000084b00000|  0%| F|  |TAMS 0x0000000084a00000, 0x0000000084a00000| Untracked 
|  75|0x0000000084b00000, 0x0000000084b00000, 0x0000000084c00000|  0%| F|  |TAMS 0x0000000084b00000, 0x0000000084b00000| Untracked 
|  76|0x0000000084c00000, 0x0000000084c00000, 0x0000000084d00000|  0%| F|  |TAMS 0x0000000084c00000, 0x0000000084c00000| Untracked 
|  77|0x0000000084d00000, 0x0000000084d00000, 0x0000000084e00000|  0%| F|  |TAMS 0x0000000084d00000, 0x0000000084d00000| Untracked 
|  78|0x0000000084e00000, 0x0000000084e00000, 0x0000000084f00000|  0%| F|  |TAMS 0x0000000084e00000, 0x0000000084e00000| Untracked 
|  79|0x0000000084f00000, 0x0000000084f00000, 0x0000000085000000|  0%| F|  |TAMS 0x0000000084f00000, 0x0000000084f00000| Untracked 
|  80|0x0000000085000000, 0x0000000085000000, 0x0000000085100000|  0%| F|  |TAMS 0x0000000085000000, 0x0000000085000000| Untracked 
|  81|0x0000000085100000, 0x0000000085100000, 0x0000000085200000|  0%| F|  |TAMS 0x0000000085100000, 0x0000000085100000| Untracked 
|  82|0x0000000085200000, 0x0000000085200000, 0x0000000085300000|  0%| F|  |TAMS 0x0000000085200000, 0x0000000085200000| Untracked 
|  83|0x0000000085300000, 0x0000000085300000, 0x0000000085400000|  0%| F|  |TAMS 0x0000000085300000, 0x0000000085300000| Untracked 
|  84|0x0000000085400000, 0x0000000085400000, 0x0000000085500000|  0%| F|  |TAMS 0x0000000085400000, 0x0000000085400000| Untracked 
|  85|0x0000000085500000, 0x0000000085500000, 0x0000000085600000|  0%| F|  |TAMS 0x0000000085500000, 0x0000000085500000| Untracked 
|  86|0x0000000085600000, 0x0000000085600000, 0x0000000085700000|  0%| F|  |TAMS 0x0000000085600000, 0x0000000085600000| Untracked 
|  87|0x0000000085700000, 0x0000000085700000, 0x0000000085800000|  0%| F|  |TAMS 0x0000000085700000, 0x0000000085700000| Untracked 
|  88|0x0000000085800000, 0x0000000085800000, 0x0000000085900000|  0%| F|  |TAMS 0x0000000085800000, 0x0000000085800000| Untracked 
|  89|0x0000000085900000, 0x0000000085900000, 0x0000000085a00000|  0%| F|  |TAMS 0x0000000085900000, 0x0000000085900000| Untracked 
|  90|0x0000000085a00000, 0x0000000085a00000, 0x0000000085b00000|  0%| F|  |TAMS 0x0000000085a00000, 0x0000000085a00000| Untracked 
|  91|0x0000000085b00000, 0x0000000085b00000, 0x0000000085c00000|  0%| F|  |TAMS 0x0000000085b00000, 0x0000000085b00000| Untracked 
|  92|0x0000000085c00000, 0x0000000085c00000, 0x0000000085d00000|  0%| F|  |TAMS 0x0000000085c00000, 0x0000000085c00000| Untracked 
|  93|0x0000000085d00000, 0x0000000085d00000, 0x0000000085e00000|  0%| F|  |TAMS 0x0000000085d00000, 0x0000000085d00000| Untracked 
|  94|0x0000000085e00000, 0x0000000085e00000, 0x0000000085f00000|  0%| F|  |TAMS 0x0000000085e00000, 0x0000000085e00000| Untracked 
|  95|0x0000000085f00000, 0x0000000085f00000, 0x0000000086000000|  0%| F|  |TAMS 0x0000000085f00000, 0x0000000085f00000| Untracked 
|  96|0x0000000086000000, 0x0000000086000000, 0x0000000086100000|  0%| F|  |TAMS 0x0000000086000000, 0x0000000086000000| Untracked 
|  97|0x0000000086100000, 0x0000000086100000, 0x0000000086200000|  0%| F|  |TAMS 0x0000000086100000, 0x0000000086100000| Untracked 
|  98|0x0000000086200000, 0x0000000086200000, 0x0000000086300000|  0%| F|  |TAMS 0x0000000086200000, 0x0000000086200000| Untracked 
|  99|0x0000000086300000, 0x0000000086300000, 0x0000000086400000|  0%| F|  |TAMS 0x0000000086300000, 0x0000000086300000| Untracked 
| 100|0x0000000086400000, 0x0000000086400000, 0x0000000086500000|  0%| F|  |TAMS 0x0000000086400000, 0x0000000086400000| Untracked 
| 101|0x0000000086500000, 0x0000000086500000, 0x0000000086600000|  0%| F|  |TAMS 0x0000000086500000, 0x0000000086500000| Untracked 
| 102|0x0000000086600000, 0x0000000086600000, 0x0000000086700000|  0%| F|  |TAMS 0x0000000086600000, 0x0000000086600000| Untracked 
| 103|0x0000000086700000, 0x0000000086700000, 0x0000000086800000|  0%| F|  |TAMS 0x0000000086700000, 0x0000000086700000| Untracked 
| 104|0x0000000086800000, 0x0000000086800000, 0x0000000086900000|  0%| F|  |TAMS 0x0000000086800000, 0x0000000086800000| Untracked 
| 105|0x0000000086900000, 0x0000000086900000, 0x0000000086a00000|  0%| F|  |TAMS 0x0000000086900000, 0x0000000086900000| Untracked 
| 106|0x0000000086a00000, 0x0000000086a00000, 0x0000000086b00000|  0%| F|  |TAMS 0x0000000086a00000, 0x0000000086a00000| Untracked 
| 107|0x0000000086b00000, 0x0000000086b00000, 0x0000000086c00000|  0%| F|  |TAMS 0x0000000086b00000, 0x0000000086b00000| Untracked 
| 108|0x0000000086c00000, 0x0000000086c00000, 0x0000000086d00000|  0%| F|  |TAMS 0x0000000086c00000, 0x0000000086c00000| Untracked 
| 109|0x0000000086d00000, 0x0000000086d00000, 0x0000000086e00000|  0%| F|  |TAMS 0x0000000086d00000, 0x0000000086d00000| Untracked 
| 110|0x0000000086e00000, 0x0000000086e00000, 0x0000000086f00000|  0%| F|  |TAMS 0x0000000086e00000, 0x0000000086e00000| Untracked 
| 111|0x0000000086f00000, 0x0000000086f00000, 0x0000000087000000|  0%| F|  |TAMS 0x0000000086f00000, 0x0000000086f00000| Untracked 
| 112|0x0000000087000000, 0x0000000087000000, 0x0000000087100000|  0%| F|  |TAMS 0x0000000087000000, 0x0000000087000000| Untracked 
| 113|0x0000000087100000, 0x0000000087100000, 0x0000000087200000|  0%| F|  |TAMS 0x0000000087100000, 0x0000000087100000| Untracked 
| 114|0x0000000087200000, 0x0000000087200000, 0x0000000087300000|  0%| F|  |TAMS 0x0000000087200000, 0x0000000087200000| Untracked 
| 115|0x0000000087300000, 0x0000000087300000, 0x0000000087400000|  0%| F|  |TAMS 0x0000000087300000, 0x0000000087300000| Untracked 
| 116|0x0000000087400000, 0x000000008741d2a0, 0x0000000087500000| 11%| E|  |TAMS 0x0000000087400000, 0x0000000087400000| Complete 
| 117|0x0000000087500000, 0x0000000087600000, 0x0000000087600000|100%| E|CS|TAMS 0x0000000087500000, 0x0000000087500000| Complete 
| 118|0x0000000087600000, 0x0000000087700000, 0x0000000087700000|100%| E|CS|TAMS 0x0000000087600000, 0x0000000087600000| Complete 
| 119|0x0000000087700000, 0x0000000087800000, 0x0000000087800000|100%| E|CS|TAMS 0x0000000087700000, 0x0000000087700000| Complete 
| 120|0x0000000087800000, 0x0000000087900000, 0x0000000087900000|100%| E|CS|TAMS 0x0000000087800000, 0x0000000087800000| Complete 
| 121|0x0000000087900000, 0x0000000087a00000, 0x0000000087a00000|100%| E|CS|TAMS 0x0000000087900000, 0x0000000087900000| Complete 
| 122|0x0000000087a00000, 0x0000000087b00000, 0x0000000087b00000|100%| E|CS|TAMS 0x0000000087a00000, 0x0000000087a00000| Complete 
| 123|0x0000000087b00000, 0x0000000087c00000, 0x0000000087c00000|100%| E|CS|TAMS 0x0000000087b00000, 0x0000000087b00000| Complete 
| 124|0x0000000087c00000, 0x0000000087d00000, 0x0000000087d00000|100%| E|CS|TAMS 0x0000000087c00000, 0x0000000087c00000| Complete 
| 125|0x0000000087d00000, 0x0000000087e00000, 0x0000000087e00000|100%| E|CS|TAMS 0x0000000087d00000, 0x0000000087d00000| Complete 

Card table byte_map: [0x0000029b9e940000,0x0000029b9ed40000] _byte_map_base: 0x0000029b9e540000

Marking Bits (Prev, Next): (CMBitMap*) 0x0000029b87bcfbc0, (CMBitMap*) 0x0000029b87bcfb88
 Prev Bits: [0x0000029ba1140000, 0x0000029ba3140000)
 Next Bits: [0x0000029b9f140000, 0x0000029ba1140000)

Polling page: 0x0000029b85b20000

Metaspace:

Usage:
  Non-class:     29.73 MB capacity,    29.28 MB ( 98%) used,   390.33 KB (  1%) free+waste,    71.44 KB ( <1%) overhead. 
      Class:      4.66 MB capacity,     4.35 MB ( 93%) used,   273.99 KB (  6%) free+waste,    36.19 KB ( <1%) overhead. 
       Both:     34.39 MB capacity,    33.64 MB ( 98%) used,   664.32 KB (  2%) free+waste,   107.63 KB ( <1%) overhead. 

Virtual space:
  Non-class space:       30.00 MB reserved,      29.75 MB (>99%) committed 
      Class space:      504.00 MB reserved,       4.75 MB ( <1%) committed 
             Both:      534.00 MB reserved,      34.50 MB (  6%) committed 

Chunk freelists:
   Non-Class:  2.13 KB
       Class:  0 bytes
        Both:  2.13 KB

CodeHeap 'non-profiled nmethods': size=120000Kb used=1495Kb max_used=1495Kb free=118504Kb
 bounds [0x0000029b96ce0000, 0x0000029b96f50000, 0x0000029b9e210000]
CodeHeap 'profiled nmethods': size=120000Kb used=5941Kb max_used=5941Kb free=114059Kb
 bounds [0x0000029b8f7b0000, 0x0000029b8fd80000, 0x0000029b96ce0000]
CodeHeap 'non-nmethods': size=5760Kb used=1175Kb max_used=1223Kb free=4584Kb
 bounds [0x0000029b8f210000, 0x0000029b8f480000, 0x0000029b8f7b0000]
 total_blobs=3414 nmethods=2893 adapters=432
 compilation: enabled
              stopped_count=0, restarted_count=0
 full_count=0

Compilation events (10 events):
Event: 5.337 Thread 0x0000029ba652b000 2808  s    1       org.codehaus.groovy.reflection.stdclasses.ObjectCachedClass::getCachedSuperClass (2 bytes)
Event: 5.337 Thread 0x0000029ba652b000 nmethod 2808 0x0000029b96e40990 code [0x0000029b96e40b20, 0x0000029b96e40d38]
Event: 5.337 Thread 0x0000029ba652b000 2809       3       org.codehaus.groovy.runtime.metaclass.NewInstanceMetaMethod::<init> (6 bytes)
Event: 5.337 Thread 0x0000029ba652b000 nmethod 2809 0x0000029b8fd5a410 code [0x0000029b8fd5a5c0, 0x0000029b8fd5a6e8]
Event: 5.337 Thread 0x0000029ba652b000 2810       3       org.codehaus.groovy.reflection.CachedMethod::getParamsCount (6 bytes)
Event: 5.337 Thread 0x0000029ba652b000 nmethod 2810 0x0000029b8fd5a790 code [0x0000029b8fd5a940, 0x0000029b8fd5aba8]
Event: 5.337 Thread 0x0000029ba652b000 2811       3       org.codehaus.groovy.runtime.metaclass.NewMetaMethod::getDeclaringClass (7 bytes)
Event: 5.338 Thread 0x0000029ba652b000 nmethod 2811 0x0000029b8fd5ac90 code [0x0000029b8fd5ae20, 0x0000029b8fd5afd8]
Event: 5.338 Thread 0x0000029ba652b000 2812       1       java.net.JarURLConnection::getJarFileURL (5 bytes)
Event: 5.338 Thread 0x0000029ba652b000 nmethod 2812 0x0000029b96e40e10 code [0x0000029b96e40fa0, 0x0000029b96e41058]

GC Heap History (10 events):
Event: 0.887 GC heap before
{Heap before GC invocations=1 (full 0):
 garbage-first heap   total 129024K, used 30799K [0x0000000080000000, 0x0000000100000000)
  region size 1024K, 24 young (24576K), 3 survivors (3072K)
 Metaspace       used 10965K, capacity 11249K, committed 11520K, reserved 526336K
  class space    used 1148K, capacity 1245K, committed 1280K, reserved 516096K
}
Event: 0.889 GC heap after
{Heap after GC invocations=2 (full 0):
 garbage-first heap   total 129024K, used 9912K [0x0000000080000000, 0x0000000100000000)
  region size 1024K, 1 young (1024K), 1 survivors (1024K)
 Metaspace       used 10965K, capacity 11249K, committed 11520K, reserved 526336K
  class space    used 1148K, capacity 1245K, committed 1280K, reserved 516096K
}
Event: 3.002 GC heap before
{Heap before GC invocations=2 (full 0):
 garbage-first heap   total 129024K, used 63160K [0x0000000080000000, 0x0000000100000000)
  region size 1024K, 52 young (53248K), 1 survivors (1024K)
 Metaspace       used 18113K, capacity 18520K, committed 18816K, reserved 532480K
  class space    used 2171K, capacity 2310K, committed 2432K, reserved 516096K
}
Event: 3.006 GC heap after
{Heap after GC invocations=3 (full 0):
 garbage-first heap   total 129024K, used 16411K [0x0000000080000000, 0x0000000100000000)
  region size 1024K, 7 young (7168K), 7 survivors (7168K)
 Metaspace       used 18113K, capacity 18520K, committed 18816K, reserved 532480K
  class space    used 2171K, capacity 2310K, committed 2432K, reserved 516096K
}
Event: 3.284 GC heap before
{Heap before GC invocations=3 (full 0):
 garbage-first heap   total 129024K, used 35867K [0x0000000080000000, 0x0000000100000000)
  region size 1024K, 27 young (27648K), 7 survivors (7168K)
 Metaspace       used 20666K, capacity 21108K, committed 21248K, reserved 534528K
  class space    used 2544K, capacity 2731K, committed 2816K, reserved 516096K
}
Event: 3.289 GC heap after
{Heap after GC invocations=4 (full 0):
 garbage-first heap   total 129024K, used 17204K [0x0000000080000000, 0x0000000100000000)
  region size 1024K, 1 young (1024K), 1 survivors (1024K)
 Metaspace       used 20666K, capacity 21108K, committed 21248K, reserved 534528K
  class space    used 2544K, capacity 2731K, committed 2816K, reserved 516096K
}
Event: 4.138 GC heap before
{Heap before GC invocations=5 (full 0):
 garbage-first heap   total 129024K, used 66356K [0x0000000080000000, 0x0000000100000000)
  region size 1024K, 49 young (50176K), 1 survivors (1024K)
 Metaspace       used 25608K, capacity 26207K, committed 26368K, reserved 540672K
  class space    used 3312K, capacity 3542K, committed 3584K, reserved 516096K
}
Event: 4.141 GC heap after
{Heap after GC invocations=6 (full 0):
 garbage-first heap   total 129024K, used 18936K [0x0000000080000000, 0x0000000100000000)
  region size 1024K, 3 young (3072K), 3 survivors (3072K)
 Metaspace       used 25608K, capacity 26207K, committed 26368K, reserved 540672K
  class space    used 3312K, capacity 3542K, committed 3584K, reserved 516096K
}
Event: 4.900 GC heap before
{Heap before GC invocations=6 (full 0):
 garbage-first heap   total 129024K, used 72184K [0x0000000080000000, 0x0000000100000000)
  region size 1024K, 55 young (56320K), 3 survivors (3072K)
 Metaspace       used 31067K, capacity 31763K, committed 31872K, reserved 544768K
  class space    used 4149K, capacity 4424K, committed 4480K, reserved 516096K
}
Event: 4.904 GC heap after
{Heap after GC invocations=7 (full 0):
 garbage-first heap   total 129024K, used 20908K [0x0000000080000000, 0x0000000100000000)
  region size 1024K, 5 young (5120K), 5 survivors (5120K)
 Metaspace       used 31067K, capacity 31763K, committed 31872K, reserved 544768K
  class space    used 4149K, capacity 4424K, committed 4480K, reserved 516096K
}

Deoptimization events (10 events):
Event: 3.212 Thread 0x0000029ba8876800 Uncommon trap: reason=unstable_if action=reinterpret pc=0x0000029b96d51314 method=java.lang.String.substring(I)Ljava/lang/String; @ 34 c2
Event: 3.332 Thread 0x0000029ba8876800 Uncommon trap: reason=unstable_if action=reinterpret pc=0x0000029b96dc1df8 method=jdk.internal.org.objectweb.asm.Type.getArgumentsAndReturnSizes(Ljava/lang/String;)I @ 88 c2
Event: 3.630 Thread 0x0000029ba8876800 Uncommon trap: reason=unstable_if action=reinterpret pc=0x0000029b96d30f98 method=java.util.concurrent.ConcurrentHashMap.get(Ljava/lang/Object;)Ljava/lang/Object; @ 152 c2
Event: 3.659 Thread 0x0000029ba8876800 Uncommon trap: reason=intrinsic_or_type_checked_inlining action=make_not_entrant pc=0x0000029b96dde3d8 method=java.util.Arrays.copyOf([Ljava/lang/Object;ILjava/lang/Class;)[Ljava/lang/Object; @ 35 c2
Event: 4.111 Thread 0x0000029ba8876800 Uncommon trap: reason=predicate action=maybe_recompile pc=0x0000029b96de8efc method=com.google.common.base.CharMatcher.indexIn(Ljava/lang/CharSequence;I)I @ 19 c2
Event: 4.412 Thread 0x0000029ba8876800 Uncommon trap: reason=unstable_if action=reinterpret pc=0x0000029b96dbbeac method=java.util.HashMap.hash(Ljava/lang/Object;)I @ 1 c2
Event: 4.413 Thread 0x0000029ba8876800 Uncommon trap: reason=unstable_if action=reinterpret pc=0x0000029b96d910ac method=java.util.HashMap.hash(Ljava/lang/Object;)I @ 1 c2
Event: 4.700 Thread 0x0000029ba8876800 Uncommon trap: reason=unstable_if action=reinterpret pc=0x0000029b96e15de4 method=java.util.regex.Pattern$BmpCharProperty.match(Ljava/util/regex/Matcher;ILjava/lang/CharSequence;)Z @ 39 c2
Event: 4.751 Thread 0x0000029ba8876800 Uncommon trap: reason=unstable_if action=reinterpret pc=0x0000029b96de27b8 method=java.util.HashMap.putVal(ILjava/lang/Object;Ljava/lang/Object;ZZ)Ljava/lang/Object; @ 162 c2
Event: 5.247 Thread 0x0000029ba8876800 Uncommon trap: reason=unstable_if action=reinterpret pc=0x0000029b96dd84f0 method=jdk.internal.loader.BuiltinClassLoader.loadClassOrNull(Ljava/lang/String;Z)Ljava/lang/Class; @ 42 c2

Classes redefined (0 events):
No events

Internal exceptions (10 events):
Event: 4.307 Thread 0x0000029ba8876800 Exception <a 'java/lang/NoSuchMethodError'{0x0000000086fc31e8}: java.lang.invoke.DirectMethodHandle$Holder.invokeStaticInit(Ljava/lang/Object;Ljava/lang/Object;Ljava/lang/Object;Ljava/lang/Object;)Ljava/lang/Object;> (0x0000000086fc31e8) thrown at [./open
Event: 4.412 Thread 0x0000029ba8876800 Implicit null exception at 0x0000029b96dbbcd5 to 0x0000029b96dbbe9c
Event: 4.413 Thread 0x0000029ba8876800 Implicit null exception at 0x0000029b96d9102f to 0x0000029b96d9109d
Event: 4.576 Thread 0x0000029ba8876800 Exception <a 'java/lang/NoSuchMethodError'{0x0000000085eb8a28}: java.lang.invoke.Invokers$Holder.linkToTargetMethod(Ljava/lang/Object;Ljava/lang/Object;Ljava/lang/Object;Ljava/lang/Object;Ljava/lang/Object;Ljava/lang/Object;Ljava/lang/Object;Ljava/lang/Ob
Event: 4.579 Thread 0x0000029ba8876800 Exception <a 'java/lang/NoSuchMethodError'{0x0000000085d071a8}: java.lang.invoke.Invokers$Holder.linkToTargetMethod(Ljava/lang/Object;Ljava/lang/Object;Ljava/lang/Object;Ljava/lang/Object;Ljava/lang/Object;Ljava/lang/Object;Ljava/lang/Object;)Ljava/lang/O
Event: 4.584 Thread 0x0000029ba8876800 Exception <a 'java/lang/IncompatibleClassChangeError'{0x0000000085d47538}: Found class java.lang.Object, but interface was expected> (0x0000000085d47538) thrown at [./open/src/hotspot/share/interpreter/linkResolver.cpp, line 838]
Event: 4.917 Thread 0x0000029ba8876800 Exception <a 'java/lang/NoSuchMethodError'{0x0000000087d34840}: java.lang.invoke.DirectMethodHandle$Holder.invokeStaticInit(Ljava/lang/Object;Ljava/lang/Object;Ljava/lang/Object;)V> (0x0000000087d34840) thrown at [./open/src/hotspot/share/interpreter/link
Event: 4.918 Thread 0x0000029ba8876800 Exception <a 'java/lang/NoSuchMethodError'{0x0000000087d3ba90}: java.lang.invoke.DirectMethodHandle$Holder.invokeStaticInit(Ljava/lang/Object;Ljava/lang/Object;Ljava/lang/Object;Ljava/lang/Object;)V> (0x0000000087d3ba90) thrown at [./open/src/hotspot/shar
Event: 4.922 Thread 0x0000029ba8876800 Exception <a 'java/lang/NoSuchMethodError'{0x0000000087d5d188}: java.lang.invoke.DirectMethodHandle$Holder.invokeStaticInit(Ljava/lang/Object;Ljava/lang/Object;Ljava/lang/Object;Ljava/lang/Object;Ljava/lang/Object;)V> (0x0000000087d5d188) thrown at [./ope
Event: 4.986 Thread 0x0000029ba8876800 Exception <a 'java/lang/NoSuchMethodError'{0x0000000087df3910}: java.lang.invoke.DirectMethodHandle$Holder.invokeStaticInit(Ljava/lang/Object;Ljava/lang/Object;Ljava/lang/Object;Ljava/lang/Object;)I> (0x0000000087df3910) thrown at [./open/src/hotspot/shar

Events (10 events):
Event: 5.335 loading class javax/swing/event/TableColumnModelListener
Event: 5.335 loading class javax/swing/event/TableColumnModelListener done
Event: 5.336 loading class javax/swing/event/TableModelListener
Event: 5.336 loading class javax/swing/event/TableModelListener done
Event: 5.336 loading class javax/swing/event/TableModelEvent
Event: 5.336 loading class javax/swing/event/TableModelEvent done
Event: 5.338 Executing VM operation: RevokeBias
Event: 5.338 Executing VM operation: RevokeBias done
Event: 5.338 loading class org/apache/groovy/xml/extensions/XmlExtensions
Event: 5.338 loading class org/apache/groovy/xml/extensions/XmlExtensions done


Dynamic libraries:
0x00007ff6bacb0000 - 0x00007ff6bacbf000 	C:\Program Files\Java\jdk-11.0.14\bin\java.exe
0x00007fffcfaf0000 - 0x00007fffcfce5000 	C:\WINDOWS\SYSTEM32\ntdll.dll
0x00007fffcf980000 - 0x00007fffcfa3e000 	C:\WINDOWS\System32\KERNEL32.DLL
0x00007fffcd380000 - 0x00007fffcd648000 	C:\WINDOWS\System32\KERNELBASE.dll
0x00007fffcd230000 - 0x00007fffcd330000 	C:\WINDOWS\System32\ucrtbase.dll
0x00007fff849e0000 - 0x00007fff849f8000 	C:\Program Files\Java\jdk-11.0.14\bin\jli.dll
0x00007fff849c0000 - 0x00007fff849d5000 	C:\Program Files\Java\jdk-11.0.14\bin\VCRUNTIME140.dll
0x00007fffcee90000 - 0x00007fffcef3e000 	C:\WINDOWS\System32\ADVAPI32.dll
0x00007fffce4d0000 - 0x00007fffce56e000 	C:\WINDOWS\System32\msvcrt.dll
0x00007fffcf130000 - 0x00007fffcf1cc000 	C:\WINDOWS\System32\sechost.dll
0x00007fffce200000 - 0x00007fffce325000 	C:\WINDOWS\System32\RPCRT4.dll
0x00007fffce650000 - 0x00007fffce7f1000 	C:\WINDOWS\System32\USER32.dll
0x00007fffb3d30000 - 0x00007fffb3fca000 	C:\WINDOWS\WinSxS\amd64_microsoft.windows.common-controls_6595b64144ccf1df_6.0.19041.1110_none_60b5254171f9507e\COMCTL32.dll
0x00007fffcd200000 - 0x00007fffcd222000 	C:\WINDOWS\System32\win32u.dll
0x00007fffce1d0000 - 0x00007fffce1fb000 	C:\WINDOWS\System32\GDI32.dll
0x00007fffcd780000 - 0x00007fffcd88d000 	C:\WINDOWS\System32\gdi32full.dll
0x00007fffcd680000 - 0x00007fffcd71d000 	C:\WINDOWS\System32\msvcp_win.dll
0x00007fffc6960000 - 0x00007fffc696a000 	C:\WINDOWS\SYSTEM32\VERSION.dll
0x00007fffce620000 - 0x00007fffce650000 	C:\WINDOWS\System32\IMM32.DLL
0x00007fff76ca0000 - 0x00007fff76d3b000 	C:\Program Files\Java\jdk-11.0.14\bin\msvcp140.dll
0x00007fff5e200000 - 0x00007fff5ed16000 	C:\Program Files\Java\jdk-11.0.14\bin\server\jvm.dll
0x00007fffce010000 - 0x00007fffce018000 	C:\WINDOWS\System32\PSAPI.DLL
0x00007fffb3280000 - 0x00007fffb32a7000 	C:\WINDOWS\SYSTEM32\WINMM.dll
0x00007fffb6f50000 - 0x00007fffb6f59000 	C:\WINDOWS\SYSTEM32\WSOCK32.dll
0x00007fffcfa40000 - 0x00007fffcfaab000 	C:\WINDOWS\System32\WS2_32.dll
0x00007fffcb0f0000 - 0x00007fffcb102000 	C:\WINDOWS\SYSTEM32\kernel.appcore.dll
0x00007fffb83c0000 - 0x00007fffb83d0000 	C:\Program Files\Java\jdk-11.0.14\bin\verify.dll
0x00007fffb6510000 - 0x00007fffb66f4000 	C:\WINDOWS\SYSTEM32\DBGHELP.DLL
0x00007fffb3c40000 - 0x00007fffb3c6c000 	C:\WINDOWS\SYSTEM32\dbgcore.DLL
0x00007fffcd940000 - 0x00007fffcd9c2000 	C:\WINDOWS\System32\bcryptPrimitives.dll
0x00007fff805b0000 - 0x00007fff805d8000 	C:\Program Files\Java\jdk-11.0.14\bin\java.dll
0x00007fffb3bc0000 - 0x00007fffb3bca000 	C:\Program Files\Java\jdk-11.0.14\bin\jimage.dll
0x00007fff7f970000 - 0x00007fff7f986000 	C:\Program Files\Java\jdk-11.0.14\bin\zip.dll
0x00007fffcf230000 - 0x00007fffcf974000 	C:\WINDOWS\System32\SHELL32.dll
0x00007fffcb2f0000 - 0x00007fffcba85000 	C:\WINDOWS\SYSTEM32\windows.storage.dll
0x00007fffcdbe0000 - 0x00007fffcdf35000 	C:\WINDOWS\System32\combase.dll
0x00007fffccc50000 - 0x00007fffccc7e000 	C:\WINDOWS\SYSTEM32\Wldp.dll
0x00007fffce570000 - 0x00007fffce61d000 	C:\WINDOWS\System32\SHCORE.dll
0x00007fffcef40000 - 0x00007fffcef95000 	C:\WINDOWS\System32\shlwapi.dll
0x00007fffcd140000 - 0x00007fffcd15f000 	C:\WINDOWS\SYSTEM32\profapi.dll
0x00007fff7dab0000 - 0x00007fff7dac9000 	C:\Program Files\Java\jdk-11.0.14\bin\net.dll
0x00007fffc0500000 - 0x00007fffc060c000 	C:\WINDOWS\SYSTEM32\WINHTTP.dll
0x00007fffcc9b0000 - 0x00007fffcca1a000 	C:\WINDOWS\system32\mswsock.dll
0x00007fff7da90000 - 0x00007fff7daa2000 	C:\Program Files\Java\jdk-11.0.14\bin\nio.dll
0x00007fff98f70000 - 0x00007fff98f97000 	C:\Users\cuong\.gradle\native\e1d6ef7f7dcc3fd88c89a11ec53ec762bb8ba0a96d01ffa2cd45eb1d1d8dd5c5\windows-amd64\native-platform.dll
0x00007fff758f0000 - 0x00007fff75a34000 	C:\Users\cuong\.gradle\native\5664cfc778a61ccfe75a443a1ab52a65af34e5dc3c78e0209fed803814484fcb\windows-amd64\native-platform-file-events.dll
0x00007fffaedc0000 - 0x00007fffaedc9000 	C:\Program Files\Java\jdk-11.0.14\bin\management.dll
0x00007fffadb50000 - 0x00007fffadb5b000 	C:\Program Files\Java\jdk-11.0.14\bin\management_ext.dll
0x00007fffccba0000 - 0x00007fffccbb8000 	C:\WINDOWS\SYSTEM32\CRYPTSP.dll
0x00007fffcc2c0000 - 0x00007fffcc2f4000 	C:\WINDOWS\system32\rsaenh.dll
0x00007fffcd650000 - 0x00007fffcd677000 	C:\WINDOWS\System32\bcrypt.dll
0x00007fffcd0c0000 - 0x00007fffcd0ee000 	C:\WINDOWS\SYSTEM32\USERENV.dll
0x00007fffccbc0000 - 0x00007fffccbcc000 	C:\WINDOWS\SYSTEM32\CRYPTBASE.dll
0x00007fffcc650000 - 0x00007fffcc68b000 	C:\WINDOWS\SYSTEM32\IPHLPAPI.DLL
0x00007fffcee50000 - 0x00007fffcee58000 	C:\WINDOWS\System32\NSI.dll
0x00007fffc6080000 - 0x00007fffc6097000 	C:\WINDOWS\SYSTEM32\dhcpcsvc6.DLL
0x00007fffc6990000 - 0x00007fffc69ad000 	C:\WINDOWS\SYSTEM32\dhcpcsvc.DLL
0x00007fffcc6a0000 - 0x00007fffcc76b000 	C:\WINDOWS\SYSTEM32\DNSAPI.dll

dbghelp: loaded successfully - version: 4.0.5 - missing functions: none
symbol engine: initialized successfully - sym options: 0x614 - pdb path: .;C:\Program Files\Java\jdk-11.0.14\bin;C:\WINDOWS\SYSTEM32;C:\WINDOWS\WinSxS\amd64_microsoft.windows.common-controls_6595b64144ccf1df_6.0.19041.1110_none_60b5254171f9507e;C:\Program Files\Java\jdk-11.0.14\bin\server;C:\Users\cuong\.gradle\native\e1d6ef7f7dcc3fd88c89a11ec53ec762bb8ba0a96d01ffa2cd45eb1d1d8dd5c5\windows-amd64;C:\Users\cuong\.gradle\native\5664cfc778a61ccfe75a443a1ab52a65af34e5dc3c78e0209fed803814484fcb\windows-amd64

VM Arguments:
jvm_args: -XX:MaxMetaspaceSize=512m --add-opens=java.base/java.util=ALL-UNNAMED --add-opens=java.base/java.lang=ALL-UNNAMED --add-opens=java.base/java.lang.invoke=ALL-UNNAMED --add-opens=java.base/java.util=ALL-UNNAMED --add-opens=java.prefs/java.util.prefs=ALL-UNNAMED --add-opens=java.prefs/java.util.prefs=ALL-UNNAMED --add-opens=java.base/java.nio.charset=ALL-UNNAMED --add-opens=java.base/java.net=ALL-UNNAMED --add-opens=java.base/java.util.concurrent.atomic=ALL-UNNAMED -Xmx2048m -Dfile.encoding=windows-1252 -Duser.country=GB -Duser.language=en -Duser.variant 
java_command: org.gradle.launcher.daemon.bootstrap.GradleDaemon 7.3.3
java_class_path (initial): C:\Users\cuong\.gradle\wrapper\dists\gradle-7.3.3-all\4295vidhdd9hd3gbjyw1xqxpo\gradle-7.3.3\lib\gradle-launcher-7.3.3.jar
Launcher Type: SUN_STANDARD

[Global flags]
     intx CICompilerCount                          = 4                                         {product} {ergonomic}
   size_t CompressedClassSpaceSize                 = 528482304                                 {product} {ergonomic}
     uint ConcGCThreads                            = 2                                         {product} {ergonomic}
     uint G1ConcRefinementThreads                  = 8                                         {product} {ergonomic}
   size_t G1HeapRegionSize                         = 1048576                                   {product} {ergonomic}
    uintx GCDrainStackTargetSize                   = 64                                        {product} {ergonomic}
   size_t InitialHeapSize                          = 132120576                                 {product} {ergonomic}
   size_t MarkStackSize                            = 4194304                                   {product} {ergonomic}
   size_t MaxHeapSize                              = 2147483648                                {product} {command line}
   size_t MaxMetaspaceSize                         = 536870912                                 {product} {command line}
   size_t MaxNewSize                               = 1287651328                                {product} {ergonomic}
   size_t MinHeapDeltaBytes                        = 1048576                                   {product} {ergonomic}
    uintx NonNMethodCodeHeapSize                   = 5836300                                {pd product} {ergonomic}
    uintx NonProfiledCodeHeapSize                  = 122910970                              {pd product} {ergonomic}
    uintx ProfiledCodeHeapSize                     = 122910970                              {pd product} {ergonomic}
    uintx ReservedCodeCacheSize                    = 251658240                              {pd product} {ergonomic}
     bool SegmentedCodeCache                       = true                                      {product} {ergonomic}
     bool UseCompressedClassPointers               = true                                 {lp64_product} {ergonomic}
     bool UseCompressedOops                        = true                                 {lp64_product} {ergonomic}
     bool UseG1GC                                  = true                                      {product} {ergonomic}
     bool UseLargePagesIndividualAllocation        = false                                  {pd product} {ergonomic}

Logging:
Log output configuration:
 #0: stdout all=warning uptime,level,tags
 #1: stderr all=off uptime,level,tags

Environment Variables:
JAVA_HOME=C:\Program Files\Java\jdk-11.0.14
CLASSPATH=D:\Ptit_programming\UI-DOAN\sas\android\\gradle\wrapper\gradle-wrapper.jar
PATH=C:\Program Files\nodejs\node_modules\npm\node_modules\npm-lifecycle\node-gyp-bin;D:\Ptit_programming\UI-DOAN\sas\node_modules\.bin;C:\Program Files\Common Files\Oracle\Java\javapath;C:\Python39\Scripts\;C:\Python39\;C:\WINDOWS\system32;C:\WINDOWS;C:\WINDOWS\System32\Wbem;C:\WINDOWS\System32\WindowsPowerShell\v1.0\;C:\WINDOWS\System32\OpenSSH\;C:\ProgramData\chocolatey\bin;C:\Program Files\Git\cmd;C:\Program Files\TortoiseSVN\bin;D:\Android\Sdk\platform-tools;C:\Program Files\Java\jdk1.8.0_301;C:\Program Files\Java\jdk1.8.0_301\bin;C:\Program Files\Java\jdk1.8.0_301\bin\;C:\Program Files (x86)\NVIDIA Corporation\PhysX\Common;C:\Program Files (x86)\Microsoft SQL Server\150\DTS\Binn\;C:\Program Files\nodejs\;C:\Gradle\gradle-4.10.2\bin;C:\Users\cuong\AppData\Local\Microsoft\WindowsApps;C:\Program Files\JetBrains\IntelliJ IDEA 2021.2.2\bin;;C:\Program Files\Azure Data Studio\bin;C:\Users\cuong\AppData\Roaming\npm;C:\Program Files\heroku\bin;C:\Gradle\gradle-4.10.2\bin;D:\Program\heroku\bin
USERNAME=cuong
OS=Windows_NT
PROCESSOR_IDENTIFIER=Intel64 Family 6 Model 158 Stepping 10, GenuineIntel



---------------  S Y S T E M  ---------------

OS: Windows 10 , 64 bit Build 19041 (10.0.19041.1466)

CPU:total 8 (initial active 8) (4 cores per cpu, 2 threads per core) family 6 model 158 stepping 10 microcode 0xb4, cmov, cx8, fxsr, mmx, sse, sse2, sse3, ssse3, sse4.1, sse4.2, popcnt, avx, avx2, aes, clmul, erms, 3dnowpref, lzcnt, ht, tsc, tscinvbit, bmi1, bmi2, adx, fma

Memory: 4k page, system-wide physical 8038M (508M free)
TotalPageFile size 16852M (AvailPageFile size 9M)
current process WorkingSet (physical memory assigned to process): 201M, peak: 209M
current process commit charge ("private bytes"): 296M, peak: 303M

vm_info: Java HotSpot(TM) 64-Bit Server VM (11.0.14+8-LTS-263) for windows-amd64 JRE (11.0.14+8-LTS-263), built on Dec  7 2021 21:53:57 by "mach5one" with MS VC++ 15.9 (VS2017)

END.
