#
# There is insufficient memory for the Java Runtime Environment to continue.
# Native memory allocation (mmap) failed to map 57671680 bytes for Failed to commit area from 0x0000000091200000 to 0x0000000094900000 of length 57671680.
# Possible reasons:
#   The system is out of physical RAM or swap space
#   The process is running with CompressedOops enabled, and the Java Heap may be blocking the growth of the native heap
# Possible solutions:
#   Reduce memory load on the system
#   Increase physical memory or swap space
#   Check if swap backing store is full
#   Decrease Java heap size (-Xmx/-Xms)
#   Decrease number of Java threads
#   Decrease Java thread stack sizes (-Xss)
#   Set larger code cache with -XX:ReservedCodeCacheSize=
#   JVM is running with Unscaled Compressed Oops mode in which the Java heap is
#     placed in the first 4GB address space. The Java Heap base address is the
#     maximum limit for the native heap growth. Please use -XX:HeapBaseMinAddress
#     to set the Java Heap base and to place the Java Heap above 4GB virtual address.
# This output file may be truncated or incomplete.
#
#  Out of Memory Error (./open/src/hotspot/os/windows/os_windows.cpp:3284), pid=12904, tid=2536
#
# JRE version: Java(TM) SE Runtime Environment 18.9 (11.0.14+8) (build 11.0.14+8-LTS-263)
# Java VM: Java HotSpot(TM) 64-Bit Server VM 18.9 (11.0.14+8-LTS-263, mixed mode, tiered, compressed oops, g1 gc, windows-amd64)
# No core dump will be written. Minidumps are not enabled by default on client versions of Windows
#

---------------  S U M M A R Y ------------

Command Line: -XX:MaxMetaspaceSize=512m --add-opens=java.base/java.util=ALL-UNNAMED --add-opens=java.base/java.lang=ALL-UNNAMED --add-opens=java.base/java.lang.invoke=ALL-UNNAMED --add-opens=java.base/java.util=ALL-UNNAMED --add-opens=java.prefs/java.util.prefs=ALL-UNNAMED --add-opens=java.prefs/java.util.prefs=ALL-UNNAMED --add-opens=java.base/java.nio.charset=ALL-UNNAMED --add-opens=java.base/java.net=ALL-UNNAMED --add-opens=java.base/java.util.concurrent.atomic=ALL-UNNAMED -Xmx2048m -Dfile.encoding=windows-1252 -Duser.country=GB -Duser.language=en -Duser.variant org.gradle.launcher.daemon.bootstrap.GradleDaemon 7.3.3

Host: Intel(R) Core(TM) i5-9300H CPU @ 2.40GHz, 8 cores, 7G,  Windows 10 , 64 bit Build 19041 (10.0.19041.1466)
Time: Fri Oct  7 16:31:41 2022 SE Asia Standard Time elapsed time: 57.359604 seconds (0d 0h 0m 57s)

---------------  T H R E A D  ---------------

Current thread (0x0000024b7e607000):  VMThread "VM Thread" [stack: 0x000000d85ac00000,0x000000d85ad00000] [id=2536]

Stack: [0x000000d85ac00000,0x000000d85ad00000]
[error occurred during error reporting (printing stack bounds), id 0xc0000005, EXCEPTION_ACCESS_VIOLATION (0xc0000005) at pc=0x0000024b67ca0f2d]

Native frames: (J=compiled Java code, j=interpreted, Vv=VM code, C=native code)
V  [jvm.dll+0x6296da]
V  [jvm.dll+0x76323f]
V  [jvm.dll+0x7648e9]
V  [jvm.dll+0x764ed5]
V  [jvm.dll+0x764e8b]
V  [jvm.dll+0x628c23]
V  [jvm.dll+0x6292d8]
C  [ntdll.dll+0xa20cf]
C  [ntdll.dll+0x51454]
C  [ntdll.dll+0xa0bfe]
C  0x0000024b67ca0f2d

VM_Operation (0x000000d863dfc470): G1CollectForAllocation, mode: safepoint, requested by thread 0x0000024b0ab06800


---------------  P R O C E S S  ---------------

Threads class SMR info:
_java_thread_list=0x0000024b03391e20, length=138, elements={
0x0000024b60628800, 0x0000024b7e60c000, 0x0000024b7e617800, 0x0000024b7e627000,
0x0000024b7e629000, 0x0000024b7e62c800, 0x0000024b7e62d800, 0x0000024b7e637800,
0x0000024b7e63d000, 0x0000024b7f0e8800, 0x0000024b0108c800, 0x0000024b00756000,
0x0000024b00c70800, 0x0000024b00f4c800, 0x0000024b0147b000, 0x0000024b0147c000,
0x0000024b0078b000, 0x0000024b0078b800, 0x0000024b0122c000, 0x0000024b0122e800,
0x0000024b0122d800, 0x0000024b0122b000, 0x0000024b0122a000, 0x0000024b0122f000,
0x0000024b0122c800, 0x0000024b01229800, 0x0000024b01230000, 0x0000024b04578000,
0x0000024b04575800, 0x0000024b04576800, 0x0000024b04577800, 0x0000024b04574000,
0x0000024b0457a000, 0x0000024b04575000, 0x0000024b0457b800, 0x0000024b0457e800,
0x0000024b0457c800, 0x0000024b04582000, 0x0000024b0457f800, 0x0000024b04580800,
0x0000024b04581000, 0x0000024b04583000, 0x0000024b0457d000, 0x0000024b0457e000,
0x0000024b03f37000, 0x0000024b03f31000, 0x0000024b03f35800, 0x0000024b03f36000,
0x0000024b03f38000, 0x0000024b03f34800, 0x0000024b03f32000, 0x0000024b03f38800,
0x0000024b03f33000, 0x0000024b03f39800, 0x0000024b03f33800, 0x0000024b03f3a000,
0x0000024b03f3d800, 0x0000024b03f3c800, 0x0000024b03f40000, 0x0000024b03f3e800,
0x0000024b03f3f000, 0x0000024b03f3b000, 0x0000024b03f3c000, 0x0000024b065db800,
0x0000024b065e2000, 0x0000024b065dd000, 0x0000024b065e1000, 0x0000024b065dd800,
0x0000024b065de800, 0x0000024b065dc000, 0x0000024b065e2800, 0x0000024b065df800,
0x0000024b065e3800, 0x0000024b065e5000, 0x0000024b065e4000, 0x0000024b065e6000,
0x0000024b065e0000, 0x0000024b065e8800, 0x0000024b065e6800, 0x0000024b01aae800,
0x0000024b01aa9000, 0x0000024b01aaf800, 0x0000024b01aab800, 0x0000024b01aa9800,
0x0000024b01dcb000, 0x0000024b01dd1800, 0x0000024b01dcc000, 0x0000024b01dcd800,
0x0000024b01dce800, 0x0000024b01dcf800, 0x0000024b01dd1000, 0x0000024b01dd0000,
0x0000024b01dd2800, 0x0000024b01dcd000, 0x0000024b01dd9000, 0x0000024b01dd4000,
0x0000024b01dd7800, 0x0000024b01dd8800, 0x0000024b01dd3800, 0x0000024b01dda000,
0x0000024b01dd5000, 0x0000024b01dd6000, 0x0000024b01dd6800, 0x0000024b01aac000,
0x0000024b01aaa800, 0x0000024b01aad000, 0x0000024b01aae000, 0x0000024b065e7800,
0x0000024b065e9000, 0x0000024b065ea000, 0x0000024b03872000, 0x0000024b03875800,
0x0000024b03873800, 0x0000024b03873000, 0x0000024b03874800, 0x0000024b0386f800,
0x0000024b03876000, 0x0000024b03870800, 0x0000024b03877000, 0x0000024b03871800,
0x0000024b0387c000, 0x0000024b0387c800, 0x0000024b03878000, 0x0000024b03879800,
0x0000024b0387b000, 0x0000024b0387d800, 0x0000024b0387e800, 0x0000024b0ab01800,
0x0000024b06177000, 0x0000024b0ad63000, 0x0000024b0ab04000, 0x0000024b0ab05000,
0x0000024b0ab06000, 0x0000024b0ab00000, 0x0000024b0ab02800, 0x0000024b0ab06800,
0x0000024b0ab01000, 0x0000024b0ab07800
}

Java Threads: ( => current thread )
  0x0000024b60628800 JavaThread "main" [_thread_blocked, id=1880, stack(0x000000d85a600000,0x000000d85a700000)]
  0x0000024b7e60c000 JavaThread "Reference Handler" daemon [_thread_blocked, id=8588, stack(0x000000d85ad00000,0x000000d85ae00000)]
  0x0000024b7e617800 JavaThread "Finalizer" daemon [_thread_blocked, id=7508, stack(0x000000d85ae00000,0x000000d85af00000)]
  0x0000024b7e627000 JavaThread "Signal Dispatcher" daemon [_thread_blocked, id=13332, stack(0x000000d85af00000,0x000000d85b000000)]
  0x0000024b7e629000 JavaThread "Attach Listener" daemon [_thread_blocked, id=4316, stack(0x000000d85b000000,0x000000d85b100000)]
  0x0000024b7e62c800 JavaThread "Service Thread" daemon [_thread_blocked, id=4272, stack(0x000000d85b100000,0x000000d85b200000)]
  0x0000024b7e62d800 JavaThread "C2 CompilerThread0" daemon [_thread_blocked, id=12636, stack(0x000000d85b200000,0x000000d85b300000)]
  0x0000024b7e637800 JavaThread "C1 CompilerThread0" daemon [_thread_blocked, id=3028, stack(0x000000d85b300000,0x000000d85b400000)]
  0x0000024b7e63d000 JavaThread "Sweeper thread" daemon [_thread_blocked, id=3568, stack(0x000000d85b400000,0x000000d85b500000)]
  0x0000024b7f0e8800 JavaThread "Common-Cleaner" daemon [_thread_blocked, id=17044, stack(0x000000d85b500000,0x000000d85b600000)]
  0x0000024b0108c800 JavaThread "Daemon health stats" [_thread_blocked, id=7536, stack(0x000000d85b700000,0x000000d85b800000)]
  0x0000024b00756000 JavaThread "Incoming local TCP Connector on port 59475" [_thread_in_native, id=8924, stack(0x000000d85ba00000,0x000000d85bb00000)]
  0x0000024b00c70800 JavaThread "Daemon periodic checks" [_thread_blocked, id=7256, stack(0x000000d85bb00000,0x000000d85bc00000)]
  0x0000024b00f4c800 JavaThread "Daemon" [_thread_blocked, id=14184, stack(0x000000d85bc00000,0x000000d85bd00000)]
  0x0000024b0147b000 JavaThread "Handler for socket connection from /127.0.0.1:59475 to /127.0.0.1:59476" [_thread_in_native, id=16272, stack(0x000000d85bd00000,0x000000d85be00000)]
  0x0000024b0147c000 JavaThread "Cancel handler" [_thread_blocked, id=13628, stack(0x000000d85be00000,0x000000d85bf00000)]
  0x0000024b0078b000 JavaThread "Daemon worker" [_thread_blocked, id=15316, stack(0x000000d85bf00000,0x000000d85c000000)]
  0x0000024b0078b800 JavaThread "Asynchronous log dispatcher for DefaultDaemonConnection: socket connection from /127.0.0.1:59475 to /127.0.0.1:59476" [_thread_blocked, id=16164, stack(0x000000d85c000000,0x000000d85c100000)]
  0x0000024b0122c000 JavaThread "Stdin handler" [_thread_blocked, id=16352, stack(0x000000d85c100000,0x000000d85c200000)]
  0x0000024b0122e800 JavaThread "Daemon client event forwarder" [_thread_blocked, id=17404, stack(0x000000d85c200000,0x000000d85c300000)]
  0x0000024b0122d800 JavaThread "Cache worker for journal cache (C:\Users\cuong\.gradle\caches\journal-1)" [_thread_blocked, id=11904, stack(0x000000d85c800000,0x000000d85c900000)]
  0x0000024b0122b000 JavaThread "File lock request listener" [_thread_in_native, id=16036, stack(0x000000d85c900000,0x000000d85ca00000)]
  0x0000024b0122a000 JavaThread "Cache worker for file hash cache (C:\Users\cuong\.gradle\caches\7.3.3\fileHashes)" [_thread_blocked, id=1444, stack(0x000000d85ca00000,0x000000d85cb00000)]
  0x0000024b0122f000 JavaThread "Cache worker for file hash cache (D:\Ptit_programming\UI-DOAN\sas\android\.gradle\7.3.3\fileHashes)" [_thread_blocked, id=16844, stack(0x000000d85cc00000,0x000000d85cd00000)]
  0x0000024b0122c800 JavaThread "File watcher server" daemon [_thread_blocked, id=3200, stack(0x000000d85ce00000,0x000000d85cf00000)]
  0x0000024b01229800 JavaThread "File watcher consumer" daemon [_thread_blocked, id=12552, stack(0x000000d85cf00000,0x000000d85d000000)]
  0x0000024b01230000 JavaThread "Cache worker for checksums cache (D:\Ptit_programming\UI-DOAN\sas\android\.gradle\7.3.3\checksums)" [_thread_blocked, id=3744, stack(0x000000d85d000000,0x000000d85d100000)]
  0x0000024b04578000 JavaThread "Cache worker for cache directory md-supplier (C:\Users\cuong\.gradle\caches\7.3.3\md-supplier)" [_thread_blocked, id=14296, stack(0x000000d85d100000,0x000000d85d200000)]
  0x0000024b04575800 JavaThread "Cache worker for cache directory md-rule (C:\Users\cuong\.gradle\caches\7.3.3\md-rule)" [_thread_blocked, id=7568, stack(0x000000d85d200000,0x000000d85d300000)]
  0x0000024b04576800 JavaThread "Cache worker for execution history cache (C:\Users\cuong\.gradle\caches\7.3.3\executionHistory)" [_thread_blocked, id=2592, stack(0x000000d85d300000,0x000000d85d400000)]
  0x0000024b04577800 JavaThread "jar transforms" [_thread_blocked, id=16088, stack(0x000000d85d500000,0x000000d85d600000)]
  0x0000024b04574000 JavaThread "jar transforms Thread 2" [_thread_blocked, id=1912, stack(0x000000d85d600000,0x000000d85d700000)]
  0x0000024b0457a000 JavaThread "Cache worker for file content cache (C:\Users\cuong\.gradle\caches\7.3.3\fileContent)" [_thread_blocked, id=10704, stack(0x000000d85d700000,0x000000d85d800000)]
  0x0000024b04575000 JavaThread "jar transforms Thread 3" [_thread_blocked, id=3640, stack(0x000000d85d800000,0x000000d85d900000)]
  0x0000024b0457b800 JavaThread "jar transforms Thread 4" [_thread_blocked, id=16452, stack(0x000000d85d900000,0x000000d85da00000)]
  0x0000024b0457e800 JavaThread "Cache worker for kotlin-dsl (C:\Users\cuong\.gradle\caches\7.3.3\kotlin-dsl)" [_thread_blocked, id=8768, stack(0x000000d85da00000,0x000000d85db00000)]
  0x0000024b0457c800 JavaThread "jar transforms Thread 5" [_thread_blocked, id=7804, stack(0x000000d85db00000,0x000000d85dc00000)]
  0x0000024b04582000 JavaThread "jar transforms Thread 6" [_thread_blocked, id=11124, stack(0x000000d85dc00000,0x000000d85dd00000)]
  0x0000024b0457f800 JavaThread "Cache worker for dependencies-accessors (D:\Ptit_programming\UI-DOAN\sas\android\.gradle\7.3.3\dependencies-accessors)" [_thread_blocked, id=16320, stack(0x000000d85dd00000,0x000000d85de00000)]
  0x0000024b04580800 JavaThread "Cache worker for Build Output Cleanup Cache (D:\Ptit_programming\UI-DOAN\sas\node_modules\react-native-gradle-plugin\.gradle\buildOutputCleanup)" [_thread_blocked, id=5104, stack(0x000000d85de00000,0x000000d85df00000)]
  0x0000024b04581000 JavaThread "jar transforms Thread 7" [_thread_blocked, id=6752, stack(0x000000d85df00000,0x000000d85e000000)]
  0x0000024b04583000 JavaThread "Unconstrained build operations" [_thread_blocked, id=7020, stack(0x000000d85e000000,0x000000d85e100000)]
  0x0000024b0457d000 JavaThread "Unconstrained build operations Thread 2" [_thread_blocked, id=7668, stack(0x000000d85e100000,0x000000d85e200000)]
  0x0000024b0457e000 JavaThread "Unconstrained build operations Thread 3" [_thread_blocked, id=13588, stack(0x000000d85e200000,0x000000d85e300000)]
  0x0000024b03f37000 JavaThread "Unconstrained build operations Thread 4" [_thread_blocked, id=14592, stack(0x000000d85e300000,0x000000d85e400000)]
  0x0000024b03f31000 JavaThread "Unconstrained build operations Thread 5" [_thread_blocked, id=13488, stack(0x000000d85e400000,0x000000d85e500000)]
  0x0000024b03f35800 JavaThread "Unconstrained build operations Thread 6" [_thread_blocked, id=1356, stack(0x000000d85e500000,0x000000d85e600000)]
  0x0000024b03f36000 JavaThread "Unconstrained build operations Thread 7" [_thread_blocked, id=7972, stack(0x000000d85e600000,0x000000d85e700000)]
  0x0000024b03f38000 JavaThread "Unconstrained build operations Thread 8" [_thread_blocked, id=16732, stack(0x000000d85e700000,0x000000d85e800000)]
  0x0000024b03f34800 JavaThread "Unconstrained build operations Thread 9" [_thread_blocked, id=15724, stack(0x000000d85e800000,0x000000d85e900000)]
  0x0000024b03f32000 JavaThread "Unconstrained build operations Thread 10" [_thread_blocked, id=17276, stack(0x000000d85e900000,0x000000d85ea00000)]
  0x0000024b03f38800 JavaThread "Unconstrained build operations Thread 11" [_thread_blocked, id=9316, stack(0x000000d85ea00000,0x000000d85eb00000)]
  0x0000024b03f33000 JavaThread "Unconstrained build operations Thread 12" [_thread_blocked, id=16588, stack(0x000000d85eb00000,0x000000d85ec00000)]
  0x0000024b03f39800 JavaThread "Unconstrained build operations Thread 13" [_thread_blocked, id=7144, stack(0x000000d85ec00000,0x000000d85ed00000)]
  0x0000024b03f33800 JavaThread "Unconstrained build operations Thread 14" [_thread_blocked, id=14300, stack(0x000000d85ed00000,0x000000d85ee00000)]
  0x0000024b03f3a000 JavaThread "Unconstrained build operations Thread 15" [_thread_blocked, id=15104, stack(0x000000d85ee00000,0x000000d85ef00000)]
  0x0000024b03f3d800 JavaThread "Unconstrained build operations Thread 16" [_thread_blocked, id=16668, stack(0x000000d85ef00000,0x000000d85f000000)]
  0x0000024b03f3c800 JavaThread "Unconstrained build operations Thread 17" [_thread_blocked, id=4428, stack(0x000000d85f000000,0x000000d85f100000)]
  0x0000024b03f40000 JavaThread "Unconstrained build operations Thread 18" [_thread_blocked, id=8888, stack(0x000000d85f100000,0x000000d85f200000)]
  0x0000024b03f3e800 JavaThread "Unconstrained build operations Thread 19" [_thread_blocked, id=10252, stack(0x000000d85f200000,0x000000d85f300000)]
  0x0000024b03f3f000 JavaThread "Unconstrained build operations Thread 20" [_thread_blocked, id=1432, stack(0x000000d85f300000,0x000000d85f400000)]
  0x0000024b03f3b000 JavaThread "Unconstrained build operations Thread 21" [_thread_blocked, id=6320, stack(0x000000d85f400000,0x000000d85f500000)]
  0x0000024b03f3c000 JavaThread "Unconstrained build operations Thread 22" [_thread_blocked, id=10676, stack(0x000000d85f500000,0x000000d85f600000)]
  0x0000024b065db800 JavaThread "Unconstrained build operations Thread 23" [_thread_blocked, id=14180, stack(0x000000d85f600000,0x000000d85f700000)]
  0x0000024b065e2000 JavaThread "Unconstrained build operations Thread 24" [_thread_blocked, id=17036, stack(0x000000d85f700000,0x000000d85f800000)]
  0x0000024b065dd000 JavaThread "Unconstrained build operations Thread 25" [_thread_blocked, id=16056, stack(0x000000d85f800000,0x000000d85f900000)]
  0x0000024b065e1000 JavaThread "Unconstrained build operations Thread 26" [_thread_blocked, id=16524, stack(0x000000d85f900000,0x000000d85fa00000)]
  0x0000024b065dd800 JavaThread "Unconstrained build operations Thread 27" [_thread_blocked, id=10664, stack(0x000000d85fa00000,0x000000d85fb00000)]
  0x0000024b065de800 JavaThread "Unconstrained build operations Thread 28" [_thread_blocked, id=14200, stack(0x000000d85fb00000,0x000000d85fc00000)]
  0x0000024b065dc000 JavaThread "Unconstrained build operations Thread 29" [_thread_blocked, id=1388, stack(0x000000d85fc00000,0x000000d85fd00000)]
  0x0000024b065e2800 JavaThread "Unconstrained build operations Thread 30" [_thread_blocked, id=13852, stack(0x000000d85fd00000,0x000000d85fe00000)]
  0x0000024b065df800 JavaThread "Unconstrained build operations Thread 31" [_thread_blocked, id=2924, stack(0x000000d85fe00000,0x000000d85ff00000)]
  0x0000024b065e3800 JavaThread "Unconstrained build operations Thread 32" [_thread_blocked, id=4284, stack(0x000000d85ff00000,0x000000d860000000)]
  0x0000024b065e5000 JavaThread "Unconstrained build operations Thread 33" [_thread_blocked, id=13416, stack(0x000000d860000000,0x000000d860100000)]
  0x0000024b065e4000 JavaThread "jar transforms Thread 8" [_thread_blocked, id=7404, stack(0x000000d860100000,0x000000d860200000)]
  0x0000024b065e6000 JavaThread "build event listener" [_thread_blocked, id=7776, stack(0x000000d860200000,0x000000d860300000)]
  0x0000024b065e0000 JavaThread "Memory manager" [_thread_blocked, id=16288, stack(0x000000d860300000,0x000000d860400000)]
  0x0000024b065e8800 JavaThread "Cache worker for Build Output Cleanup Cache (D:\Ptit_programming\UI-DOAN\sas\android\.gradle\buildOutputCleanup)" [_thread_blocked, id=16936, stack(0x000000d85d400000,0x000000d85d500000)]
  0x0000024b065e6800 JavaThread "included builds" [_thread_blocked, id=16896, stack(0x000000d860400000,0x000000d860500000)]
  0x0000024b01aae800 JavaThread "Cache worker for execution history cache (D:\Ptit_programming\UI-DOAN\sas\node_modules\react-native-gradle-plugin\.gradle\7.3.3\executionHistory)" [_thread_blocked, id=7836, stack(0x000000d860c00000,0x000000d860d00000)]
  0x0000024b01aa9000 JavaThread "Unconstrained build operations Thread 34" [_thread_blocked, id=10804, stack(0x000000d860d00000,0x000000d860e00000)]
  0x0000024b01aaf800 JavaThread "Unconstrained build operations Thread 35" [_thread_blocked, id=11476, stack(0x000000d860e00000,0x000000d860f00000)]
  0x0000024b01aab800 JavaThread "Unconstrained build operations Thread 36" [_thread_blocked, id=12372, stack(0x000000d860f00000,0x000000d861000000)]
  0x0000024b01aa9800 JavaThread "Unconstrained build operations Thread 37" [_thread_blocked, id=14492, stack(0x000000d861000000,0x000000d861100000)]
  0x0000024b01dcb000 JavaThread "Unconstrained build operations Thread 38" [_thread_blocked, id=8408, stack(0x000000d861100000,0x000000d861200000)]
  0x0000024b01dd1800 JavaThread "Unconstrained build operations Thread 39" [_thread_blocked, id=7964, stack(0x000000d861200000,0x000000d861300000)]
  0x0000024b01dcc000 JavaThread "Unconstrained build operations Thread 40" [_thread_blocked, id=17040, stack(0x000000d861300000,0x000000d861400000)]
  0x0000024b01dcd800 JavaThread "Unconstrained build operations Thread 41" [_thread_blocked, id=596, stack(0x000000d861400000,0x000000d861500000)]
  0x0000024b01dce800 JavaThread "Unconstrained build operations Thread 42" [_thread_blocked, id=9852, stack(0x000000d861500000,0x000000d861600000)]
  0x0000024b01dcf800 JavaThread "Unconstrained build operations Thread 43" [_thread_blocked, id=15096, stack(0x000000d861600000,0x000000d861700000)]
  0x0000024b01dd1000 JavaThread "Unconstrained build operations Thread 44" [_thread_blocked, id=10192, stack(0x000000d861700000,0x000000d861800000)]
  0x0000024b01dd0000 JavaThread "Unconstrained build operations Thread 45" [_thread_blocked, id=7900, stack(0x000000d861800000,0x000000d861900000)]
  0x0000024b01dd2800 JavaThread "Unconstrained build operations Thread 46" [_thread_blocked, id=17072, stack(0x000000d861900000,0x000000d861a00000)]
  0x0000024b01dcd000 JavaThread "Unconstrained build operations Thread 47" [_thread_blocked, id=10384, stack(0x000000d861a00000,0x000000d861b00000)]
  0x0000024b01dd9000 JavaThread "Unconstrained build operations Thread 48" [_thread_blocked, id=5792, stack(0x000000d861b00000,0x000000d861c00000)]
  0x0000024b01dd4000 JavaThread "Unconstrained build operations Thread 49" [_thread_blocked, id=4660, stack(0x000000d861c00000,0x000000d861d00000)]
  0x0000024b01dd7800 JavaThread "Unconstrained build operations Thread 50" [_thread_blocked, id=13096, stack(0x000000d861d00000,0x000000d861e00000)]
  0x0000024b01dd8800 JavaThread "Unconstrained build operations Thread 51" [_thread_blocked, id=10912, stack(0x000000d861e00000,0x000000d861f00000)]
  0x0000024b01dd3800 JavaThread "Unconstrained build operations Thread 52" [_thread_blocked, id=16220, stack(0x000000d861f00000,0x000000d862000000)]
  0x0000024b01dda000 JavaThread "Unconstrained build operations Thread 53" [_thread_blocked, id=2436, stack(0x000000d862000000,0x000000d862100000)]
  0x0000024b01dd5000 JavaThread "Unconstrained build operations Thread 54" [_thread_blocked, id=2568, stack(0x000000d862100000,0x000000d862200000)]
  0x0000024b01dd6000 JavaThread "Unconstrained build operations Thread 55" [_thread_blocked, id=15548, stack(0x000000d862200000,0x000000d862300000)]
  0x0000024b01dd6800 JavaThread "Unconstrained build operations Thread 56" [_thread_blocked, id=6708, stack(0x000000d860500000,0x000000d860600000)]
  0x0000024b01aac000 JavaThread "Unconstrained build operations Thread 57" [_thread_blocked, id=13632, stack(0x000000d860600000,0x000000d860700000)]
  0x0000024b01aaa800 JavaThread "Unconstrained build operations Thread 58" [_thread_blocked, id=2892, stack(0x000000d860700000,0x000000d860800000)]
  0x0000024b01aad000 JavaThread "Unconstrained build operations Thread 59" [_thread_blocked, id=12484, stack(0x000000d860800000,0x000000d860900000)]
  0x0000024b01aae000 JavaThread "Unconstrained build operations Thread 60" [_thread_blocked, id=12120, stack(0x000000d860900000,0x000000d860a00000)]
  0x0000024b065e7800 JavaThread "Unconstrained build operations Thread 61" [_thread_blocked, id=17376, stack(0x000000d860a00000,0x000000d860b00000)]
  0x0000024b065e9000 JavaThread "Unconstrained build operations Thread 62" [_thread_blocked, id=14980, stack(0x000000d860b00000,0x000000d860c00000)]
  0x0000024b065ea000 JavaThread "Unconstrained build operations Thread 63" [_thread_blocked, id=12384, stack(0x000000d862300000,0x000000d862400000)]
  0x0000024b03872000 JavaThread "Unconstrained build operations Thread 64" [_thread_blocked, id=7296, stack(0x000000d862400000,0x000000d862500000)]
  0x0000024b03875800 JavaThread "Unconstrained build operations Thread 65" [_thread_blocked, id=7084, stack(0x000000d862500000,0x000000d862600000)]
  0x0000024b03873800 JavaThread "Unconstrained build operations Thread 66" [_thread_blocked, id=7340, stack(0x000000d862600000,0x000000d862700000)]
  0x0000024b03873000 JavaThread "Unconstrained build operations Thread 67" [_thread_blocked, id=1800, stack(0x000000d862700000,0x000000d862800000)]
  0x0000024b03874800 JavaThread "Unconstrained build operations Thread 68" [_thread_blocked, id=12972, stack(0x000000d862800000,0x000000d862900000)]
  0x0000024b0386f800 JavaThread "Unconstrained build operations Thread 69" [_thread_blocked, id=3904, stack(0x000000d862900000,0x000000d862a00000)]
  0x0000024b03876000 JavaThread "Unconstrained build operations Thread 70" [_thread_blocked, id=5056, stack(0x000000d862a00000,0x000000d862b00000)]
  0x0000024b03870800 JavaThread "Unconstrained build operations Thread 71" [_thread_blocked, id=13580, stack(0x000000d862b00000,0x000000d862c00000)]
  0x0000024b03877000 JavaThread "Unconstrained build operations Thread 72" [_thread_blocked, id=5080, stack(0x000000d862c00000,0x000000d862d00000)]
  0x0000024b03871800 JavaThread "Unconstrained build operations Thread 73" [_thread_blocked, id=12704, stack(0x000000d862d00000,0x000000d862e00000)]
  0x0000024b0387c000 JavaThread "Unconstrained build operations Thread 74" [_thread_blocked, id=424, stack(0x000000d862e00000,0x000000d862f00000)]
  0x0000024b0387c800 JavaThread "Unconstrained build operations Thread 75" [_thread_blocked, id=13064, stack(0x000000d862f00000,0x000000d863000000)]
  0x0000024b03878000 JavaThread "Unconstrained build operations Thread 76" [_thread_blocked, id=12772, stack(0x000000d863000000,0x000000d863100000)]
  0x0000024b03879800 JavaThread "Unconstrained build operations Thread 77" [_thread_blocked, id=1372, stack(0x000000d863100000,0x000000d863200000)]
  0x0000024b0387b000 JavaThread "Unconstrained build operations Thread 78" [_thread_blocked, id=14736, stack(0x000000d863200000,0x000000d863300000)]
  0x0000024b0387d800 JavaThread "Unconstrained build operations Thread 79" [_thread_blocked, id=17384, stack(0x000000d863300000,0x000000d863400000)]
  0x0000024b0387e800 JavaThread "Unconstrained build operations Thread 80" [_thread_blocked, id=3000, stack(0x000000d863400000,0x000000d863500000)]
  0x0000024b0ab01800 JavaThread "build event listener" [_thread_blocked, id=16304, stack(0x000000d863500000,0x000000d863600000)]
  0x0000024b06177000 JavaThread "C2 CompilerThread1" daemon [_thread_blocked, id=5468, stack(0x000000d85cd00000,0x000000d85ce00000)]
  0x0000024b0ad63000 JavaThread "C2 CompilerThread2" daemon [_thread_blocked, id=4576, stack(0x000000d863700000,0x000000d863800000)]
  0x0000024b0ab04000 JavaThread "Execution worker for ':'" [_thread_blocked, id=284, stack(0x000000d863800000,0x000000d863900000)]
  0x0000024b0ab05000 JavaThread "Execution worker for ':' Thread 2" [_thread_blocked, id=15888, stack(0x000000d863900000,0x000000d863a00000)]
  0x0000024b0ab06000 JavaThread "Execution worker for ':' Thread 3" [_thread_blocked, id=15872, stack(0x000000d863a00000,0x000000d863b00000)]
  0x0000024b0ab00000 JavaThread "Execution worker for ':' Thread 4" [_thread_blocked, id=14964, stack(0x000000d863b00000,0x000000d863c00000)]
  0x0000024b0ab02800 JavaThread "Execution worker for ':' Thread 5" [_thread_blocked, id=13568, stack(0x000000d863c00000,0x000000d863d00000)]
  0x0000024b0ab06800 JavaThread "Execution worker for ':' Thread 6" [_thread_blocked, id=15168, stack(0x000000d863d00000,0x000000d863e00000)]
  0x0000024b0ab01000 JavaThread "Execution worker for ':' Thread 7" [_thread_blocked, id=7232, stack(0x000000d863e00000,0x000000d863f00000)]
  0x0000024b0ab07800 JavaThread "Cache worker for execution history cache (D:\Ptit_programming\UI-DOAN\sas\android\.gradle\7.3.3\executionHistory)" [_thread_blocked, id=15572, stack(0x000000d863f00000,0x000000d864000000)]

Other Threads:
=>0x0000024b7e607000 VMThread "VM Thread" [stack: 0x000000d85ac00000,0x000000d85ad00000] [id=2536]
  0x0000024b7f0fc800 WatcherThread [stack: 0x000000d85b600000,0x000000d85b700000] [id=10592]
  0x0000024b6063e000 GCTaskThread "GC Thread#0" [stack: 0x000000d85a700000,0x000000d85a800000] [id=15072]
  0x0000024b00176800 GCTaskThread "GC Thread#1" [stack: 0x000000d85b800000,0x000000d85b900000] [id=10960]
  0x0000024b7fa3a800 GCTaskThread "GC Thread#2" [stack: 0x000000d85b900000,0x000000d85ba00000] [id=13876]
  0x0000024b01276800 GCTaskThread "GC Thread#3" [stack: 0x000000d85c300000,0x000000d85c400000] [id=14032]
  0x0000024b012df000 GCTaskThread "GC Thread#4" [stack: 0x000000d85c400000,0x000000d85c500000] [id=1936]
  0x0000024b0130e000 GCTaskThread "GC Thread#5" [stack: 0x000000d85c500000,0x000000d85c600000] [id=5296]
  0x0000024b01251800 GCTaskThread "GC Thread#6" [stack: 0x000000d85c600000,0x000000d85c700000] [id=13284]
  0x0000024b01252000 GCTaskThread "GC Thread#7" [stack: 0x000000d85c700000,0x000000d85c800000] [id=10892]
  0x0000024b60672800 ConcurrentGCThread "G1 Main Marker" [stack: 0x000000d85a800000,0x000000d85a900000] [id=8448]
  0x0000024b60674000 ConcurrentGCThread "G1 Conc#0" [stack: 0x000000d85a900000,0x000000d85aa00000] [id=16624]
  0x0000024b0138e000 ConcurrentGCThread "G1 Conc#1" [stack: 0x000000d85cb00000,0x000000d85cc00000] [id=13928]
  0x0000024b7e464800 ConcurrentGCThread "G1 Refine#0" [stack: 0x000000d85aa00000,0x000000d85ab00000] [id=14520]
  0x0000024b7e465800 ConcurrentGCThread "G1 Young RemSet Sampling" [stack: 0x000000d85ab00000,0x000000d85ac00000] [id=16612]

Threads with active compile tasks:
C2 CompilerThread0  57396 14986       4       org.gradle.internal.serialize.InterningStringSerializer::write (10 bytes)
C1 CompilerThread0  57396 14988       3       org.gradle.api.internal.file.collections.DefaultConfigurableFileCollection$1::visitCollection (43 bytes)
C2 CompilerThread1  57396 14985   !   4       com.google.common.cache.LocalCache$Segment::storeLoadedValue (371 bytes)
C2 CompilerThread2  57396 14619       4       org.gradle.api.internal.artifacts.transform.AttributeMatchingVariantSelector::doSelect (469 bytes)

VM state:at safepoint (normal execution)

VM Mutex/Monitor currently owned by a thread:  ([mutex/lock_event])
[0x0000024b60625360] Threads_lock - owner thread: 0x0000024b7e607000
[0x0000024b60625f30] Heap_lock - owner thread: 0x0000024b0ab06800

Heap address: 0x0000000080000000, size: 2048 MB, Compressed Oops mode: 32-bit
Narrow klass base: 0x0000000000000000, Narrow klass shift: 3
Compressed class space size: 528482304 Address: 0x0000000100000000

Heap:
 garbage-first heap   total 336896K, used 168446K [0x0000000080000000, 0x0000000100000000)
  region size 1024K, 4 young (4096K), 4 survivors (4096K)
 Metaspace       used 107263K, capacity 111527K, committed 111744K, reserved 612352K
  class space    used 14057K, capacity 15703K, committed 15744K, reserved 516096K
Heap Regions: E=young(eden), S=young(survivor), O=old, HS=humongous(starts), HC=humongous(continues), CS=collection set, F=free, A=archive, TAMS=top-at-mark-start (previous, next)
|   0|0x0000000080000000, 0x0000000080100000, 0x0000000080100000|100%| O|  |TAMS 0x0000000080100000, 0x0000000080100000| Untracked 
|   1|0x0000000080100000, 0x0000000080200000, 0x0000000080200000|100%| O|  |TAMS 0x0000000080200000, 0x0000000080200000| Untracked 
|   2|0x0000000080200000, 0x0000000080300000, 0x0000000080300000|100%| O|  |TAMS 0x0000000080300000, 0x0000000080300000| Untracked 
|   3|0x0000000080300000, 0x0000000080400000, 0x0000000080400000|100%|HS|  |TAMS 0x0000000080400000, 0x0000000080400000| Complete 
|   4|0x0000000080400000, 0x0000000080500000, 0x0000000080500000|100%|HC|  |TAMS 0x0000000080500000, 0x0000000080500000| Complete 
|   5|0x0000000080500000, 0x0000000080600000, 0x0000000080600000|100%|HC|  |TAMS 0x0000000080600000, 0x0000000080600000| Complete 
|   6|0x0000000080600000, 0x0000000080700000, 0x0000000080700000|100%| O|  |TAMS 0x0000000080700000, 0x0000000080700000| Untracked 
|   7|0x0000000080700000, 0x0000000080800000, 0x0000000080800000|100%| O|  |TAMS 0x0000000080800000, 0x0000000080800000| Untracked 
|   8|0x0000000080800000, 0x0000000080900000, 0x0000000080900000|100%| O|  |TAMS 0x0000000080900000, 0x0000000080900000| Untracked 
|   9|0x0000000080900000, 0x0000000080a00000, 0x0000000080a00000|100%| O|  |TAMS 0x0000000080a00000, 0x0000000080a00000| Untracked 
|  10|0x0000000080a00000, 0x0000000080b00000, 0x0000000080b00000|100%| O|  |TAMS 0x0000000080b00000, 0x0000000080b00000| Untracked 
|  11|0x0000000080b00000, 0x0000000080c00000, 0x0000000080c00000|100%| O|  |TAMS 0x0000000080c00000, 0x0000000080c00000| Untracked 
|  12|0x0000000080c00000, 0x0000000080d00000, 0x0000000080d00000|100%| O|  |TAMS 0x0000000080d00000, 0x0000000080d00000| Untracked 
|  13|0x0000000080d00000, 0x0000000080e00000, 0x0000000080e00000|100%| O|  |TAMS 0x0000000080e00000, 0x0000000080e00000| Untracked 
|  14|0x0000000080e00000, 0x0000000080f00000, 0x0000000080f00000|100%| O|  |TAMS 0x0000000080f00000, 0x0000000080f00000| Untracked 
|  15|0x0000000080f00000, 0x0000000081000000, 0x0000000081000000|100%| O|  |TAMS 0x0000000081000000, 0x0000000081000000| Untracked 
|  16|0x0000000081000000, 0x0000000081100000, 0x0000000081100000|100%| O|  |TAMS 0x0000000081100000, 0x0000000081100000| Untracked 
|  17|0x0000000081100000, 0x0000000081200000, 0x0000000081200000|100%|HS|  |TAMS 0x0000000081200000, 0x0000000081200000| Complete 
|  18|0x0000000081200000, 0x0000000081300000, 0x0000000081300000|100%| O|  |TAMS 0x0000000081300000, 0x0000000081300000| Untracked 
|  19|0x0000000081300000, 0x0000000081400000, 0x0000000081400000|100%| O|  |TAMS 0x0000000081400000, 0x0000000081400000| Untracked 
|  20|0x0000000081400000, 0x0000000081500000, 0x0000000081500000|100%| O|  |TAMS 0x0000000081500000, 0x0000000081500000| Untracked 
|  21|0x0000000081500000, 0x0000000081600000, 0x0000000081600000|100%| O|  |TAMS 0x0000000081600000, 0x0000000081600000| Untracked 
|  22|0x0000000081600000, 0x0000000081700000, 0x0000000081700000|100%| O|  |TAMS 0x0000000081700000, 0x0000000081700000| Untracked 
|  23|0x0000000081700000, 0x0000000081800000, 0x0000000081800000|100%| O|  |TAMS 0x0000000081800000, 0x0000000081800000| Untracked 
|  24|0x0000000081800000, 0x0000000081900000, 0x0000000081900000|100%| O|  |TAMS 0x0000000081900000, 0x0000000081900000| Untracked 
|  25|0x0000000081900000, 0x0000000081a00000, 0x0000000081a00000|100%| O|  |TAMS 0x0000000081a00000, 0x0000000081a00000| Untracked 
|  26|0x0000000081a00000, 0x0000000081b00000, 0x0000000081b00000|100%| O|  |TAMS 0x0000000081b00000, 0x0000000081b00000| Untracked 
|  27|0x0000000081b00000, 0x0000000081c00000, 0x0000000081c00000|100%| O|  |TAMS 0x0000000081c00000, 0x0000000081c00000| Untracked 
|  28|0x0000000081c00000, 0x0000000081d00000, 0x0000000081d00000|100%|HS|  |TAMS 0x0000000081d00000, 0x0000000081d00000| Complete 
|  29|0x0000000081d00000, 0x0000000081e00000, 0x0000000081e00000|100%|HC|  |TAMS 0x0000000081e00000, 0x0000000081e00000| Complete 
|  30|0x0000000081e00000, 0x0000000081f00000, 0x0000000081f00000|100%|HC|  |TAMS 0x0000000081f00000, 0x0000000081f00000| Complete 
|  31|0x0000000081f00000, 0x0000000082000000, 0x0000000082000000|100%| O|  |TAMS 0x0000000082000000, 0x0000000082000000| Untracked 
|  32|0x0000000082000000, 0x0000000082100000, 0x0000000082100000|100%| O|  |TAMS 0x0000000082100000, 0x0000000082100000| Untracked 
|  33|0x0000000082100000, 0x0000000082200000, 0x0000000082200000|100%| O|  |TAMS 0x0000000082200000, 0x0000000082200000| Untracked 
|  34|0x0000000082200000, 0x0000000082300000, 0x0000000082300000|100%| O|  |TAMS 0x0000000082300000, 0x0000000082300000| Untracked 
|  35|0x0000000082300000, 0x0000000082400000, 0x0000000082400000|100%| O|  |TAMS 0x0000000082400000, 0x0000000082400000| Untracked 
|  36|0x0000000082400000, 0x0000000082500000, 0x0000000082500000|100%| O|  |TAMS 0x0000000082500000, 0x0000000082500000| Untracked 
|  37|0x0000000082500000, 0x0000000082600000, 0x0000000082600000|100%| O|  |TAMS 0x0000000082600000, 0x0000000082600000| Untracked 
|  38|0x0000000082600000, 0x0000000082700000, 0x0000000082700000|100%| O|  |TAMS 0x0000000082700000, 0x0000000082700000| Untracked 
|  39|0x0000000082700000, 0x0000000082800000, 0x0000000082800000|100%| O|  |TAMS 0x0000000082800000, 0x0000000082800000| Untracked 
|  40|0x0000000082800000, 0x0000000082900000, 0x0000000082900000|100%| O|  |TAMS 0x0000000082900000, 0x0000000082900000| Untracked 
|  41|0x0000000082900000, 0x0000000082a00000, 0x0000000082a00000|100%| O|  |TAMS 0x0000000082a00000, 0x0000000082a00000| Untracked 
|  42|0x0000000082a00000, 0x0000000082b00000, 0x0000000082b00000|100%| O|  |TAMS 0x0000000082b00000, 0x0000000082b00000| Untracked 
|  43|0x0000000082b00000, 0x0000000082c00000, 0x0000000082c00000|100%| O|  |TAMS 0x0000000082c00000, 0x0000000082c00000| Untracked 
|  44|0x0000000082c00000, 0x0000000082d00000, 0x0000000082d00000|100%| O|  |TAMS 0x0000000082d00000, 0x0000000082d00000| Untracked 
|  45|0x0000000082d00000, 0x0000000082e00000, 0x0000000082e00000|100%| O|  |TAMS 0x0000000082e00000, 0x0000000082e00000| Untracked 
|  46|0x0000000082e00000, 0x0000000082f00000, 0x0000000082f00000|100%|HS|  |TAMS 0x0000000082f00000, 0x0000000082f00000| Complete 
|  47|0x0000000082f00000, 0x0000000083000000, 0x0000000083000000|100%|HS|  |TAMS 0x0000000083000000, 0x0000000083000000| Complete 
|  48|0x0000000083000000, 0x0000000083100000, 0x0000000083100000|100%|HS|  |TAMS 0x0000000083100000, 0x0000000083100000| Complete 
|  49|0x0000000083100000, 0x0000000083200000, 0x0000000083200000|100%|HC|  |TAMS 0x0000000083200000, 0x0000000083200000| Complete 
|  50|0x0000000083200000, 0x0000000083300000, 0x0000000083300000|100%| O|  |TAMS 0x0000000083300000, 0x0000000083300000| Untracked 
|  51|0x0000000083300000, 0x0000000083400000, 0x0000000083400000|100%| O|  |TAMS 0x0000000083400000, 0x0000000083400000| Untracked 
|  52|0x0000000083400000, 0x0000000083500000, 0x0000000083500000|100%| O|  |TAMS 0x0000000083500000, 0x0000000083500000| Untracked 
|  53|0x0000000083500000, 0x0000000083600000, 0x0000000083600000|100%| O|  |TAMS 0x0000000083600000, 0x0000000083600000| Untracked 
|  54|0x0000000083600000, 0x0000000083700000, 0x0000000083700000|100%| O|  |TAMS 0x0000000083700000, 0x0000000083700000| Untracked 
|  55|0x0000000083700000, 0x0000000083800000, 0x0000000083800000|100%| O|  |TAMS 0x0000000083800000, 0x0000000083800000| Untracked 
|  56|0x0000000083800000, 0x0000000083900000, 0x0000000083900000|100%| O|  |TAMS 0x0000000083900000, 0x0000000083900000| Untracked 
|  57|0x0000000083900000, 0x0000000083a00000, 0x0000000083a00000|100%| O|  |TAMS 0x0000000083a00000, 0x0000000083a00000| Untracked 
|  58|0x0000000083a00000, 0x0000000083b00000, 0x0000000083b00000|100%| O|  |TAMS 0x0000000083b00000, 0x0000000083b00000| Untracked 
|  59|0x0000000083b00000, 0x0000000083c00000, 0x0000000083c00000|100%| O|  |TAMS 0x0000000083c00000, 0x0000000083c00000| Untracked 
|  60|0x0000000083c00000, 0x0000000083d00000, 0x0000000083d00000|100%| O|  |TAMS 0x0000000083d00000, 0x0000000083d00000| Untracked 
|  61|0x0000000083d00000, 0x0000000083e00000, 0x0000000083e00000|100%| O|  |TAMS 0x0000000083e00000, 0x0000000083e00000| Untracked 
|  62|0x0000000083e00000, 0x0000000083f00000, 0x0000000083f00000|100%| O|  |TAMS 0x0000000083f00000, 0x0000000083f00000| Untracked 
|  63|0x0000000083f00000, 0x0000000084000000, 0x0000000084000000|100%| O|  |TAMS 0x0000000084000000, 0x0000000084000000| Untracked 
|  64|0x0000000084000000, 0x0000000084100000, 0x0000000084100000|100%| O|  |TAMS 0x0000000084100000, 0x0000000084100000| Untracked 
|  65|0x0000000084100000, 0x0000000084200000, 0x0000000084200000|100%| O|  |TAMS 0x0000000084200000, 0x0000000084200000| Untracked 
|  66|0x0000000084200000, 0x0000000084300000, 0x0000000084300000|100%| O|  |TAMS 0x0000000084300000, 0x0000000084300000| Untracked 
|  67|0x0000000084300000, 0x0000000084400000, 0x0000000084400000|100%| O|  |TAMS 0x0000000084400000, 0x0000000084400000| Untracked 
|  68|0x0000000084400000, 0x0000000084500000, 0x0000000084500000|100%| O|  |TAMS 0x0000000084500000, 0x0000000084500000| Untracked 
|  69|0x0000000084500000, 0x0000000084600000, 0x0000000084600000|100%| O|  |TAMS 0x0000000084600000, 0x0000000084600000| Untracked 
|  70|0x0000000084600000, 0x0000000084700000, 0x0000000084700000|100%| O|  |TAMS 0x0000000084700000, 0x0000000084700000| Untracked 
|  71|0x0000000084700000, 0x0000000084800000, 0x0000000084800000|100%| O|  |TAMS 0x0000000084800000, 0x0000000084800000| Untracked 
|  72|0x0000000084800000, 0x0000000084900000, 0x0000000084900000|100%| O|  |TAMS 0x0000000084900000, 0x0000000084900000| Untracked 
|  73|0x0000000084900000, 0x0000000084a00000, 0x0000000084a00000|100%| O|  |TAMS 0x0000000084a00000, 0x0000000084a00000| Untracked 
|  74|0x0000000084a00000, 0x0000000084b00000, 0x0000000084b00000|100%| O|  |TAMS 0x0000000084b00000, 0x0000000084b00000| Untracked 
|  75|0x0000000084b00000, 0x0000000084c00000, 0x0000000084c00000|100%| O|  |TAMS 0x0000000084c00000, 0x0000000084c00000| Untracked 
|  76|0x0000000084c00000, 0x0000000084d00000, 0x0000000084d00000|100%| O|  |TAMS 0x0000000084d00000, 0x0000000084d00000| Untracked 
|  77|0x0000000084d00000, 0x0000000084e00000, 0x0000000084e00000|100%| O|  |TAMS 0x0000000084e00000, 0x0000000084e00000| Untracked 
|  78|0x0000000084e00000, 0x0000000084f00000, 0x0000000084f00000|100%| O|  |TAMS 0x0000000084f00000, 0x0000000084f00000| Untracked 
|  79|0x0000000084f00000, 0x0000000085000000, 0x0000000085000000|100%| O|  |TAMS 0x0000000085000000, 0x0000000085000000| Untracked 
|  80|0x0000000085000000, 0x0000000085100000, 0x0000000085100000|100%| O|  |TAMS 0x0000000085100000, 0x0000000085100000| Untracked 
|  81|0x0000000085100000, 0x0000000085200000, 0x0000000085200000|100%| O|  |TAMS 0x0000000085200000, 0x0000000085200000| Untracked 
|  82|0x0000000085200000, 0x0000000085300000, 0x0000000085300000|100%| O|  |TAMS 0x0000000085300000, 0x0000000085300000| Untracked 
|  83|0x0000000085300000, 0x0000000085400000, 0x0000000085400000|100%| O|  |TAMS 0x0000000085400000, 0x0000000085400000| Untracked 
|  84|0x0000000085400000, 0x0000000085500000, 0x0000000085500000|100%| O|  |TAMS 0x0000000085500000, 0x0000000085500000| Untracked 
|  85|0x0000000085500000, 0x0000000085600000, 0x0000000085600000|100%| O|  |TAMS 0x0000000085600000, 0x0000000085600000| Untracked 
|  86|0x0000000085600000, 0x0000000085700000, 0x0000000085700000|100%| O|  |TAMS 0x0000000085700000, 0x0000000085700000| Untracked 
|  87|0x0000000085700000, 0x0000000085800000, 0x0000000085800000|100%| O|  |TAMS 0x0000000085800000, 0x0000000085800000| Untracked 
|  88|0x0000000085800000, 0x0000000085900000, 0x0000000085900000|100%| O|  |TAMS 0x0000000085900000, 0x0000000085900000| Untracked 
|  89|0x0000000085900000, 0x0000000085a00000, 0x0000000085a00000|100%| O|  |TAMS 0x0000000085a00000, 0x0000000085a00000| Untracked 
|  90|0x0000000085a00000, 0x0000000085b00000, 0x0000000085b00000|100%|HS|  |TAMS 0x0000000085b00000, 0x0000000085b00000| Complete 
|  91|0x0000000085b00000, 0x0000000085c00000, 0x0000000085c00000|100%|HS|  |TAMS 0x0000000085c00000, 0x0000000085c00000| Complete 
|  92|0x0000000085c00000, 0x0000000085d00000, 0x0000000085d00000|100%|HC|  |TAMS 0x0000000085d00000, 0x0000000085d00000| Complete 
|  93|0x0000000085d00000, 0x0000000085e00000, 0x0000000085e00000|100%|HC|  |TAMS 0x0000000085e00000, 0x0000000085e00000| Complete 
|  94|0x0000000085e00000, 0x0000000085f00000, 0x0000000085f00000|100%| O|  |TAMS 0x0000000085f00000, 0x0000000085f00000| Untracked 
|  95|0x0000000085f00000, 0x0000000086000000, 0x0000000086000000|100%| O|  |TAMS 0x0000000086000000, 0x0000000086000000| Untracked 
|  96|0x0000000086000000, 0x0000000086100000, 0x0000000086100000|100%| O|  |TAMS 0x0000000086100000, 0x0000000086100000| Untracked 
|  97|0x0000000086100000, 0x0000000086200000, 0x0000000086200000|100%| O|  |TAMS 0x0000000086200000, 0x0000000086200000| Untracked 
|  98|0x0000000086200000, 0x0000000086300000, 0x0000000086300000|100%| O|  |TAMS 0x0000000086300000, 0x0000000086300000| Untracked 
|  99|0x0000000086300000, 0x0000000086400000, 0x0000000086400000|100%| O|  |TAMS 0x0000000086400000, 0x0000000086400000| Untracked 
| 100|0x0000000086400000, 0x0000000086500000, 0x0000000086500000|100%| O|  |TAMS 0x0000000086500000, 0x0000000086500000| Untracked 
| 101|0x0000000086500000, 0x0000000086600000, 0x0000000086600000|100%|HS|  |TAMS 0x0000000086600000, 0x0000000086600000| Complete 
| 102|0x0000000086600000, 0x0000000086700000, 0x0000000086700000|100%|HS|  |TAMS 0x0000000086700000, 0x0000000086700000| Complete 
| 103|0x0000000086700000, 0x0000000086800000, 0x0000000086800000|100%|HS|  |TAMS 0x0000000086800000, 0x0000000086800000| Complete 
| 104|0x0000000086800000, 0x0000000086900000, 0x0000000086900000|100%| O|  |TAMS 0x0000000086900000, 0x0000000086900000| Untracked 
| 105|0x0000000086900000, 0x0000000086a00000, 0x0000000086a00000|100%| O|  |TAMS 0x0000000086a00000, 0x0000000086a00000| Untracked 
| 106|0x0000000086a00000, 0x0000000086b00000, 0x0000000086b00000|100%| O|  |TAMS 0x0000000086b00000, 0x0000000086b00000| Untracked 
| 107|0x0000000086b00000, 0x0000000086c00000, 0x0000000086c00000|100%| O|  |TAMS 0x0000000086c00000, 0x0000000086c00000| Untracked 
| 108|0x0000000086c00000, 0x0000000086d00000, 0x0000000086d00000|100%| O|  |TAMS 0x0000000086d00000, 0x0000000086d00000| Untracked 
| 109|0x0000000086d00000, 0x0000000086e00000, 0x0000000086e00000|100%| O|  |TAMS 0x0000000086e00000, 0x0000000086e00000| Untracked 
| 110|0x0000000086e00000, 0x0000000086f00000, 0x0000000086f00000|100%|HS|  |TAMS 0x0000000086f00000, 0x0000000086f00000| Complete 
| 111|0x0000000086f00000, 0x0000000087000000, 0x0000000087000000|100%|HS|  |TAMS 0x0000000087000000, 0x0000000087000000| Complete 
| 112|0x0000000087000000, 0x0000000087100000, 0x0000000087100000|100%| O|  |TAMS 0x0000000087100000, 0x0000000087100000| Untracked 
| 113|0x0000000087100000, 0x0000000087200000, 0x0000000087200000|100%| O|  |TAMS 0x0000000087200000, 0x0000000087200000| Untracked 
| 114|0x0000000087200000, 0x0000000087300000, 0x0000000087300000|100%|HS|  |TAMS 0x0000000087300000, 0x0000000087300000| Complete 
| 115|0x0000000087300000, 0x0000000087400000, 0x0000000087400000|100%|HC|  |TAMS 0x0000000087400000, 0x0000000087400000| Complete 
| 116|0x0000000087400000, 0x0000000087500000, 0x0000000087500000|100%|HC|  |TAMS 0x0000000087500000, 0x0000000087500000| Complete 
| 117|0x0000000087500000, 0x0000000087600000, 0x0000000087600000|100%| O|  |TAMS 0x0000000087600000, 0x0000000087600000| Untracked 
| 118|0x0000000087600000, 0x0000000087700000, 0x0000000087700000|100%| O|  |TAMS 0x0000000087700000, 0x0000000087700000| Untracked 
| 119|0x0000000087700000, 0x0000000087800000, 0x0000000087800000|100%| O|  |TAMS 0x0000000087800000, 0x0000000087800000| Untracked 
| 120|0x0000000087800000, 0x0000000087900000, 0x0000000087900000|100%| O|  |TAMS 0x0000000087900000, 0x0000000087900000| Untracked 
| 121|0x0000000087900000, 0x0000000087a00000, 0x0000000087a00000|100%| O|  |TAMS 0x0000000087a00000, 0x0000000087a00000| Untracked 
| 122|0x0000000087a00000, 0x0000000087b00000, 0x0000000087b00000|100%| O|  |TAMS 0x0000000087b00000, 0x0000000087b00000| Untracked 
| 123|0x0000000087b00000, 0x0000000087c00000, 0x0000000087c00000|100%| O|  |TAMS 0x0000000087c00000, 0x0000000087c00000| Untracked 
| 124|0x0000000087c00000, 0x0000000087d00000, 0x0000000087d00000|100%| O|  |TAMS 0x0000000087d00000, 0x0000000087d00000| Untracked 
| 125|0x0000000087d00000, 0x0000000087e00000, 0x0000000087e00000|100%| O|  |TAMS 0x0000000087e00000, 0x0000000087e00000| Untracked 
| 126|0x0000000087e00000, 0x0000000087f00000, 0x0000000087f00000|100%| O|  |TAMS 0x0000000087f00000, 0x0000000087f00000| Untracked 
| 127|0x0000000087f00000, 0x0000000088000000, 0x0000000088000000|100%| O|  |TAMS 0x0000000088000000, 0x0000000088000000| Untracked 
| 128|0x0000000088000000, 0x0000000088100000, 0x0000000088100000|100%| O|  |TAMS 0x0000000088100000, 0x0000000088100000| Untracked 
| 129|0x0000000088100000, 0x0000000088200000, 0x0000000088200000|100%| O|  |TAMS 0x0000000088200000, 0x0000000088200000| Untracked 
| 130|0x0000000088200000, 0x0000000088300000, 0x0000000088300000|100%| O|  |TAMS 0x0000000088300000, 0x0000000088300000| Untracked 
| 131|0x0000000088300000, 0x0000000088400000, 0x0000000088400000|100%| O|  |TAMS 0x0000000088400000, 0x0000000088400000| Untracked 
| 132|0x0000000088400000, 0x0000000088500000, 0x0000000088500000|100%| O|  |TAMS 0x0000000088500000, 0x0000000088500000| Untracked 
| 133|0x0000000088500000, 0x0000000088600000, 0x0000000088600000|100%| O|  |TAMS 0x0000000088600000, 0x0000000088600000| Untracked 
| 134|0x0000000088600000, 0x0000000088700000, 0x0000000088700000|100%| O|  |TAMS 0x0000000088700000, 0x0000000088700000| Untracked 
| 135|0x0000000088700000, 0x0000000088800000, 0x0000000088800000|100%| O|  |TAMS 0x0000000088800000, 0x0000000088800000| Untracked 
| 136|0x0000000088800000, 0x0000000088900000, 0x0000000088900000|100%| O|  |TAMS 0x0000000088900000, 0x0000000088900000| Untracked 
| 137|0x0000000088900000, 0x0000000088a00000, 0x0000000088a00000|100%| O|  |TAMS 0x0000000088a00000, 0x0000000088a00000| Untracked 
| 138|0x0000000088a00000, 0x0000000088b00000, 0x0000000088b00000|100%| O|  |TAMS 0x0000000088b00000, 0x0000000088b00000| Untracked 
| 139|0x0000000088b00000, 0x0000000088c00000, 0x0000000088c00000|100%| O|  |TAMS 0x0000000088c00000, 0x0000000088c00000| Untracked 
| 140|0x0000000088c00000, 0x0000000088d00000, 0x0000000088d00000|100%| O|  |TAMS 0x0000000088d00000, 0x0000000088d00000| Untracked 
| 141|0x0000000088d00000, 0x0000000088e00000, 0x0000000088e00000|100%| O|  |TAMS 0x0000000088e00000, 0x0000000088e00000| Untracked 
| 142|0x0000000088e00000, 0x0000000088f00000, 0x0000000088f00000|100%| O|  |TAMS 0x0000000088f00000, 0x0000000088f00000| Untracked 
| 143|0x0000000088f00000, 0x0000000089000000, 0x0000000089000000|100%| O|  |TAMS 0x0000000089000000, 0x0000000089000000| Untracked 
| 144|0x0000000089000000, 0x0000000089100000, 0x0000000089100000|100%| O|  |TAMS 0x0000000089100000, 0x0000000089100000| Untracked 
| 145|0x0000000089100000, 0x0000000089200000, 0x0000000089200000|100%| O|  |TAMS 0x0000000089200000, 0x0000000089200000| Untracked 
| 146|0x0000000089200000, 0x0000000089300000, 0x0000000089300000|100%| O|  |TAMS 0x0000000089300000, 0x0000000089300000| Untracked 
| 147|0x0000000089300000, 0x0000000089400000, 0x0000000089400000|100%| O|  |TAMS 0x0000000089400000, 0x0000000089400000| Untracked 
| 148|0x0000000089400000, 0x0000000089500000, 0x0000000089500000|100%| O|  |TAMS 0x0000000089500000, 0x0000000089500000| Untracked 
| 149|0x0000000089500000, 0x0000000089600000, 0x0000000089600000|100%| O|  |TAMS 0x0000000089600000, 0x0000000089600000| Untracked 
| 150|0x0000000089600000, 0x0000000089700000, 0x0000000089700000|100%| O|  |TAMS 0x0000000089629400, 0x0000000089700000| Untracked 
| 151|0x0000000089700000, 0x0000000089800000, 0x0000000089800000|100%| O|  |TAMS 0x0000000089700000, 0x0000000089800000| Untracked 
| 152|0x0000000089800000, 0x0000000089900000, 0x0000000089900000|100%| O|  |TAMS 0x0000000089800000, 0x0000000089900000| Untracked 
| 153|0x0000000089900000, 0x0000000089a00000, 0x0000000089a00000|100%| O|  |TAMS 0x0000000089900000, 0x0000000089a00000| Untracked 
| 154|0x0000000089a00000, 0x0000000089b00000, 0x0000000089b00000|100%| O|  |TAMS 0x0000000089a00000, 0x0000000089b00000| Untracked 
| 155|0x0000000089b00000, 0x0000000089c00000, 0x0000000089c00000|100%| O|  |TAMS 0x0000000089b00000, 0x0000000089c00000| Untracked 
| 156|0x0000000089c00000, 0x0000000089d00000, 0x0000000089d00000|100%| O|  |TAMS 0x0000000089c00000, 0x0000000089d00000| Untracked 
| 157|0x0000000089d00000, 0x0000000089e00000, 0x0000000089e00000|100%| O|  |TAMS 0x0000000089d00000, 0x0000000089e00000| Untracked 
| 158|0x0000000089e00000, 0x0000000089f00000, 0x0000000089f00000|100%| O|  |TAMS 0x0000000089e00000, 0x0000000089f00000| Untracked 
| 159|0x0000000089f00000, 0x000000008a000000, 0x000000008a000000|100%| O|  |TAMS 0x0000000089f00000, 0x000000008a000000| Untracked 
| 160|0x000000008a000000, 0x000000008a095800, 0x000000008a100000| 58%| O|  |TAMS 0x000000008a000000, 0x000000008a095800| Untracked 
| 161|0x000000008a100000, 0x000000008a100000, 0x000000008a200000|  0%| F|  |TAMS 0x000000008a100000, 0x000000008a100000| Untracked 
| 162|0x000000008a200000, 0x000000008a200000, 0x000000008a300000|  0%| F|  |TAMS 0x000000008a200000, 0x000000008a200000| Untracked 
| 163|0x000000008a300000, 0x000000008a300000, 0x000000008a400000|  0%| F|  |TAMS 0x000000008a300000, 0x000000008a300000| Untracked 
| 164|0x000000008a400000, 0x000000008a400000, 0x000000008a500000|  0%| F|  |TAMS 0x000000008a400000, 0x000000008a400000| Untracked 
| 165|0x000000008a500000, 0x000000008a500000, 0x000000008a600000|  0%| F|  |TAMS 0x000000008a500000, 0x000000008a500000| Untracked 
| 166|0x000000008a600000, 0x000000008a600000, 0x000000008a700000|  0%| F|  |TAMS 0x000000008a600000, 0x000000008a600000| Untracked 
| 167|0x000000008a700000, 0x000000008a700000, 0x000000008a800000|  0%| F|  |TAMS 0x000000008a700000, 0x000000008a700000| Untracked 
| 168|0x000000008a800000, 0x000000008a800000, 0x000000008a900000|  0%| F|  |TAMS 0x000000008a800000, 0x000000008a800000| Untracked 
| 169|0x000000008a900000, 0x000000008a900000, 0x000000008aa00000|  0%| F|  |TAMS 0x000000008a900000, 0x000000008a900000| Untracked 
| 170|0x000000008aa00000, 0x000000008aa00000, 0x000000008ab00000|  0%| F|  |TAMS 0x000000008aa00000, 0x000000008aa00000| Untracked 
| 171|0x000000008ab00000, 0x000000008ab00000, 0x000000008ac00000|  0%| F|  |TAMS 0x000000008ab00000, 0x000000008ab00000| Untracked 
| 172|0x000000008ac00000, 0x000000008ac00000, 0x000000008ad00000|  0%| F|  |TAMS 0x000000008ac00000, 0x000000008ac00000| Untracked 
| 173|0x000000008ad00000, 0x000000008ad00000, 0x000000008ae00000|  0%| F|  |TAMS 0x000000008ad00000, 0x000000008ad00000| Untracked 
| 174|0x000000008ae00000, 0x000000008ae00000, 0x000000008af00000|  0%| F|  |TAMS 0x000000008ae00000, 0x000000008ae00000| Untracked 
| 175|0x000000008af00000, 0x000000008af00000, 0x000000008b000000|  0%| F|  |TAMS 0x000000008af00000, 0x000000008af00000| Untracked 
| 176|0x000000008b000000, 0x000000008b000000, 0x000000008b100000|  0%| F|  |TAMS 0x000000008b000000, 0x000000008b000000| Untracked 
| 177|0x000000008b100000, 0x000000008b100000, 0x000000008b200000|  0%| F|  |TAMS 0x000000008b100000, 0x000000008b100000| Untracked 
| 178|0x000000008b200000, 0x000000008b200000, 0x000000008b300000|  0%| F|  |TAMS 0x000000008b200000, 0x000000008b200000| Untracked 
| 179|0x000000008b300000, 0x000000008b300000, 0x000000008b400000|  0%| F|  |TAMS 0x000000008b300000, 0x000000008b300000| Untracked 
| 180|0x000000008b400000, 0x000000008b400000, 0x000000008b500000|  0%| F|  |TAMS 0x000000008b400000, 0x000000008b400000| Untracked 
| 181|0x000000008b500000, 0x000000008b500000, 0x000000008b600000|  0%| F|  |TAMS 0x000000008b500000, 0x000000008b500000| Untracked 
| 182|0x000000008b600000, 0x000000008b600000, 0x000000008b700000|  0%| F|  |TAMS 0x000000008b600000, 0x000000008b600000| Untracked 
| 183|0x000000008b700000, 0x000000008b700000, 0x000000008b800000|  0%| F|  |TAMS 0x000000008b700000, 0x000000008b700000| Untracked 
| 184|0x000000008b800000, 0x000000008b800000, 0x000000008b900000|  0%| F|  |TAMS 0x000000008b800000, 0x000000008b800000| Untracked 
| 185|0x000000008b900000, 0x000000008b900000, 0x000000008ba00000|  0%| F|  |TAMS 0x000000008b900000, 0x000000008b900000| Untracked 
| 186|0x000000008ba00000, 0x000000008ba00000, 0x000000008bb00000|  0%| F|  |TAMS 0x000000008ba00000, 0x000000008ba00000| Untracked 
| 187|0x000000008bb00000, 0x000000008bb00000, 0x000000008bc00000|  0%| F|  |TAMS 0x000000008bb00000, 0x000000008bb00000| Untracked 
| 188|0x000000008bc00000, 0x000000008bc00000, 0x000000008bd00000|  0%| F|  |TAMS 0x000000008bc00000, 0x000000008bc00000| Untracked 
| 189|0x000000008bd00000, 0x000000008bd00000, 0x000000008be00000|  0%| F|  |TAMS 0x000000008bd00000, 0x000000008bd00000| Untracked 
| 190|0x000000008be00000, 0x000000008be00000, 0x000000008bf00000|  0%| F|  |TAMS 0x000000008be00000, 0x000000008be00000| Untracked 
| 191|0x000000008bf00000, 0x000000008bf00000, 0x000000008c000000|  0%| F|  |TAMS 0x000000008bf00000, 0x000000008bf00000| Untracked 
| 192|0x000000008c000000, 0x000000008c000000, 0x000000008c100000|  0%| F|  |TAMS 0x000000008c000000, 0x000000008c000000| Untracked 
| 193|0x000000008c100000, 0x000000008c100000, 0x000000008c200000|  0%| F|  |TAMS 0x000000008c100000, 0x000000008c100000| Untracked 
| 194|0x000000008c200000, 0x000000008c200000, 0x000000008c300000|  0%| F|  |TAMS 0x000000008c200000, 0x000000008c200000| Untracked 
| 195|0x000000008c300000, 0x000000008c300000, 0x000000008c400000|  0%| F|  |TAMS 0x000000008c300000, 0x000000008c300000| Untracked 
| 196|0x000000008c400000, 0x000000008c400000, 0x000000008c500000|  0%| F|  |TAMS 0x000000008c400000, 0x000000008c400000| Untracked 
| 197|0x000000008c500000, 0x000000008c500000, 0x000000008c600000|  0%| F|  |TAMS 0x000000008c500000, 0x000000008c500000| Untracked 
| 198|0x000000008c600000, 0x000000008c600000, 0x000000008c700000|  0%| F|  |TAMS 0x000000008c600000, 0x000000008c600000| Untracked 
| 199|0x000000008c700000, 0x000000008c700000, 0x000000008c800000|  0%| F|  |TAMS 0x000000008c700000, 0x000000008c700000| Untracked 
| 200|0x000000008c800000, 0x000000008c800000, 0x000000008c900000|  0%| F|  |TAMS 0x000000008c800000, 0x000000008c800000| Untracked 
| 201|0x000000008c900000, 0x000000008c900000, 0x000000008ca00000|  0%| F|  |TAMS 0x000000008c900000, 0x000000008c900000| Untracked 
| 202|0x000000008ca00000, 0x000000008ca00000, 0x000000008cb00000|  0%| F|  |TAMS 0x000000008ca00000, 0x000000008ca00000| Untracked 
| 203|0x000000008cb00000, 0x000000008cb00000, 0x000000008cc00000|  0%| F|  |TAMS 0x000000008cb00000, 0x000000008cb00000| Untracked 
| 204|0x000000008cc00000, 0x000000008cc00000, 0x000000008cd00000|  0%| F|  |TAMS 0x000000008cc00000, 0x000000008cc00000| Untracked 
| 205|0x000000008cd00000, 0x000000008cd00000, 0x000000008ce00000|  0%| F|  |TAMS 0x000000008cd00000, 0x000000008cd00000| Untracked 
| 206|0x000000008ce00000, 0x000000008ce00000, 0x000000008cf00000|  0%| F|  |TAMS 0x000000008ce00000, 0x000000008ce00000| Untracked 
| 207|0x000000008cf00000, 0x000000008cf00000, 0x000000008d000000|  0%| F|  |TAMS 0x000000008cf00000, 0x000000008cf00000| Untracked 
| 208|0x000000008d000000, 0x000000008d000000, 0x000000008d100000|  0%| F|  |TAMS 0x000000008d000000, 0x000000008d000000| Untracked 
| 209|0x000000008d100000, 0x000000008d100000, 0x000000008d200000|  0%| F|  |TAMS 0x000000008d100000, 0x000000008d100000| Untracked 
| 210|0x000000008d200000, 0x000000008d200000, 0x000000008d300000|  0%| F|  |TAMS 0x000000008d200000, 0x000000008d200000| Untracked 
| 211|0x000000008d300000, 0x000000008d300000, 0x000000008d400000|  0%| F|  |TAMS 0x000000008d300000, 0x000000008d300000| Untracked 
| 212|0x000000008d400000, 0x000000008d400000, 0x000000008d500000|  0%| F|  |TAMS 0x000000008d400000, 0x000000008d400000| Untracked 
| 213|0x000000008d500000, 0x000000008d5ea170, 0x000000008d600000| 91%| S|CS|TAMS 0x000000008d500000, 0x000000008d500000| Complete 
| 214|0x000000008d600000, 0x000000008d700000, 0x000000008d700000|100%| S|CS|TAMS 0x000000008d600000, 0x000000008d600000| Complete 
| 215|0x000000008d700000, 0x000000008d800000, 0x000000008d800000|100%| S|CS|TAMS 0x000000008d700000, 0x000000008d700000| Complete 
| 216|0x000000008d800000, 0x000000008d900000, 0x000000008d900000|100%| S|CS|TAMS 0x000000008d800000, 0x000000008d800000| Complete 
| 217|0x000000008d900000, 0x000000008d900000, 0x000000008da00000|  0%| F|  |TAMS 0x000000008d900000, 0x000000008d900000| Untracked 
| 218|0x000000008da00000, 0x000000008da00000, 0x000000008db00000|  0%| F|  |TAMS 0x000000008da00000, 0x000000008da00000| Untracked 
| 219|0x000000008db00000, 0x000000008db00000, 0x000000008dc00000|  0%| F|  |TAMS 0x000000008db00000, 0x000000008db00000| Untracked 
| 220|0x000000008dc00000, 0x000000008dc00000, 0x000000008dd00000|  0%| F|  |TAMS 0x000000008dc00000, 0x000000008dc00000| Untracked 
| 221|0x000000008dd00000, 0x000000008dd00000, 0x000000008de00000|  0%| F|  |TAMS 0x000000008dd00000, 0x000000008dd00000| Untracked 
| 222|0x000000008de00000, 0x000000008de00000, 0x000000008df00000|  0%| F|  |TAMS 0x000000008de00000, 0x000000008de00000| Untracked 
| 223|0x000000008df00000, 0x000000008df00000, 0x000000008e000000|  0%| F|  |TAMS 0x000000008df00000, 0x000000008df00000| Untracked 
| 224|0x000000008e000000, 0x000000008e000000, 0x000000008e100000|  0%| F|  |TAMS 0x000000008e000000, 0x000000008e000000| Untracked 
| 225|0x000000008e100000, 0x000000008e100000, 0x000000008e200000|  0%| F|  |TAMS 0x000000008e100000, 0x000000008e100000| Untracked 
| 226|0x000000008e200000, 0x000000008e200000, 0x000000008e300000|  0%| F|  |TAMS 0x000000008e200000, 0x000000008e200000| Untracked 
| 227|0x000000008e300000, 0x000000008e300000, 0x000000008e400000|  0%| F|  |TAMS 0x000000008e300000, 0x000000008e300000| Untracked 
| 228|0x000000008e400000, 0x000000008e400000, 0x000000008e500000|  0%| F|  |TAMS 0x000000008e400000, 0x000000008e400000| Untracked 
| 229|0x000000008e500000, 0x000000008e500000, 0x000000008e600000|  0%| F|  |TAMS 0x000000008e500000, 0x000000008e500000| Untracked 
| 230|0x000000008e600000, 0x000000008e600000, 0x000000008e700000|  0%| F|  |TAMS 0x000000008e600000, 0x000000008e600000| Untracked 
| 231|0x000000008e700000, 0x000000008e700000, 0x000000008e800000|  0%| F|  |TAMS 0x000000008e700000, 0x000000008e700000| Untracked 
| 232|0x000000008e800000, 0x000000008e800000, 0x000000008e900000|  0%| F|  |TAMS 0x000000008e800000, 0x000000008e800000| Untracked 
| 233|0x000000008e900000, 0x000000008e900000, 0x000000008ea00000|  0%| F|  |TAMS 0x000000008e900000, 0x000000008e900000| Untracked 
| 234|0x000000008ea00000, 0x000000008ea00000, 0x000000008eb00000|  0%| F|  |TAMS 0x000000008ea00000, 0x000000008ea00000| Untracked 
| 235|0x000000008eb00000, 0x000000008eb00000, 0x000000008ec00000|  0%| F|  |TAMS 0x000000008eb00000, 0x000000008eb00000| Untracked 
| 236|0x000000008ec00000, 0x000000008ec00000, 0x000000008ed00000|  0%| F|  |TAMS 0x000000008ec00000, 0x000000008ec00000| Untracked 
| 237|0x000000008ed00000, 0x000000008ed00000, 0x000000008ee00000|  0%| F|  |TAMS 0x000000008ed00000, 0x000000008ed00000| Untracked 
| 238|0x000000008ee00000, 0x000000008ee00000, 0x000000008ef00000|  0%| F|  |TAMS 0x000000008ee00000, 0x000000008ee00000| Untracked 
| 239|0x000000008ef00000, 0x000000008ef00000, 0x000000008f000000|  0%| F|  |TAMS 0x000000008ef00000, 0x000000008ef00000| Untracked 
| 240|0x000000008f000000, 0x000000008f000000, 0x000000008f100000|  0%| F|  |TAMS 0x000000008f000000, 0x000000008f000000| Untracked 
| 241|0x000000008f100000, 0x000000008f100000, 0x000000008f200000|  0%| F|  |TAMS 0x000000008f100000, 0x000000008f100000| Untracked 
| 242|0x000000008f200000, 0x000000008f200000, 0x000000008f300000|  0%| F|  |TAMS 0x000000008f200000, 0x000000008f200000| Untracked 
| 243|0x000000008f300000, 0x000000008f300000, 0x000000008f400000|  0%| F|  |TAMS 0x000000008f300000, 0x000000008f300000| Untracked 
| 244|0x000000008f400000, 0x000000008f400000, 0x000000008f500000|  0%| F|  |TAMS 0x000000008f400000, 0x000000008f400000| Untracked 
| 245|0x000000008f500000, 0x000000008f500000, 0x000000008f600000|  0%| F|  |TAMS 0x000000008f500000, 0x000000008f500000| Untracked 
| 246|0x000000008f600000, 0x000000008f600000, 0x000000008f700000|  0%| F|  |TAMS 0x000000008f600000, 0x000000008f600000| Untracked 
| 247|0x000000008f700000, 0x000000008f700000, 0x000000008f800000|  0%| F|  |TAMS 0x000000008f700000, 0x000000008f700000| Untracked 
| 248|0x000000008f800000, 0x000000008f800000, 0x000000008f900000|  0%| F|  |TAMS 0x000000008f800000, 0x000000008f800000| Untracked 
| 249|0x000000008f900000, 0x000000008f900000, 0x000000008fa00000|  0%| F|  |TAMS 0x000000008f900000, 0x000000008f900000| Untracked 
| 250|0x000000008fa00000, 0x000000008fa00000, 0x000000008fb00000|  0%| F|  |TAMS 0x000000008fa00000, 0x000000008fa00000| Untracked 
| 251|0x000000008fb00000, 0x000000008fb00000, 0x000000008fc00000|  0%| F|  |TAMS 0x000000008fb00000, 0x000000008fb00000| Untracked 
| 252|0x000000008fc00000, 0x000000008fc00000, 0x000000008fd00000|  0%| F|  |TAMS 0x000000008fc00000, 0x000000008fc00000| Untracked 
| 253|0x000000008fd00000, 0x000000008fd00000, 0x000000008fe00000|  0%| F|  |TAMS 0x000000008fd00000, 0x000000008fd00000| Untracked 
| 254|0x000000008fe00000, 0x000000008fe00000, 0x000000008ff00000|  0%| F|  |TAMS 0x000000008fe00000, 0x000000008fe00000| Untracked 
| 255|0x000000008ff00000, 0x000000008ff00000, 0x0000000090000000|  0%| F|  |TAMS 0x000000008ff00000, 0x000000008ff00000| Untracked 
| 256|0x0000000090000000, 0x0000000090000000, 0x0000000090100000|  0%| F|  |TAMS 0x0000000090000000, 0x0000000090000000| Untracked 
| 257|0x0000000090100000, 0x0000000090100000, 0x0000000090200000|  0%| F|  |TAMS 0x0000000090100000, 0x0000000090100000| Untracked 
| 258|0x0000000090200000, 0x0000000090200000, 0x0000000090300000|  0%| F|  |TAMS 0x0000000090200000, 0x0000000090200000| Untracked 
| 259|0x0000000090300000, 0x0000000090300000, 0x0000000090400000|  0%| F|  |TAMS 0x0000000090300000, 0x0000000090300000| Untracked 
| 260|0x0000000090400000, 0x0000000090400000, 0x0000000090500000|  0%| F|  |TAMS 0x0000000090400000, 0x0000000090400000| Untracked 
| 261|0x0000000090500000, 0x0000000090500000, 0x0000000090600000|  0%| F|  |TAMS 0x0000000090500000, 0x0000000090500000| Untracked 
| 262|0x0000000090600000, 0x0000000090600000, 0x0000000090700000|  0%| F|  |TAMS 0x0000000090600000, 0x0000000090600000| Untracked 
| 263|0x0000000090700000, 0x0000000090700000, 0x0000000090800000|  0%| F|  |TAMS 0x0000000090700000, 0x0000000090700000| Untracked 
| 264|0x0000000090800000, 0x0000000090800000, 0x0000000090900000|  0%| F|  |TAMS 0x0000000090800000, 0x0000000090800000| Untracked 
| 265|0x0000000090900000, 0x0000000090900000, 0x0000000090a00000|  0%| F|  |TAMS 0x0000000090900000, 0x0000000090900000| Untracked 
| 266|0x0000000090a00000, 0x0000000090a00000, 0x0000000090b00000|  0%| F|  |TAMS 0x0000000090a00000, 0x0000000090a00000| Untracked 
| 267|0x0000000090b00000, 0x0000000090b00000, 0x0000000090c00000|  0%| F|  |TAMS 0x0000000090b00000, 0x0000000090b00000| Untracked 
| 268|0x0000000090c00000, 0x0000000090c00000, 0x0000000090d00000|  0%| F|  |TAMS 0x0000000090c00000, 0x0000000090c00000| Untracked 
| 269|0x0000000090d00000, 0x0000000090d00000, 0x0000000090e00000|  0%| F|  |TAMS 0x0000000090d00000, 0x0000000090d00000| Untracked 
| 270|0x0000000090e00000, 0x0000000090e00000, 0x0000000090f00000|  0%| F|  |TAMS 0x0000000090e00000, 0x0000000090e00000| Untracked 
| 271|0x0000000090f00000, 0x0000000090f00000, 0x0000000091000000|  0%| F|  |TAMS 0x0000000090f00000, 0x0000000090f00000| Untracked 
| 272|0x0000000091000000, 0x0000000091000000, 0x0000000091100000|  0%| F|  |TAMS 0x0000000091000000, 0x0000000091000000| Untracked 
| 273|0x0000000091100000, 0x0000000091100000, 0x0000000091200000|  0%| F|  |TAMS 0x0000000091100000, 0x0000000091100000| Untracked 

Card table byte_map: [0x0000024b773d0000,0x0000024b777d0000] _byte_map_base: 0x0000024b76fd0000

Marking Bits (Prev, Next): (CMBitMap*) 0x0000024b60669e80, (CMBitMap*) 0x0000024b60669e48
 Prev Bits: [0x0000024b79bd0000, 0x0000024b7bbd0000)
 Next Bits: [0x0000024b77bd0000, 0x0000024b79bd0000)

Polling page: 0x0000024b5fe00000

Metaspace:

Usage:
  Non-class:     93.58 MB capacity,    91.02 MB ( 97%) used,     2.22 MB (  2%) free+waste,   340.38 KB ( <1%) overhead. 
      Class:     15.33 MB capacity,    13.73 MB ( 90%) used,     1.45 MB (  9%) free+waste,   160.44 KB (  1%) overhead. 
       Both:    108.91 MB capacity,   104.75 MB ( 96%) used,     3.67 MB (  3%) free+waste,   500.81 KB ( <1%) overhead. 

Virtual space:
  Non-class space:       94.00 MB reserved,      93.75 MB (>99%) committed 
      Class space:      504.00 MB reserved,      15.38 MB (  3%) committed 
             Both:      598.00 MB reserved,     109.13 MB ( 18%) committed 

Chunk freelists:
   Non-Class:  6.00 KB
       Class:  1.13 KB
        Both:  7.13 KB

CodeHeap 'non-profiled nmethods': size=120000Kb used=9277Kb max_used=10133Kb free=110722Kb
 bounds [0x0000024b6f770000, 0x0000024b70160000, 0x0000024b76ca0000]
CodeHeap 'profiled nmethods': size=120000Kb used=33175Kb max_used=33175Kb free=86824Kb
 bounds [0x0000024b68240000, 0x0000024b6a2b0000, 0x0000024b6f770000]
CodeHeap 'non-nmethods': size=5760Kb used=2315Kb max_used=2375Kb free=3444Kb
 bounds [0x0000024b67ca0000, 0x0000024b67f10000, 0x0000024b68240000]
 total_blobs=15672 nmethods=14752 adapters=829
 compilation: enabled
              stopped_count=0, restarted_count=0
 full_count=0

Compilation events (10 events):
Event: 57.290 Thread 0x0000024b7e62d800 14983       4       org.gradle.internal.io.StreamByteBuffer$StreamByteBufferInputStream::readImpl (150 bytes)
Event: 57.307 Thread 0x0000024b7e62d800 nmethod 14983 0x0000024b70151b10 code [0x0000024b70151ca0, 0x0000024b701522b8]
Event: 57.307 Thread 0x0000024b7e62d800 14984       4       org.gradle.internal.time.DefaultCountdownTimer::hasExpired (15 bytes)
Event: 57.309 Thread 0x0000024b7e62d800 nmethod 14984 0x0000024b70152710 code [0x0000024b701528a0, 0x0000024b70152a58]
Event: 57.309 Thread 0x0000024b7e62d800 14924       4       org.gradle.internal.snapshot.SnapshotHierarchy::findSnapshot (38 bytes)
Event: 57.317 Thread 0x0000024b06177000 nmethod 14925 0x0000024b70152c10 code [0x0000024b70152e40, 0x0000024b70153db8]
Event: 57.318 Thread 0x0000024b06177000 14985   !   4       com.google.common.cache.LocalCache$Segment::storeLoadedValue (371 bytes)
Event: 57.324 Thread 0x0000024b7e62d800 nmethod 14924 0x0000024b70154710 code [0x0000024b70154900, 0x0000024b70155118]
Event: 57.329 Thread 0x0000024b7e62d800 14986       4       org.gradle.internal.serialize.InterningStringSerializer::write (10 bytes)
Event: 57.345 Thread 0x0000024b7e637800 14988       3       org.gradle.api.internal.file.collections.DefaultConfigurableFileCollection$1::visitCollection (43 bytes)

GC Heap History (10 events):
Event: 54.206 GC heap after
{Heap after GC invocations=70 (full 0):
 garbage-first heap   total 225280K, used 146273K [0x0000000080000000, 0x0000000100000000)
  region size 1024K, 5 young (5120K), 5 survivors (5120K)
 Metaspace       used 103348K, capacity 107391K, committed 107648K, reserved 610304K
  class space    used 13624K, capacity 15164K, committed 15232K, reserved 516096K
}
Event: 54.536 GC heap before
{Heap before GC invocations=70 (full 0):
 garbage-first heap   total 225280K, used 180065K [0x0000000080000000, 0x0000000100000000)
  region size 1024K, 38 young (38912K), 5 survivors (5120K)
 Metaspace       used 104604K, capacity 108686K, committed 108800K, reserved 610304K
  class space    used 13767K, capacity 15294K, committed 15360K, reserved 516096K
}
Event: 54.547 GC heap after
{Heap after GC invocations=71 (full 0):
 garbage-first heap   total 280576K, used 149908K [0x0000000080000000, 0x0000000100000000)
  region size 1024K, 4 young (4096K), 4 survivors (4096K)
 Metaspace       used 104604K, capacity 108686K, committed 108800K, reserved 610304K
  class space    used 13767K, capacity 15294K, committed 15360K, reserved 516096K
}
Event: 55.023 GC heap before
{Heap before GC invocations=72 (full 0):
 garbage-first heap   total 280576K, used 200084K [0x0000000080000000, 0x0000000100000000)
  region size 1024K, 53 young (54272K), 4 survivors (4096K)
 Metaspace       used 105673K, capacity 109768K, committed 109952K, reserved 612352K
  class space    used 13891K, capacity 15436K, committed 15488K, reserved 516096K
}
Event: 55.036 GC heap after
{Heap after GC invocations=73 (full 0):
 garbage-first heap   total 280576K, used 153812K [0x0000000080000000, 0x0000000100000000)
  region size 1024K, 7 young (7168K), 7 survivors (7168K)
 Metaspace       used 105673K, capacity 109768K, committed 109952K, reserved 612352K
  class space    used 13891K, capacity 15436K, committed 15488K, reserved 516096K
}
Event: 55.775 GC heap before
{Heap before GC invocations=73 (full 0):
 garbage-first heap   total 280576K, used 205012K [0x0000000080000000, 0x0000000100000000)
  region size 1024K, 58 young (59392K), 7 survivors (7168K)
 Metaspace       used 106591K, capacity 110734K, committed 110976K, reserved 612352K
  class space    used 14020K, capacity 15620K, committed 15744K, reserved 516096K
}
Event: 55.788 GC heap after
{Heap after GC invocations=74 (full 0):
 garbage-first heap   total 280576K, used 159649K [0x0000000080000000, 0x0000000100000000)
  region size 1024K, 6 young (6144K), 6 survivors (6144K)
 Metaspace       used 106591K, capacity 110734K, committed 110976K, reserved 612352K
  class space    used 14020K, capacity 15620K, committed 15744K, reserved 516096K
}
Event: 56.612 GC heap before
{Heap before GC invocations=75 (full 0):
 garbage-first heap   total 280576K, used 210849K [0x0000000080000000, 0x0000000100000000)
  region size 1024K, 57 young (58368K), 6 survivors (6144K)
 Metaspace       used 107038K, capacity 111297K, committed 111488K, reserved 612352K
  class space    used 14047K, capacity 15659K, committed 15744K, reserved 516096K
}
Event: 56.627 GC heap after
{Heap after GC invocations=76 (full 0):
 garbage-first heap   total 280576K, used 164794K [0x0000000080000000, 0x0000000100000000)
  region size 1024K, 6 young (6144K), 6 survivors (6144K)
 Metaspace       used 107038K, capacity 111297K, committed 111488K, reserved 612352K
  class space    used 14047K, capacity 15659K, committed 15744K, reserved 516096K
}
Event: 57.345 GC heap before
{Heap before GC invocations=76 (full 0):
 garbage-first heap   total 280576K, used 215994K [0x0000000080000000, 0x0000000100000000)
  region size 1024K, 57 young (58368K), 6 survivors (6144K)
 Metaspace       used 107263K, capacity 111527K, committed 111744K, reserved 612352K
  class space    used 14057K, capacity 15703K, committed 15744K, reserved 516096K
}

Deoptimization events (10 events):
Event: 56.840 Thread 0x0000024b03f33800 Uncommon trap: reason=unstable_if action=reinterpret pc=0x0000024b6f83a76c method=java.util.concurrent.ConcurrentHashMap.transfer([Ljava/util/concurrent/ConcurrentHashMap$Node;[Ljava/util/concurrent/ConcurrentHashMap$Node;)V @ 34 c2
Event: 56.840 Thread 0x0000024b0457e000 Uncommon trap: reason=unstable_if action=reinterpret pc=0x0000024b6f83a76c method=java.util.concurrent.ConcurrentHashMap.transfer([Ljava/util/concurrent/ConcurrentHashMap$Node;[Ljava/util/concurrent/ConcurrentHashMap$Node;)V @ 34 c2
Event: 56.841 Thread 0x0000024b03f3c800 Uncommon trap: reason=unstable_if action=reinterpret pc=0x0000024b6f83a688 method=java.util.concurrent.ConcurrentHashMap.transfer([Ljava/util/concurrent/ConcurrentHashMap$Node;[Ljava/util/concurrent/ConcurrentHashMap$Node;)V @ 347 c2
Event: 56.842 Thread 0x0000024b03f32000 Uncommon trap: reason=unstable_if action=reinterpret pc=0x0000024b6f829680 method=java.util.concurrent.ConcurrentHashMap.transfer([Ljava/util/concurrent/ConcurrentHashMap$Node;[Ljava/util/concurrent/ConcurrentHashMap$Node;)V @ 273 c2
Event: 57.157 Thread 0x0000024b03873000 Uncommon trap: reason=array_check action=maybe_recompile pc=0x0000024b701458dc method=java.util.TimSort.reverseRange([Ljava/lang/Object;II)V @ 20 c2
Event: 57.157 Thread 0x0000024b065ea000 Uncommon trap: reason=array_check action=maybe_recompile pc=0x0000024b701458dc method=java.util.TimSort.reverseRange([Ljava/lang/Object;II)V @ 20 c2
Event: 57.158 Thread 0x0000024b065e9000 Uncommon trap: reason=array_check action=maybe_recompile pc=0x0000024b701458dc method=java.util.TimSort.reverseRange([Ljava/lang/Object;II)V @ 20 c2
Event: 57.159 Thread 0x0000024b01dd1000 Uncommon trap: reason=array_check action=maybe_recompile pc=0x0000024b701458dc method=java.util.TimSort.reverseRange([Ljava/lang/Object;II)V @ 20 c2
Event: 57.263 Thread 0x0000024b0122a000 Uncommon trap: reason=unstable_if action=reinterpret pc=0x0000024b6ff9130c method=java.util.concurrent.locks.AbstractQueuedSynchronizer.findNodeFromTail(Ljava/util/concurrent/locks/AbstractQueuedSynchronizer$Node;)Z @ 7 c2
Event: 57.337 Thread 0x0000024b065e5000 Uncommon trap: reason=array_check action=maybe_recompile pc=0x0000024b7014979c method=java.util.TimSort.reverseRange([Ljava/lang/Object;II)V @ 20 c2

Classes redefined (0 events):
No events

Internal exceptions (10 events):
Event: 55.123 Thread 0x0000024b0ab05000 Exception <a 'java/lang/ClassNotFoundException'{0x0000000090bd6808}: groovy/util/FileTreeBuilderCustomizer> (0x0000000090bd6808) thrown at [./open/src/hotspot/share/classfile/systemDictionary.cpp, line 226]
Event: 55.128 Thread 0x0000024b0ab05000 Exception <a 'java/lang/ClassNotFoundException'{0x0000000090a1a500}: java/io/BufferedWriterBeanInfo> (0x0000000090a1a500) thrown at [./open/src/hotspot/share/classfile/systemDictionary.cpp, line 226]
Event: 55.128 Thread 0x0000024b0ab05000 Exception <a 'java/lang/ClassNotFoundException'{0x0000000090a1fa88}: java/io/WriterBeanInfo> (0x0000000090a1fa88) thrown at [./open/src/hotspot/share/classfile/systemDictionary.cpp, line 226]
Event: 55.129 Thread 0x0000024b0ab05000 Exception <a 'java/lang/ClassNotFoundException'{0x0000000090a25030}: java/io/WriterCustomizer> (0x0000000090a25030) thrown at [./open/src/hotspot/share/classfile/systemDictionary.cpp, line 226]
Event: 55.129 Thread 0x0000024b0ab05000 Exception <a 'java/lang/ClassNotFoundException'{0x0000000090a32270}: java/io/BufferedWriterCustomizer> (0x0000000090a32270) thrown at [./open/src/hotspot/share/classfile/systemDictionary.cpp, line 226]
Event: 55.232 Thread 0x0000024b0ab06000 Exception <a 'java/lang/NoSuchMethodError'{0x0000000090682340}: static Lcom/android/build/api/variant/BuildConfigField;.<clinit>()V> (0x0000000090682340) thrown at [./open/src/hotspot/share/prims/jni.cpp, line 1366]
Event: 55.467 Thread 0x0000024b01dd5000 Exception <a 'java/lang/NoSuchMethodError'{0x000000008fe259b8}: java.lang.invoke.DirectMethodHandle$Holder.invokeSpecialIFC(Ljava/lang/Object;Ljava/lang/Object;Ljava/lang/Object;)Ljava/lang/Object;> (0x000000008fe259b8) thrown at [./open/src/hotspot/share
Event: 55.467 Thread 0x0000024b065e1000 Exception <a 'java/lang/NoSuchMethodError'{0x000000008fe22e98}: java.lang.invoke.DirectMethodHandle$Holder.invokeSpecialIFC(Ljava/lang/Object;Ljava/lang/Object;Ljava/lang/Object;)Ljava/lang/Object;> (0x000000008fe22e98) thrown at [./open/src/hotspot/share
Event: 56.220 Thread 0x0000024b0ab02800 Exception <a 'java/lang/NoSuchMethodError'{0x000000008f694350}: static Lcom/android/build/api/variant/impl/ResValueKeyImpl;.<clinit>()V> (0x000000008f694350) thrown at [./open/src/hotspot/share/prims/jni.cpp, line 1366]
Event: 56.222 Thread 0x0000024b0ab02800 Exception <a 'java/lang/NoSuchMethodError'{0x000000008f6a3340}: static Lcom/android/build/api/variant/ResValue;.<clinit>()V> (0x000000008f6a3340) thrown at [./open/src/hotspot/share/prims/jni.cpp, line 1366]

Events (10 events):
Event: 57.340 Thread 0x0000024b7e63d000 flushing nmethod 0x0000024b6f9f2a10
Event: 57.340 Thread 0x0000024b7e63d000 flushing nmethod 0x0000024b6f9f8390
Event: 57.340 Thread 0x0000024b7e63d000 flushing nmethod 0x0000024b6fa14410
Event: 57.340 Thread 0x0000024b7e63d000 flushing nmethod 0x0000024b6fa29f90
Event: 57.341 Thread 0x0000024b7e63d000 flushing nmethod 0x0000024b6fa3e110
Event: 57.341 Thread 0x0000024b7e63d000 flushing nmethod 0x0000024b6fa4b610
Event: 57.341 Thread 0x0000024b7e63d000 flushing nmethod 0x0000024b6fa4c090
Event: 57.341 Thread 0x0000024b7e63d000 flushing nmethod 0x0000024b6fa6e910
Event: 57.342 Thread 0x0000024b7e63d000 flushing nmethod 0x0000024b6fb60c10
Event: 57.345 Executing VM operation: G1CollectForAllocation


Dynamic libraries:
0x00007ff794940000 - 0x00007ff79494f000 	C:\Program Files\Java\jdk-11.0.14\bin\java.exe
0x00007ffa6f410000 - 0x00007ffa6f605000 	C:\WINDOWS\SYSTEM32\ntdll.dll
0x00007ffa6e3e0000 - 0x00007ffa6e49e000 	C:\WINDOWS\System32\KERNEL32.DLL
0x00007ffa6cf90000 - 0x00007ffa6d258000 	C:\WINDOWS\System32\KERNELBASE.dll
0x00007ffa69fc0000 - 0x00007ffa6a050000 	C:\WINDOWS\SYSTEM32\apphelp.dll
0x00007ffa6d260000 - 0x00007ffa6d360000 	C:\WINDOWS\System32\ucrtbase.dll
0x00007ffa570b0000 - 0x00007ffa570c8000 	C:\Program Files\Java\jdk-11.0.14\bin\jli.dll
0x00007ffa570d0000 - 0x00007ffa570e5000 	C:\Program Files\Java\jdk-11.0.14\bin\VCRUNTIME140.dll
0x00007ffa6f040000 - 0x00007ffa6f0ee000 	C:\WINDOWS\System32\ADVAPI32.dll
0x00007ffa6ef10000 - 0x00007ffa6efae000 	C:\WINDOWS\System32\msvcrt.dll
0x00007ffa6d910000 - 0x00007ffa6d9ac000 	C:\WINDOWS\System32\sechost.dll
0x00007ffa6f2a0000 - 0x00007ffa6f3c5000 	C:\WINDOWS\System32\RPCRT4.dll
0x00007ffa6e4b0000 - 0x00007ffa6e651000 	C:\WINDOWS\System32\USER32.dll
0x00007ffa6cf60000 - 0x00007ffa6cf82000 	C:\WINDOWS\System32\win32u.dll
0x00007ffa559e0000 - 0x00007ffa55c7a000 	C:\WINDOWS\WinSxS\amd64_microsoft.windows.common-controls_6595b64144ccf1df_6.0.19041.1110_none_60b5254171f9507e\COMCTL32.dll
0x00007ffa6dbe0000 - 0x00007ffa6dc0b000 	C:\WINDOWS\System32\GDI32.dll
0x00007ffa6ce50000 - 0x00007ffa6cf5d000 	C:\WINDOWS\System32\gdi32full.dll
0x00007ffa6cd80000 - 0x00007ffa6ce1d000 	C:\WINDOWS\System32\msvcp_win.dll
0x00007ffa6aaf0000 - 0x00007ffa6aafa000 	C:\WINDOWS\SYSTEM32\VERSION.dll
0x00007ffa6d9b0000 - 0x00007ffa6d9e0000 	C:\WINDOWS\System32\IMM32.DLL
0x00007ffa34610000 - 0x00007ffa346ab000 	C:\Program Files\Java\jdk-11.0.14\bin\msvcp140.dll
0x00007ff9fde10000 - 0x00007ff9fe926000 	C:\Program Files\Java\jdk-11.0.14\bin\server\jvm.dll
0x00007ffa6d460000 - 0x00007ffa6d468000 	C:\WINDOWS\System32\PSAPI.DLL
0x00007ffa5ac40000 - 0x00007ffa5ac49000 	C:\WINDOWS\SYSTEM32\WSOCK32.dll
0x00007ffa6f0f0000 - 0x00007ffa6f15b000 	C:\WINDOWS\System32\WS2_32.dll
0x00007ffa564a0000 - 0x00007ffa564c7000 	C:\WINDOWS\SYSTEM32\WINMM.dll
0x00007ffa6b3f0000 - 0x00007ffa6b402000 	C:\WINDOWS\SYSTEM32\kernel.appcore.dll
0x00007ffa6aab0000 - 0x00007ffa6aac0000 	C:\Program Files\Java\jdk-11.0.14\bin\verify.dll
0x00007ffa556a0000 - 0x00007ffa55884000 	C:\WINDOWS\SYSTEM32\DBGHELP.DLL
0x00007ffa53d80000 - 0x00007ffa53dac000 	C:\WINDOWS\SYSTEM32\dbgcore.DLL
0x00007ffa6d360000 - 0x00007ffa6d3e2000 	C:\WINDOWS\System32\bcryptPrimitives.dll
0x00007ffa57020000 - 0x00007ffa57048000 	C:\Program Files\Java\jdk-11.0.14\bin\java.dll
0x00007ffa570a0000 - 0x00007ffa570aa000 	C:\Program Files\Java\jdk-11.0.14\bin\jimage.dll
0x00007ffa57000000 - 0x00007ffa57016000 	C:\Program Files\Java\jdk-11.0.14\bin\zip.dll
0x00007ffa6dc10000 - 0x00007ffa6e354000 	C:\WINDOWS\System32\SHELL32.dll
0x00007ffa6abf0000 - 0x00007ffa6b385000 	C:\WINDOWS\SYSTEM32\windows.storage.dll
0x00007ffa6d490000 - 0x00007ffa6d7e5000 	C:\WINDOWS\System32\combase.dll
0x00007ffa6c570000 - 0x00007ffa6c59e000 	C:\WINDOWS\SYSTEM32\Wldp.dll
0x00007ffa6e9e0000 - 0x00007ffa6ea8d000 	C:\WINDOWS\System32\SHCORE.dll
0x00007ffa6f240000 - 0x00007ffa6f295000 	C:\WINDOWS\System32\shlwapi.dll
0x00007ffa6ca60000 - 0x00007ffa6ca7f000 	C:\WINDOWS\SYSTEM32\profapi.dll
0x00007ffa55d40000 - 0x00007ffa55d59000 	C:\Program Files\Java\jdk-11.0.14\bin\net.dll
0x00007ffa5fe20000 - 0x00007ffa5ff2c000 	C:\WINDOWS\SYSTEM32\WINHTTP.dll
0x00007ffa6c2d0000 - 0x00007ffa6c33a000 	C:\WINDOWS\system32\mswsock.dll
0x00007ffa3f800000 - 0x00007ffa3f812000 	C:\Program Files\Java\jdk-11.0.14\bin\nio.dll
0x00007ffa3edc0000 - 0x00007ffa3ede7000 	C:\Users\cuong\.gradle\native\e1d6ef7f7dcc3fd88c89a11ec53ec762bb8ba0a96d01ffa2cd45eb1d1d8dd5c5\windows-amd64\native-platform.dll
0x00007ffa344c0000 - 0x00007ffa34604000 	C:\Users\cuong\.gradle\native\5664cfc778a61ccfe75a443a1ab52a65af34e5dc3c78e0209fed803814484fcb\windows-amd64\native-platform-file-events.dll
0x00007ffa57090000 - 0x00007ffa57099000 	C:\Program Files\Java\jdk-11.0.14\bin\management.dll
0x00007ffa55d20000 - 0x00007ffa55d2b000 	C:\Program Files\Java\jdk-11.0.14\bin\management_ext.dll
0x00007ffa6c4c0000 - 0x00007ffa6c4d8000 	C:\WINDOWS\SYSTEM32\CRYPTSP.dll
0x00007ffa6bbe0000 - 0x00007ffa6bc14000 	C:\WINDOWS\system32\rsaenh.dll
0x00007ffa6ce20000 - 0x00007ffa6ce47000 	C:\WINDOWS\System32\bcrypt.dll
0x00007ffa6ca20000 - 0x00007ffa6ca4e000 	C:\WINDOWS\SYSTEM32\USERENV.dll
0x00007ffa6c4e0000 - 0x00007ffa6c4ec000 	C:\WINDOWS\SYSTEM32\CRYPTBASE.dll
0x00007ffa6bf70000 - 0x00007ffa6bfab000 	C:\WINDOWS\SYSTEM32\IPHLPAPI.DLL
0x00007ffa6d450000 - 0x00007ffa6d458000 	C:\WINDOWS\System32\NSI.dll
0x00007ffa647b0000 - 0x00007ffa647c7000 	C:\WINDOWS\SYSTEM32\dhcpcsvc6.DLL
0x00007ffa656d0000 - 0x00007ffa656ed000 	C:\WINDOWS\SYSTEM32\dhcpcsvc.DLL
0x00007ffa6bfb0000 - 0x00007ffa6c07b000 	C:\WINDOWS\SYSTEM32\DNSAPI.dll

dbghelp: loaded successfully - version: 4.0.5 - missing functions: none
symbol engine: initialized successfully - sym options: 0x614 - pdb path: .;C:\Program Files\Java\jdk-11.0.14\bin;C:\WINDOWS\SYSTEM32;C:\WINDOWS\WinSxS\amd64_microsoft.windows.common-controls_6595b64144ccf1df_6.0.19041.1110_none_60b5254171f9507e;C:\Program Files\Java\jdk-11.0.14\bin\server;C:\Users\cuong\.gradle\native\e1d6ef7f7dcc3fd88c89a11ec53ec762bb8ba0a96d01ffa2cd45eb1d1d8dd5c5\windows-amd64;C:\Users\cuong\.gradle\native\5664cfc778a61ccfe75a443a1ab52a65af34e5dc3c78e0209fed803814484fcb\windows-amd64

VM Arguments:
jvm_args: -XX:MaxMetaspaceSize=512m --add-opens=java.base/java.util=ALL-UNNAMED --add-opens=java.base/java.lang=ALL-UNNAMED --add-opens=java.base/java.lang.invoke=ALL-UNNAMED --add-opens=java.base/java.util=ALL-UNNAMED --add-opens=java.prefs/java.util.prefs=ALL-UNNAMED --add-opens=java.prefs/java.util.prefs=ALL-UNNAMED --add-opens=java.base/java.nio.charset=ALL-UNNAMED --add-opens=java.base/java.net=ALL-UNNAMED --add-opens=java.base/java.util.concurrent.atomic=ALL-UNNAMED -Xmx2048m -Dfile.encoding=windows-1252 -Duser.country=GB -Duser.language=en -Duser.variant 
java_command: org.gradle.launcher.daemon.bootstrap.GradleDaemon 7.3.3
java_class_path (initial): C:\Users\cuong\.gradle\wrapper\dists\gradle-7.3.3-all\4295vidhdd9hd3gbjyw1xqxpo\gradle-7.3.3\lib\gradle-launcher-7.3.3.jar
Launcher Type: SUN_STANDARD

[Global flags]
     intx CICompilerCount                          = 4                                         {product} {ergonomic}
   size_t CompressedClassSpaceSize                 = 528482304                                 {product} {ergonomic}
     uint ConcGCThreads                            = 2                                         {product} {ergonomic}
     uint G1ConcRefinementThreads                  = 8                                         {product} {ergonomic}
   size_t G1HeapRegionSize                         = 1048576                                   {product} {ergonomic}
    uintx GCDrainStackTargetSize                   = 64                                        {product} {ergonomic}
   size_t InitialHeapSize                          = 132120576                                 {product} {ergonomic}
   size_t MarkStackSize                            = 4194304                                   {product} {ergonomic}
   size_t MaxHeapSize                              = 2147483648                                {product} {command line}
   size_t MaxMetaspaceSize                         = 536870912                                 {product} {command line}
   size_t MaxNewSize                               = 1287651328                                {product} {ergonomic}
   size_t MinHeapDeltaBytes                        = 1048576                                   {product} {ergonomic}
    uintx NonNMethodCodeHeapSize                   = 5836300                                {pd product} {ergonomic}
    uintx NonProfiledCodeHeapSize                  = 122910970                              {pd product} {ergonomic}
    uintx ProfiledCodeHeapSize                     = 122910970                              {pd product} {ergonomic}
    uintx ReservedCodeCacheSize                    = 251658240                              {pd product} {ergonomic}
     bool SegmentedCodeCache                       = true                                      {product} {ergonomic}
     bool UseCompressedClassPointers               = true                                 {lp64_product} {ergonomic}
     bool UseCompressedOops                        = true                                 {lp64_product} {ergonomic}
     bool UseG1GC                                  = true                                      {product} {ergonomic}
     bool UseLargePagesIndividualAllocation        = false                                  {pd product} {ergonomic}

Logging:
Log output configuration:
 #0: stdout all=warning uptime,level,tags
 #1: stderr all=off uptime,level,tags

Environment Variables:
JAVA_HOME=C:\Program Files\Java\jdk-11.0.14
CLASSPATH=D:\Ptit_programming\UI-DOAN\sas\android\\gradle\wrapper\gradle-wrapper.jar
PATH=D:\Ptit_programming\UI-DOAN\sas\android\node_modules\.bin;D:\Ptit_programming\UI-DOAN\sas\node_modules\.bin;D:\Ptit_programming\UI-DOAN\node_modules\.bin;D:\Ptit_programming\node_modules\.bin;D:\node_modules\.bin;C:\Program Files\nodejs;C:\Program Files\Common Files\Oracle\Java\javapath;C:\Python39\Scripts\;C:\Python39\;C:\WINDOWS\system32;C:\WINDOWS;C:\WINDOWS\System32\Wbem;C:\WINDOWS\System32\WindowsPowerShell\v1.0\;C:\WINDOWS\System32\OpenSSH\;C:\ProgramData\chocolatey\bin;C:\Program Files\Git\cmd;C:\Program Files\TortoiseSVN\bin;D:\Android\Sdk\platform-tools;C:\Program Files\Java\jdk1.8.0_301;C:\Program Files\Java\jdk1.8.0_301\bin;C:\Program Files\Java\jdk1.8.0_301\bin\;C:\Program Files (x86)\NVIDIA Corporation\PhysX\Common;C:\Program Files (x86)\Microsoft SQL Server\150\DTS\Binn\;C:\Program Files\nodejs\;C:\Gradle\gradle-4.10.2\bin;C:\Users\cuong\AppData\Local\Microsoft\WindowsApps;C:\Program Files\JetBrains\IntelliJ IDEA 2021.2.2\bin;;C:\Program Files\Azure Data Studio\bin;C:\Users\cuong\AppData\Roaming\npm;C:\Program Files\heroku\bin;C:\Gradle\gradle-4.10.2\bin;D:\Program\heroku\bin
USERNAME=cuong
OS=Windows_NT
PROCESSOR_IDENTIFIER=Intel64 Family 6 Model 158 Stepping 10, GenuineIntel



---------------  S Y S T E M  ---------------

OS: Windows 10 , 64 bit Build 19041 (10.0.19041.1466)

CPU:total 8 (initial active 8) (4 cores per cpu, 2 threads per core) family 6 model 158 stepping 10 microcode 0xb4, cmov, cx8, fxsr, mmx, sse, sse2, sse3, ssse3, sse4.1, sse4.2, popcnt, avx, avx2, aes, clmul, erms, 3dnowpref, lzcnt, ht, tsc, tscinvbit, bmi1, bmi2, adx, fma

Memory: 4k page, system-wide physical 8038M (739M free)
TotalPageFile size 16555M (AvailPageFile size 34M)
current process WorkingSet (physical memory assigned to process): 588M, peak: 591M
current process commit charge ("private bytes"): 650M, peak: 705M

vm_info: Java HotSpot(TM) 64-Bit Server VM (11.0.14+8-LTS-263) for windows-amd64 JRE (11.0.14+8-LTS-263), built on Dec  7 2021 21:53:57 by "mach5one" with MS VC++ 15.9 (VS2017)

END.
