#
# There is insufficient memory for the Java Runtime Environment to continue.
# Native memory allocation (malloc) failed to allocate 1302096 bytes for Chunk::new
# Possible reasons:
#   The system is out of physical RAM or swap space
#   The process is running with CompressedOops enabled, and the Java Heap may be blocking the growth of the native heap
# Possible solutions:
#   Reduce memory load on the system
#   Increase physical memory or swap space
#   Check if swap backing store is full
#   Decrease Java heap size (-Xmx/-Xms)
#   Decrease number of Java threads
#   Decrease Java thread stack sizes (-Xss)
#   Set larger code cache with -XX:ReservedCodeCacheSize=
#   JVM is running with Unscaled Compressed Oops mode in which the Java heap is
#     placed in the first 4GB address space. The Java Heap base address is the
#     maximum limit for the native heap growth. Please use -XX:HeapBaseMinAddress
#     to set the Java Heap base and to place the Java Heap above 4GB virtual address.
# This output file may be truncated or incomplete.
#
#  Out of Memory Error (./open/src/hotspot/share/memory/arena.cpp:197), pid=4456, tid=15692
#
# JRE version: Java(TM) SE Runtime Environment 18.9 (11.0.14+8) (build 11.0.14+8-LTS-263)
# Java VM: Java HotSpot(TM) 64-Bit Server VM 18.9 (11.0.14+8-LTS-263, mixed mode, tiered, compressed oops, g1 gc, windows-amd64)
# No core dump will be written. Minidumps are not enabled by default on client versions of Windows
#

---------------  S U M M A R Y ------------

Command Line: org.jetbrains.kotlin.cli.jvm.K2JVMCompiler @D:\Sky\MOBILE\CTP_01\ctp\node_modules\react-native-safe-area-context\android\build\20220812_5491764473762545313.compiler.options

Host: Intel(R) Core(TM) i5-9300H CPU @ 2.40GHz, 8 cores, 7G,  Windows 10 , 64 bit Build 19041 (10.0.19041.1466)
Time: Fri Aug 12 11:53:41 2022 SE Asia Standard Time elapsed time: 6.267990 seconds (0d 0h 0m 6s)

---------------  T H R E A D  ---------------

Current thread (0x000002799e4f0000):  JavaThread "C2 CompilerThread1" daemon [_thread_in_native, id=15692, stack(0x000000e73de00000,0x000000e73df00000)]


Current CompileTask:
C2:   6268 9203       4       org.jetbrains.kotlin.resolve.calls.tower.AbstractSimpleScopeTowerProcessor::createCandidates (101 bytes)

Stack: [0x000000e73de00000,0x000000e73df00000]
Native frames: (J=compiled Java code, j=interpreted, Vv=VM code, C=native code)
V  [jvm.dll+0x6296da]
V  [jvm.dll+0x76323f]
V  [jvm.dll+0x7648e9]
V  [jvm.dll+0x764f73]
V  [jvm.dll+0x23d7c8]
V  [jvm.dll+0xb297c]
V  [jvm.dll+0xb2f3c]
V  [jvm.dll+0x340e97]
V  [jvm.dll+0x30e803]
V  [jvm.dll+0x30db4a]
V  [jvm.dll+0x1f8365]
V  [jvm.dll+0x1f754d]
V  [jvm.dll+0x177b21]
V  [jvm.dll+0x206e26]
V  [jvm.dll+0x204fbb]
V  [jvm.dll+0x729170]
V  [jvm.dll+0x721d44]
V  [jvm.dll+0x6285d6]
C  [ucrtbase.dll+0x21bb2]
C  [KERNEL32.DLL+0x17034]
C  [ntdll.dll+0x52651]


---------------  P R O C E S S  ---------------

Threads class SMR info:
_java_thread_list=0x000002799fd0e2d0, length=11, elements={
0x00000279fe591800, 0x00000279fffbc000, 0x00000279fffc1800, 0x00000279fffd7800,
0x00000279fffda800, 0x00000279fffdb800, 0x00000279fffde000, 0x00000279fffdf000,
0x00000279fffe6000, 0x000002799cf40800, 0x000002799e4f0000
}

Java Threads: ( => current thread )
  0x00000279fe591800 JavaThread "main" [_thread_in_vm, id=4580, stack(0x000000e73cd00000,0x000000e73ce00000)]
  0x00000279fffbc000 JavaThread "Reference Handler" daemon [_thread_blocked, id=7136, stack(0x000000e73d400000,0x000000e73d500000)]
  0x00000279fffc1800 JavaThread "Finalizer" daemon [_thread_blocked, id=536, stack(0x000000e73d500000,0x000000e73d600000)]
  0x00000279fffd7800 JavaThread "Signal Dispatcher" daemon [_thread_blocked, id=2732, stack(0x000000e73d600000,0x000000e73d700000)]
  0x00000279fffda800 JavaThread "Attach Listener" daemon [_thread_blocked, id=2412, stack(0x000000e73d700000,0x000000e73d800000)]
  0x00000279fffdb800 JavaThread "Service Thread" daemon [_thread_blocked, id=7544, stack(0x000000e73d800000,0x000000e73d900000)]
  0x00000279fffde000 JavaThread "C2 CompilerThread0" daemon [_thread_in_native, id=13308, stack(0x000000e73d900000,0x000000e73da00000)]
  0x00000279fffdf000 JavaThread "C1 CompilerThread0" daemon [_thread_blocked, id=3628, stack(0x000000e73da00000,0x000000e73db00000)]
  0x00000279fffe6000 JavaThread "Sweeper thread" daemon [_thread_blocked, id=4988, stack(0x000000e73db00000,0x000000e73dc00000)]
  0x000002799cf40800 JavaThread "Common-Cleaner" daemon [_thread_blocked, id=2104, stack(0x000000e73dd00000,0x000000e73de00000)]
=>0x000002799e4f0000 JavaThread "C2 CompilerThread1" daemon [_thread_in_native, id=15692, stack(0x000000e73de00000,0x000000e73df00000)]

Other Threads:
  0x00000279fff97800 VMThread "VM Thread" [stack: 0x000000e73d300000,0x000000e73d400000] [id=6396]
  0x000002799cf3e000 WatcherThread [stack: 0x000000e73dc00000,0x000000e73dd00000] [id=7932]
  0x00000279fe5a7000 GCTaskThread "GC Thread#0" [stack: 0x000000e73ce00000,0x000000e73cf00000] [id=11800]
  0x000002799d5a1000 GCTaskThread "GC Thread#1" [stack: 0x000000e73e000000,0x000000e73e100000] [id=2256]
  0x000002799d5a9000 GCTaskThread "GC Thread#2" [stack: 0x000000e73e100000,0x000000e73e200000] [id=10796]
  0x00000279fe5d9800 ConcurrentGCThread "G1 Main Marker" [stack: 0x000000e73cf00000,0x000000e73d000000] [id=16872]
  0x00000279fe5db000 ConcurrentGCThread "G1 Conc#0" [stack: 0x000000e73d000000,0x000000e73d100000] [id=11488]
  0x000002799d748800 ConcurrentGCThread "G1 Conc#1" [stack: 0x000000e73e200000,0x000000e73e300000] [id=9392]
  0x00000279ffe00800 ConcurrentGCThread "G1 Refine#0" [stack: 0x000000e73d100000,0x000000e73d200000] [id=3840]
  0x000002799ebd5000 ConcurrentGCThread "G1 Refine#1" [stack: 0x000000e73df00000,0x000000e73e000000] [id=13980]
  0x000002799d85d000 ConcurrentGCThread "G1 Refine#2" [stack: 0x000000e73e300000,0x000000e73e400000] [id=17056]
  0x000002799e1d6800 ConcurrentGCThread "G1 Refine#3" [stack: 0x000000e73e400000,0x000000e73e500000] [id=13432]
  0x000002799e278000 ConcurrentGCThread "G1 Refine#4" [stack: 0x000000e73e500000,0x000000e73e600000] [id=4800]
  0x000002799d80b000 ConcurrentGCThread "G1 Refine#5" [stack: 0x000000e73e600000,0x000000e73e700000] [id=9560]
  0x00000279ffe01000 ConcurrentGCThread "G1 Young RemSet Sampling" [stack: 0x000000e73d200000,0x000000e73d300000] [id=11468]

Threads with active compile tasks:
C2 CompilerThread0   6286 9200       4       org.jetbrains.kotlin.types.checker.ClassicTypeSystemContext$DefaultImpls::typeDepth (286 bytes)
C2 CompilerThread1   6286 9203       4       org.jetbrains.kotlin.resolve.calls.tower.AbstractSimpleScopeTowerProcessor::createCandidates (101 bytes)

VM state:not at safepoint (normal execution)

VM Mutex/Monitor currently owned by a thread: None

Heap address: 0x0000000082600000, size: 2010 MB, Compressed Oops mode: 32-bit
Narrow klass base: 0x0000000000000000, Narrow klass shift: 3
Compressed class space size: 1073741824 Address: 0x0000000100000000

Heap:
 garbage-first heap   total 188416K, used 75776K [0x0000000082600000, 0x0000000100000000)
  region size 1024K, 26 young (26624K), 6 survivors (6144K)
 Metaspace       used 65371K, capacity 66165K, committed 66384K, reserved 1107968K
  class space    used 7475K, capacity 7840K, committed 7960K, reserved 1048576K
Heap Regions: E=young(eden), S=young(survivor), O=old, HS=humongous(starts), HC=humongous(continues), CS=collection set, F=free, A=archive, TAMS=top-at-mark-start (previous, next)
|   0|0x0000000082600000, 0x0000000082700000, 0x0000000082700000|100%|HS|  |TAMS 0x0000000082700000, 0x0000000082600000| Complete 
|   1|0x0000000082700000, 0x0000000082800000, 0x0000000082800000|100%|HC|  |TAMS 0x0000000082800000, 0x0000000082700000| Complete 
|   2|0x0000000082800000, 0x0000000082900000, 0x0000000082900000|100%|HC|  |TAMS 0x0000000082900000, 0x0000000082800000| Complete 
|   3|0x0000000082900000, 0x0000000082a00000, 0x0000000082a00000|100%|HS|  |TAMS 0x0000000082a00000, 0x0000000082900000| Complete 
|   4|0x0000000082a00000, 0x0000000082b00000, 0x0000000082b00000|100%|HC|  |TAMS 0x0000000082b00000, 0x0000000082a00000| Complete 
|   5|0x0000000082b00000, 0x0000000082c00000, 0x0000000082c00000|100%|HC|  |TAMS 0x0000000082c00000, 0x0000000082b00000| Complete 
|   6|0x0000000082c00000, 0x0000000082d00000, 0x0000000082d00000|100%|HS|  |TAMS 0x0000000082d00000, 0x0000000082c00000| Complete 
|   7|0x0000000082d00000, 0x0000000082e00000, 0x0000000082e00000|100%|HC|  |TAMS 0x0000000082e00000, 0x0000000082d00000| Complete 
|   8|0x0000000082e00000, 0x0000000082f00000, 0x0000000082f00000|100%| O|  |TAMS 0x0000000082f00000, 0x0000000082e00000| Untracked 
|   9|0x0000000082f00000, 0x0000000083000000, 0x0000000083000000|100%| O|  |TAMS 0x0000000083000000, 0x0000000082f00000| Untracked 
|  10|0x0000000083000000, 0x0000000083100000, 0x0000000083100000|100%| O|  |TAMS 0x0000000083100000, 0x0000000083000000| Untracked 
|  11|0x0000000083100000, 0x0000000083200000, 0x0000000083200000|100%| O|  |TAMS 0x0000000083200000, 0x0000000083100000| Untracked 
|  12|0x0000000083200000, 0x0000000083300000, 0x0000000083300000|100%| O|  |TAMS 0x0000000083300000, 0x0000000083200000| Untracked 
|  13|0x0000000083300000, 0x0000000083400000, 0x0000000083400000|100%| O|  |TAMS 0x0000000083400000, 0x0000000083300000| Untracked 
|  14|0x0000000083400000, 0x0000000083500000, 0x0000000083500000|100%| O|  |TAMS 0x0000000083500000, 0x0000000083400000| Untracked 
|  15|0x0000000083500000, 0x0000000083600000, 0x0000000083600000|100%| O|  |TAMS 0x0000000083600000, 0x0000000083500000| Untracked 
|  16|0x0000000083600000, 0x0000000083700000, 0x0000000083700000|100%| O|  |TAMS 0x0000000083700000, 0x0000000083600000| Untracked 
|  17|0x0000000083700000, 0x0000000083800000, 0x0000000083800000|100%| O|  |TAMS 0x0000000083800000, 0x0000000083700000| Untracked 
|  18|0x0000000083800000, 0x0000000083900000, 0x0000000083900000|100%| O|  |TAMS 0x0000000083900000, 0x0000000083800000| Untracked 
|  19|0x0000000083900000, 0x0000000083a00000, 0x0000000083a00000|100%| O|  |TAMS 0x0000000083a00000, 0x0000000083900000| Untracked 
|  20|0x0000000083a00000, 0x0000000083b00000, 0x0000000083b00000|100%| O|  |TAMS 0x0000000083b00000, 0x0000000083a00000| Untracked 
|  21|0x0000000083b00000, 0x0000000083c00000, 0x0000000083c00000|100%| O|  |TAMS 0x0000000083c00000, 0x0000000083b00000| Untracked 
|  22|0x0000000083c00000, 0x0000000083d00000, 0x0000000083d00000|100%| O|  |TAMS 0x0000000083d00000, 0x0000000083c00000| Untracked 
|  23|0x0000000083d00000, 0x0000000083e00000, 0x0000000083e00000|100%| O|  |TAMS 0x0000000083e00000, 0x0000000083d00000| Untracked 
|  24|0x0000000083e00000, 0x0000000083f00000, 0x0000000083f00000|100%| O|  |TAMS 0x0000000083f00000, 0x0000000083e00000| Untracked 
|  25|0x0000000083f00000, 0x0000000084000000, 0x0000000084000000|100%| O|  |TAMS 0x0000000084000000, 0x0000000083f00000| Untracked 
|  26|0x0000000084000000, 0x0000000084100000, 0x0000000084100000|100%| O|  |TAMS 0x0000000084100000, 0x0000000084000000| Untracked 
|  27|0x0000000084100000, 0x0000000084200000, 0x0000000084200000|100%| O|  |TAMS 0x0000000084200000, 0x0000000084100000| Untracked 
|  28|0x0000000084200000, 0x0000000084300000, 0x0000000084300000|100%| O|  |TAMS 0x0000000084300000, 0x0000000084200000| Untracked 
|  29|0x0000000084300000, 0x0000000084400000, 0x0000000084400000|100%| O|  |TAMS 0x0000000084400000, 0x0000000084300000| Untracked 
|  30|0x0000000084400000, 0x0000000084500000, 0x0000000084500000|100%| O|  |TAMS 0x0000000084500000, 0x0000000084400000| Untracked 
|  31|0x0000000084500000, 0x0000000084600000, 0x0000000084600000|100%| O|  |TAMS 0x0000000084600000, 0x0000000084500000| Untracked 
|  32|0x0000000084600000, 0x0000000084700000, 0x0000000084700000|100%| O|  |TAMS 0x0000000084700000, 0x0000000084600000| Untracked 
|  33|0x0000000084700000, 0x0000000084800000, 0x0000000084800000|100%| O|  |TAMS 0x0000000084800000, 0x0000000084700000| Untracked 
|  34|0x0000000084800000, 0x0000000084900000, 0x0000000084900000|100%| O|  |TAMS 0x0000000084900000, 0x0000000084800000| Untracked 
|  35|0x0000000084900000, 0x0000000084a00000, 0x0000000084a00000|100%| O|  |TAMS 0x0000000084a00000, 0x0000000084900000| Untracked 
|  36|0x0000000084a00000, 0x0000000084b00000, 0x0000000084b00000|100%| O|  |TAMS 0x0000000084b00000, 0x0000000084a00000| Untracked 
|  37|0x0000000084b00000, 0x0000000084c00000, 0x0000000084c00000|100%| O|  |TAMS 0x0000000084c00000, 0x0000000084b00000| Untracked 
|  38|0x0000000084c00000, 0x0000000084d00000, 0x0000000084d00000|100%| O|  |TAMS 0x0000000084d00000, 0x0000000084c00000| Untracked 
|  39|0x0000000084d00000, 0x0000000084e00000, 0x0000000084e00000|100%| O|  |TAMS 0x0000000084e00000, 0x0000000084d00000| Untracked 
|  40|0x0000000084e00000, 0x0000000084f00000, 0x0000000084f00000|100%| O|  |TAMS 0x0000000084f00000, 0x0000000084e00000| Untracked 
|  41|0x0000000084f00000, 0x0000000085000000, 0x0000000085000000|100%| O|  |TAMS 0x0000000085000000, 0x0000000084f00000| Untracked 
|  42|0x0000000085000000, 0x0000000085100000, 0x0000000085100000|100%| O|  |TAMS 0x0000000085100000, 0x0000000085000000| Untracked 
|  43|0x0000000085100000, 0x0000000085200000, 0x0000000085200000|100%| O|  |TAMS 0x00000000851c8400, 0x0000000085100000| Untracked 
|  44|0x0000000085200000, 0x0000000085300000, 0x0000000085300000|100%| O|  |TAMS 0x0000000085200000, 0x0000000085200000| Untracked 
|  45|0x0000000085300000, 0x0000000085400000, 0x0000000085400000|100%| O|  |TAMS 0x0000000085300000, 0x0000000085300000| Untracked 
|  46|0x0000000085400000, 0x0000000085500000, 0x0000000085500000|100%| O|  |TAMS 0x0000000085400000, 0x0000000085400000| Untracked 
|  47|0x0000000085500000, 0x0000000085600000, 0x0000000085600000|100%| O|  |TAMS 0x0000000085500000, 0x0000000085500000| Untracked 
|  48|0x0000000085600000, 0x0000000085700000, 0x0000000085700000|100%| O|  |TAMS 0x0000000085600000, 0x0000000085600000| Untracked 
|  49|0x0000000085700000, 0x0000000085700000, 0x0000000085800000|  0%| F|  |TAMS 0x0000000085700000, 0x0000000085700000| Untracked 
|  50|0x0000000085800000, 0x0000000085800000, 0x0000000085900000|  0%| F|  |TAMS 0x0000000085800000, 0x0000000085800000| Untracked 
|  51|0x0000000085900000, 0x0000000085900000, 0x0000000085a00000|  0%| F|  |TAMS 0x0000000085900000, 0x0000000085900000| Untracked 
|  52|0x0000000085a00000, 0x0000000085a00000, 0x0000000085b00000|  0%| F|  |TAMS 0x0000000085a00000, 0x0000000085a00000| Untracked 
|  53|0x0000000085b00000, 0x0000000085b00000, 0x0000000085c00000|  0%| F|  |TAMS 0x0000000085b00000, 0x0000000085b00000| Untracked 
|  54|0x0000000085c00000, 0x0000000085c00000, 0x0000000085d00000|  0%| F|  |TAMS 0x0000000085c00000, 0x0000000085c00000| Untracked 
|  55|0x0000000085d00000, 0x0000000085d00000, 0x0000000085e00000|  0%| F|  |TAMS 0x0000000085d00000, 0x0000000085d00000| Untracked 
|  56|0x0000000085e00000, 0x0000000085e00000, 0x0000000085f00000|  0%| F|  |TAMS 0x0000000085e00000, 0x0000000085e00000| Untracked 
|  57|0x0000000085f00000, 0x0000000085f00000, 0x0000000086000000|  0%| F|  |TAMS 0x0000000085f00000, 0x0000000085f00000| Untracked 
|  58|0x0000000086000000, 0x0000000086000000, 0x0000000086100000|  0%| F|  |TAMS 0x0000000086000000, 0x0000000086000000| Untracked 
|  59|0x0000000086100000, 0x0000000086100000, 0x0000000086200000|  0%| F|  |TAMS 0x0000000086100000, 0x0000000086100000| Untracked 
|  60|0x0000000086200000, 0x0000000086200000, 0x0000000086300000|  0%| F|  |TAMS 0x0000000086200000, 0x0000000086200000| Untracked 
|  61|0x0000000086300000, 0x0000000086300000, 0x0000000086400000|  0%| F|  |TAMS 0x0000000086300000, 0x0000000086300000| Untracked 
|  62|0x0000000086400000, 0x0000000086400000, 0x0000000086500000|  0%| F|  |TAMS 0x0000000086400000, 0x0000000086400000| Untracked 
|  63|0x0000000086500000, 0x0000000086500000, 0x0000000086600000|  0%| F|  |TAMS 0x0000000086500000, 0x0000000086500000| Untracked 
|  64|0x0000000086600000, 0x0000000086600000, 0x0000000086700000|  0%| F|  |TAMS 0x0000000086600000, 0x0000000086600000| Untracked 
|  65|0x0000000086700000, 0x0000000086700000, 0x0000000086800000|  0%| F|  |TAMS 0x0000000086700000, 0x0000000086700000| Untracked 
|  66|0x0000000086800000, 0x0000000086800000, 0x0000000086900000|  0%| F|  |TAMS 0x0000000086800000, 0x0000000086800000| Untracked 
|  67|0x0000000086900000, 0x0000000086900000, 0x0000000086a00000|  0%| F|  |TAMS 0x0000000086900000, 0x0000000086900000| Untracked 
|  68|0x0000000086a00000, 0x0000000086a00000, 0x0000000086b00000|  0%| F|  |TAMS 0x0000000086a00000, 0x0000000086a00000| Untracked 
|  69|0x0000000086b00000, 0x0000000086b00000, 0x0000000086c00000|  0%| F|  |TAMS 0x0000000086b00000, 0x0000000086b00000| Untracked 
|  70|0x0000000086c00000, 0x0000000086c00000, 0x0000000086d00000|  0%| F|  |TAMS 0x0000000086c00000, 0x0000000086c00000| Untracked 
|  71|0x0000000086d00000, 0x0000000086d00000, 0x0000000086e00000|  0%| F|  |TAMS 0x0000000086d00000, 0x0000000086d00000| Untracked 
|  72|0x0000000086e00000, 0x0000000086e00000, 0x0000000086f00000|  0%| F|  |TAMS 0x0000000086e00000, 0x0000000086e00000| Untracked 
|  73|0x0000000086f00000, 0x0000000086f00000, 0x0000000087000000|  0%| F|  |TAMS 0x0000000086f00000, 0x0000000086f00000| Untracked 
|  74|0x0000000087000000, 0x0000000087000000, 0x0000000087100000|  0%| F|  |TAMS 0x0000000087000000, 0x0000000087000000| Untracked 
|  75|0x0000000087100000, 0x0000000087100000, 0x0000000087200000|  0%| F|  |TAMS 0x0000000087100000, 0x0000000087100000| Untracked 
|  76|0x0000000087200000, 0x0000000087200000, 0x0000000087300000|  0%| F|  |TAMS 0x0000000087200000, 0x0000000087200000| Untracked 
|  77|0x0000000087300000, 0x0000000087300000, 0x0000000087400000|  0%| F|  |TAMS 0x0000000087300000, 0x0000000087300000| Untracked 
|  78|0x0000000087400000, 0x0000000087400000, 0x0000000087500000|  0%| F|  |TAMS 0x0000000087400000, 0x0000000087400000| Untracked 
|  79|0x0000000087500000, 0x0000000087500000, 0x0000000087600000|  0%| F|  |TAMS 0x0000000087500000, 0x0000000087500000| Untracked 
|  80|0x0000000087600000, 0x0000000087600000, 0x0000000087700000|  0%| F|  |TAMS 0x0000000087600000, 0x0000000087600000| Untracked 
|  81|0x0000000087700000, 0x0000000087700000, 0x0000000087800000|  0%| F|  |TAMS 0x0000000087700000, 0x0000000087700000| Untracked 
|  82|0x0000000087800000, 0x0000000087800000, 0x0000000087900000|  0%| F|  |TAMS 0x0000000087800000, 0x0000000087800000| Untracked 
|  83|0x0000000087900000, 0x0000000087900000, 0x0000000087a00000|  0%| F|  |TAMS 0x0000000087900000, 0x0000000087900000| Untracked 
|  84|0x0000000087a00000, 0x0000000087a00000, 0x0000000087b00000|  0%| F|  |TAMS 0x0000000087a00000, 0x0000000087a00000| Untracked 
|  85|0x0000000087b00000, 0x0000000087b00000, 0x0000000087c00000|  0%| F|  |TAMS 0x0000000087b00000, 0x0000000087b00000| Untracked 
|  86|0x0000000087c00000, 0x0000000087c00000, 0x0000000087d00000|  0%| F|  |TAMS 0x0000000087c00000, 0x0000000087c00000| Untracked 
|  87|0x0000000087d00000, 0x0000000087d00000, 0x0000000087e00000|  0%| F|  |TAMS 0x0000000087d00000, 0x0000000087d00000| Untracked 
|  88|0x0000000087e00000, 0x0000000087e00000, 0x0000000087f00000|  0%| F|  |TAMS 0x0000000087e00000, 0x0000000087e00000| Untracked 
|  89|0x0000000087f00000, 0x0000000087f00000, 0x0000000088000000|  0%| F|  |TAMS 0x0000000087f00000, 0x0000000087f00000| Untracked 
|  90|0x0000000088000000, 0x0000000088000000, 0x0000000088100000|  0%| F|  |TAMS 0x0000000088000000, 0x0000000088000000| Untracked 
|  91|0x0000000088100000, 0x0000000088100000, 0x0000000088200000|  0%| F|  |TAMS 0x0000000088100000, 0x0000000088100000| Untracked 
|  92|0x0000000088200000, 0x0000000088300000, 0x0000000088300000|100%| S|CS|TAMS 0x0000000088200000, 0x0000000088200000| Complete 
|  93|0x0000000088300000, 0x0000000088400000, 0x0000000088400000|100%| S|CS|TAMS 0x0000000088300000, 0x0000000088300000| Complete 
|  94|0x0000000088400000, 0x0000000088500000, 0x0000000088500000|100%| S|CS|TAMS 0x0000000088400000, 0x0000000088400000| Complete 
|  95|0x0000000088500000, 0x0000000088600000, 0x0000000088600000|100%| S|CS|TAMS 0x0000000088500000, 0x0000000088500000| Complete 
|  96|0x0000000088600000, 0x0000000088700000, 0x0000000088700000|100%| S|CS|TAMS 0x0000000088600000, 0x0000000088600000| Complete 
|  97|0x0000000088700000, 0x0000000088800000, 0x0000000088800000|100%| S|CS|TAMS 0x0000000088700000, 0x0000000088700000| Complete 
|  98|0x0000000088800000, 0x0000000088800000, 0x0000000088900000|  0%| F|  |TAMS 0x0000000088800000, 0x0000000088800000| Untracked 
|  99|0x0000000088900000, 0x0000000088900000, 0x0000000088a00000|  0%| F|  |TAMS 0x0000000088900000, 0x0000000088900000| Untracked 
| 100|0x0000000088a00000, 0x0000000088a00000, 0x0000000088b00000|  0%| F|  |TAMS 0x0000000088a00000, 0x0000000088a00000| Untracked 
| 101|0x0000000088b00000, 0x0000000088b00000, 0x0000000088c00000|  0%| F|  |TAMS 0x0000000088b00000, 0x0000000088b00000| Untracked 
| 102|0x0000000088c00000, 0x0000000088c00000, 0x0000000088d00000|  0%| F|  |TAMS 0x0000000088c00000, 0x0000000088c00000| Untracked 
| 103|0x0000000088d00000, 0x0000000088d00000, 0x0000000088e00000|  0%| F|  |TAMS 0x0000000088d00000, 0x0000000088d00000| Untracked 
| 104|0x0000000088e00000, 0x0000000088e00000, 0x0000000088f00000|  0%| F|  |TAMS 0x0000000088e00000, 0x0000000088e00000| Untracked 
| 105|0x0000000088f00000, 0x0000000088f00000, 0x0000000089000000|  0%| F|  |TAMS 0x0000000088f00000, 0x0000000088f00000| Untracked 
| 106|0x0000000089000000, 0x0000000089000000, 0x0000000089100000|  0%| F|  |TAMS 0x0000000089000000, 0x0000000089000000| Untracked 
| 107|0x0000000089100000, 0x0000000089100000, 0x0000000089200000|  0%| F|  |TAMS 0x0000000089100000, 0x0000000089100000| Untracked 
| 108|0x0000000089200000, 0x0000000089200000, 0x0000000089300000|  0%| F|  |TAMS 0x0000000089200000, 0x0000000089200000| Untracked 
| 109|0x0000000089300000, 0x0000000089300000, 0x0000000089400000|  0%| F|  |TAMS 0x0000000089300000, 0x0000000089300000| Untracked 
| 110|0x0000000089400000, 0x0000000089400000, 0x0000000089500000|  0%| F|  |TAMS 0x0000000089400000, 0x0000000089400000| Untracked 
| 111|0x0000000089500000, 0x0000000089500000, 0x0000000089600000|  0%| F|  |TAMS 0x0000000089500000, 0x0000000089500000| Untracked 
| 112|0x0000000089600000, 0x0000000089600000, 0x0000000089700000|  0%| F|  |TAMS 0x0000000089600000, 0x0000000089600000| Untracked 
| 113|0x0000000089700000, 0x0000000089700000, 0x0000000089800000|  0%| F|  |TAMS 0x0000000089700000, 0x0000000089700000| Untracked 
| 114|0x0000000089800000, 0x0000000089800000, 0x0000000089900000|  0%| F|  |TAMS 0x0000000089800000, 0x0000000089800000| Untracked 
| 115|0x0000000089900000, 0x0000000089900000, 0x0000000089a00000|  0%| F|  |TAMS 0x0000000089900000, 0x0000000089900000| Untracked 
| 116|0x0000000089a00000, 0x0000000089a00000, 0x0000000089b00000|  0%| F|  |TAMS 0x0000000089a00000, 0x0000000089a00000| Untracked 
| 117|0x0000000089b00000, 0x0000000089b00000, 0x0000000089c00000|  0%| F|  |TAMS 0x0000000089b00000, 0x0000000089b00000| Untracked 
| 118|0x0000000089c00000, 0x0000000089c00000, 0x0000000089d00000|  0%| F|  |TAMS 0x0000000089c00000, 0x0000000089c00000| Untracked 
| 119|0x0000000089d00000, 0x0000000089d00000, 0x0000000089e00000|  0%| F|  |TAMS 0x0000000089d00000, 0x0000000089d00000| Untracked 
| 120|0x0000000089e00000, 0x0000000089e00000, 0x0000000089f00000|  0%| F|  |TAMS 0x0000000089e00000, 0x0000000089e00000| Untracked 
| 121|0x0000000089f00000, 0x0000000089f00000, 0x000000008a000000|  0%| F|  |TAMS 0x0000000089f00000, 0x0000000089f00000| Untracked 
| 122|0x000000008a000000, 0x000000008a000000, 0x000000008a100000|  0%| F|  |TAMS 0x000000008a000000, 0x000000008a000000| Untracked 
| 123|0x000000008a100000, 0x000000008a100000, 0x000000008a200000|  0%| F|  |TAMS 0x000000008a100000, 0x000000008a100000| Untracked 
| 124|0x000000008a200000, 0x000000008a200000, 0x000000008a300000|  0%| F|  |TAMS 0x000000008a200000, 0x000000008a200000| Untracked 
| 125|0x000000008a300000, 0x000000008a300000, 0x000000008a400000|  0%| F|  |TAMS 0x000000008a300000, 0x000000008a300000| Untracked 
| 126|0x000000008a400000, 0x000000008a400000, 0x000000008a500000|  0%| F|  |TAMS 0x000000008a400000, 0x000000008a400000| Untracked 
| 127|0x000000008a500000, 0x000000008a500000, 0x000000008a600000|  0%| F|  |TAMS 0x000000008a500000, 0x000000008a500000| Untracked 
| 128|0x000000008a600000, 0x000000008a600000, 0x000000008a700000|  0%| F|  |TAMS 0x000000008a600000, 0x000000008a600000| Untracked 
| 129|0x000000008a700000, 0x000000008a700000, 0x000000008a800000|  0%| F|  |TAMS 0x000000008a700000, 0x000000008a700000| Untracked 
| 130|0x000000008a800000, 0x000000008a800000, 0x000000008a900000|  0%| F|  |TAMS 0x000000008a800000, 0x000000008a800000| Untracked 
| 131|0x000000008a900000, 0x000000008a900000, 0x000000008aa00000|  0%| F|  |TAMS 0x000000008a900000, 0x000000008a900000| Untracked 
| 132|0x000000008aa00000, 0x000000008aa00000, 0x000000008ab00000|  0%| F|  |TAMS 0x000000008aa00000, 0x000000008aa00000| Untracked 
| 133|0x000000008ab00000, 0x000000008ab00000, 0x000000008ac00000|  0%| F|  |TAMS 0x000000008ab00000, 0x000000008ab00000| Untracked 
| 134|0x000000008ac00000, 0x000000008ac00000, 0x000000008ad00000|  0%| F|  |TAMS 0x000000008ac00000, 0x000000008ac00000| Untracked 
| 135|0x000000008ad00000, 0x000000008ad00000, 0x000000008ae00000|  0%| F|  |TAMS 0x000000008ad00000, 0x000000008ad00000| Untracked 
| 136|0x000000008ae00000, 0x000000008ae00000, 0x000000008af00000|  0%| F|  |TAMS 0x000000008ae00000, 0x000000008ae00000| Untracked 
| 137|0x000000008af00000, 0x000000008af00000, 0x000000008b000000|  0%| F|  |TAMS 0x000000008af00000, 0x000000008af00000| Untracked 
| 138|0x000000008b000000, 0x000000008b000000, 0x000000008b100000|  0%| F|  |TAMS 0x000000008b000000, 0x000000008b000000| Untracked 
| 139|0x000000008b100000, 0x000000008b100000, 0x000000008b200000|  0%| F|  |TAMS 0x000000008b100000, 0x000000008b100000| Untracked 
| 140|0x000000008b200000, 0x000000008b200000, 0x000000008b300000|  0%| F|  |TAMS 0x000000008b200000, 0x000000008b200000| Untracked 
| 141|0x000000008b300000, 0x000000008b300000, 0x000000008b400000|  0%| F|  |TAMS 0x000000008b300000, 0x000000008b300000| Untracked 
| 142|0x000000008b400000, 0x000000008b400000, 0x000000008b500000|  0%| F|  |TAMS 0x000000008b400000, 0x000000008b400000| Untracked 
| 143|0x000000008b500000, 0x000000008b500000, 0x000000008b600000|  0%| F|  |TAMS 0x000000008b500000, 0x000000008b500000| Untracked 
| 144|0x000000008b600000, 0x000000008b600000, 0x000000008b700000|  0%| F|  |TAMS 0x000000008b600000, 0x000000008b600000| Untracked 
| 145|0x000000008b700000, 0x000000008b700000, 0x000000008b800000|  0%| F|  |TAMS 0x000000008b700000, 0x000000008b700000| Untracked 
| 146|0x000000008b800000, 0x000000008b800000, 0x000000008b900000|  0%| F|  |TAMS 0x000000008b800000, 0x000000008b800000| Untracked 
| 147|0x000000008b900000, 0x000000008b900000, 0x000000008ba00000|  0%| F|  |TAMS 0x000000008b900000, 0x000000008b900000| Untracked 
| 148|0x000000008ba00000, 0x000000008ba00000, 0x000000008bb00000|  0%| F|  |TAMS 0x000000008ba00000, 0x000000008ba00000| Untracked 
| 149|0x000000008bb00000, 0x000000008bb00000, 0x000000008bc00000|  0%| F|  |TAMS 0x000000008bb00000, 0x000000008bb00000| Untracked 
| 150|0x000000008bc00000, 0x000000008bc00000, 0x000000008bd00000|  0%| F|  |TAMS 0x000000008bc00000, 0x000000008bc00000| Untracked 
| 151|0x000000008bd00000, 0x000000008bd00000, 0x000000008be00000|  0%| F|  |TAMS 0x000000008bd00000, 0x000000008bd00000| Untracked 
| 152|0x000000008be00000, 0x000000008be00000, 0x000000008bf00000|  0%| F|  |TAMS 0x000000008be00000, 0x000000008be00000| Untracked 
| 153|0x000000008bf00000, 0x000000008bf00000, 0x000000008c000000|  0%| F|  |TAMS 0x000000008bf00000, 0x000000008bf00000| Untracked 
| 154|0x000000008c000000, 0x000000008c000000, 0x000000008c100000|  0%| F|  |TAMS 0x000000008c000000, 0x000000008c000000| Untracked 
| 155|0x000000008c100000, 0x000000008c100000, 0x000000008c200000|  0%| F|  |TAMS 0x000000008c100000, 0x000000008c100000| Untracked 
| 156|0x000000008c200000, 0x000000008c200000, 0x000000008c300000|  0%| F|  |TAMS 0x000000008c200000, 0x000000008c200000| Untracked 
| 157|0x000000008c300000, 0x000000008c300000, 0x000000008c400000|  0%| F|  |TAMS 0x000000008c300000, 0x000000008c300000| Untracked 
| 158|0x000000008c400000, 0x000000008c400000, 0x000000008c500000|  0%| F|  |TAMS 0x000000008c400000, 0x000000008c400000| Untracked 
| 159|0x000000008c500000, 0x000000008c500000, 0x000000008c600000|  0%| F|  |TAMS 0x000000008c500000, 0x000000008c500000| Untracked 
| 160|0x000000008c600000, 0x000000008c600000, 0x000000008c700000|  0%| F|  |TAMS 0x000000008c600000, 0x000000008c600000| Untracked 
| 161|0x000000008c700000, 0x000000008c700000, 0x000000008c800000|  0%| F|  |TAMS 0x000000008c700000, 0x000000008c700000| Untracked 
| 162|0x000000008c800000, 0x000000008c800000, 0x000000008c900000|  0%| F|  |TAMS 0x000000008c800000, 0x000000008c800000| Untracked 
| 163|0x000000008c900000, 0x000000008c980800, 0x000000008ca00000| 50%| E|  |TAMS 0x000000008c900000, 0x000000008c900000| Complete 
| 164|0x000000008ca00000, 0x000000008cb00000, 0x000000008cb00000|100%| E|CS|TAMS 0x000000008ca00000, 0x000000008ca00000| Complete 
| 165|0x000000008cb00000, 0x000000008cc00000, 0x000000008cc00000|100%| E|CS|TAMS 0x000000008cb00000, 0x000000008cb00000| Complete 
| 166|0x000000008cc00000, 0x000000008cd00000, 0x000000008cd00000|100%| E|CS|TAMS 0x000000008cc00000, 0x000000008cc00000| Complete 
| 167|0x000000008cd00000, 0x000000008ce00000, 0x000000008ce00000|100%| E|CS|TAMS 0x000000008cd00000, 0x000000008cd00000| Complete 
| 168|0x000000008ce00000, 0x000000008cf00000, 0x000000008cf00000|100%| E|CS|TAMS 0x000000008ce00000, 0x000000008ce00000| Complete 
| 169|0x000000008cf00000, 0x000000008d000000, 0x000000008d000000|100%| E|CS|TAMS 0x000000008cf00000, 0x000000008cf00000| Complete 
| 170|0x000000008d000000, 0x000000008d100000, 0x000000008d100000|100%| E|CS|TAMS 0x000000008d000000, 0x000000008d000000| Complete 
| 171|0x000000008d100000, 0x000000008d200000, 0x000000008d200000|100%| E|CS|TAMS 0x000000008d100000, 0x000000008d100000| Complete 
| 172|0x000000008d200000, 0x000000008d300000, 0x000000008d300000|100%| E|CS|TAMS 0x000000008d200000, 0x000000008d200000| Complete 
| 173|0x000000008d300000, 0x000000008d400000, 0x000000008d400000|100%| E|CS|TAMS 0x000000008d300000, 0x000000008d300000| Complete 
| 174|0x000000008d400000, 0x000000008d500000, 0x000000008d500000|100%| E|CS|TAMS 0x000000008d400000, 0x000000008d400000| Complete 
| 175|0x000000008d500000, 0x000000008d600000, 0x000000008d600000|100%| E|CS|TAMS 0x000000008d500000, 0x000000008d500000| Complete 
| 176|0x000000008d600000, 0x000000008d700000, 0x000000008d700000|100%| E|CS|TAMS 0x000000008d600000, 0x000000008d600000| Complete 
| 177|0x000000008d700000, 0x000000008d800000, 0x000000008d800000|100%| E|CS|TAMS 0x000000008d700000, 0x000000008d700000| Complete 
| 178|0x000000008d800000, 0x000000008d900000, 0x000000008d900000|100%| E|CS|TAMS 0x000000008d800000, 0x000000008d800000| Complete 
| 179|0x000000008d900000, 0x000000008da00000, 0x000000008da00000|100%| E|CS|TAMS 0x000000008d900000, 0x000000008d900000| Complete 
| 180|0x000000008da00000, 0x000000008db00000, 0x000000008db00000|100%| E|CS|TAMS 0x000000008da00000, 0x000000008da00000| Complete 
| 181|0x000000008db00000, 0x000000008dc00000, 0x000000008dc00000|100%| E|CS|TAMS 0x000000008db00000, 0x000000008db00000| Complete 
| 182|0x000000008dc00000, 0x000000008dd00000, 0x000000008dd00000|100%| E|CS|TAMS 0x000000008dc00000, 0x000000008dc00000| Complete 
| 183|0x000000008dd00000, 0x000000008de00000, 0x000000008de00000|100%| E|CS|TAMS 0x000000008dd00000, 0x000000008dd00000| Complete 

Card table byte_map: [0x00000279fed90000,0x00000279ff180000] _byte_map_base: 0x00000279fe97d000

Marking Bits (Prev, Next): (CMBitMap*) 0x00000279fe5d0ba0, (CMBitMap*) 0x00000279fe5d0b68
 Prev Bits: [0x0000027998510000, 0x000002799a478000)
 Next Bits: [0x00000279965a0000, 0x0000027998508000)

Polling page: 0x00000279fdd70000

Metaspace:

Usage:
  Non-class:     57.02 MB capacity,    56.58 MB (>99%) used,   333.55 KB ( <1%) free+waste,   115.75 KB ( <1%) overhead. 
      Class:      7.66 MB capacity,     7.31 MB ( 95%) used,   305.38 KB (  4%) free+waste,    52.63 KB ( <1%) overhead. 
       Both:     64.68 MB capacity,    63.89 MB ( 99%) used,   638.92 KB ( <1%) free+waste,   168.38 KB ( <1%) overhead. 

Virtual space:
  Non-class space:       58.00 MB reserved,      57.05 MB ( 98%) committed 
      Class space:        1.00 GB reserved,       7.77 MB ( <1%) committed 
             Both:        1.06 GB reserved,      64.83 MB (  6%) committed 

Chunk freelists:
   Non-Class:  4.38 KB
       Class:  0 bytes
        Both:  4.38 KB

CodeHeap 'non-profiled nmethods': size=120000Kb used=4210Kb max_used=4210Kb free=115789Kb
 bounds [0x000002798f070000, 0x000002798f490000, 0x00000279965a0000]
CodeHeap 'profiled nmethods': size=120000Kb used=27192Kb max_used=27192Kb free=92808Kb
 bounds [0x0000027987b40000, 0x00000279895d0000, 0x000002798f070000]
CodeHeap 'non-nmethods': size=5760Kb used=1220Kb max_used=1269Kb free=4540Kb
 bounds [0x00000279875a0000, 0x0000027987810000, 0x0000027987b40000]
 total_blobs=9795 nmethods=9214 adapters=490
 compilation: enabled
              stopped_count=0, restarted_count=0
 full_count=0

Compilation events (10 events):
Event: 6.233 Thread 0x00000279fffdf000 9232       3       org.jetbrains.kotlin.contracts.model.structure.AbstractESValue::<init> (17 bytes)
Event: 6.233 Thread 0x00000279fffdf000 nmethod 9232 0x00000279895baa90 code [0x00000279895bac40, 0x00000279895baeb8]
Event: 6.233 Thread 0x00000279fffdf000 9233       3       org.jetbrains.kotlin.contracts.model.MutableContextInfo::union (172 bytes)
Event: 6.234 Thread 0x00000279fffdf000 nmethod 9233 0x00000279895baf90 code [0x00000279895bb320, 0x00000279895bce18]
Event: 6.234 Thread 0x00000279fffdf000 9234       3       org.jetbrains.kotlin.types.expressions.ExpressionTypingVisitorDispatcher$ForDeclarations::visitSimpleNameExpression (10 bytes)
Event: 6.234 Thread 0x00000279fffdf000 nmethod 9234 0x00000279895bd690 code [0x00000279895bd860, 0x00000279895bdb78]
Event: 6.235 Thread 0x00000279fffdf000 9235       1       org.jetbrains.kotlin.synthetic.JavaSyntheticPropertiesScope$SyntheticPropertyHolder::getDescriptor (5 bytes)
Event: 6.235 Thread 0x00000279fffdf000 nmethod 9235 0x000002798f48a510 code [0x000002798f48a6a0, 0x000002798f48a758]
Event: 6.236 Thread 0x00000279fffdf000 9236       3       org.jetbrains.kotlin.com.google.common.collect.LinkedHashMultimap$ValueSet$1::next (43 bytes)
Event: 6.236 Thread 0x00000279fffdf000 nmethod 9236 0x00000279895bdd10 code [0x00000279895bdf00, 0x00000279895be538]

GC Heap History (10 events):
Event: 2.444 GC heap before
{Heap before GC invocations=6 (full 0):
 garbage-first heap   total 129024K, used 68521K [0x0000000082600000, 0x0000000100000000)
  region size 1024K, 42 young (43008K), 2 survivors (2048K)
 Metaspace       used 43892K, capacity 44335K, committed 44572K, reserved 1089536K
  class space    used 5241K, capacity 5445K, committed 5580K, reserved 1048576K
}
Event: 2.449 GC heap after
{Heap after GC invocations=7 (full 0):
 garbage-first heap   total 155648K, used 30900K [0x0000000082600000, 0x0000000100000000)
  region size 1024K, 6 young (6144K), 6 survivors (6144K)
 Metaspace       used 43892K, capacity 44335K, committed 44572K, reserved 1089536K
  class space    used 5241K, capacity 5445K, committed 5580K, reserved 1048576K
}
Event: 3.125 GC heap before
{Heap before GC invocations=7 (full 0):
 garbage-first heap   total 155648K, used 85172K [0x0000000082600000, 0x0000000100000000)
  region size 1024K, 58 young (59392K), 6 survivors (6144K)
 Metaspace       used 52708K, capacity 53364K, committed 53660K, reserved 1095680K
  class space    used 6387K, capacity 6665K, committed 6732K, reserved 1048576K
}
Event: 3.134 GC heap after
{Heap after GC invocations=8 (full 0):
 garbage-first heap   total 155648K, used 34484K [0x0000000082600000, 0x0000000100000000)
  region size 1024K, 8 young (8192K), 8 survivors (8192K)
 Metaspace       used 52708K, capacity 53364K, committed 53660K, reserved 1095680K
  class space    used 6387K, capacity 6665K, committed 6732K, reserved 1048576K
}
Event: 4.121 GC heap before
{Heap before GC invocations=8 (full 0):
 garbage-first heap   total 155648K, used 96948K [0x0000000082600000, 0x0000000100000000)
  region size 1024K, 69 young (70656K), 8 survivors (8192K)
 Metaspace       used 57955K, capacity 58656K, committed 58780K, reserved 1101824K
  class space    used 6871K, capacity 7185K, committed 7244K, reserved 1048576K
}
Event: 4.138 GC heap after
{Heap after GC invocations=9 (full 0):
 garbage-first heap   total 155648K, used 44124K [0x0000000082600000, 0x0000000100000000)
  region size 1024K, 9 young (9216K), 9 survivors (9216K)
 Metaspace       used 57955K, capacity 58656K, committed 58780K, reserved 1101824K
  class space    used 6871K, capacity 7185K, committed 7244K, reserved 1048576K
}
Event: 4.554 GC heap before
{Heap before GC invocations=9 (full 0):
 garbage-first heap   total 155648K, used 82012K [0x0000000082600000, 0x0000000100000000)
  region size 1024K, 47 young (48128K), 9 survivors (9216K)
 Metaspace       used 59630K, capacity 60299K, committed 60420K, reserved 1101824K
  class space    used 7031K, capacity 7328K, committed 7372K, reserved 1048576K
}
Event: 4.576 GC heap after
{Heap after GC invocations=10 (full 0):
 garbage-first heap   total 155648K, used 50465K [0x0000000082600000, 0x0000000100000000)
  region size 1024K, 6 young (6144K), 6 survivors (6144K)
 Metaspace       used 59630K, capacity 60299K, committed 60420K, reserved 1101824K
  class space    used 7031K, capacity 7328K, committed 7372K, reserved 1048576K
}
Event: 5.740 GC heap before
{Heap before GC invocations=11 (full 0):
 garbage-first heap   total 155648K, used 99617K [0x0000000082600000, 0x0000000100000000)
  region size 1024K, 54 young (55296K), 6 survivors (6144K)
 Metaspace       used 64017K, capacity 64835K, committed 64976K, reserved 1105920K
  class space    used 7374K, capacity 7740K, committed 7832K, reserved 1048576K
}
Event: 5.757 GC heap after
{Heap after GC invocations=12 (full 0):
 garbage-first heap   total 188416K, used 56320K [0x0000000082600000, 0x0000000100000000)
  region size 1024K, 6 young (6144K), 6 survivors (6144K)
 Metaspace       used 64017K, capacity 64835K, committed 64976K, reserved 1105920K
  class space    used 7374K, capacity 7740K, committed 7832K, reserved 1048576K
}

Deoptimization events (10 events):
Event: 5.552 Thread 0x00000279fe591800 Uncommon trap: reason=profile_predicate action=maybe_recompile pc=0x000002798f40cb54 method=org.jetbrains.kotlin.com.intellij.psi.impl.source.CharTableImpl$StringHashToCharSequencesMap.charSequenceSubSequenceEquals(Ljava/lang/CharSequence;Ljava/lang/CharS
Event: 5.561 Thread 0x00000279fe591800 Uncommon trap: reason=unstable_if action=reinterpret pc=0x000002798f3470e8 method=org.jetbrains.kotlin.types.TypeUtils.noExpectedType(Lorg/jetbrains/kotlin/types/KotlinType;)Z @ 19 c2
Event: 5.811 Thread 0x00000279fe591800 Uncommon trap: reason=predicate action=maybe_recompile pc=0x000002798f384004 method=org.jetbrains.kotlin.resolve.OverridingUtil.filterOverrides(Ljava/util/Set;ZLkotlin/jvm/functions/Function0;Lkotlin/jvm/functions/Function2;)Ljava/util/Set; @ 56 c2
Event: 6.227 Thread 0x00000279fe591800 Uncommon trap: reason=class_check action=maybe_recompile pc=0x000002798f267cc0 method=org.jetbrains.kotlin.com.intellij.lexer.FlexAdapter.locateToken()V @ 29 c2
Event: 6.227 Thread 0x00000279fe591800 Uncommon trap: reason=class_check action=maybe_recompile pc=0x000002798f267cc0 method=org.jetbrains.kotlin.com.intellij.lexer.FlexAdapter.locateToken()V @ 29 c2
Event: 6.227 Thread 0x00000279fe591800 Uncommon trap: reason=class_check action=maybe_recompile pc=0x000002798f267cc0 method=org.jetbrains.kotlin.com.intellij.lexer.FlexAdapter.locateToken()V @ 29 c2
Event: 6.227 Thread 0x00000279fe591800 Uncommon trap: reason=class_check action=maybe_recompile pc=0x000002798f267cc0 method=org.jetbrains.kotlin.com.intellij.lexer.FlexAdapter.locateToken()V @ 29 c2
Event: 6.227 Thread 0x00000279fe591800 Uncommon trap: reason=class_check action=maybe_recompile pc=0x000002798f1946ac method=org.jetbrains.kotlin.com.intellij.lexer.FlexAdapter.locateToken()V @ 29 c2
Event: 6.227 Thread 0x00000279fe591800 Uncommon trap: reason=class_check action=maybe_recompile pc=0x000002798f282fb8 method=org.jetbrains.kotlin.com.intellij.lexer.FlexAdapter.locateToken()V @ 29 c2
Event: 6.230 Thread 0x00000279fe591800 Uncommon trap: reason=unstable_if action=reinterpret pc=0x000002798f2bdae0 method=org.jetbrains.kotlin.parsing.KotlinParserDefinition.createElement(Lorg/jetbrains/kotlin/com/intellij/lang/ASTNode;)Lorg/jetbrains/kotlin/com/intellij/psi/PsiElement; @ 111 c

Classes redefined (0 events):
No events

Internal exceptions (10 events):
Event: 4.293 Thread 0x00000279fe591800 Exception <a 'java/lang/NoSuchMethodError'{0x000000008ae23208}: java.lang.invoke.DirectMethodHandle$Holder.invokeStatic(Ljava/lang/Object;ILjava/lang/Object;)Ljava/lang/Object;> (0x000000008ae23208) thrown at [./open/src/hotspot/share/interpreter/linkReso
Event: 4.421 Thread 0x00000279fe591800 Implicit null exception at 0x000002798f0c9fbe to 0x000002798f0ca722
Event: 4.421 Thread 0x00000279fe591800 Implicit null exception at 0x000002798f0cc6af to 0x000002798f0cc71d
Event: 4.441 Thread 0x00000279fe591800 Exception <a 'java/lang/NoSuchMethodError'{0x000000008a03cc98}: java.lang.invoke.Invokers$Holder.linkToTargetMethod(Ljava/lang/Object;Ljava/lang/Object;Ljava/lang/Object;IILjava/lang/Object;)Ljava/lang/Object;> (0x000000008a03cc98) thrown at [./open/src/h
Event: 4.597 Thread 0x00000279fe591800 Implicit null exception at 0x000002798f311adc to 0x000002798f312ba4
Event: 4.708 Thread 0x00000279fe591800 Exception <a 'java/lang/NoSuchMethodError'{0x000000008b607510}: java.lang.invoke.DirectMethodHandle$Holder.invokeStaticInit(Ljava/lang/Object;I)I> (0x000000008b607510) thrown at [./open/src/hotspot/share/interpreter/linkResolver.cpp, line 772]
Event: 4.744 Thread 0x00000279fe591800 Implicit null exception at 0x000002798f089ed4 to 0x000002798f08a3b4
Event: 4.823 Thread 0x00000279fe591800 Exception <a 'java/lang/NoSuchMethodError'{0x000000008aebcaf8}: java.lang.invoke.DirectMethodHandle$Holder.invokeInterface(Ljava/lang/Object;Ljava/lang/Object;Ljava/lang/Object;)Ljava/lang/Object;> (0x000000008aebcaf8) thrown at [./open/src/hotspot/share/
Event: 4.823 Thread 0x00000279fe591800 Exception <a 'java/lang/IncompatibleClassChangeError'{0x000000008aebfd28}: Found class java.lang.Object, but interface was expected> (0x000000008aebfd28) thrown at [./open/src/hotspot/share/interpreter/linkResolver.cpp, line 838]
Event: 4.827 Thread 0x00000279fe591800 Exception <a 'java/lang/NoSuchMethodError'{0x000000008aef9640}: java.lang.invoke.Invokers$Holder.linkToTargetMethod(Ljava/lang/Object;Ljava/lang/Object;Ljava/lang/Object;Ljava/lang/Object;Ljava/lang/Object;Ljava/lang/Object;Ljava/lang/Object;)Ljava/lang/O

Events (10 events):
Event: 6.264 loading class org/jetbrains/kotlin/cfg/ControlFlowInfo
Event: 6.264 loading class org/jetbrains/kotlin/cfg/ControlFlowInfo done
Event: 6.266 loading class org/jetbrains/kotlin/cfg/variable/PseudocodeVariableDataCollector
Event: 6.266 loading class org/jetbrains/kotlin/cfg/variable/PseudocodeVariableDataCollector done
Event: 6.266 loading class org/jetbrains/kotlin/cfg/variable/BlockScopeVariableInfoImpl
Event: 6.266 loading class org/jetbrains/kotlin/cfg/variable/BlockScopeVariableInfoImpl done
Event: 6.266 loading class org/jetbrains/kotlin/cfg/variable/BlockScopeVariableInfo
Event: 6.266 loading class org/jetbrains/kotlin/cfg/variable/BlockScopeVariableInfo done
Event: 6.266 loading class org/jetbrains/kotlin/cfg/variable/PseudocodeVariableDataCollector$computeBlockScopeVariableInfo$1
Event: 6.266 loading class org/jetbrains/kotlin/cfg/variable/PseudocodeVariableDataCollector$computeBlockScopeVariableInfo$1 done


Dynamic libraries:
0x00007ff7a19f0000 - 0x00007ff7a19ff000 	C:\Program Files\Java\jdk-11.0.14\bin\java.exe
0x00007ff93f3d0000 - 0x00007ff93f5c5000 	C:\WINDOWS\SYSTEM32\ntdll.dll
0x00007ff93d970000 - 0x00007ff93da2e000 	C:\WINDOWS\System32\KERNEL32.DLL
0x00007ff93ceb0000 - 0x00007ff93d178000 	C:\WINDOWS\System32\KERNELBASE.dll
0x00007ff93cc70000 - 0x00007ff93cd70000 	C:\WINDOWS\System32\ucrtbase.dll
0x00007ff9242f0000 - 0x00007ff924308000 	C:\Program Files\Java\jdk-11.0.14\bin\jli.dll
0x00007ff9237e0000 - 0x00007ff9237f5000 	C:\Program Files\Java\jdk-11.0.14\bin\VCRUNTIME140.dll
0x00007ff93dcf0000 - 0x00007ff93dd9e000 	C:\WINDOWS\System32\ADVAPI32.dll
0x00007ff93f020000 - 0x00007ff93f0be000 	C:\WINDOWS\System32\msvcrt.dll
0x00007ff93e7c0000 - 0x00007ff93e85c000 	C:\WINDOWS\System32\sechost.dll
0x00007ff93dda0000 - 0x00007ff93dec5000 	C:\WINDOWS\System32\RPCRT4.dll
0x00007ff93f1d0000 - 0x00007ff93f371000 	C:\WINDOWS\System32\USER32.dll
0x00007ff93cd70000 - 0x00007ff93cd92000 	C:\WINDOWS\System32\win32u.dll
0x00007ff9275b0000 - 0x00007ff92784a000 	C:\WINDOWS\WinSxS\amd64_microsoft.windows.common-controls_6595b64144ccf1df_6.0.19041.1110_none_60b5254171f9507e\COMCTL32.dll
0x00007ff93e430000 - 0x00007ff93e45b000 	C:\WINDOWS\System32\GDI32.dll
0x00007ff93cda0000 - 0x00007ff93cead000 	C:\WINDOWS\System32\gdi32full.dll
0x00007ff93d310000 - 0x00007ff93d3ad000 	C:\WINDOWS\System32\msvcp_win.dll
0x00007ff934c70000 - 0x00007ff934c7a000 	C:\WINDOWS\SYSTEM32\VERSION.dll
0x00007ff93e4e0000 - 0x00007ff93e510000 	C:\WINDOWS\System32\IMM32.DLL
0x00007ff901460000 - 0x00007ff9014fb000 	C:\Program Files\Java\jdk-11.0.14\bin\msvcp140.dll
0x00007ff8c7d60000 - 0x00007ff8c8876000 	C:\Program Files\Java\jdk-11.0.14\bin\server\jvm.dll
0x00007ff93f380000 - 0x00007ff93f388000 	C:\WINDOWS\System32\PSAPI.DLL
0x00007ff926750000 - 0x00007ff926759000 	C:\WINDOWS\SYSTEM32\WSOCK32.dll
0x00007ff92aed0000 - 0x00007ff92aef7000 	C:\WINDOWS\SYSTEM32\WINMM.dll
0x00007ff93dff0000 - 0x00007ff93e05b000 	C:\WINDOWS\System32\WS2_32.dll
0x00007ff93a9d0000 - 0x00007ff93a9e2000 	C:\WINDOWS\SYSTEM32\kernel.appcore.dll
0x00007ff9376d0000 - 0x00007ff9376e0000 	C:\Program Files\Java\jdk-11.0.14\bin\verify.dll
0x00007ff9261e0000 - 0x00007ff9263c4000 	C:\WINDOWS\SYSTEM32\DBGHELP.DLL
0x00007ff921b10000 - 0x00007ff921b3c000 	C:\WINDOWS\SYSTEM32\dbgcore.DLL
0x00007ff93d230000 - 0x00007ff93d2b2000 	C:\WINDOWS\System32\bcryptPrimitives.dll
0x00007ff9206c0000 - 0x00007ff9206e8000 	C:\Program Files\Java\jdk-11.0.14\bin\java.dll
0x00007ff937050000 - 0x00007ff93705a000 	C:\Program Files\Java\jdk-11.0.14\bin\jimage.dll
0x00007ff9206a0000 - 0x00007ff9206b6000 	C:\Program Files\Java\jdk-11.0.14\bin\zip.dll
0x00007ff93e8d0000 - 0x00007ff93f014000 	C:\WINDOWS\System32\SHELL32.dll
0x00007ff93abd0000 - 0x00007ff93b365000 	C:\WINDOWS\SYSTEM32\windows.storage.dll
0x00007ff93e060000 - 0x00007ff93e3b5000 	C:\WINDOWS\System32\combase.dll
0x00007ff93c530000 - 0x00007ff93c55e000 	C:\WINDOWS\SYSTEM32\Wldp.dll
0x00007ff93da30000 - 0x00007ff93dadd000 	C:\WINDOWS\System32\SHCORE.dll
0x00007ff93e3d0000 - 0x00007ff93e425000 	C:\WINDOWS\System32\shlwapi.dll
0x00007ff93ca20000 - 0x00007ff93ca3f000 	C:\WINDOWS\SYSTEM32\profapi.dll
0x00007ff915bf0000 - 0x00007ff915c09000 	C:\Program Files\Java\jdk-11.0.14\bin\net.dll
0x00007ff935bf0000 - 0x00007ff935cfc000 	C:\WINDOWS\SYSTEM32\WINHTTP.dll
0x00007ff93c290000 - 0x00007ff93c2fa000 	C:\WINDOWS\system32\mswsock.dll
0x00007ff914a50000 - 0x00007ff914a62000 	C:\Program Files\Java\jdk-11.0.14\bin\nio.dll

dbghelp: loaded successfully - version: 4.0.5 - missing functions: none
symbol engine: initialized successfully - sym options: 0x614 - pdb path: .;C:\Program Files\Java\jdk-11.0.14\bin;C:\WINDOWS\SYSTEM32;C:\WINDOWS\WinSxS\amd64_microsoft.windows.common-controls_6595b64144ccf1df_6.0.19041.1110_none_60b5254171f9507e;C:\Program Files\Java\jdk-11.0.14\bin\server

VM Arguments:
java_command: org.jetbrains.kotlin.cli.jvm.K2JVMCompiler @D:\Sky\MOBILE\CTP_01\ctp\node_modules\react-native-safe-area-context\android\build\20220812_5491764473762545313.compiler.options
java_class_path (initial): C:\Users\cuong\.gradle\caches\modules-2\files-2.1\org.jetbrains.kotlin\kotlin-compiler-embeddable\1.6.10\88f2073f4020cdb83132cfe940ceb9a60aba54ea\kotlin-compiler-embeddable-1.6.10.jar;C:\Users\cuong\.gradle\caches\modules-2\files-2.1\org.jetbrains.kotlin\kotlin-reflect\1.6.10\1cbe9c92c12a94eea200d23c2bbaedaf3daf5132\kotlin-reflect-1.6.10.jar;C:\Users\cuong\.gradle\caches\modules-2\files-2.1\org.jetbrains.kotlin\kotlin-stdlib\1.6.10\b8af3fe6f1ca88526914929add63cf5e7c5049af\kotlin-stdlib-1.6.10.jar;C:\Users\cuong\.gradle\caches\modules-2\files-2.1\org.jetbrains.kotlin\kotlin-script-runtime\1.6.10\d0a7ff2e2500ef497ed0214ae40ad3c8387a6164\kotlin-script-runtime-1.6.10.jar;C:\Users\cuong\.gradle\caches\modules-2\files-2.1\org.jetbrains.kotlin\kotlin-daemon-embeddable\1.6.10\a56d79bcbea411fa6058e4ecffc2de73e742bd2a\kotlin-daemon-embeddable-1.6.10.jar;C:\Users\cuong\.gradle\caches\modules-2\files-2.1\org.jetbrains.intellij.deps\trove4j\1.0.20181211\216c2e14b070f334479d800987affe4054cd563f\trove4j-1.0.20181211.jar;C:\Users\cuong\.gradle\caches\modules-2\files-2.1\net.java.dev.jna\jna\5.6.0\330f2244e9030119ab3030fc3fededc86713d9cc\jna-5.6.0.jar;C:\Users\cuong\.gradle\caches\modules-2\files-2.1\org.jetbrains\annotations\13.0\919f0dfe192fb4e063e7dacadee7f8bb9a2672a9\annotations-13.0.jar;C:\Users\cuong\.gradle\caches\modules-2\files-2.1\org.jetbrains.kotlin\kotlin-stdlib-common\1.6.10\c118700e3a33c8a0d9adc920e9dec0831171925\kotlin-stdlib-common-1.6.10.jar
Launcher Type: SUN_STANDARD

[Global flags]
     intx CICompilerCount                          = 4                                         {product} {ergonomic}
     uint ConcGCThreads                            = 2                                         {product} {ergonomic}
     uint G1ConcRefinementThreads                  = 8                                         {product} {ergonomic}
   size_t G1HeapRegionSize                         = 1048576                                   {product} {ergonomic}
    uintx GCDrainStackTargetSize                   = 64                                        {product} {ergonomic}
   size_t InitialHeapSize                          = 132120576                                 {product} {ergonomic}
   size_t MarkStackSize                            = 4194304                                   {product} {ergonomic}
   size_t MaxHeapSize                              = 2107637760                                {product} {ergonomic}
   size_t MaxNewSize                               = 1264582656                                {product} {ergonomic}
   size_t MinHeapDeltaBytes                        = 1048576                                   {product} {ergonomic}
    uintx NonNMethodCodeHeapSize                   = 5836300                                {pd product} {ergonomic}
    uintx NonProfiledCodeHeapSize                  = 122910970                              {pd product} {ergonomic}
    uintx ProfiledCodeHeapSize                     = 122910970                              {pd product} {ergonomic}
    uintx ReservedCodeCacheSize                    = 251658240                              {pd product} {ergonomic}
     bool SegmentedCodeCache                       = true                                      {product} {ergonomic}
     bool UseCompressedClassPointers               = true                                 {lp64_product} {ergonomic}
     bool UseCompressedOops                        = true                                 {lp64_product} {ergonomic}
     bool UseG1GC                                  = true                                      {product} {ergonomic}
     bool UseLargePagesIndividualAllocation        = false                                  {pd product} {ergonomic}

Logging:
Log output configuration:
 #0: stdout all=warning uptime,level,tags
 #1: stderr all=off uptime,level,tags

Environment Variables:
JAVA_HOME=C:\Program Files\Java\jdk-11.0.14
CLASSPATH=D:\Sky\MOBILE\CTP_01\ctp\android\\gradle\wrapper\gradle-wrapper.jar
PATH=D:\Sky\MOBILE\CTP_01\ctp\android\node_modules\.bin;D:\Sky\MOBILE\CTP_01\ctp\node_modules\.bin;D:\Sky\MOBILE\CTP_01\node_modules\.bin;D:\Sky\MOBILE\node_modules\.bin;D:\Sky\node_modules\.bin;D:\node_modules\.bin;C:\Program Files\nodejs;D:\Sky\MOBILE\CTP_01\ctp\node_modules\.bin;C:\Program Files\nodejs\node_modules\npm\node_modules\npm-lifecycle\node-gyp-bin;D:\Sky\MOBILE\CTP_01\ctp\node_modules\.bin;C:\Program Files\Common Files\Oracle\Java\javapath;C:\Python39\Scripts\;C:\Python39\;C:\WINDOWS\system32;C:\WINDOWS;C:\WINDOWS\System32\Wbem;C:\WINDOWS\System32\WindowsPowerShell\v1.0\;C:\WINDOWS\System32\OpenSSH\;C:\Program Files\Microsoft VS Code\bin;C:\ProgramData\chocolatey\bin;C:\Program Files\Git\cmd;C:\Program Files\TortoiseSVN\bin;D:\Android\Sdk\platform-tools;C:\Program Files\Java\jdk1.8.0_301;C:\Program Files\Java\jdk1.8.0_301\bin;C:\Program Files\Java\jdk1.8.0_301\bin\;C:\Program Files (x86)\NVIDIA Corporation\PhysX\Common;C:\Program Files (x86)\Microsoft SQL Server\150\DTS\Binn\;C:\Program Files\nodejs\;C:\Gradle\gradle-4.10.2\bin;C:\Users\cuong\AppData\Local\Microsoft\WindowsApps;C:\Program Files\JetBrains\IntelliJ IDEA 2021.2.2\bin;;C:\Program Files\Azure Data Studio\bin;C:\Users\cuong\AppData\Roaming\npm;C:\Program Files\heroku\bin;C:\Gradle\gradle-4.10.2\bin;
USERNAME=cuong
OS=Windows_NT
PROCESSOR_IDENTIFIER=Intel64 Family 6 Model 158 Stepping 10, GenuineIntel



---------------  S Y S T E M  ---------------

OS: Windows 10 , 64 bit Build 19041 (10.0.19041.1466)

CPU:total 8 (initial active 8) (4 cores per cpu, 2 threads per core) family 6 model 158 stepping 10 microcode 0xb4, cmov, cx8, fxsr, mmx, sse, sse2, sse3, ssse3, sse4.1, sse4.2, popcnt, avx, avx2, aes, clmul, erms, 3dnowpref, lzcnt, ht, tsc, tscinvbit, bmi1, bmi2, adx, fma

Memory: 4k page, system-wide physical 8038M (435M free)
TotalPageFile size 17761M (AvailPageFile size 7M)
current process WorkingSet (physical memory assigned to process): 355M, peak: 356M
current process commit charge ("private bytes"): 422M, peak: 426M

vm_info: Java HotSpot(TM) 64-Bit Server VM (11.0.14+8-LTS-263) for windows-amd64 JRE (11.0.14+8-LTS-263), built on Dec  7 2021 21:53:57 by "mach5one" with MS VC++ 15.9 (VS2017)

END.
