#
# There is insufficient memory for the Java Runtime Environment to continue.
# Native memory allocation (malloc) failed to allocate 131088 bytes for Chunk::new
# Possible reasons:
#   The system is out of physical RAM or swap space
#   The process is running with CompressedOops enabled, and the Java Heap may be blocking the growth of the native heap
# Possible solutions:
#   Reduce memory load on the system
#   Increase physical memory or swap space
#   Check if swap backing store is full
#   Decrease Java heap size (-Xmx/-Xms)
#   Decrease number of Java threads
#   Decrease Java thread stack sizes (-Xss)
#   Set larger code cache with -XX:ReservedCodeCacheSize=
#   JVM is running with Unscaled Compressed Oops mode in which the Java heap is
#     placed in the first 4GB address space. The Java Heap base address is the
#     maximum limit for the native heap growth. Please use -XX:HeapBaseMinAddress
#     to set the Java Heap base and to place the Java Heap above 4GB virtual address.
# This output file may be truncated or incomplete.
#
#  Out of Memory Error (./open/src/hotspot/share/memory/arena.cpp:197), pid=17892, tid=8852
#
# JRE version: Java(TM) SE Runtime Environment 18.9 (11.0.14+8) (build 11.0.14+8-LTS-263)
# Java VM: Java HotSpot(TM) 64-Bit Server VM 18.9 (11.0.14+8-LTS-263, mixed mode, tiered, compressed oops, g1 gc, windows-amd64)
# No core dump will be written. Minidumps are not enabled by default on client versions of Windows
#

---------------  S U M M A R Y ------------

Command Line: org.jetbrains.kotlin.cli.jvm.K2JVMCompiler @D:\Ptit_programming\UI-DOAN\sas\node_modules\react-native-gesture-handler\android\build\20221014_13803774364833125651.compiler.options

Host: Intel(R) Core(TM) i5-9300H CPU @ 2.40GHz, 8 cores, 7G,  Windows 10 , 64 bit Build 19041 (10.0.19041.1466)
Time: Fri Oct 14 14:28:29 2022 SE Asia Standard Time elapsed time: 1.719179 seconds (0d 0h 0m 1s)

---------------  T H R E A D  ---------------

Current thread (0x0000029aba700800):  JavaThread "C2 CompilerThread2" daemon [_thread_in_native, id=8852, stack(0x000000c149d00000,0x000000c149e00000)]


Current CompileTask:
C2:   1719 1938   !   4       jdk.internal.loader.BuiltinClassLoader::loadClassOrNull (143 bytes)

Stack: [0x000000c149d00000,0x000000c149e00000]
Native frames: (J=compiled Java code, j=interpreted, Vv=VM code, C=native code)
V  [jvm.dll+0x6296da]
V  [jvm.dll+0x76323f]
V  [jvm.dll+0x7648e9]
V  [jvm.dll+0x764f73]
V  [jvm.dll+0x23d7c8]
V  [jvm.dll+0xb297c]
V  [jvm.dll+0xb2f3c]
V  [jvm.dll+0xb2a8b]
V  [jvm.dll+0x653621]
V  [jvm.dll+0x1f98fa]
V  [jvm.dll+0x1f742d]
V  [jvm.dll+0x177b21]
V  [jvm.dll+0x206e26]
V  [jvm.dll+0x204fbb]
V  [jvm.dll+0x729170]
V  [jvm.dll+0x721d44]
V  [jvm.dll+0x6285d6]
C  [ucrtbase.dll+0x21bb2]
C  [KERNEL32.DLL+0x17034]
C  [ntdll.dll+0x52651]


---------------  P R O C E S S  ---------------

Threads class SMR info:
_java_thread_list=0x0000029aba7be470, length=12, elements={
0x0000029a9a87f000, 0x0000029ab870b800, 0x0000029ab8735000, 0x0000029ab8746800,
0x0000029ab8748000, 0x0000029ab8749800, 0x0000029ab874c800, 0x0000029ab874e000,
0x0000029ab8752800, 0x0000029ab9217000, 0x0000029aba6ff800, 0x0000029aba700800
}

Java Threads: ( => current thread )
  0x0000029a9a87f000 JavaThread "main" [_thread_in_vm, id=6424, stack(0x000000c148800000,0x000000c148900000)]
  0x0000029ab870b800 JavaThread "Reference Handler" daemon [_thread_blocked, id=14768, stack(0x000000c148f00000,0x000000c149000000)]
  0x0000029ab8735000 JavaThread "Finalizer" daemon [_thread_blocked, id=14864, stack(0x000000c149000000,0x000000c149100000)]
  0x0000029ab8746800 JavaThread "Signal Dispatcher" daemon [_thread_blocked, id=17500, stack(0x000000c149100000,0x000000c149200000)]
  0x0000029ab8748000 JavaThread "Attach Listener" daemon [_thread_blocked, id=15676, stack(0x000000c149200000,0x000000c149300000)]
  0x0000029ab8749800 JavaThread "Service Thread" daemon [_thread_blocked, id=15700, stack(0x000000c149300000,0x000000c149400000)]
  0x0000029ab874c800 JavaThread "C2 CompilerThread0" daemon [_thread_in_native, id=9040, stack(0x000000c149400000,0x000000c149500000)]
  0x0000029ab874e000 JavaThread "C1 CompilerThread0" daemon [_thread_in_vm, id=5476, stack(0x000000c149500000,0x000000c149600000)]
  0x0000029ab8752800 JavaThread "Sweeper thread" daemon [_thread_blocked, id=7744, stack(0x000000c149600000,0x000000c149700000)]
  0x0000029ab9217000 JavaThread "Common-Cleaner" daemon [_thread_blocked, id=11312, stack(0x000000c149800000,0x000000c149900000)]
  0x0000029aba6ff800 JavaThread "C2 CompilerThread1" daemon [_thread_blocked, id=10288, stack(0x000000c149a00000,0x000000c149b00000)]
=>0x0000029aba700800 JavaThread "C2 CompilerThread2" daemon [_thread_in_native, id=8852, stack(0x000000c149d00000,0x000000c149e00000)]

Other Threads:
  0x0000029ab8707800 VMThread "VM Thread" [stack: 0x000000c148e00000,0x000000c148f00000] [id=16536]
  0x0000029ab922d000 WatcherThread [stack: 0x000000c149700000,0x000000c149800000] [id=15588]
  0x0000029a9a893800 GCTaskThread "GC Thread#0" [stack: 0x000000c148900000,0x000000c148a00000] [id=3768]
  0x0000029ab9890000 GCTaskThread "GC Thread#1" [stack: 0x000000c149b00000,0x000000c149c00000] [id=17236]
  0x0000029ab9891000 GCTaskThread "GC Thread#2" [stack: 0x000000c149c00000,0x000000c149d00000] [id=15672]
  0x0000029a9a8c6000 ConcurrentGCThread "G1 Main Marker" [stack: 0x000000c148a00000,0x000000c148b00000] [id=1184]
  0x0000029a9a8c7800 ConcurrentGCThread "G1 Conc#0" [stack: 0x000000c148b00000,0x000000c148c00000] [id=1500]
  0x0000029ab98c6800 ConcurrentGCThread "G1 Conc#1" [stack: 0x000000c149900000,0x000000c149a00000] [id=10860]
  0x0000029a9a957000 ConcurrentGCThread "G1 Refine#0" [stack: 0x000000c148c00000,0x000000c148d00000] [id=18324]
  0x0000029ab8570800 ConcurrentGCThread "G1 Young RemSet Sampling" [stack: 0x000000c148d00000,0x000000c148e00000] [id=1828]

Threads with active compile tasks:
C2 CompilerThread0   1739 1960       4       jdk.internal.org.objectweb.asm.ClassWriter::put (152 bytes)
C1 CompilerThread0   1739 1964       3       java.lang.invoke.MethodHandles$Lookup::in (168 bytes)
C2 CompilerThread1   1739 1967       4       jdk.internal.org.objectweb.asm.ClassWriter::newUTF8 (70 bytes)
C2 CompilerThread2   1739 1938   !   4       jdk.internal.loader.BuiltinClassLoader::loadClassOrNull (143 bytes)

VM state:not at safepoint (normal execution)

VM Mutex/Monitor currently owned by a thread: None

Heap address: 0x0000000082600000, size: 2010 MB, Compressed Oops mode: 32-bit
Narrow klass base: 0x0000000000000000, Narrow klass shift: 3
Compressed class space size: 1073741824 Address: 0x0000000100000000

Heap:
 garbage-first heap   total 129024K, used 28672K [0x0000000082600000, 0x0000000100000000)
  region size 1024K, 23 young (23552K), 6 survivors (6144K)
 Metaspace       used 26196K, capacity 26486K, committed 26800K, reserved 1073152K
  class space    used 2844K, capacity 2996K, committed 3072K, reserved 1048576K
Heap Regions: E=young(eden), S=young(survivor), O=old, HS=humongous(starts), HC=humongous(continues), CS=collection set, F=free, A=archive, TAMS=top-at-mark-start (previous, next)
|   0|0x0000000082600000, 0x0000000082700000, 0x0000000082700000|100%|HS|  |TAMS 0x0000000082700000, 0x0000000082600000| Complete 
|   1|0x0000000082700000, 0x0000000082800000, 0x0000000082800000|100%|HC|  |TAMS 0x0000000082800000, 0x0000000082700000| Complete 
|   2|0x0000000082800000, 0x0000000082900000, 0x0000000082900000|100%|HC|  |TAMS 0x0000000082900000, 0x0000000082800000| Complete 
|   3|0x0000000082900000, 0x0000000082a00000, 0x0000000082a00000|100%|HS|  |TAMS 0x0000000082900000, 0x0000000082900000| Complete 
|   4|0x0000000082a00000, 0x0000000082b00000, 0x0000000082b00000|100%|HC|  |TAMS 0x0000000082a00000, 0x0000000082a00000| Complete 
|   5|0x0000000082b00000, 0x0000000082c00000, 0x0000000082c00000|100%|HC|  |TAMS 0x0000000082b00000, 0x0000000082b00000| Complete 
|   6|0x0000000082c00000, 0x0000000082c00000, 0x0000000082d00000|  0%| F|  |TAMS 0x0000000082c00000, 0x0000000082c00000| Untracked 
|   7|0x0000000082d00000, 0x0000000082d00000, 0x0000000082e00000|  0%| F|  |TAMS 0x0000000082d00000, 0x0000000082d00000| Untracked 
|   8|0x0000000082e00000, 0x0000000082e00000, 0x0000000082f00000|  0%| F|  |TAMS 0x0000000082e00000, 0x0000000082e00000| Untracked 
|   9|0x0000000082f00000, 0x0000000082f00000, 0x0000000083000000|  0%| F|  |TAMS 0x0000000082f00000, 0x0000000082f00000| Untracked 
|  10|0x0000000083000000, 0x0000000083000000, 0x0000000083100000|  0%| F|  |TAMS 0x0000000083000000, 0x0000000083000000| Untracked 
|  11|0x0000000083100000, 0x0000000083100000, 0x0000000083200000|  0%| F|  |TAMS 0x0000000083100000, 0x0000000083100000| Untracked 
|  12|0x0000000083200000, 0x0000000083200000, 0x0000000083300000|  0%| F|  |TAMS 0x0000000083200000, 0x0000000083200000| Untracked 
|  13|0x0000000083300000, 0x0000000083300000, 0x0000000083400000|  0%| F|  |TAMS 0x0000000083300000, 0x0000000083300000| Untracked 
|  14|0x0000000083400000, 0x0000000083400000, 0x0000000083500000|  0%| F|  |TAMS 0x0000000083400000, 0x0000000083400000| Untracked 
|  15|0x0000000083500000, 0x0000000083500000, 0x0000000083600000|  0%| F|  |TAMS 0x0000000083500000, 0x0000000083500000| Untracked 
|  16|0x0000000083600000, 0x0000000083600000, 0x0000000083700000|  0%| F|  |TAMS 0x0000000083600000, 0x0000000083600000| Untracked 
|  17|0x0000000083700000, 0x0000000083700000, 0x0000000083800000|  0%| F|  |TAMS 0x0000000083700000, 0x0000000083700000| Untracked 
|  18|0x0000000083800000, 0x0000000083800000, 0x0000000083900000|  0%| F|  |TAMS 0x0000000083800000, 0x0000000083800000| Untracked 
|  19|0x0000000083900000, 0x0000000083900000, 0x0000000083a00000|  0%| F|  |TAMS 0x0000000083900000, 0x0000000083900000| Untracked 
|  20|0x0000000083a00000, 0x0000000083a00000, 0x0000000083b00000|  0%| F|  |TAMS 0x0000000083a00000, 0x0000000083a00000| Untracked 
|  21|0x0000000083b00000, 0x0000000083b00000, 0x0000000083c00000|  0%| F|  |TAMS 0x0000000083b00000, 0x0000000083b00000| Untracked 
|  22|0x0000000083c00000, 0x0000000083c00000, 0x0000000083d00000|  0%| F|  |TAMS 0x0000000083c00000, 0x0000000083c00000| Untracked 
|  23|0x0000000083d00000, 0x0000000083d00000, 0x0000000083e00000|  0%| F|  |TAMS 0x0000000083d00000, 0x0000000083d00000| Untracked 
|  24|0x0000000083e00000, 0x0000000083e00000, 0x0000000083f00000|  0%| F|  |TAMS 0x0000000083e00000, 0x0000000083e00000| Untracked 
|  25|0x0000000083f00000, 0x0000000083f00000, 0x0000000084000000|  0%| F|  |TAMS 0x0000000083f00000, 0x0000000083f00000| Untracked 
|  26|0x0000000084000000, 0x0000000084000000, 0x0000000084100000|  0%| F|  |TAMS 0x0000000084000000, 0x0000000084000000| Untracked 
|  27|0x0000000084100000, 0x0000000084100000, 0x0000000084200000|  0%| F|  |TAMS 0x0000000084100000, 0x0000000084100000| Untracked 
|  28|0x0000000084200000, 0x0000000084200000, 0x0000000084300000|  0%| F|  |TAMS 0x0000000084200000, 0x0000000084200000| Untracked 
|  29|0x0000000084300000, 0x0000000084300000, 0x0000000084400000|  0%| F|  |TAMS 0x0000000084300000, 0x0000000084300000| Untracked 
|  30|0x0000000084400000, 0x0000000084400000, 0x0000000084500000|  0%| F|  |TAMS 0x0000000084400000, 0x0000000084400000| Untracked 
|  31|0x0000000084500000, 0x0000000084500000, 0x0000000084600000|  0%| F|  |TAMS 0x0000000084500000, 0x0000000084500000| Untracked 
|  32|0x0000000084600000, 0x0000000084600000, 0x0000000084700000|  0%| F|  |TAMS 0x0000000084600000, 0x0000000084600000| Untracked 
|  33|0x0000000084700000, 0x0000000084700000, 0x0000000084800000|  0%| F|  |TAMS 0x0000000084700000, 0x0000000084700000| Untracked 
|  34|0x0000000084800000, 0x0000000084800000, 0x0000000084900000|  0%| F|  |TAMS 0x0000000084800000, 0x0000000084800000| Untracked 
|  35|0x0000000084900000, 0x0000000084900000, 0x0000000084a00000|  0%| F|  |TAMS 0x0000000084900000, 0x0000000084900000| Untracked 
|  36|0x0000000084a00000, 0x0000000084a00000, 0x0000000084b00000|  0%| F|  |TAMS 0x0000000084a00000, 0x0000000084a00000| Untracked 
|  37|0x0000000084b00000, 0x0000000084b00000, 0x0000000084c00000|  0%| F|  |TAMS 0x0000000084b00000, 0x0000000084b00000| Untracked 
|  38|0x0000000084c00000, 0x0000000084c00000, 0x0000000084d00000|  0%| F|  |TAMS 0x0000000084c00000, 0x0000000084c00000| Untracked 
|  39|0x0000000084d00000, 0x0000000084d00000, 0x0000000084e00000|  0%| F|  |TAMS 0x0000000084d00000, 0x0000000084d00000| Untracked 
|  40|0x0000000084e00000, 0x0000000084e00000, 0x0000000084f00000|  0%| F|  |TAMS 0x0000000084e00000, 0x0000000084e00000| Untracked 
|  41|0x0000000084f00000, 0x0000000084f00000, 0x0000000085000000|  0%| F|  |TAMS 0x0000000084f00000, 0x0000000084f00000| Untracked 
|  42|0x0000000085000000, 0x0000000085000000, 0x0000000085100000|  0%| F|  |TAMS 0x0000000085000000, 0x0000000085000000| Untracked 
|  43|0x0000000085100000, 0x0000000085100000, 0x0000000085200000|  0%| F|  |TAMS 0x0000000085100000, 0x0000000085100000| Untracked 
|  44|0x0000000085200000, 0x0000000085200000, 0x0000000085300000|  0%| F|  |TAMS 0x0000000085200000, 0x0000000085200000| Untracked 
|  45|0x0000000085300000, 0x0000000085300000, 0x0000000085400000|  0%| F|  |TAMS 0x0000000085300000, 0x0000000085300000| Untracked 
|  46|0x0000000085400000, 0x0000000085400000, 0x0000000085500000|  0%| F|  |TAMS 0x0000000085400000, 0x0000000085400000| Untracked 
|  47|0x0000000085500000, 0x0000000085500000, 0x0000000085600000|  0%| F|  |TAMS 0x0000000085500000, 0x0000000085500000| Untracked 
|  48|0x0000000085600000, 0x0000000085600000, 0x0000000085700000|  0%| F|  |TAMS 0x0000000085600000, 0x0000000085600000| Untracked 
|  49|0x0000000085700000, 0x0000000085700000, 0x0000000085800000|  0%| F|  |TAMS 0x0000000085700000, 0x0000000085700000| Untracked 
|  50|0x0000000085800000, 0x0000000085800000, 0x0000000085900000|  0%| F|  |TAMS 0x0000000085800000, 0x0000000085800000| Untracked 
|  51|0x0000000085900000, 0x0000000085900000, 0x0000000085a00000|  0%| F|  |TAMS 0x0000000085900000, 0x0000000085900000| Untracked 
|  52|0x0000000085a00000, 0x0000000085a00000, 0x0000000085b00000|  0%| F|  |TAMS 0x0000000085a00000, 0x0000000085a00000| Untracked 
|  53|0x0000000085b00000, 0x0000000085b00000, 0x0000000085c00000|  0%| F|  |TAMS 0x0000000085b00000, 0x0000000085b00000| Untracked 
|  54|0x0000000085c00000, 0x0000000085c00000, 0x0000000085d00000|  0%| F|  |TAMS 0x0000000085c00000, 0x0000000085c00000| Untracked 
|  55|0x0000000085d00000, 0x0000000085d00000, 0x0000000085e00000|  0%| F|  |TAMS 0x0000000085d00000, 0x0000000085d00000| Untracked 
|  56|0x0000000085e00000, 0x0000000085e00000, 0x0000000085f00000|  0%| F|  |TAMS 0x0000000085e00000, 0x0000000085e00000| Untracked 
|  57|0x0000000085f00000, 0x0000000085f00000, 0x0000000086000000|  0%| F|  |TAMS 0x0000000085f00000, 0x0000000085f00000| Untracked 
|  58|0x0000000086000000, 0x0000000086000000, 0x0000000086100000|  0%| F|  |TAMS 0x0000000086000000, 0x0000000086000000| Untracked 
|  59|0x0000000086100000, 0x0000000086100000, 0x0000000086200000|  0%| F|  |TAMS 0x0000000086100000, 0x0000000086100000| Untracked 
|  60|0x0000000086200000, 0x0000000086200000, 0x0000000086300000|  0%| F|  |TAMS 0x0000000086200000, 0x0000000086200000| Untracked 
|  61|0x0000000086300000, 0x0000000086300000, 0x0000000086400000|  0%| F|  |TAMS 0x0000000086300000, 0x0000000086300000| Untracked 
|  62|0x0000000086400000, 0x0000000086400000, 0x0000000086500000|  0%| F|  |TAMS 0x0000000086400000, 0x0000000086400000| Untracked 
|  63|0x0000000086500000, 0x0000000086500000, 0x0000000086600000|  0%| F|  |TAMS 0x0000000086500000, 0x0000000086500000| Untracked 
|  64|0x0000000086600000, 0x0000000086600000, 0x0000000086700000|  0%| F|  |TAMS 0x0000000086600000, 0x0000000086600000| Untracked 
|  65|0x0000000086700000, 0x0000000086700000, 0x0000000086800000|  0%| F|  |TAMS 0x0000000086700000, 0x0000000086700000| Untracked 
|  66|0x0000000086800000, 0x0000000086800000, 0x0000000086900000|  0%| F|  |TAMS 0x0000000086800000, 0x0000000086800000| Untracked 
|  67|0x0000000086900000, 0x0000000086900000, 0x0000000086a00000|  0%| F|  |TAMS 0x0000000086900000, 0x0000000086900000| Untracked 
|  68|0x0000000086a00000, 0x0000000086a00000, 0x0000000086b00000|  0%| F|  |TAMS 0x0000000086a00000, 0x0000000086a00000| Untracked 
|  69|0x0000000086b00000, 0x0000000086b00000, 0x0000000086c00000|  0%| F|  |TAMS 0x0000000086b00000, 0x0000000086b00000| Untracked 
|  70|0x0000000086c00000, 0x0000000086c00000, 0x0000000086d00000|  0%| F|  |TAMS 0x0000000086c00000, 0x0000000086c00000| Untracked 
|  71|0x0000000086d00000, 0x0000000086d00000, 0x0000000086e00000|  0%| F|  |TAMS 0x0000000086d00000, 0x0000000086d00000| Untracked 
|  72|0x0000000086e00000, 0x0000000086e00000, 0x0000000086f00000|  0%| F|  |TAMS 0x0000000086e00000, 0x0000000086e00000| Untracked 
|  73|0x0000000086f00000, 0x0000000086f00000, 0x0000000087000000|  0%| F|  |TAMS 0x0000000086f00000, 0x0000000086f00000| Untracked 
|  74|0x0000000087000000, 0x0000000087000000, 0x0000000087100000|  0%| F|  |TAMS 0x0000000087000000, 0x0000000087000000| Untracked 
|  75|0x0000000087100000, 0x0000000087100000, 0x0000000087200000|  0%| F|  |TAMS 0x0000000087100000, 0x0000000087100000| Untracked 
|  76|0x0000000087200000, 0x0000000087200000, 0x0000000087300000|  0%| F|  |TAMS 0x0000000087200000, 0x0000000087200000| Untracked 
|  77|0x0000000087300000, 0x0000000087300000, 0x0000000087400000|  0%| F|  |TAMS 0x0000000087300000, 0x0000000087300000| Untracked 
|  78|0x0000000087400000, 0x0000000087400000, 0x0000000087500000|  0%| F|  |TAMS 0x0000000087400000, 0x0000000087400000| Untracked 
|  79|0x0000000087500000, 0x0000000087600000, 0x0000000087600000|100%| S|CS|TAMS 0x0000000087500000, 0x0000000087500000| Complete 
|  80|0x0000000087600000, 0x0000000087700000, 0x0000000087700000|100%| S|CS|TAMS 0x0000000087600000, 0x0000000087600000| Complete 
|  81|0x0000000087700000, 0x0000000087800000, 0x0000000087800000|100%| S|CS|TAMS 0x0000000087700000, 0x0000000087700000| Complete 
|  82|0x0000000087800000, 0x0000000087900000, 0x0000000087900000|100%| S|CS|TAMS 0x0000000087800000, 0x0000000087800000| Complete 
|  83|0x0000000087900000, 0x0000000087a00000, 0x0000000087a00000|100%| S|CS|TAMS 0x0000000087900000, 0x0000000087900000| Complete 
|  84|0x0000000087a00000, 0x0000000087b00000, 0x0000000087b00000|100%| S|CS|TAMS 0x0000000087a00000, 0x0000000087a00000| Complete 
|  85|0x0000000087b00000, 0x0000000087b00000, 0x0000000087c00000|  0%| F|  |TAMS 0x0000000087b00000, 0x0000000087b00000| Untracked 
|  86|0x0000000087c00000, 0x0000000087c00000, 0x0000000087d00000|  0%| F|  |TAMS 0x0000000087c00000, 0x0000000087c00000| Untracked 
|  87|0x0000000087d00000, 0x0000000087d00000, 0x0000000087e00000|  0%| F|  |TAMS 0x0000000087d00000, 0x0000000087d00000| Untracked 
|  88|0x0000000087e00000, 0x0000000087e00000, 0x0000000087f00000|  0%| F|  |TAMS 0x0000000087e00000, 0x0000000087e00000| Untracked 
|  89|0x0000000087f00000, 0x0000000087f00000, 0x0000000088000000|  0%| F|  |TAMS 0x0000000087f00000, 0x0000000087f00000| Untracked 
|  90|0x0000000088000000, 0x0000000088000000, 0x0000000088100000|  0%| F|  |TAMS 0x0000000088000000, 0x0000000088000000| Untracked 
|  91|0x0000000088100000, 0x0000000088100000, 0x0000000088200000|  0%| F|  |TAMS 0x0000000088100000, 0x0000000088100000| Untracked 
|  92|0x0000000088200000, 0x0000000088200000, 0x0000000088300000|  0%| F|  |TAMS 0x0000000088200000, 0x0000000088200000| Untracked 
|  93|0x0000000088300000, 0x0000000088300000, 0x0000000088400000|  0%| F|  |TAMS 0x0000000088300000, 0x0000000088300000| Untracked 
|  94|0x0000000088400000, 0x0000000088400000, 0x0000000088500000|  0%| F|  |TAMS 0x0000000088400000, 0x0000000088400000| Untracked 
|  95|0x0000000088500000, 0x0000000088500000, 0x0000000088600000|  0%| F|  |TAMS 0x0000000088500000, 0x0000000088500000| Untracked 
|  96|0x0000000088600000, 0x0000000088600000, 0x0000000088700000|  0%| F|  |TAMS 0x0000000088600000, 0x0000000088600000| Untracked 
|  97|0x0000000088700000, 0x0000000088700000, 0x0000000088800000|  0%| F|  |TAMS 0x0000000088700000, 0x0000000088700000| Untracked 
|  98|0x0000000088800000, 0x0000000088800000, 0x0000000088900000|  0%| F|  |TAMS 0x0000000088800000, 0x0000000088800000| Untracked 
|  99|0x0000000088900000, 0x0000000088900000, 0x0000000088a00000|  0%| F|  |TAMS 0x0000000088900000, 0x0000000088900000| Untracked 
| 100|0x0000000088a00000, 0x0000000088a00000, 0x0000000088b00000|  0%| F|  |TAMS 0x0000000088a00000, 0x0000000088a00000| Untracked 
| 101|0x0000000088b00000, 0x0000000088b00000, 0x0000000088c00000|  0%| F|  |TAMS 0x0000000088b00000, 0x0000000088b00000| Untracked 
| 102|0x0000000088c00000, 0x0000000088c00000, 0x0000000088d00000|  0%| F|  |TAMS 0x0000000088c00000, 0x0000000088c00000| Untracked 
| 103|0x0000000088d00000, 0x0000000088d00000, 0x0000000088e00000|  0%| F|  |TAMS 0x0000000088d00000, 0x0000000088d00000| Untracked 
| 104|0x0000000088e00000, 0x0000000088e00000, 0x0000000088f00000|  0%| F|  |TAMS 0x0000000088e00000, 0x0000000088e00000| Untracked 
| 105|0x0000000088f00000, 0x0000000088f00000, 0x0000000089000000|  0%| F|  |TAMS 0x0000000088f00000, 0x0000000088f00000| Untracked 
| 106|0x0000000089000000, 0x0000000089000000, 0x0000000089100000|  0%| F|  |TAMS 0x0000000089000000, 0x0000000089000000| Untracked 
| 107|0x0000000089100000, 0x0000000089100000, 0x0000000089200000|  0%| F|  |TAMS 0x0000000089100000, 0x0000000089100000| Untracked 
| 108|0x0000000089200000, 0x0000000089200000, 0x0000000089300000|  0%| F|  |TAMS 0x0000000089200000, 0x0000000089200000| Untracked 
| 109|0x0000000089300000, 0x0000000089400000, 0x0000000089400000|100%| E|  |TAMS 0x0000000089300000, 0x0000000089300000| Complete 
| 110|0x0000000089400000, 0x0000000089500000, 0x0000000089500000|100%| E|CS|TAMS 0x0000000089400000, 0x0000000089400000| Complete 
| 111|0x0000000089500000, 0x0000000089600000, 0x0000000089600000|100%| E|CS|TAMS 0x0000000089500000, 0x0000000089500000| Complete 
| 112|0x0000000089600000, 0x0000000089700000, 0x0000000089700000|100%| E|CS|TAMS 0x0000000089600000, 0x0000000089600000| Complete 
| 113|0x0000000089700000, 0x0000000089800000, 0x0000000089800000|100%| E|CS|TAMS 0x0000000089700000, 0x0000000089700000| Complete 
| 114|0x0000000089800000, 0x0000000089900000, 0x0000000089900000|100%| E|CS|TAMS 0x0000000089800000, 0x0000000089800000| Complete 
| 115|0x0000000089900000, 0x0000000089a00000, 0x0000000089a00000|100%| E|CS|TAMS 0x0000000089900000, 0x0000000089900000| Complete 
| 116|0x0000000089a00000, 0x0000000089b00000, 0x0000000089b00000|100%| E|CS|TAMS 0x0000000089a00000, 0x0000000089a00000| Complete 
| 117|0x0000000089b00000, 0x0000000089c00000, 0x0000000089c00000|100%| E|CS|TAMS 0x0000000089b00000, 0x0000000089b00000| Complete 
| 118|0x0000000089c00000, 0x0000000089d00000, 0x0000000089d00000|100%| E|CS|TAMS 0x0000000089c00000, 0x0000000089c00000| Complete 
| 119|0x0000000089d00000, 0x0000000089e00000, 0x0000000089e00000|100%| E|CS|TAMS 0x0000000089d00000, 0x0000000089d00000| Complete 
| 120|0x0000000089e00000, 0x0000000089f00000, 0x0000000089f00000|100%| E|CS|TAMS 0x0000000089e00000, 0x0000000089e00000| Complete 
| 121|0x0000000089f00000, 0x000000008a000000, 0x000000008a000000|100%| E|CS|TAMS 0x0000000089f00000, 0x0000000089f00000| Complete 
| 122|0x000000008a000000, 0x000000008a100000, 0x000000008a100000|100%| E|CS|TAMS 0x000000008a000000, 0x000000008a000000| Complete 
| 123|0x000000008a100000, 0x000000008a200000, 0x000000008a200000|100%| E|CS|TAMS 0x000000008a100000, 0x000000008a100000| Complete 
| 124|0x000000008a200000, 0x000000008a300000, 0x000000008a300000|100%| E|CS|TAMS 0x000000008a200000, 0x000000008a200000| Complete 
| 125|0x000000008a300000, 0x000000008a400000, 0x000000008a400000|100%| E|CS|TAMS 0x000000008a300000, 0x000000008a300000| Complete 

Card table byte_map: [0x0000029ab1620000,0x0000029ab1a10000] _byte_map_base: 0x0000029ab120d000

Marking Bits (Prev, Next): (CMBitMap*) 0x0000029a9a8bd310, (CMBitMap*) 0x0000029a9a8bd2d8
 Prev Bits: [0x0000029ab3d70000, 0x0000029ab5cd8000)
 Next Bits: [0x0000029ab1e00000, 0x0000029ab3d68000)

Polling page: 0x0000029a9a060000

Metaspace:

Usage:
  Non-class:     23.07 MB capacity,    22.87 MB (>99%) used,   158.59 KB ( <1%) free+waste,    40.25 KB ( <1%) overhead. 
      Class:      2.93 MB capacity,     2.79 MB ( 95%) used,   123.00 KB (  4%) free+waste,    19.38 KB ( <1%) overhead. 
       Both:     26.00 MB capacity,    25.66 MB ( 99%) used,   281.59 KB (  1%) free+waste,    59.63 KB ( <1%) overhead. 

Virtual space:
  Non-class space:       24.00 MB reserved,      23.17 MB ( 97%) committed 
      Class space:        1.00 GB reserved,       3.00 MB ( <1%) committed 
             Both:        1.02 GB reserved,      26.17 MB (  2%) committed 

Chunk freelists:
   Non-Class:  5.38 KB
       Class:  1.13 KB
        Both:  6.50 KB

CodeHeap 'non-profiled nmethods': size=120000Kb used=645Kb max_used=645Kb free=119355Kb
 bounds [0x0000029aa99d0000, 0x0000029aa9c40000, 0x0000029ab0f00000]
CodeHeap 'profiled nmethods': size=120000Kb used=3517Kb max_used=3517Kb free=116482Kb
 bounds [0x0000029aa24a0000, 0x0000029aa2810000, 0x0000029aa99d0000]
CodeHeap 'non-nmethods': size=5760Kb used=1160Kb max_used=1172Kb free=4599Kb
 bounds [0x0000029aa1f00000, 0x0000029aa2170000, 0x0000029aa24a0000]
 total_blobs=2471 nmethods=1967 adapters=415
 compilation: enabled
              stopped_count=0, restarted_count=0
 full_count=0

Compilation events (10 events):
Event: 1.714 Thread 0x0000029ab874e000 1954       3       java.lang.invoke.LambdaForm$MH/0x00000001001b1040::invokeExact_MT (27 bytes)
Event: 1.714 Thread 0x0000029ab874e000 nmethod 1954 0x0000029aa2806a10 code [0x0000029aa2806c20, 0x0000029aa2807338]
Event: 1.714 Thread 0x0000029ab874e000 1955       3       java.lang.invoke.LambdaForm$DMH/0x000000010017a440::invokeSpecial (20 bytes)
Event: 1.714 Thread 0x0000029ab874e000 nmethod 1955 0x0000029aa2807590 code [0x0000029aa2807760, 0x0000029aa2807b38]
Event: 1.714 Thread 0x0000029ab874e000 1956       3       sun.misc.Unsafe::putObjectVolatile (11 bytes)
Event: 1.714 Thread 0x0000029ab874e000 nmethod 1956 0x0000029aa2807c90 code [0x0000029aa2807e20, 0x0000029aa2807f78]
Event: 1.715 Thread 0x0000029ab874e000 1952   !   3       org.jetbrains.kotlin.com.intellij.util.containers.ConcurrentIntObjectHashMap::setTabAt (32 bytes)
Event: 1.715 Thread 0x0000029ab874e000 nmethod 1952 0x0000029aa2808010 code [0x0000029aa2808220, 0x0000029aa2808a98]
Event: 1.715 Thread 0x0000029ab874e000 1953       3       java.lang.invoke.LambdaForm$MH/0x00000001001b7840::invoke (38 bytes)
Event: 1.715 Thread 0x0000029ab874e000 nmethod 1953 0x0000029aa2808d10 code [0x0000029aa2808ee0, 0x0000029aa2809358]

GC Heap History (4 events):
Event: 0.627 GC heap before
{Heap before GC invocations=0 (full 0):
 garbage-first heap   total 129024K, used 27648K [0x0000000082600000, 0x0000000100000000)
  region size 1024K, 24 young (24576K), 0 survivors (0K)
 Metaspace       used 12159K, capacity 12310K, committed 12544K, reserved 1060864K
  class space    used 1153K, capacity 1207K, committed 1280K, reserved 1048576K
}
Event: 0.631 GC heap after
{Heap after GC invocations=1 (full 0):
 garbage-first heap   total 129024K, used 5851K [0x0000000082600000, 0x0000000100000000)
  region size 1024K, 3 young (3072K), 3 survivors (3072K)
 Metaspace       used 12159K, capacity 12310K, committed 12544K, reserved 1060864K
  class space    used 1153K, capacity 1207K, committed 1280K, reserved 1048576K
}
Event: 1.415 GC heap before
{Heap before GC invocations=1 (full 0):
 garbage-first heap   total 129024K, used 43739K [0x0000000082600000, 0x0000000100000000)
  region size 1024K, 41 young (41984K), 3 survivors (3072K)
 Metaspace       used 20927K, capacity 21118K, committed 21296K, reserved 1069056K
  class space    used 2259K, capacity 2345K, committed 2432K, reserved 1048576K
}
Event: 1.426 GC heap after
{Heap after GC invocations=2 (full 0):
 garbage-first heap   total 129024K, used 9216K [0x0000000082600000, 0x0000000100000000)
  region size 1024K, 6 young (6144K), 6 survivors (6144K)
 Metaspace       used 20927K, capacity 21118K, committed 21296K, reserved 1069056K
  class space    used 2259K, capacity 2345K, committed 2432K, reserved 1048576K
}

Deoptimization events (10 events):
Event: 0.891 Thread 0x0000029a9a87f000 Uncommon trap: reason=bimorphic_or_optimized_type_check action=maybe_recompile pc=0x0000029aa9a03bec method=kotlin.reflect.jvm.internal.impl.protobuf.CodedInputStream.tryRefillBuffer(I)Z @ 175 c2
Event: 0.944 Thread 0x0000029a9a87f000 Uncommon trap: reason=unstable_if action=reinterpret pc=0x0000029aa9a1316c method=java.lang.String.startsWith(Ljava/lang/String;I)Z @ 14 c2
Event: 0.944 Thread 0x0000029a9a87f000 Uncommon trap: reason=unstable_if action=reinterpret pc=0x0000029aa99f654c method=java.lang.String.startsWith(Ljava/lang/String;I)Z @ 14 c2
Event: 1.529 Thread 0x0000029a9a87f000 Uncommon trap: reason=unstable_if action=reinterpret pc=0x0000029aa99e7b14 method=java.lang.StringLatin1.canEncode(I)Z @ 4 c2
Event: 1.529 Thread 0x0000029a9a87f000 Uncommon trap: reason=unstable_if action=reinterpret pc=0x0000029aa99e8bfc method=java.lang.AbstractStringBuilder.isLatin1()Z @ 10 c2
Event: 1.595 Thread 0x0000029a9a87f000 Uncommon trap: reason=unstable_if action=reinterpret pc=0x0000029aa9a5fe6c method=jdk.nio.zipfs.ZipFileSystem.getParentOff([B)I @ 21 c2
Event: 1.623 Thread 0x0000029a9a87f000 Uncommon trap: reason=unstable_if action=reinterpret pc=0x0000029aa99d2458 method=java.lang.String.isLatin1()Z @ 10 c2
Event: 1.623 Thread 0x0000029a9a87f000 Uncommon trap: reason=class_check action=maybe_recompile pc=0x0000029aa9a5090c method=java.util.zip.InflaterInputStream.read([BII)I @ 100 c2
Event: 1.677 Thread 0x0000029a9a87f000 Uncommon trap: reason=unstable_if action=reinterpret pc=0x0000029aa9a498c8 method=java.lang.Integer.getChars(II[B)I @ 25 c2
Event: 1.698 Thread 0x0000029a9a87f000 Uncommon trap: reason=intrinsic_or_type_checked_inlining action=make_not_entrant pc=0x0000029aa9a6bb54 method=java.util.Arrays.copyOf([Ljava/lang/Object;ILjava/lang/Class;)[Ljava/lang/Object; @ 35 c2

Classes redefined (0 events):
No events

Internal exceptions (10 events):
Event: 1.641 Thread 0x0000029a9a87f000 Exception <a 'java/lang/NoSuchMethodError'{0x0000000089878ac0}: java.lang.invoke.DirectMethodHandle$Holder.invokeSpecial(Ljava/lang/Object;Ljava/lang/Object;IILjava/lang/Object;Ljava/lang/Object;Ljava/lang/Object;)Ljava/lang/Object;> (0x0000000089878ac0) 
Event: 1.641 Thread 0x0000029a9a87f000 Exception <a 'java/lang/NoSuchMethodError'{0x000000008987c2f0}: java.lang.invoke.DelegatingMethodHandle$Holder.reinvoke_L(Ljava/lang/Object;IILjava/lang/Object;Ljava/lang/Object;Ljava/lang/Object;)Ljava/lang/Object;> (0x000000008987c2f0) thrown at [./open
Event: 1.642 Thread 0x0000029a9a87f000 Exception <a 'java/lang/NoSuchMethodError'{0x00000000898808c0}: java.lang.invoke.DirectMethodHandle$Holder.invokeStatic(Ljava/lang/Object;Ljava/lang/Object;Ljava/lang/Object;Ljava/lang/Object;I)Ljava/lang/Object;> (0x00000000898808c0) thrown at [./open/sr
Event: 1.676 Thread 0x0000029a9a87f000 Exception <a 'sun/nio/fs/WindowsException'{0x00000000897c0aa0}> (0x00000000897c0aa0) thrown at [./open/src/hotspot/share/prims/jni.cpp, line 611]
Event: 1.677 Thread 0x0000029a9a87f000 Exception <a 'sun/nio/fs/WindowsException'{0x00000000897c1318}> (0x00000000897c1318) thrown at [./open/src/hotspot/share/prims/jni.cpp, line 611]
Event: 1.677 Thread 0x0000029a9a87f000 Exception <a 'sun/nio/fs/WindowsException'{0x00000000897c1ba0}> (0x00000000897c1ba0) thrown at [./open/src/hotspot/share/prims/jni.cpp, line 611]
Event: 1.677 Thread 0x0000029a9a87f000 Exception <a 'sun/nio/fs/WindowsException'{0x00000000897c2598}> (0x00000000897c2598) thrown at [./open/src/hotspot/share/prims/jni.cpp, line 611]
Event: 1.677 Thread 0x0000029a9a87f000 Exception <a 'sun/nio/fs/WindowsException'{0x00000000897c2ea0}> (0x00000000897c2ea0) thrown at [./open/src/hotspot/share/prims/jni.cpp, line 611]
Event: 1.677 Thread 0x0000029a9a87f000 Exception <a 'sun/nio/fs/WindowsException'{0x00000000897c37d8}> (0x00000000897c37d8) thrown at [./open/src/hotspot/share/prims/jni.cpp, line 611]
Event: 1.679 Thread 0x0000029a9a87f000 Exception <a 'java/lang/NoSuchMethodError'{0x00000000897c9fe8}: java.lang.invoke.DirectMethodHandle$Holder.invokeStatic(Ljava/lang/Object;Ljava/lang/Object;Ljava/lang/Object;Ljava/lang/Object;)V> (0x00000000897c9fe8) thrown at [./open/src/hotspot/share/in

Events (10 events):
Event: 1.716 loading class org/jetbrains/kotlin/com/intellij/psi/impl/GeneratedMarkerVisitor
Event: 1.716 loading class org/jetbrains/kotlin/com/intellij/psi/impl/GeneratedMarkerVisitor done
Event: 1.716 loading class org/jetbrains/kotlin/com/intellij/psi/impl/source/tree/RecursiveTreeElementWalkingVisitor
Event: 1.716 loading class org/jetbrains/kotlin/com/intellij/psi/impl/source/tree/RecursiveTreeElementWalkingVisitor done
Event: 1.717 loading class org/jetbrains/kotlin/com/intellij/psi/util/CachedValuesManager
Event: 1.717 loading class org/jetbrains/kotlin/com/intellij/psi/util/CachedValuesManager done
Event: 1.717 loading class org/jetbrains/kotlin/com/intellij/util/CachedValuesManagerImpl
Event: 1.717 loading class org/jetbrains/kotlin/com/intellij/util/CachedValuesManagerImpl done
Event: 1.717 loading class org/jetbrains/kotlin/com/intellij/psi/util/CachedValueProvider
Event: 1.717 loading class org/jetbrains/kotlin/com/intellij/psi/util/CachedValueProvider done


Dynamic libraries:
0x00007ff7b7d60000 - 0x00007ff7b7d6f000 	C:\Program Files\Java\jdk-11.0.14\bin\java.exe
0x00007ffca59b0000 - 0x00007ffca5ba5000 	C:\WINDOWS\SYSTEM32\ntdll.dll
0x00007ffca4380000 - 0x00007ffca443e000 	C:\WINDOWS\System32\KERNEL32.DLL
0x00007ffca30f0000 - 0x00007ffca33b8000 	C:\WINDOWS\System32\KERNELBASE.dll
0x00007ffca33c0000 - 0x00007ffca34c0000 	C:\WINDOWS\System32\ucrtbase.dll
0x00007ffc8c250000 - 0x00007ffc8c268000 	C:\Program Files\Java\jdk-11.0.14\bin\jli.dll
0x00007ffc86e00000 - 0x00007ffc86e15000 	C:\Program Files\Java\jdk-11.0.14\bin\VCRUNTIME140.dll
0x00007ffca4470000 - 0x00007ffca451e000 	C:\WINDOWS\System32\ADVAPI32.dll
0x00007ffca4dd0000 - 0x00007ffca4e6e000 	C:\WINDOWS\System32\msvcrt.dll
0x00007ffca4cf0000 - 0x00007ffca4d8c000 	C:\WINDOWS\System32\sechost.dll
0x00007ffca3b50000 - 0x00007ffca3c75000 	C:\WINDOWS\System32\RPCRT4.dll
0x00007ffca4ee0000 - 0x00007ffca5081000 	C:\WINDOWS\System32\USER32.dll
0x00007ffca30c0000 - 0x00007ffca30e2000 	C:\WINDOWS\System32\win32u.dll
0x00007ffc8c780000 - 0x00007ffc8ca1a000 	C:\WINDOWS\WinSxS\amd64_microsoft.windows.common-controls_6595b64144ccf1df_6.0.19041.1110_none_60b5254171f9507e\COMCTL32.dll
0x00007ffca4440000 - 0x00007ffca446b000 	C:\WINDOWS\System32\GDI32.dll
0x00007ffca37a0000 - 0x00007ffca38ad000 	C:\WINDOWS\System32\gdi32full.dll
0x00007ffca36b0000 - 0x00007ffca374d000 	C:\WINDOWS\System32\msvcp_win.dll
0x00007ffc9c420000 - 0x00007ffc9c42a000 	C:\WINDOWS\SYSTEM32\VERSION.dll
0x00007ffca4da0000 - 0x00007ffca4dd0000 	C:\WINDOWS\System32\IMM32.DLL
0x00007ffc59190000 - 0x00007ffc5922b000 	C:\Program Files\Java\jdk-11.0.14\bin\msvcp140.dll
0x00007ffc449f0000 - 0x00007ffc45506000 	C:\Program Files\Java\jdk-11.0.14\bin\server\jvm.dll
0x00007ffca47d0000 - 0x00007ffca47d8000 	C:\WINDOWS\System32\PSAPI.DLL
0x00007ffc8cc90000 - 0x00007ffc8cc99000 	C:\WINDOWS\SYSTEM32\WSOCK32.dll
0x00007ffc8cb70000 - 0x00007ffc8cb97000 	C:\WINDOWS\SYSTEM32\WINMM.dll
0x00007ffca4e70000 - 0x00007ffca4edb000 	C:\WINDOWS\System32\WS2_32.dll
0x00007ffca0fb0000 - 0x00007ffca0fc2000 	C:\WINDOWS\SYSTEM32\kernel.appcore.dll
0x00007ffc8d670000 - 0x00007ffc8d680000 	C:\Program Files\Java\jdk-11.0.14\bin\verify.dll
0x00007ffc8be90000 - 0x00007ffc8c074000 	C:\WINDOWS\SYSTEM32\DBGHELP.DLL
0x00007ffc8aee0000 - 0x00007ffc8af0c000 	C:\WINDOWS\SYSTEM32\dbgcore.DLL
0x00007ffca34c0000 - 0x00007ffca3542000 	C:\WINDOWS\System32\bcryptPrimitives.dll
0x00007ffc6bca0000 - 0x00007ffc6bcc8000 	C:\Program Files\Java\jdk-11.0.14\bin\java.dll
0x00007ffc8d590000 - 0x00007ffc8d59a000 	C:\Program Files\Java\jdk-11.0.14\bin\jimage.dll
0x00007ffc7db40000 - 0x00007ffc7db56000 	C:\Program Files\Java\jdk-11.0.14\bin\zip.dll
0x00007ffca5220000 - 0x00007ffca5964000 	C:\WINDOWS\System32\SHELL32.dll
0x00007ffca11b0000 - 0x00007ffca1945000 	C:\WINDOWS\SYSTEM32\windows.storage.dll
0x00007ffca47e0000 - 0x00007ffca4b35000 	C:\WINDOWS\System32\combase.dll
0x00007ffca2b10000 - 0x00007ffca2b3e000 	C:\WINDOWS\SYSTEM32\Wldp.dll
0x00007ffca4520000 - 0x00007ffca45cd000 	C:\WINDOWS\System32\SHCORE.dll
0x00007ffca51c0000 - 0x00007ffca5215000 	C:\WINDOWS\System32\shlwapi.dll
0x00007ffca3000000 - 0x00007ffca301f000 	C:\WINDOWS\SYSTEM32\profapi.dll
0x00007ffc7d9c0000 - 0x00007ffc7d9d9000 	C:\Program Files\Java\jdk-11.0.14\bin\net.dll
0x00007ffc963d0000 - 0x00007ffc964dc000 	C:\WINDOWS\SYSTEM32\WINHTTP.dll
0x00007ffca2870000 - 0x00007ffca28da000 	C:\WINDOWS\system32\mswsock.dll
0x00007ffc6e0c0000 - 0x00007ffc6e0d2000 	C:\Program Files\Java\jdk-11.0.14\bin\nio.dll

dbghelp: loaded successfully - version: 4.0.5 - missing functions: none
symbol engine: initialized successfully - sym options: 0x614 - pdb path: .;C:\Program Files\Java\jdk-11.0.14\bin;C:\WINDOWS\SYSTEM32;C:\WINDOWS\WinSxS\amd64_microsoft.windows.common-controls_6595b64144ccf1df_6.0.19041.1110_none_60b5254171f9507e;C:\Program Files\Java\jdk-11.0.14\bin\server

VM Arguments:
java_command: org.jetbrains.kotlin.cli.jvm.K2JVMCompiler @D:\Ptit_programming\UI-DOAN\sas\node_modules\react-native-gesture-handler\android\build\20221014_13803774364833125651.compiler.options
java_class_path (initial): C:\Users\cuong\.gradle\caches\modules-2\files-2.1\org.jetbrains.kotlin\kotlin-compiler-embeddable\1.6.21\97bdd5a752ce73b58ef16c17bc7f0ea2faff7a2e\kotlin-compiler-embeddable-1.6.21.jar;C:\Users\cuong\.gradle\caches\modules-2\files-2.1\org.jetbrains.kotlin\kotlin-reflect\1.6.21\5dc3574d9b7bebfcb4ec6b10ada4aaa9e140bd0b\kotlin-reflect-1.6.21.jar;C:\Users\cuong\.gradle\caches\modules-2\files-2.1\org.jetbrains.kotlin\kotlin-stdlib\1.6.21\11ef67f1900634fd951bad28c53ec957fabbe5b8\kotlin-stdlib-1.6.21.jar;C:\Users\cuong\.gradle\caches\modules-2\files-2.1\org.jetbrains.kotlin\kotlin-script-runtime\1.6.21\99c6675100da5d6d5b1c5a1032f27f28008d101b\kotlin-script-runtime-1.6.21.jar;C:\Users\cuong\.gradle\caches\modules-2\files-2.1\org.jetbrains.kotlin\kotlin-daemon-embeddable\1.6.21\46b78cf392e1c4f10854c3cadba44abb7b82250f\kotlin-daemon-embeddable-1.6.21.jar;C:\Users\cuong\.gradle\caches\modules-2\files-2.1\org.jetbrains.intellij.deps\trove4j\1.0.20200330\3afb14d5f9ceb459d724e907a21145e8ff394f02\trove4j-1.0.20200330.jar;C:\Users\cuong\.gradle\caches\modules-2\files-2.1\net.java.dev.jna\jna\5.6.0\330f2244e9030119ab3030fc3fededc86713d9cc\jna-5.6.0.jar;C:\Users\cuong\.gradle\caches\modules-2\files-2.1\org.jetbrains.kotlin\kotlin-stdlib-common\1.6.21\5e5b55c26dbc80372a920aef60eb774b714559b8\kotlin-stdlib-common-1.6.21.jar;C:\Users\cuong\.gradle\caches\modules-2\files-2.1\org.jetbrains\annotations\13.0\919f0dfe192fb4e063e7dacadee7f8bb9a2672a9\annotations-13.0.jar
Launcher Type: SUN_STANDARD

[Global flags]
     intx CICompilerCount                          = 4                                         {product} {ergonomic}
     uint ConcGCThreads                            = 2                                         {product} {ergonomic}
     uint G1ConcRefinementThreads                  = 8                                         {product} {ergonomic}
   size_t G1HeapRegionSize                         = 1048576                                   {product} {ergonomic}
    uintx GCDrainStackTargetSize                   = 64                                        {product} {ergonomic}
   size_t InitialHeapSize                          = 132120576                                 {product} {ergonomic}
   size_t MarkStackSize                            = 4194304                                   {product} {ergonomic}
   size_t MaxHeapSize                              = 2107637760                                {product} {ergonomic}
   size_t MaxNewSize                               = 1264582656                                {product} {ergonomic}
   size_t MinHeapDeltaBytes                        = 1048576                                   {product} {ergonomic}
    uintx NonNMethodCodeHeapSize                   = 5836300                                {pd product} {ergonomic}
    uintx NonProfiledCodeHeapSize                  = 122910970                              {pd product} {ergonomic}
    uintx ProfiledCodeHeapSize                     = 122910970                              {pd product} {ergonomic}
    uintx ReservedCodeCacheSize                    = 251658240                              {pd product} {ergonomic}
     bool SegmentedCodeCache                       = true                                      {product} {ergonomic}
     bool UseCompressedClassPointers               = true                                 {lp64_product} {ergonomic}
     bool UseCompressedOops                        = true                                 {lp64_product} {ergonomic}
     bool UseG1GC                                  = true                                      {product} {ergonomic}
     bool UseLargePagesIndividualAllocation        = false                                  {pd product} {ergonomic}

Logging:
Log output configuration:
 #0: stdout all=warning uptime,level,tags
 #1: stderr all=off uptime,level,tags

Environment Variables:
JAVA_HOME=C:\Program Files\Java\jdk-11.0.14
CLASSPATH=D:\Ptit_programming\UI-DOAN\sas\android\\gradle\wrapper\gradle-wrapper.jar
PATH=D:\Ptit_programming\UI-DOAN\sas\android\node_modules\.bin;D:\Ptit_programming\UI-DOAN\sas\node_modules\.bin;D:\Ptit_programming\UI-DOAN\node_modules\.bin;D:\Ptit_programming\node_modules\.bin;D:\node_modules\.bin;C:\Program Files\nodejs;D:\Ptit_programming\UI-DOAN\sas\node_modules\.bin;C:\Users\cuong\AppData\Local\Temp\yarn--1665732318709-0.528412569417885;D:\Ptit_programming\UI-DOAN\sas\node_modules\.bin;C:\Users\cuong\AppData\Local\Yarn\Data\link\node_modules\.bin;C:\Users\cuong\AppData\Local\Yarn\bin;C:\Program Files\libexec\lib\node_modules\npm\bin\node-gyp-bin;C:\Program Files\lib\node_modules\npm\bin\node-gyp-bin;C:\Program Files\nodejs\node_modules\npm\bin\node-gyp-bin;C:\Program Files\Common Files\Oracle\Java\javapath;C:\Python39\Scripts\;C:\Python39\;C:\WINDOWS\system32;C:\WINDOWS;C:\WINDOWS\System32\Wbem;C:\WINDOWS\System32\WindowsPowerShell\v1.0\;C:\WINDOWS\System32\OpenSSH\;C:\ProgramData\chocolatey\bin;C:\Program Files\Git\cmd;C:\Program Files\TortoiseSVN\bin;D:\Android\Sdk\platform-tools;C:\Program Files\Java\jdk1.8.0_301;C:\Program Files\Java\jdk1.8.0_301\bin;C:\Program Files\Java\jdk1.8.0_301\bin\;C:\Program Files (x86)\NVIDIA Corporation\PhysX\Common;C:\Program Files (x86)\Microsoft SQL Server\150\DTS\Binn\;C:\Program Files\nodejs\;C:\Gradle\gradle-4.10.2\bin;C:\Users\cuong\AppData\Local\Microsoft\WindowsApps;C:\Program Files\JetBrains\IntelliJ IDEA 2021.2.2\bin;C:\Program Files\Azure Data Studio\bin;C:\Users\cuong\AppData\Roaming\npm;C:\Program Files\heroku\bin;D:\Program\heroku\bin;D:\Program\WebStorm 2022.2.2\bin
USERNAME=cuong
OS=Windows_NT
PROCESSOR_IDENTIFIER=Intel64 Family 6 Model 158 Stepping 10, GenuineIntel



---------------  S Y S T E M  ---------------

OS: Windows 10 , 64 bit Build 19041 (10.0.19041.1466)

CPU:total 8 (initial active 8) (4 cores per cpu, 2 threads per core) family 6 model 158 stepping 10 microcode 0xb4, cmov, cx8, fxsr, mmx, sse, sse2, sse3, ssse3, sse4.1, sse4.2, popcnt, avx, avx2, aes, clmul, erms, 3dnowpref, lzcnt, ht, tsc, tscinvbit, bmi1, bmi2, adx, fma

Memory: 4k page, system-wide physical 8038M (680M free)
TotalPageFile size 17348M (AvailPageFile size 0M)
current process WorkingSet (physical memory assigned to process): 134M, peak: 134M
current process commit charge ("private bytes"): 248M, peak: 248M

vm_info: Java HotSpot(TM) 64-Bit Server VM (11.0.14+8-LTS-263) for windows-amd64 JRE (11.0.14+8-LTS-263), built on Dec  7 2021 21:53:57 by "mach5one" with MS VC++ 15.9 (VS2017)

END.
